#
# A fatal error has been detected by the Java Runtime Environment:
#
#  SIGSEGV (0xb) at pc=0x00007fff95db5752, pid=44378, tid=41023
#
# JRE version: 7.0_25-b15
# Java VM: Java HotSpot(TM) 64-Bit Server VM (23.25-b01 mixed mode bsd-amd64 compressed oops)
# Problematic frame:
# C  [libsystem_platform.dylib+0x1752]  longjmp+0x2
#
# Failed to write core dump. Core dumps have been disabled. To enable core dumping, try "ulimit -c unlimited" before starting Java again
#
# If you would like to submit a bug report, please visit:
#   http://bugreport.sun.com/bugreport/crash.jsp
# The crash happened outside the Java Virtual Machine in native code.
# See problematic frame for where to report the bug.
#

---------------  T H R E A D  ---------------

Current thread (0x000000010188a800):  JavaThread "IDL" [_thread_in_native, id=41023, stack(0x0000000112c73000,0x0000000112d73000)]

siginfo:si_signo=SIGSEGV: si_errno=0, si_code=1 (SEGV_MAPERR), si_addr=0x0000000000000050

Registers:
RAX=0x0000000000000001, RBX=0x0000000000000000, RCX=0x0000000000000000, RDX=0x0000000111dd1dc8
RSP=0x0000000112d720a8, RBP=0x0000000112d721c0, RSI=0x0000000000000002, RDI=0x0000000000000000
R8 =0x0000000112d72030, R9 =0x0000000000000001, R10=0x0000000106396d10, R11=0x00000001067eed18
R12=0x00000001013e7b20, R13=0x0000000000000000, R14=0x00000001137c8e10, R15=0x00000001013e8420
RIP=0x00007fff95db5752, EFLAGS=0x0000000000010202, ERR=0x0000000000000004
  TRAPNO=0x000000000000000e

Top of Stack: (sp=0x0000000112d720a8)
0x0000000112d720a8:   0000000000000002 0000000000000000
0x0000000112d720b8:   000000011320dbe7 000000010000002c
0x0000000112d720c8:   0000000000000001 0000000000000000
0x0000000112d720d8:   fffffffffffffffe 0000000000000002
0x0000000112d720e8:   0000000112d720f0 0000000112d72080
0x0000000112d720f8:   000000010159ae15 0000000000000000
0x0000000112d72108:   0000002c00000004 00000001137c8e30
0x0000000112d72118:   00000001133d2ec5 000000000000004c
0x0000000112d72128:   0000000100000001 000000000000ba00
0x0000000112d72138:   0100000000000001 fffffffffffffffe
0x0000000112d72148:   0000000000000002 0000000112d72210
0x0000000112d72158:   000000011325e809 0000000111dbcb88
0x0000000112d72168:   0000000100000000 0000000100000000
0x0000000112d72178:   0000000000000001 00000001013e7b20
0x0000000112d72188:   0000000200000002 000000000000002c
0x0000000112d72198:   00000001133d2ec5 00000001654d9f57
0x0000000112d721a8:   0000000100000001 00000001137c8e10
0x0000000112d721b8:   00000002013e8420 0000000112d72250
0x0000000112d721c8:   000000011320f101 0000000000000000
0x0000000112d721d8:   0000000112d723f0 0000002400000000
0x0000000112d721e8:   0000000000000000 00000001137c8e10
0x0000000112d721f8:   0000000400000004 00000001137c8e10
0x0000000112d72208:   0000000000000000 0000000012d72250
0x0000000112d72218:   0000000112d723f0 0000000000000000
0x0000000112d72228:   0000000000000002 ffffff6100000000
0x0000000112d72238:   0000000000000000 0000000112d723f0
0x0000000112d72248:   000000000000007b 0000000112d72430
0x0000000112d72258:   000000011320fb2a 0000000100000000
0x0000000112d72268:   0000000112d723f0 0000000100000000
0x0000000112d72278:   0000000000000000 0000000000000000
0x0000000112d72288:   0000000000000000 0000000112d723f0
0x0000000112d72298:   0000000000dae540 0000000200000000 

Instructions: (pc=0x00007fff95db5752)
0x00007fff95db5732:   47 58 48 83 c4 28 e9 43 00 00 00 0f 1f 00 83 7f
0x00007fff95db5742:   54 00 0f 85 06 00 00 00 e9 2b 00 00 00 90 57 56
0x00007fff95db5752:   ff 77 50 48 c7 c7 03 00 00 00 48 89 e6 48 31 d2
0x00007fff95db5762:   e8 f5 4d 00 00 48 8b 7c 24 10 8b 7f 58 e8 73 37 

Register to memory mapping:

RAX=0x0000000000000001 is an unknown value
RBX=0x0000000000000000 is an unknown value
RCX=0x0000000000000000 is an unknown value
RDX=0x0000000111dd1dc8 is an unknown value
RSP=0x0000000112d720a8 is pointing into the stack for thread: 0x000000010188a800
RBP=0x0000000112d721c0 is pointing into the stack for thread: 0x000000010188a800
RSI=0x0000000000000002 is an unknown value
RDI=0x0000000000000000 is an unknown value
R8 =0x0000000112d72030 is pointing into the stack for thread: 0x000000010188a800
R9 =0x0000000000000001 is an unknown value
R10=0x0000000106396d10: _ZN19TemplateInterpreter13_active_tableE+0x4000 in /Applications/exelis/idl83/idlde/bin.darwin.x86_64/jre/lib/server/libjvm.dylib at 0x0000000105c57000
R11=0x00000001067eeb90 [CodeBlob (0x00000001067eeb90)]
Framesize: 10
R12=0x00000001013e7b20 is an unknown value
R13=0x0000000000000000 is an unknown value
R14=0x00000001137c8e10: output_message.default_errstate+0 in /Applications/exelis/idl83/bin/bin.darwin.x86_64/libidl.8.3.dylib at 0x0000000112d75000
R15=0x00000001013e8420 is an unknown value


Stack: [0x0000000112c73000,0x0000000112d73000],  sp=0x0000000112d720a8,  free space=1020k
Native frames: (J=compiled Java code, j=interpreted, Vv=VM code, C=native code)
C  [libsystem_platform.dylib+0x1752]  longjmp+0x2
C  [libidl.8.3.dylib+0x49a101]  output_message+0xb1
C  [libidl.8.3.dylib+0x49ab2a]  IDL_MessageSyscode2+0x1aa
C  [libidl.8.3.dylib+0x3419d2]  IDL_Delvar+0xb2
C  [libidl.8.3.dylib+0x351f58]  return_user_proc+0x218
C  [libidl.8.3.dylib+0x35215e]  return_all+0x5e
C  [libidl.8.3.dylib+0x4c463b]  IDL_Executive+0xbfb
C  [libidl_ips.8.3.dylib+0x98d4]  ips_main+0x284
C  [libidl_ips.8.3.dylib+0xab0c]  IPS_RunClient+0x3c
C  [libidl_ips.8.3.dylib+0x155d3]  IPS_Start+0x13
C  [libidl_ips.8.3.dylib+0xe64]  Java_com_rsi_idldt_core_ips_IPS_1Access_IPS_1Start+0x204
j  com.rsi.idldt.core.ips.IPS_Access.IPS_Start([Ljava/lang/String;)V+0
j  com.rsi.idldt.core.ips.IPS_Manager$2.run()V+15
j  java.lang.Thread.run()V+11
v  ~StubRoutines::call_stub
V  [libjvm.dylib+0x28a5c3]
V  [libjvm.dylib+0x28aaa2]
V  [libjvm.dylib+0x28abdc]
V  [libjvm.dylib+0x2c1868]
V  [libjvm.dylib+0x47cbd8]
V  [libjvm.dylib+0x47e0ca]
V  [libjvm.dylib+0x3b95f9]
C  [libsystem_pthread.dylib+0x405a]  _pthread_body+0x83
C  [libsystem_pthread.dylib+0x3fd7]  _pthread_body+0x0
C  [libsystem_pthread.dylib+0x13ed]  thread_start+0xd

Java frames: (J=compiled Java code, j=interpreted, Vv=VM code)
j  com.rsi.idldt.core.ips.IPS_Access.IPS_Start([Ljava/lang/String;)V+0
j  com.rsi.idldt.core.ips.IPS_Manager$2.run()V+15
j  java.lang.Thread.run()V+11
v  ~StubRoutines::call_stub

---------------  P R O C E S S  ---------------

Java Threads: ( => current thread )
  0x0000000118328800 JavaThread "Worker-24" [_thread_blocked, id=135703, stack(0x0000000119e0d000,0x0000000119f0d000)]
  0x000000011836e000 JavaThread "Thread-80" [_thread_in_Java, id=129303, stack(0x0000000115d01000,0x0000000115e01000)]
  0x0000000100918000 JavaThread "Worker-23" [_thread_blocked, id=124651, stack(0x0000000115196000,0x0000000115296000)]
  0x0000000118c6c000 JavaThread "Worker-22" [_thread_blocked, id=125659, stack(0x0000000114cc1000,0x0000000114dc1000)]
  0x00000001171d5800 JavaThread "Thread-66" daemon [_thread_in_native, id=95075, stack(0x0000000115209000,0x0000000115289000)]
  0x0000000118f4b000 JavaThread "Worker-19" [_thread_blocked, id=93207, stack(0x0000000116639000,0x0000000116739000)]
  0x000000010151c000 JavaThread "Thread-51" daemon [_thread_in_native, id=75247, stack(0x0000000114b01000,0x0000000114b81000)]
  0x0000000100cea000 JavaThread "Thread-50" daemon [_thread_in_native, id=81251, stack(0x0000000114150000,0x00000001141d0000)]
  0x0000000100cc5800 JavaThread "Thread-35" daemon [_thread_in_native, id=76047, stack(0x00000001123a9000,0x0000000112429000)]
  0x000000011719b000 JavaThread "Thread-32" daemon [_thread_in_native, id=74767, stack(0x0000000114150000,0x00000001141d0000)]
  0x00000001182ac800 JavaThread "Thread-29" daemon [_thread_in_native, id=34363, stack(0x0000000100701000,0x0000000100781000)]
  0x000000010090e800 JavaThread "Thread-28" daemon [_thread_in_native, id=72799, stack(0x00000001123a9000,0x0000000112429000)]
  0x00000001012f4800 JavaThread "HighTraffic" [_thread_blocked, id=69395, stack(0x000000011a501000,0x000000011a601000)]
  0x0000000101292000 JavaThread "Worker-9" [_thread_blocked, id=10779, stack(0x0000000119001000,0x0000000119101000)]
  0x0000000101293000 JavaThread "[ThreadPool Manager] - Idle Thread" daemon [_thread_blocked, id=34847, stack(0x00000001160e0000,0x00000001161e0000)]
  0x0000000118010000 JavaThread "Timer-2" daemon [_thread_blocked, id=60839, stack(0x0000000117c19000,0x0000000117d19000)]
  0x000000010162c000 JavaThread "Timer-1" daemon [_thread_blocked, id=60555, stack(0x0000000116536000,0x0000000116636000)]
  0x00000001011c1800 JavaThread "Thread-11" [_thread_in_native, id=59911, stack(0x0000000116223000,0x0000000116323000)]
  0x0000000100a30800 JavaThread "IDLDT DOM Worker-3" [_thread_blocked, id=58115, stack(0x0000000116433000,0x0000000116533000)]
  0x00000001008aa000 JavaThread "IDLDT DOM Worker-2" [_thread_blocked, id=57859, stack(0x0000000116330000,0x0000000116430000)]
  0x0000000100b61800 JavaThread "IDLDT DOM Worker-1" [_thread_blocked, id=57603, stack(0x0000000115fdd000,0x00000001160dd000)]
  0x0000000100e60800 JavaThread "IDLDT DOM Worker-0" [_thread_blocked, id=57155, stack(0x0000000115eda000,0x0000000115fda000)]
  0x000000010130d000 JavaThread "Timer-0" daemon [_thread_blocked, id=57407, stack(0x0000000115a01000,0x0000000115b01000)]
=>0x000000010188a800 JavaThread "IDL" [_thread_in_native, id=41023, stack(0x0000000112c73000,0x0000000112d73000)]
  0x0000000100a55000 JavaThread "IDLToJava Broker" daemon [_thread_blocked, id=41279, stack(0x0000000112b70000,0x0000000112c70000)]
  0x00000001011db000 JavaThread "Provisioning Event Dispatcher" daemon [_thread_blocked, id=38659, stack(0x0000000111f04000,0x0000000112004000)]
  0x00000001011c2000 JavaThread "Bundle File Closer" daemon [_thread_blocked, id=38151, stack(0x0000000111b06000,0x0000000111c06000)]
  0x000000010183e000 JavaThread "Worker-JM" [_thread_blocked, id=37899, stack(0x00000001118fe000,0x00000001119fe000)]
  0x00000001028de800 JavaThread "[Timer] - Main Queue Handler" daemon [_thread_blocked, id=37635, stack(0x00000001117c3000,0x00000001118c3000)]
  0x00000001008de000 JavaThread "Framework Event Dispatcher" daemon [_thread_blocked, id=37131, stack(0x00000001114e7000,0x00000001115e7000)]
  0x0000000102940000 JavaThread "Start Level Event Dispatcher" daemon [_thread_blocked, id=36355, stack(0x00000001112f4000,0x00000001113f4000)]
  0x000000010111f000 JavaThread "State Data Manager" daemon [_thread_blocked, id=35855, stack(0x00000001111f1000,0x00000001112f1000)]
  0x000000010188a000 JavaThread "Framework Active Thread" [_thread_blocked, id=36103, stack(0x00000001110ee000,0x00000001111ee000)]
  0x000000010180e800 JavaThread "Service Thread" daemon [_thread_blocked, id=23043, stack(0x000000010e373000,0x000000010e473000)]
  0x0000000101061800 JavaThread "C2 CompilerThread1" daemon [_thread_blocked, id=22787, stack(0x000000010e270000,0x000000010e370000)]
  0x000000010105f000 JavaThread "C2 CompilerThread0" daemon [_thread_blocked, id=22535, stack(0x000000010e16d000,0x000000010e26d000)]
  0x0000000102826800 JavaThread "Signal Dispatcher" daemon [_thread_blocked, id=22031, stack(0x000000010e06a000,0x000000010e16a000)]
  0x0000000101058800 JavaThread "Finalizer" daemon [_thread_blocked, id=21507, stack(0x000000010df21000,0x000000010e021000)]
  0x0000000101058000 JavaThread "Reference Handler" daemon [_thread_blocked, id=21251, stack(0x000000010de1e000,0x000000010df1e000)]
  0x0000000102805800 JavaThread "main" [_thread_in_native, id=1299, stack(0x00007fff5fb80000,0x00007fff5fc00000)]

Other Threads:
  0x0000000101055800 VMThread [stack: 0x000000010dd1b000,0x000000010de1b000] [id=20995]
  0x000000010180f000 WatcherThread [stack: 0x000000010e476000,0x000000010e576000] [id=23299]

VM state:not at safepoint (normal execution)

VM Mutex/Monitor currently owned by a thread: None

Heap
 PSYoungGen      total 290560K, used 29706K [0x00000007eaab0000, 0x00000007ffa30000, 0x0000000800000000)
  eden space 290432K, 10% used [0x00000007eaab0000,0x00000007ec7b2848,0x00000007fc650000)
  from space 128K, 0% used [0x00000007fc650000,0x00000007fc650000,0x00000007fc670000)
  to   space 26560K, 0% used [0x00000007fe040000,0x00000007fe040000,0x00000007ffa30000)
 ParOldGen       total 133568K, used 54356K [0x00000007c0000000, 0x00000007c8270000, 0x00000007eaab0000)
  object space 133568K, 40% used [0x00000007c0000000,0x00000007c35152c0,0x00000007c8270000)
 PSPermGen       total 73856K, used 51396K [0x00000007bae00000, 0x00000007bf620000, 0x00000007c0000000)
  object space 73856K, 69% used [0x00000007bae00000,0x00000007be031168,0x00000007bf620000)

Card table byte_map: [0x000000010980e000,0x0000000109a38000] byte_map_base: 0x0000000105a37000

Polling page: 0x00000001000ff000

Code Cache  [0x000000010674e000, 0x0000000106d5e000, 0x000000010974e000)
 total_blobs=2149 nmethods=1613 adapters=486 free_code_cache=43124Kb largest_free_block=43986368

Compilation events (10 events):
Event: 577.191 Thread 0x0000000101061800 1779             java.lang.String::getBytes (27 bytes)
Event: 577.192 Thread 0x0000000101061800 nmethod 1779 0x000000010689e2d0 code [0x000000010689e420, 0x000000010689e4e8]
Event: 647.686 Thread 0x0000000101061800 1780             org.eclipse.swt.widgets.Display::observerProc (41 bytes)
Event: 647.687 Thread 0x0000000101061800 nmethod 1780 0x000000010689df90 code [0x000000010689e0e0, 0x000000010689e1b8]
Event: 657.446 Thread 0x000000010105f000 1781   !         java.lang.StringCoding$StringDecoder::decode (179 bytes)
Event: 657.453 Thread 0x000000010105f000 nmethod 1781 0x0000000106d36010 code [0x0000000106d36220, 0x0000000106d36900]
Event: 657.455 Thread 0x0000000101061800 1782             java.lang.UnsatisfiedLinkError::<init> (6 bytes)
Event: 657.457 Thread 0x0000000101061800 nmethod 1782 0x00000001068ade10 code [0x00000001068adf60, 0x00000001068ae308]
Event: 676.636 Thread 0x000000010105f000 1783             org.eclipse.core.commands.Command::fireCommandChanged (57 bytes)
Event: 676.639 Thread 0x000000010105f000 nmethod 1783 0x0000000106b88a50 code [0x0000000106b88be0, 0x0000000106b88f68]

GC Heap History (10 events):
Event: 533.557 GC heap before
{Heap before GC invocations=28 (full 9):
 PSYoungGen      total 290624K, used 192K [0x00000007eaab0000, 0x00000007ffd90000, 0x0000000800000000)
  eden space 290432K, 0% used [0x00000007eaab0000,0x00000007eaab0000,0x00000007fc650000)
  from space 192K, 100% used [0x00000007fc650000,0x00000007fc680000,0x00000007fc680000)
  to   space 28288K, 0% used [0x00000007fe1f0000,0x00000007fe1f0000,0x00000007ffd90000)
 ParOldGen       total 133568K, used 54779K [0x00000007c0000000, 0x00000007c8270000, 0x00000007eaab0000)
  object space 133568K, 41% used [0x00000007c0000000,0x00000007c357ec68,0x00000007c8270000)
 PSPermGen       total 83968K, used 51384K [0x00000007bae00000, 0x00000007c0000000, 0x00000007c0000000)
  object space 83968K, 61% used [0x00000007bae00000,0x00000007be02e048,0x00000007c0000000)
Event: 533.716 GC heap after
Heap after GC invocations=28 (full 9):
 PSYoungGen      total 290624K, used 0K [0x00000007eaab0000, 0x00000007ffd90000, 0x0000000800000000)
  eden space 290432K, 0% used [0x00000007eaab0000,0x00000007eaab0000,0x00000007fc650000)
  from space 192K, 0% used [0x00000007fc650000,0x00000007fc650000,0x00000007fc680000)
  to   space 28288K, 0% used [0x00000007fe1f0000,0x00000007fe1f0000,0x00000007ffd90000)
 ParOldGen       total 133568K, used 54801K [0x00000007c0000000, 0x00000007c8270000, 0x00000007eaab0000)
  object space 133568K, 41% used [0x00000007c0000000,0x00000007c3584540,0x00000007c8270000)
 PSPermGen       total 81856K, used 51383K [0x00000007bae00000, 0x00000007bfdf0000, 0x00000007c0000000)
  object space 81856K, 62% used [0x00000007bae00000,0x00000007be02de28,0x00000007bfdf0000)
}
Event: 593.555 GC heap before
{Heap before GC invocations=29 (full 9):
 PSYoungGen      total 290624K, used 13224K [0x00000007eaab0000, 0x00000007ffd90000, 0x0000000800000000)
  eden space 290432K, 4% used [0x00000007eaab0000,0x00000007eb79a328,0x00000007fc650000)
  from space 192K, 0% used [0x00000007fc650000,0x00000007fc650000,0x00000007fc680000)
  to   space 28288K, 0% used [0x00000007fe1f0000,0x00000007fe1f0000,0x00000007ffd90000)
 ParOldGen       total 133568K, used 54801K [0x00000007c0000000, 0x00000007c8270000, 0x00000007eaab0000)
  object space 133568K, 41% used [0x00000007c0000000,0x00000007c3584540,0x00000007c8270000)
 PSPermGen       total 81856K, used 51384K [0x00000007bae00000, 0x00000007bfdf0000, 0x00000007c0000000)
  object space 81856K, 62% used [0x00000007bae00000,0x00000007be02e1a0,0x00000007bfdf0000)
Event: 593.557 GC heap after
Heap after GC invocations=29 (full 9):
 PSYoungGen      total 317056K, used 96K [0x00000007eaab0000, 0x00000007ffbf0000, 0x0000000800000000)
  eden space 290432K, 0% used [0x00000007eaab0000,0x00000007eaab0000,0x00000007fc650000)
  from space 26624K, 0% used [0x00000007fe1f0000,0x00000007fe208000,0x00000007ffbf0000)
  to   space 27456K, 0% used [0x00000007fc650000,0x00000007fc650000,0x00000007fe120000)
 ParOldGen       total 133568K, used 54801K [0x00000007c0000000, 0x00000007c8270000, 0x00000007eaab0000)
  object space 133568K, 41% used [0x00000007c0000000,0x00000007c3584540,0x00000007c8270000)
 PSPermGen       total 81856K, used 51384K [0x00000007bae00000, 0x00000007bfdf0000, 0x00000007c0000000)
  object space 81856K, 62% used [0x00000007bae00000,0x00000007be02e1a0,0x00000007bfdf0000)
}
Event: 593.557 GC heap before
{Heap before GC invocations=30 (full 10):
 PSYoungGen      total 317056K, used 96K [0x00000007eaab0000, 0x00000007ffbf0000, 0x0000000800000000)
  eden space 290432K, 0% used [0x00000007eaab0000,0x00000007eaab0000,0x00000007fc650000)
  from space 26624K, 0% used [0x00000007fe1f0000,0x00000007fe208000,0x00000007ffbf0000)
  to   space 27456K, 0% used [0x00000007fc650000,0x00000007fc650000,0x00000007fe120000)
 ParOldGen       total 133568K, used 54801K [0x00000007c0000000, 0x00000007c8270000, 0x00000007eaab0000)
  object space 133568K, 41% used [0x00000007c0000000,0x00000007c3584540,0x00000007c8270000)
 PSPermGen       total 81856K, used 51384K [0x00000007bae00000, 0x00000007bfdf0000, 0x00000007c0000000)
  object space 81856K, 62% used [0x00000007bae00000,0x00000007be02e1a0,0x00000007bfdf0000)
Event: 593.678 GC heap after
Heap after GC invocations=30 (full 10):
 PSYoungGen      total 317056K, used 0K [0x00000007eaab0000, 0x00000007ffbf0000, 0x0000000800000000)
  eden space 290432K, 0% used [0x00000007eaab0000,0x00000007eaab0000,0x00000007fc650000)
  from space 26624K, 0% used [0x00000007fe1f0000,0x00000007fe1f0000,0x00000007ffbf0000)
  to   space 27456K, 0% used [0x00000007fc650000,0x00000007fc650000,0x00000007fe120000)
 ParOldGen       total 133568K, used 54784K [0x00000007c0000000, 0x00000007c8270000, 0x00000007eaab0000)
  object space 133568K, 41% used [0x00000007c0000000,0x00000007c35800f8,0x00000007c8270000)
 PSPermGen       total 77632K, used 51384K [0x00000007bae00000, 0x00000007bf9d0000, 0x00000007c0000000)
  object space 77632K, 66% used [0x00000007bae00000,0x00000007be02e1a0,0x00000007bf9d0000)
}
Event: 653.555 GC heap before
{Heap before GC invocations=31 (full 10):
 PSYoungGen      total 317056K, used 15769K [0x00000007eaab0000, 0x00000007ffbf0000, 0x0000000800000000)
  eden space 290432K, 5% used [0x00000007eaab0000,0x00000007eba16760,0x00000007fc650000)
  from space 26624K, 0% used [0x00000007fe1f0000,0x00000007fe1f0000,0x00000007ffbf0000)
  to   space 27456K, 0% used [0x00000007fc650000,0x00000007fc650000,0x00000007fe120000)
 ParOldGen       total 133568K, used 54784K [0x00000007c0000000, 0x00000007c8270000, 0x00000007eaab0000)
  object space 133568K, 41% used [0x00000007c0000000,0x00000007c35800f8,0x00000007c8270000)
 PSPermGen       total 77632K, used 51386K [0x00000007bae00000, 0x00000007bf9d0000, 0x00000007c0000000)
  object space 77632K, 66% used [0x00000007bae00000,0x00000007be02ea08,0x00000007bf9d0000)
Event: 653.557 GC heap after
Heap after GC invocations=31 (full 10):
 PSYoungGen      total 290560K, used 96K [0x00000007eaab0000, 0x00000007ffa30000, 0x0000000800000000)
  eden space 290432K, 0% used [0x00000007eaab0000,0x00000007eaab0000,0x00000007fc650000)
  from space 128K, 75% used [0x00000007fc650000,0x00000007fc668000,0x00000007fc670000)
  to   space 26560K, 0% used [0x00000007fe040000,0x00000007fe040000,0x00000007ffa30000)
 ParOldGen       total 133568K, used 54784K [0x00000007c0000000, 0x00000007c8270000, 0x00000007eaab0000)
  object space 133568K, 41% used [0x00000007c0000000,0x00000007c35800f8,0x00000007c8270000)
 PSPermGen       total 77632K, used 51386K [0x00000007bae00000, 0x00000007bf9d0000, 0x00000007c0000000)
  object space 77632K, 66% used [0x00000007bae00000,0x00000007be02ea08,0x00000007bf9d0000)
}
Event: 653.557 GC heap before
{Heap before GC invocations=32 (full 11):
 PSYoungGen      total 290560K, used 96K [0x00000007eaab0000, 0x00000007ffa30000, 0x0000000800000000)
  eden space 290432K, 0% used [0x00000007eaab0000,0x00000007eaab0000,0x00000007fc650000)
  from space 128K, 75% used [0x00000007fc650000,0x00000007fc668000,0x00000007fc670000)
  to   space 26560K, 0% used [0x00000007fe040000,0x00000007fe040000,0x00000007ffa30000)
 ParOldGen       total 133568K, used 54784K [0x00000007c0000000, 0x00000007c8270000, 0x00000007eaab0000)
  object space 133568K, 41% used [0x00000007c0000000,0x00000007c35800f8,0x00000007c8270000)
 PSPermGen       total 77632K, used 51386K [0x00000007bae00000, 0x00000007bf9d0000, 0x00000007c0000000)
  object space 77632K, 66% used [0x00000007bae00000,0x00000007be02ea08,0x00000007bf9d0000)
Event: 653.692 GC heap after
Heap after GC invocations=32 (full 11):
 PSYoungGen      total 290560K, used 0K [0x00000007eaab0000, 0x00000007ffa30000, 0x0000000800000000)
  eden space 290432K, 0% used [0x00000007eaab0000,0x00000007eaab0000,0x00000007fc650000)
  from space 128K, 0% used [0x00000007fc650000,0x00000007fc650000,0x00000007fc670000)
  to   space 26560K, 0% used [0x00000007fe040000,0x00000007fe040000,0x00000007ffa30000)
 ParOldGen       total 133568K, used 54356K [0x00000007c0000000, 0x00000007c8270000, 0x00000007eaab0000)
  object space 133568K, 40% used [0x00000007c0000000,0x00000007c35152c0,0x00000007c8270000)
 PSPermGen       total 73856K, used 51386K [0x00000007bae00000, 0x00000007bf620000, 0x00000007c0000000)
  object space 73856K, 69% used [0x00000007bae00000,0x00000007be02ea08,0x00000007bf620000)
}

Deoptimization events (10 events):
Event: 464.805 Thread 0x0000000102805800 Uncommon trap -58 fr.pc 0x0000000106d01e9c
Event: 480.619 Thread 0x0000000102805800 Uncommon trap -34 fr.pc 0x0000000106b4d0ec
Event: 506.304 Thread 0x0000000102805800 Uncommon trap -34 fr.pc 0x0000000106b4d0ec
Event: 523.175 Thread 0x0000000102805800 Uncommon trap -83 fr.pc 0x0000000106cabe04
Event: 676.631 Thread 0x0000000102805800 Uncommon trap -34 fr.pc 0x0000000106be30c0
Event: 676.636 Thread 0x0000000102805800 Uncommon trap -34 fr.pc 0x0000000106be30c0
Event: 676.640 Thread 0x0000000102805800 Uncommon trap -34 fr.pc 0x0000000106bff470
Event: 680.044 Thread 0x0000000102805800 Uncommon trap -34 fr.pc 0x0000000106b4d0ec
Event: 681.994 Thread 0x000000010188a800 Uncommon trap -34 fr.pc 0x0000000106b77038
Event: 681.994 Thread 0x000000010188a800 Uncommon trap -34 fr.pc 0x0000000106b77038

Internal exceptions (10 events):
Event: 681.548 Thread 0x0000000118c6c000 Threw 0x00000007eb3bc428 at /HUDSON/workspace/jdk7u25-2-build-macosx-amd64-product/jdk7u25/hotspot/src/share/vm/prims/nativeLookup.
Event: 681.548 Thread 0x0000000118c6c000 Threw 0x00000007eb3bcc08 at /HUDSON/workspace/jdk7u25-2-build-macosx-amd64-product/jdk7u25/hotspot/src/share/vm/prims/nativeLookup.
Event: 681.548 Thread 0x0000000118c6c000 Threw 0x00000007eb3bd3b8 at /HUDSON/workspace/jdk7u25-2-build-macosx-amd64-product/jdk7u25/hotspot/src/share/vm/prims/nativeLookup.
Event: 681.949 Thread 0x0000000102805800 Threw 0x00000007eb386488 at /HUDSON/workspace/jdk7u25-2-build-macosx-amd64-product/jdk7u25/hotspot/src/share/vm/prims/nativeLookup.
Event: 681.949 Thread 0x0000000102805800 Threw 0x00000007eb386fd8 at /HUDSON/workspace/jdk7u25-2-build-macosx-amd64-product/jdk7u25/hotspot/src/share/vm/prims/nativeLookup.
Event: 681.949 Thread 0x0000000102805800 Threw 0x00000007eb387698 at /HUDSON/workspace/jdk7u25-2-build-macosx-amd64-product/jdk7u25/hotspot/src/share/vm/prims/nativeLookup.
Event: 681.959 Thread 0x0000000102805800 Threw 0x00000007eb455b20 at /HUDSON/workspace/jdk7u25-2-build-macosx-amd64-product/jdk7u25/hotspot/src/share/vm/prims/nativeLookup.
Event: 681.959 Thread 0x0000000102805800 Threw 0x00000007eb456460 at /HUDSON/workspace/jdk7u25-2-build-macosx-amd64-product/jdk7u25/hotspot/src/share/vm/prims/nativeLookup.
Event: 681.960 Thread 0x0000000102805800 Threw 0x00000007eb458ea8 at /HUDSON/workspace/jdk7u25-2-build-macosx-amd64-product/jdk7u25/hotspot/src/share/vm/prims/nativeLookup.
Event: 681.990 Thread 0x000000010188a800 Threw 0x00000007ebeb9960 at /HUDSON/workspace/jdk7u25-2-build-macosx-amd64-product/jdk7u25/hotspot/src/share/vm/prims/nativeLookup.

Events (10 events):
Event: 681.997 Executing VM operation: RevokeBias
Event: 681.997 Executing VM operation: RevokeBias done
Event: 681.997 Thread 0x0000000101640800 Thread added: 0x0000000101640800
Event: 681.997 Executing VM operation: RevokeBias
Event: 681.997 Executing VM operation: RevokeBias done
Event: 681.997 Thread 0x0000000101640800 Thread exited: 0x0000000101640800
Event: 681.998 Thread 0x0000000101640800 Thread added: 0x0000000101640800
Event: 681.998 Executing VM operation: RevokeBias
Event: 681.998 Executing VM operation: RevokeBias done
Event: 681.998 Thread 0x0000000101640800 Thread exited: 0x0000000101640800


Dynamic libraries:
0x0000000009399000 	/System/Library/Frameworks/Cocoa.framework/Versions/A/Cocoa
0x0000000009399000 	/usr/lib/libSystem.B.dylib
0x0000000009399000 	/System/Library/Frameworks/CoreServices.framework/Versions/A/CoreServices
0x0000000009399000 	/usr/lib/libobjc.A.dylib
0x0000000009399000 	/System/Library/Frameworks/CoreFoundation.framework/Versions/A/CoreFoundation
0x0000000009399000 	/System/Library/Frameworks/AppKit.framework/Versions/C/AppKit
0x0000000009399000 	/System/Library/Frameworks/ApplicationServices.framework/Versions/A/ApplicationServices
0x0000000009399000 	/System/Library/Frameworks/Foundation.framework/Versions/C/Foundation
0x0000000009399000 	/System/Library/Frameworks/CoreData.framework/Versions/A/CoreData
0x0000000009399000 	/System/Library/PrivateFrameworks/RemoteViewServices.framework/Versions/A/RemoteViewServices
0x0000000009399000 	/System/Library/PrivateFrameworks/UIFoundation.framework/Versions/A/UIFoundation
0x0000000009399000 	/System/Library/Frameworks/IOSurface.framework/Versions/A/IOSurface
0x0000000009399000 	/System/Library/Frameworks/AudioToolbox.framework/Versions/A/AudioToolbox
0x0000000009399000 	/System/Library/Frameworks/AudioUnit.framework/Versions/A/AudioUnit
0x0000000009399000 	/System/Library/PrivateFrameworks/DataDetectorsCore.framework/Versions/A/DataDetectorsCore
0x0000000009399000 	/System/Library/PrivateFrameworks/DesktopServicesPriv.framework/Versions/A/DesktopServicesPriv
0x0000000009399000 	/System/Library/Frameworks/Carbon.framework/Versions/A/Frameworks/HIToolbox.framework/Versions/A/HIToolbox
0x0000000009399000 	/System/Library/Frameworks/QuartzCore.framework/Versions/A/QuartzCore
0x0000000009399000 	/System/Library/Frameworks/Security.framework/Versions/A/Security
0x0000000009399000 	/System/Library/Frameworks/Carbon.framework/Versions/A/Frameworks/SpeechRecognition.framework/Versions/A/SpeechRecognition
0x0000000009399000 	/usr/lib/libauto.dylib
0x0000000009399000 	/usr/lib/libicucore.A.dylib
0x0000000009399000 	/usr/lib/libxml2.2.dylib
0x0000000009399000 	/usr/lib/libz.1.dylib
0x0000000009399000 	/System/Library/PrivateFrameworks/CoreUI.framework/Versions/A/CoreUI
0x0000000009399000 	/System/Library/Frameworks/CoreAudio.framework/Versions/A/CoreAudio
0x0000000009399000 	/System/Library/Frameworks/DiskArbitration.framework/Versions/A/DiskArbitration
0x0000000009399000 	/usr/lib/liblangid.dylib
0x0000000009399000 	/System/Library/PrivateFrameworks/MultitouchSupport.framework/Versions/A/MultitouchSupport
0x0000000009399000 	/System/Library/Frameworks/IOKit.framework/Versions/A/IOKit
0x0000000009399000 	/usr/lib/libDiagnosticMessagesClient.dylib
0x0000000009399000 	/System/Library/PrivateFrameworks/PerformanceAnalysis.framework/Versions/A/PerformanceAnalysis
0x0000000009399000 	/System/Library/PrivateFrameworks/GenerationalStorage.framework/Versions/A/GenerationalStorage
0x0000000009399000 	/System/Library/Frameworks/OpenGL.framework/Versions/A/OpenGL
0x0000000009399000 	/System/Library/PrivateFrameworks/Sharing.framework/Versions/A/Sharing
0x0000000009399000 	/System/Library/Frameworks/CoreGraphics.framework/Versions/A/CoreGraphics
0x0000000009399000 	/System/Library/Frameworks/CoreText.framework/Versions/A/CoreText
0x0000000009399000 	/System/Library/Frameworks/ImageIO.framework/Versions/A/ImageIO
0x0000000009399000 	/usr/lib/libextension.dylib
0x0000000009399000 	/System/Library/PrivateFrameworks/Backup.framework/Versions/A/Backup
0x0000000009399000 	/usr/lib/libarchive.2.dylib
0x0000000009399000 	/System/Library/Frameworks/CFNetwork.framework/Versions/A/CFNetwork
0x0000000009399000 	/System/Library/Frameworks/SystemConfiguration.framework/Versions/A/SystemConfiguration
0x0000000009399000 	/usr/lib/libCRFSuite.dylib
0x0000000009399000 	/usr/lib/libc++.1.dylib
0x0000000009399000 	/usr/lib/libc++abi.dylib
0x0000000009399000 	/usr/lib/system/libcache.dylib
0x0000000009399000 	/usr/lib/system/libcommonCrypto.dylib
0x0000000009399000 	/usr/lib/system/libcompiler_rt.dylib
0x0000000009399000 	/usr/lib/system/libcopyfile.dylib
0x0000000009399000 	/usr/lib/system/libcorecrypto.dylib
0x0000000009399000 	/usr/lib/system/libdispatch.dylib
0x0000000009399000 	/usr/lib/system/libdyld.dylib
0x0000000009399000 	/usr/lib/system/libkeymgr.dylib
0x0000000009399000 	/usr/lib/system/liblaunch.dylib
0x0000000009399000 	/usr/lib/system/libmacho.dylib
0x0000000009399000 	/usr/lib/system/libquarantine.dylib
0x0000000009399000 	/usr/lib/system/libremovefile.dylib
0x0000000009399000 	/usr/lib/system/libsystem_asl.dylib
0x0000000009399000 	/usr/lib/system/libsystem_blocks.dylib
0x0000000009399000 	/usr/lib/system/libsystem_c.dylib
0x0000000009399000 	/usr/lib/system/libsystem_configuration.dylib
0x0000000009399000 	/usr/lib/system/libsystem_coreservices.dylib
0x0000000009399000 	/usr/lib/system/libsystem_coretls.dylib
0x0000000009399000 	/usr/lib/system/libsystem_dnssd.dylib
0x0000000009399000 	/usr/lib/system/libsystem_info.dylib
0x0000000009399000 	/usr/lib/system/libsystem_kernel.dylib
0x0000000009399000 	/usr/lib/system/libsystem_m.dylib
0x0000000009399000 	/usr/lib/system/libsystem_malloc.dylib
0x0000000009399000 	/usr/lib/system/libsystem_network.dylib
0x0000000009399000 	/usr/lib/system/libsystem_networkextension.dylib
0x0000000009399000 	/usr/lib/system/libsystem_notify.dylib
0x0000000009399000 	/usr/lib/system/libsystem_platform.dylib
0x0000000009399000 	/usr/lib/system/libsystem_pthread.dylib
0x0000000009399000 	/usr/lib/system/libsystem_sandbox.dylib
0x0000000009399000 	/usr/lib/system/libsystem_secinit.dylib
0x0000000009399000 	/usr/lib/system/libsystem_stats.dylib
0x0000000009399000 	/usr/lib/system/libsystem_trace.dylib
0x0000000009399000 	/usr/lib/system/libunc.dylib
0x0000000009399000 	/usr/lib/system/libunwind.dylib
0x0000000009399000 	/usr/lib/system/libxpc.dylib
0x0000000009399000 	/usr/lib/libbz2.1.0.dylib
0x0000000009399000 	/usr/lib/liblzma.5.dylib
0x0000000009399000 	/usr/lib/libbsm.0.dylib
0x0000000009399000 	/usr/lib/libsqlite3.dylib
0x0000000009399000 	/usr/lib/system/libkxld.dylib
0x0000000009399000 	/usr/lib/libxar.1.dylib
0x0000000009399000 	/usr/lib/libpam.2.dylib
0x0000000009399000 	/usr/lib/libOpenScriptingUtil.dylib
0x0000000009399000 	/System/Library/Frameworks/CoreServices.framework/Versions/A/Frameworks/FSEvents.framework/Versions/A/FSEvents
0x0000000009399000 	/System/Library/Frameworks/CoreServices.framework/Versions/A/Frameworks/CarbonCore.framework/Versions/A/CarbonCore
0x0000000009399000 	/System/Library/Frameworks/CoreServices.framework/Versions/A/Frameworks/Metadata.framework/Versions/A/Metadata
0x0000000009399000 	/System/Library/Frameworks/CoreServices.framework/Versions/A/Frameworks/OSServices.framework/Versions/A/OSServices
0x0000000009399000 	/System/Library/Frameworks/CoreServices.framework/Versions/A/Frameworks/SearchKit.framework/Versions/A/SearchKit
0x0000000009399000 	/System/Library/Frameworks/CoreServices.framework/Versions/A/Frameworks/AE.framework/Versions/A/AE
0x0000000009399000 	/System/Library/Frameworks/CoreServices.framework/Versions/A/Frameworks/LaunchServices.framework/Versions/A/LaunchServices
0x0000000009399000 	/System/Library/Frameworks/CoreServices.framework/Versions/A/Frameworks/DictionaryServices.framework/Versions/A/DictionaryServices
0x0000000009399000 	/System/Library/Frameworks/NetFS.framework/Versions/A/NetFS
0x0000000009399000 	/System/Library/PrivateFrameworks/NetAuth.framework/Versions/A/NetAuth
0x0000000009399000 	/System/Library/PrivateFrameworks/login.framework/Versions/A/Frameworks/loginsupport.framework/Versions/A/loginsupport
0x0000000009399000 	/System/Library/PrivateFrameworks/TCC.framework/Versions/A/TCC
0x0000000009399000 	/usr/lib/libmecabra.dylib
0x0000000009399000 	/System/Library/Frameworks/ApplicationServices.framework/Versions/A/Frameworks/ATS.framework/Versions/A/ATS
0x0000000009399000 	/System/Library/Frameworks/ApplicationServices.framework/Versions/A/Frameworks/ColorSync.framework/Versions/A/ColorSync
0x0000000009399000 	/System/Library/Frameworks/ApplicationServices.framework/Versions/A/Frameworks/HIServices.framework/Versions/A/HIServices
0x0000000009399000 	/System/Library/Frameworks/ApplicationServices.framework/Versions/A/Frameworks/LangAnalysis.framework/Versions/A/LangAnalysis
0x0000000009399000 	/System/Library/Frameworks/ApplicationServices.framework/Versions/A/Frameworks/PrintCore.framework/Versions/A/PrintCore
0x0000000009399000 	/System/Library/Frameworks/ApplicationServices.framework/Versions/A/Frameworks/QD.framework/Versions/A/QD
0x0000000009399000 	/System/Library/Frameworks/ApplicationServices.framework/Versions/A/Frameworks/SpeechSynthesis.framework/Versions/A/SpeechSynthesis
0x0000000009399000 	/System/Library/Frameworks/Accelerate.framework/Versions/A/Accelerate
0x0000000009399000 	/System/Library/Frameworks/Accelerate.framework/Versions/A/Frameworks/vImage.framework/Versions/A/vImage
0x0000000009399000 	/System/Library/Frameworks/Accelerate.framework/Versions/A/Frameworks/vecLib.framework/Versions/A/vecLib
0x0000000009399000 	/System/Library/Frameworks/Accelerate.framework/Versions/A/Frameworks/vecLib.framework/Versions/A/libvDSP.dylib
0x0000000009399000 	/System/Library/Frameworks/Accelerate.framework/Versions/A/Frameworks/vecLib.framework/Versions/A/libvMisc.dylib
0x0000000009399000 	/System/Library/Frameworks/Accelerate.framework/Versions/A/Frameworks/vecLib.framework/Versions/A/libLAPACK.dylib
0x0000000009399000 	/System/Library/Frameworks/Accelerate.framework/Versions/A/Frameworks/vecLib.framework/Versions/A/libBLAS.dylib
0x0000000009399000 	/System/Library/Frameworks/Accelerate.framework/Versions/A/Frameworks/vecLib.framework/Versions/A/libLinearAlgebra.dylib
0x0000000009399000 	/System/Library/Frameworks/ApplicationServices.framework/Versions/A/Frameworks/ATS.framework/Versions/A/Resources/libFontParser.dylib
0x0000000009399000 	/System/Library/Frameworks/ApplicationServices.framework/Versions/A/Frameworks/ATS.framework/Versions/A/Resources/libFontRegistry.dylib
0x0000000009399000 	/System/Library/PrivateFrameworks/AppleVPA.framework/Versions/A/AppleVPA
0x0000000009399000 	/System/Library/PrivateFrameworks/AppleJPEG.framework/Versions/A/AppleJPEG
0x0000000009399000 	/System/Library/Frameworks/ImageIO.framework/Versions/A/Resources/libJPEG.dylib
0x0000000009399000 	/System/Library/Frameworks/ImageIO.framework/Versions/A/Resources/libTIFF.dylib
0x0000000009399000 	/System/Library/Frameworks/ImageIO.framework/Versions/A/Resources/libPng.dylib
0x0000000009399000 	/System/Library/Frameworks/ImageIO.framework/Versions/A/Resources/libGIF.dylib
0x0000000009399000 	/System/Library/Frameworks/ImageIO.framework/Versions/A/Resources/libJP2.dylib
0x0000000009399000 	/System/Library/Frameworks/ImageIO.framework/Versions/A/Resources/libRadiance.dylib
0x0000000009399000 	/System/Library/Frameworks/CoreVideo.framework/Versions/A/CoreVideo
0x0000000009399000 	/System/Library/Frameworks/OpenGL.framework/Versions/A/Libraries/libGLU.dylib
0x0000000009399000 	/System/Library/Frameworks/OpenGL.framework/Versions/A/Libraries/libGFXShared.dylib
0x0000000009399000 	/System/Library/Frameworks/OpenGL.framework/Versions/A/Libraries/libGL.dylib
0x0000000009399000 	/System/Library/Frameworks/OpenGL.framework/Versions/A/Libraries/libGLImage.dylib
0x0000000009399000 	/System/Library/Frameworks/OpenGL.framework/Versions/A/Libraries/libCVMSPluginSupport.dylib
0x0000000009399000 	/System/Library/Frameworks/OpenGL.framework/Versions/A/Libraries/libCoreVMClient.dylib
0x0000000009399000 	/usr/lib/libcups.2.dylib
0x0000000009399000 	/System/Library/Frameworks/Kerberos.framework/Versions/A/Kerberos
0x0000000009399000 	/System/Library/Frameworks/GSS.framework/Versions/A/GSS
0x0000000009399000 	/usr/lib/libresolv.9.dylib
0x0000000009399000 	/usr/lib/libiconv.2.dylib
0x0000000009399000 	/System/Library/PrivateFrameworks/Heimdal.framework/Versions/A/Heimdal
0x0000000009399000 	/usr/lib/libheimdal-asn1.dylib
0x0000000009399000 	/System/Library/Frameworks/OpenDirectory.framework/Versions/A/OpenDirectory
0x0000000009399000 	/System/Library/PrivateFrameworks/CommonAuth.framework/Versions/A/CommonAuth
0x0000000009399000 	/System/Library/Frameworks/OpenDirectory.framework/Versions/A/Frameworks/CFOpenDirectory.framework/Versions/A/CFOpenDirectory
0x0000000009399000 	/System/Library/Frameworks/SecurityFoundation.framework/Versions/A/SecurityFoundation
0x0000000009399000 	/System/Library/PrivateFrameworks/LanguageModeling.framework/Versions/A/LanguageModeling
0x0000000009399000 	/usr/lib/libcmph.dylib
0x0000000009399000 	/System/Library/Frameworks/ServiceManagement.framework/Versions/A/ServiceManagement
0x0000000009399000 	/usr/lib/libxslt.1.dylib
0x0000000009399000 	/System/Library/Frameworks/Carbon.framework/Versions/A/Frameworks/Ink.framework/Versions/A/Ink
0x0000000009399000 	/System/Library/Frameworks/QuartzCore.framework/Versions/A/Frameworks/CoreImage.framework/Versions/A/CoreImage
0x0000000009399000 	/System/Library/PrivateFrameworks/CrashReporterSupport.framework/Versions/A/CrashReporterSupport
0x0000000009399000 	/System/Library/Frameworks/OpenCL.framework/Versions/A/OpenCL
0x0000000009399000 	/System/Library/PrivateFrameworks/FaceCore.framework/Versions/A/FaceCore
0x0000000009399000 	/System/Library/PrivateFrameworks/Ubiquity.framework/Versions/A/Ubiquity
0x0000000009399000 	/System/Library/PrivateFrameworks/IconServices.framework/Versions/A/IconServices
0x0000000009399000 	/System/Library/PrivateFrameworks/ChunkingLibrary.framework/Versions/A/ChunkingLibrary
0x0000000009399000 	/System/Library/PrivateFrameworks/Apple80211.framework/Versions/A/Apple80211
0x0000000009399000 	/System/Library/Frameworks/CoreWLAN.framework/Versions/A/CoreWLAN
0x0000000009399000 	/System/Library/Frameworks/IOBluetooth.framework/Versions/A/IOBluetooth
0x0000000009399000 	/System/Library/PrivateFrameworks/CoreWiFi.framework/Versions/A/CoreWiFi
0x0000000009399000 	/System/Library/Frameworks/CoreBluetooth.framework/Versions/A/CoreBluetooth
0x0000000009399000 	/System/Library/PrivateFrameworks/DebugSymbols.framework/Versions/A/DebugSymbols
0x0000000009399000 	/System/Library/PrivateFrameworks/CoreSymbolication.framework/Versions/A/CoreSymbolication
0x0000000009399000 	/System/Library/PrivateFrameworks/Symbolication.framework/Versions/A/Symbolication
0x0000000009399000 	/System/Library/PrivateFrameworks/SpeechRecognitionCore.framework/Versions/A/SpeechRecognitionCore
0x00000001000cb000 	/Applications/exelis/idl83/idlde/plugins/org.eclipse.equinox.launcher.cocoa.macosx.x86_64_1.1.101.v20120109-1504/eclipse_1408.so
0x0000000009399000 	/System/Library/PrivateFrameworks/CoreServicesInternal.framework/Versions/A/CoreServicesInternal
0x0000000009399000 	/System/Library/PrivateFrameworks/CloudDocs.framework/Versions/A/CloudDocs
0x0000000009399000 	/System/Library/PrivateFrameworks/CoreDuet.framework/Versions/A/CoreDuet
0x0000000009399000 	/System/Library/Frameworks/CloudKit.framework/Versions/A/CloudKit
0x0000000009399000 	/System/Library/PrivateFrameworks/ProtocolBuffer.framework/Versions/A/ProtocolBuffer
0x0000000009399000 	/System/Library/PrivateFrameworks/CoreDuetDaemonProtocol.framework/Versions/A/CoreDuetDaemonProtocol
0x0000000009399000 	/System/Library/PrivateFrameworks/CoreDuetDebugLogging.framework/Versions/A/CoreDuetDebugLogging
0x0000000009399000 	/System/Library/PrivateFrameworks/MMCS.framework/Versions/A/MMCS
0x0000000009399000 	/System/Library/Frameworks/CoreLocation.framework/Versions/A/CoreLocation
0x0000000009399000 	/System/Library/PrivateFrameworks/ProtectedCloudStorage.framework/Versions/A/ProtectedCloudStorage
0x0000000009399000 	/System/Library/PrivateFrameworks/GeoServices.framework/Versions/A/GeoServices
0x0000000009399000 	/System/Library/Frameworks/CoreGraphics.framework/Versions/A/Resources/libCGCMS.A.dylib
0x0000000105c57000 	/Applications/exelis/idl83/idlde/bin.darwin.x86_64/jre/lib/server/libjvm.dylib
0x0000000009399000 	/usr/lib/libstdc++.6.dylib
0x0000000106700000 	/Applications/exelis/idl83/idlde/bin.darwin.x86_64/jre/lib/libverify.dylib
0x000000010670d000 	/Applications/exelis/idl83/idlde/bin.darwin.x86_64/jre/lib/libjava.dylib
0x0000000106745000 	/Applications/exelis/idl83/idlde/bin.darwin.x86_64/jre/lib/libzip.dylib
0x000000010e023000 	/System/Library/Frameworks/JavaVM.framework/Frameworks/JavaRuntimeSupport.framework/JavaRuntimeSupport
0x000000010e03b000 	/System/Library/Frameworks/JavaVM.framework/Versions/A/Frameworks/JavaNativeFoundation.framework/Versions/A/JavaNativeFoundation
0x000000010e050000 	/System/Library/Frameworks/JavaVM.framework/Versions/A/JavaVM
0x0000000009399000 	/System/Library/Frameworks/Carbon.framework/Versions/A/Carbon
0x000000010e05d000 	/System/Library/PrivateFrameworks/JavaLaunching.framework/Versions/A/JavaLaunching
0x0000000009399000 	/System/Library/Frameworks/Carbon.framework/Versions/A/Frameworks/CommonPanels.framework/Versions/A/CommonPanels
0x0000000009399000 	/System/Library/Frameworks/Carbon.framework/Versions/A/Frameworks/Help.framework/Versions/A/Help
0x0000000009399000 	/System/Library/Frameworks/Carbon.framework/Versions/A/Frameworks/ImageCapture.framework/Versions/A/ImageCapture
0x0000000009399000 	/System/Library/Frameworks/Carbon.framework/Versions/A/Frameworks/OpenScripting.framework/Versions/A/OpenScripting
0x0000000009399000 	/System/Library/Frameworks/Carbon.framework/Versions/A/Frameworks/Print.framework/Versions/A/Print
0x0000000009399000 	/System/Library/Frameworks/Carbon.framework/Versions/A/Frameworks/SecurityHI.framework/Versions/A/SecurityHI
0x0000000009399000 	/System/Library/CoreServices/RawCamera.bundle/Contents/MacOS/RawCamera
0x0000000009399000 	/System/Library/Frameworks/CoreGraphics.framework/Versions/A/Resources/libRIP.A.dylib
0x0000000009399000 	/System/Library/PrivateFrameworks/FamilyControls.framework/Versions/A/FamilyControls
0x0000000009399000 	/System/Library/PrivateFrameworks/CommerceKit.framework/Versions/A/Frameworks/CommerceCore.framework/Versions/A/CommerceCore
0x0000000009399000 	/System/Library/PrivateFrameworks/SystemAdministration.framework/Versions/A/SystemAdministration
0x0000000009399000 	/System/Library/PrivateFrameworks/AppContainer.framework/Versions/A/AppContainer
0x0000000009399000 	/System/Library/PrivateFrameworks/SecCodeWrapper.framework/Versions/A/SecCodeWrapper
0x0000000009399000 	/System/Library/Frameworks/DirectoryService.framework/Versions/A/DirectoryService
0x0000000009399000 	/System/Library/PrivateFrameworks/DiskImages.framework/Versions/A/DiskImages
0x0000000009399000 	/System/Library/PrivateFrameworks/LoginUIKit.framework/Versions/A/Frameworks/LoginUICore.framework/Versions/A/LoginUICore
0x0000000009399000 	/usr/lib/libCoreStorage.dylib
0x0000000009399000 	/usr/lib/libcsfde.dylib
0x0000000009399000 	/usr/lib/libodfde.dylib
0x0000000009399000 	/System/Library/Frameworks/DiscRecording.framework/Versions/A/DiscRecording
0x000000010f87e000 	/Applications/exelis/idl83/bin/bin.darwin.x86_64/libcurl.4.dylib
0x0000000009399000 	/System/Library/PrivateFrameworks/MediaKit.framework/Versions/A/MediaKit
0x0000000009399000 	/System/Library/PrivateFrameworks/EFILogin.framework/Versions/A/EFILogin
0x0000000009399000 	/usr/lib/libutil.dylib
0x0000000009399000 	/System/Library/PrivateFrameworks/FindMyDevice.framework/Versions/A/FindMyDevice
0x0000000009399000 	/System/Library/Frameworks/CoreGraphics.framework/Versions/A/Resources/libCGXType.A.dylib
0x0000000009399000 	/System/Library/Frameworks/OpenCL.framework/Versions/A/Libraries/libcldcpuengine.dylib
0x0000000110e31000 	cl_kernels
0x0000000110e33000 	/System/Library/Frameworks/OpenCL.framework/Versions/A/Libraries/ImageFormats/unorm8_bgra.dylib
0x0000000110e22000 	cl_kernels
0x00000001110c9000 	/Applications/exelis/idl83/idlde/bin.darwin.x86_64/jre/lib/libnet.dylib
0x00000001110de000 	/Applications/exelis/idl83/idlde/bin.darwin.x86_64/jre/lib/libnio.dylib
0x0000000111675000 	/Users/to/.swt/lib/macosx/x86_64/libswt-cocoa-3740.jnilib
0x0000000009399000 	/System/Library/Frameworks/WebKit.framework/Versions/A/WebKit
0x0000000009399000 	/System/Library/Frameworks/JavaScriptCore.framework/Versions/A/JavaScriptCore
0x0000000009399000 	/System/Library/Frameworks/SecurityInterface.framework/Versions/A/SecurityInterface
0x0000000009399000 	/System/Library/Frameworks/WebKit.framework/Versions/A/Frameworks/WebKitLegacy.framework/Versions/A/WebKitLegacy
0x0000000009399000 	/System/Library/Frameworks/WebKit.framework/Versions/A/Frameworks/WebCore.framework/Versions/A/WebCore
0x00000001116c2000 	/Users/to/.swt/lib/macosx/x86_64/libswt-pi-cocoa-3740.jnilib
0x0000000111a67000 	/Applications/exelis/idl83/bin/bin.darwin.x86_64/libidl_ips.8.3.dylib
0x0000000112d75000 	/Applications/exelis/idl83/bin/bin.darwin.x86_64/libidl.8.3.dylib
0x00000001124e6000 	/opt/X11/lib/libfreetype.6.dylib
0x0000000111a28000 	/Applications/exelis/idl83/bin/bin.darwin.x86_64/libMesaGLU6_2.dylib
0x0000000113977000 	/Applications/exelis/idl83/bin/bin.darwin.x86_64/libMesaGL6_2.dylib
0x00000001118d3000 	/Applications/exelis/idl83/bin/bin.darwin.x86_64/libOSMesa6_2.dylib
0x00000001118dd000 	/opt/X11/lib/libXp.6.dylib
0x0000000113bb9000 	/Applications/exelis/idl83/bin/bin.darwin.x86_64/libXm.3.0.2.dylib
0x00000001118e8000 	/opt/X11/lib/libXpm.4.dylib
0x0000000111a0b000 	/opt/X11/lib/libXmu.6.dylib
0x0000000111ce4000 	/opt/X11/lib/libXext.6.dylib
0x000000011232d000 	/opt/X11/lib/libXt.6.dylib
0x0000000111a52000 	/opt/X11/lib/libXinerama.1.dylib
0x0000000111a58000 	/opt/X11/lib/libSM.6.dylib
0x00000001120d1000 	/opt/X11/lib/libICE.6.dylib
0x0000000113fc8000 	/opt/X11/lib/libX11.6.dylib
0x00000001120ee000 	/opt/X11/lib/libxcb.1.dylib
0x0000000111ad0000 	/opt/X11/lib/libXau.6.dylib
0x0000000111af7000 	/opt/X11/lib/libXdmcp.6.dylib
0x0000000112653000 	/Applications/exelis/idl83/bin/bin.darwin.x86_64/gl_driver.so
0x0000000114489000 	/opt/X11/lib/libGL.1.dylib
0x00000001114b1000 	/opt/X11/lib/libXplugin.1.dylib
0x0000000114877000 	/opt/X11/lib/libglapi.0.dylib
0x00000001114c9000 	/opt/X11/lib/libXdamage.1.dylib
0x00000001114cf000 	/opt/X11/lib/libXfixes.3.dylib
0x00000001114d7000 	/opt/X11/lib/libX11-xcb.1.dylib
0x000000011238c000 	/opt/X11/lib/libxcb-glx.0.dylib
0x00000001114db000 	/opt/X11/lib/libXxf86vm.1.dylib
0x0000000009399000 	/usr/lib/libexpat.1.dylib
0x0000000009399000 	/System/Library/Frameworks/CoreGraphics.framework/Versions/A/Resources/libCGXCoreImage.A.dylib
0x0000000111cb3000 	cl_kernels
0x000000011506e000 	/System/Library/Frameworks/OpenCL.framework/Versions/A/Libraries/ImageFormats/unorm8_argb.dylib
0x0000000111cb7000 	cl_kernels
0x000000010044e000 	cl_kernels
0x0000000009399000 	/System/Library/Frameworks/Accelerate.framework/Versions/A/Frameworks/vImage.framework/Versions/A/Libraries/libCGInterfaces.dylib
0x0000000009399000 	/System/Library/PrivateFrameworks/DataDetectors.framework/Versions/A/DataDetectors
0x0000000009399000 	/System/Library/PrivateFrameworks/IDS.framework/Versions/A/IDS
0x0000000009399000 	/System/Library/Frameworks/AddressBook.framework/Versions/A/AddressBook
0x0000000009399000 	/System/Library/Frameworks/Quartz.framework/Versions/A/Quartz
0x0000000009399000 	/System/Library/PrivateFrameworks/IMFoundation.framework/Versions/A/IMFoundation
0x0000000009399000 	/System/Library/PrivateFrameworks/Marco.framework/Versions/A/Marco
0x0000000009399000 	/System/Library/PrivateFrameworks/IDSFoundation.framework/Versions/A/IDSFoundation
0x0000000009399000 	/System/Library/PrivateFrameworks/FTServices.framework/Versions/A/FTServices
0x0000000009399000 	/usr/lib/libtidy.A.dylib
0x0000000009399000 	/System/Library/PrivateFrameworks/CommonUtilities.framework/Versions/A/CommonUtilities
0x0000000009399000 	/System/Library/PrivateFrameworks/Bom.framework/Versions/A/Bom
0x0000000009399000 	/System/Library/PrivateFrameworks/AppleFSCompression.framework/Versions/A/AppleFSCompression
0x0000000009399000 	/System/Library/PrivateFrameworks/DiagnosticLogCollection.framework/Versions/A/DiagnosticLogCollection
0x0000000009399000 	/System/Library/PrivateFrameworks/IntlPreferences.framework/Versions/A/IntlPreferences
0x0000000009399000 	/System/Library/PrivateFrameworks/ToneLibrary.framework/Versions/A/ToneLibrary
0x0000000009399000 	/System/Library/PrivateFrameworks/ToneKit.framework/Versions/A/ToneKit
0x0000000009399000 	/System/Library/PrivateFrameworks/vCard.framework/Versions/A/vCard
0x0000000009399000 	/System/Library/Frameworks/Quartz.framework/Versions/A/Frameworks/QuickLookUI.framework/Versions/A/QuickLookUI
0x0000000009399000 	/System/Library/PrivateFrameworks/ApplePushService.framework/Versions/A/ApplePushService
0x0000000009399000 	/System/Library/PrivateFrameworks/ContactsData.framework/Versions/A/ContactsData
0x0000000009399000 	/System/Library/PrivateFrameworks/ContactsFoundation.framework/Versions/A/ContactsFoundation
0x0000000009399000 	/System/Library/PrivateFrameworks/PhoneNumbers.framework/Versions/A/PhoneNumbers
0x0000000009399000 	/System/Library/Frameworks/LDAP.framework/Versions/A/LDAP
0x0000000009399000 	/System/Library/Frameworks/AVFoundation.framework/Versions/A/AVFoundation
0x0000000009399000 	/System/Library/Frameworks/AVFoundation.framework/Versions/A/Resources/libAVFAudio.dylib
0x0000000009399000 	/System/Library/Frameworks/CoreMedia.framework/Versions/A/CoreMedia
0x0000000009399000 	/System/Library/Frameworks/MediaToolbox.framework/Versions/A/MediaToolbox
0x0000000009399000 	/System/Library/Frameworks/VideoToolbox.framework/Versions/A/VideoToolbox
0x0000000009399000 	/System/Library/Frameworks/CoreMediaIO.framework/Versions/A/CoreMediaIO
0x0000000009399000 	/System/Library/PrivateFrameworks/MediaControlSender.framework/Versions/A/MediaControlSender
0x0000000009399000 	/System/Library/PrivateFrameworks/CoreAVCHD.framework/Versions/A/CoreAVCHD
0x0000000009399000 	/System/Library/Frameworks/MediaAccessibility.framework/Versions/A/MediaAccessibility
0x0000000009399000 	/System/Library/PrivateFrameworks/Mangrove.framework/Versions/A/Mangrove
0x0000000009399000 	/System/Library/PrivateFrameworks/CoreAUC.framework/Versions/A/CoreAUC
0x0000000009399000 	/System/Library/PrivateFrameworks/NetworkStatistics.framework/Versions/A/NetworkStatistics
0x0000000009399000 	/System/Library/PrivateFrameworks/AppleSRP.framework/Versions/A/AppleSRP
0x0000000009399000 	/System/Library/PrivateFrameworks/AirPlaySupport.framework/Versions/A/AirPlaySupport
0x0000000009399000 	/System/Library/PrivateFrameworks/CoreUtils.framework/Versions/A/CoreUtils
0x0000000009399000 	/System/Library/PrivateFrameworks/AppleVA.framework/Versions/A/AppleVA
0x0000000009399000 	/System/Library/PrivateFrameworks/XPCService.framework/Versions/A/XPCService
0x0000000009399000 	/System/Library/PrivateFrameworks/AppSandbox.framework/Versions/A/AppSandbox
0x0000000009399000 	/usr/lib/libsandbox.1.dylib
0x0000000009399000 	/usr/lib/libMatch.1.dylib
0x0000000100442000 	/System/Library/PrivateFrameworks/SafariServices.framework/Versions/A/SafariServices
0x0000000009399000 	/usr/lib/libspindump.dylib
0x0000000009399000 	/System/Library/Frameworks/QTKit.framework/Versions/A/QTKit
0x0000000009399000 	/System/Library/Frameworks/QuickLook.framework/Versions/A/QuickLook
0x0000000009399000 	/System/Library/PrivateFrameworks/CoreMediaAuthoring.framework/Versions/A/CoreMediaAuthoring
0x0000000009399000 	/System/Library/PrivateFrameworks/CoreDaemon.framework/Versions/B/CoreDaemon
0x0000000009399000 	/usr/lib/libcrypto.0.9.8.dylib
0x0000000009399000 	/System/Library/PrivateFrameworks/TrustEvaluationAgent.framework/Versions/A/TrustEvaluationAgent
0x0000000009399000 	/System/Library/Frameworks/Quartz.framework/Versions/A/Frameworks/QuartzComposer.framework/Versions/A/QuartzComposer
0x0000000009399000 	/System/Library/Frameworks/Quartz.framework/Versions/A/Frameworks/PDFKit.framework/Versions/A/PDFKit
0x0000000009399000 	/System/Library/Frameworks/Quartz.framework/Versions/A/Frameworks/QuartzFilters.framework/Versions/A/QuartzFilters
0x0000000009399000 	/System/Library/Frameworks/Quartz.framework/Versions/A/Frameworks/ImageKit.framework/Versions/A/ImageKit
0x0000000009399000 	/System/Library/PrivateFrameworks/AppleSystemInfo.framework/Versions/A/AppleSystemInfo
0x0000000009399000 	/System/Library/PrivateFrameworks/CorePDF.framework/Versions/A/CorePDF
0x0000000009399000 	/System/Library/PrivateFrameworks/DisplayServices.framework/Versions/A/DisplayServices
0x0000000009399000 	/System/Library/Frameworks/ImageCaptureCore.framework/Versions/A/ImageCaptureCore
0x0000000009399000 	/usr/lib/libsasl2.2.dylib
0x0000000009399000 	/System/Library/Frameworks/OpenGL.framework/Versions/A/Resources/GLEngine.bundle/GLEngine
0x0000000009399000 	/System/Library/Frameworks/OpenGL.framework/Versions/A/Libraries/libGLProgrammability.dylib
0x000000011aa00000 	/System/Library/Extensions/AMDRadeonX3000GLDriver.bundle/Contents/MacOS/AMDRadeonX3000GLDriver
0x0000000009399000 	/System/Library/PrivateFrameworks/IOAccelerator.framework/Versions/A/IOAccelerator
0x0000000009399000 	/System/Library/PrivateFrameworks/GPUSupport.framework/Versions/A/Libraries/libGPUSupportMercury.dylib
0x0000000009399000 	/System/Library/Frameworks/OpenGL.framework/Versions/A/Resources/GLRendererFloat.bundle/GLRendererFloat
0x0000000009399000 	/System/Library/PrivateFrameworks/FinderKit.framework/Versions/A/FinderKit
0x0000000009399000 	/System/Library/PrivateFrameworks/Suggestions.framework/Versions/A/Suggestions
0x0000000114b83000 	/System/Library/PrivateFrameworks/CacheDelete.framework/CacheDelete
0x0000000009399000 	/System/Library/PrivateFrameworks/PlugInKit.framework/Versions/A/PlugInKit
0x0000000112044000 	cl_kernels
0x00000001126f8000 	cl_kernels
0x00000001126fc000 	cl_kernels
0x0000000009399000 	/System/Library/PrivateFrameworks/NetFSServer.framework/Versions/A/NetFSServer

VM Arguments:
jvm_args: -Dosgi.instance.area.default=@user.home/IDLWorkspace83 -Dosgi.configuration.area=@user.home/.idl/idlworkbench-config-idl8.3.0_x86_64 -Dosgi.configuration.cascaded=true -Dosgi.checkConfiguration=true -Dosgi.sharedConfiguration.area.readOnly=true -Dorg.eclipse.update.reconcile=false -Declipse.p2.data.area=@config.dir/p2 -XstartOnFirstThread -Xdock:icon=../Resources/idlde.icns -Dorg.eclipse.swt.internal.carbon.smallFonts -Dosgi.sharedConfiguration.area=../../../configuration.darwin.x86_64 -Xms128m -Xmx1024m 
java_command: <unknown>
Launcher Type: generic

Environment Variables:
CLASSPATH=.:/Applications/exelis/idl83/resource/bridges/export/java/javaidlb.jar
PATH=/Applications/exelis/idl83/bin:/opt/local/bin:/opt/local/sbin:/opt/local/bin:/opt/local/sbin:/opt/local/bin:/opt/local/sbin:/opt/local/bin:/opt/local/sbin:/usr/local/bin:/usr/bin:/bin:/usr/sbin:/sbin:/opt/X11/bin:/Applications/exelis/idl/bin:/opt/X11/bin:/Applications/exelis/idl/bin
LD_LIBRARY_PATH=/Applications/exelis/idl83/idlde/bin.darwin.x86_64/jre/lib/server:/Applications/exelis/idl83/idlde/bin.darwin.x86_64/jre/lib:
SHELL=/bin/tcsh
DISPLAY=/private/tmp/com.apple.launchd.QV9svJ7iYO/org.macosforge.xquartz:0
HOSTTYPE=intel-mac
OSTYPE=darwin
MACHTYPE=x86_64
DYLD_LIBRARY_PATH=/Applications/exelis/idl83/idlde/bin.darwin.x86_64:/Applications/exelis/idl83/bin/bin.darwin.x86_64
DYLD_FALLBACK_LIBRARY_PATH=/Applications/exelis/idl83/idlde/bin.darwin.x86_64/jre/lib/server:/Applications/exelis/idl83/idlde/bin.darwin.x86_64/jre/lib:

Signal Handlers:
SIGSEGV: [libjvm.dylib+0x4a820f], sa_mask[0]=0xfffefeff, sa_flags=0x00000042
SIGBUS: [libjvm.dylib+0x4a820f], sa_mask[0]=0xfffefeff, sa_flags=0x00000042
SIGFPE: [libjvm.dylib+0x3b7495], sa_mask[0]=0xfffefeff, sa_flags=0x00000042
SIGPIPE: SIG_IGN, sa_mask[0]=0x00000000, sa_flags=0x00000002
SIGXFSZ: [libjvm.dylib+0x3b7495], sa_mask[0]=0xfffefeff, sa_flags=0x00000042
SIGILL: [libjvm.dylib+0x3b7495], sa_mask[0]=0xfffefeff, sa_flags=0x00000042
SIGUSR1: SIG_DFL, sa_mask[0]=0x00000000, sa_flags=0x00000000
SIGUSR2: [libjvm.dylib+0x3b702e], sa_mask[0]=0x00000000, sa_flags=0x00000042
SIGHUP: [libjvm.dylib+0x3b528f], sa_mask[0]=0xfffefeff, sa_flags=0x00000042
SIGINT: [libidl.8.3.dylib+0x483ae0], sa_mask[0]=0x00000000, sa_flags=0x00000002
SIGTERM: [libjvm.dylib+0x3b528f], sa_mask[0]=0xfffefeff, sa_flags=0x00000042
SIGQUIT: [libjvm.dylib+0x3b528f], sa_mask[0]=0xfffefeff, sa_flags=0x00000042


---------------  S Y S T E M  ---------------

OS:Bsduname:Darwin 14.5.0 Darwin Kernel Version 14.5.0: Wed Jul 29 02:26:53 PDT 2015; root:xnu-2782.40.9~1/RELEASE_X86_64 x86_64
rlimit: STACK 8192k, CORE 0k, NPROC 709, NOFILE 1024, AS infinity
load average:1.27 1.32 1.24

CPU:total 4 (4 cores per cpu, 1 threads per core) family 6 model 42 stepping 7, cmov, cx8, fxsr, mmx, sse, sse2, sse3, ssse3, sse4.1, sse4.2, popcnt, avx, tsc, tscinvbit

Memory: 4k page, physical 205262052k(51315513k free)

/proc/meminfo:


vm_info: Java HotSpot(TM) 64-Bit Server VM (23.25-b01) for bsd-amd64 JRE (1.7.0_25-b15), built on Jun  5 2013 22:26:36 by "java_re" with gcc 4.2.1 (Based on Apple Inc. build 5658) (LLVM build 2336.11.00)

time: Fri May 20 11:47:39 2016
elapsed time: 682 seconds

