#
# A fatal error has been detected by the Java Runtime Environment:
#
#  SIGSEGV (0xb) at pc=0x00007fff95db5752, pid=44492, tid=42243
#
# JRE version: 7.0_25-b15
# Java VM: Java HotSpot(TM) 64-Bit Server VM (23.25-b01 mixed mode bsd-amd64 compressed oops)
# Problematic frame:
# C  [libsystem_platform.dylib+0x1752]  longjmp+0x2
#
# Failed to write core dump. Core dumps have been disabled. To enable core dumping, try "ulimit -c unlimited" before starting Java again
#
# If you would like to submit a bug report, please visit:
#   http://bugreport.sun.com/bugreport/crash.jsp
# The crash happened outside the Java Virtual Machine in native code.
# See problematic frame for where to report the bug.
#

---------------  T H R E A D  ---------------

Current thread (0x0000000100b41000):  JavaThread "IDL" [_thread_in_native, id=42243, stack(0x00000001129d9000,0x0000000112ad9000)]

siginfo:si_signo=SIGSEGV: si_errno=0, si_code=1 (SEGV_MAPERR), si_addr=0x0000000000000050

Registers:
RAX=0x0000000000000001, RBX=0x0000000000000000, RCX=0x0000000000000000, RDX=0x000000011244a0e8
RSP=0x0000000112ad80a8, RBP=0x0000000112ad81c0, RSI=0x0000000000000002, RDI=0x0000000000000000
R8 =0x0000000112ad8030, R9 =0x0000000000000001, R10=0x0000000106396d10, R11=0x00000001067f4a58
R12=0x0000000102b0c708, R13=0x0000000000000000, R14=0x000000011352ee10, R15=0x0000000102b0d190
RIP=0x00007fff95db5752, EFLAGS=0x0000000000010202, ERR=0x0000000000000004
  TRAPNO=0x000000000000000e

Top of Stack: (sp=0x0000000112ad80a8)
0x0000000112ad80a8:   0000000000000002 0000000000000000
0x0000000112ad80b8:   0000000112f73be7 000000010000002c
0x0000000112ad80c8:   0000000000000001 0000000000000000
0x0000000112ad80d8:   fffffffffffffffe 0000000000000002
0x0000000112ad80e8:   0000000112ad80f0 0000000112ad8080
0x0000000112ad80f8:   0000000101452c15 0000000000000000
0x0000000112ad8108:   0000002c00000004 000000011352ee30
0x0000000112ad8118:   0000000113138ec5 000000000000002c
0x0000000112ad8128:   0000000100000001 000000000000ba00
0x0000000112ad8138:   0100000000000000 fffffffffffffffe
0x0000000112ad8148:   0000000000000002 0000000112ad8210
0x0000000112ad8158:   0000000112fc4809 00000001002d2df8
0x0000000112ad8168:   0000000100000000 0000000100000000
0x0000000112ad8178:   0000000000000001 0000000102b0c7e8
0x0000000112ad8188:   0000000200000002 000000000000002c
0x0000000112ad8198:   0000000113138ec5 0000000196bd9cd2
0x0000000112ad81a8:   0000000100000001 000000011352ee10
0x0000000112ad81b8:   0000000202b0d190 0000000112ad8250
0x0000000112ad81c8:   0000000112f75101 0000000000000000
0x0000000112ad81d8:   0000000112ad83f0 0000002400000000
0x0000000112ad81e8:   0000000000000000 000000011352ee10
0x0000000112ad81f8:   0000000400000004 000000011352ee10
0x0000000112ad8208:   0000000000000000 0000000012ad8250
0x0000000112ad8218:   0000000112ad83f0 0000000000000000
0x0000000112ad8228:   0000000000000002 ffffff6100000000
0x0000000112ad8238:   0000000000000000 0000000112ad83f0
0x0000000112ad8248:   0000000000000018 0000000112ad8430
0x0000000112ad8258:   0000000112f75b2a 0000000100000000
0x0000000112ad8268:   0000000112ad83f0 0000000100000000
0x0000000112ad8278:   0000000000000000 0000000000000000
0x0000000112ad8288:   0000000000000000 0000000112ad83f0
0x0000000112ad8298:   0000000002aabd40 0000000200000000 

Instructions: (pc=0x00007fff95db5752)
0x00007fff95db5732:   47 58 48 83 c4 28 e9 43 00 00 00 0f 1f 00 83 7f
0x00007fff95db5742:   54 00 0f 85 06 00 00 00 e9 2b 00 00 00 90 57 56
0x00007fff95db5752:   ff 77 50 48 c7 c7 03 00 00 00 48 89 e6 48 31 d2
0x00007fff95db5762:   e8 f5 4d 00 00 48 8b 7c 24 10 8b 7f 58 e8 73 37 

Register to memory mapping:

RAX=0x0000000000000001 is an unknown value
RBX=0x0000000000000000 is an unknown value
RCX=0x0000000000000000 is an unknown value
RDX=0x000000011244a0e8 is an unknown value
RSP=0x0000000112ad80a8 is pointing into the stack for thread: 0x0000000100b41000
RBP=0x0000000112ad81c0 is pointing into the stack for thread: 0x0000000100b41000
RSI=0x0000000000000002 is an unknown value
RDI=0x0000000000000000 is an unknown value
R8 =0x0000000112ad8030 is pointing into the stack for thread: 0x0000000100b41000
R9 =0x0000000000000001 is an unknown value
R10=0x0000000106396d10: _ZN19TemplateInterpreter13_active_tableE+0x4000 in /Applications/exelis/idl83/idlde/bin.darwin.x86_64/jre/lib/server/libjvm.dylib at 0x0000000105c57000
R11=0x00000001067f48d0 [CodeBlob (0x00000001067f48d0)]
Framesize: 10
R12=0x0000000102b0c708 is an unknown value
R13=0x0000000000000000 is an unknown value
R14=0x000000011352ee10: output_message.default_errstate+0 in /Applications/exelis/idl83/bin/bin.darwin.x86_64/libidl.8.3.dylib at 0x0000000112adb000
R15=0x0000000102b0d190 is an unknown value


Stack: [0x00000001129d9000,0x0000000112ad9000],  sp=0x0000000112ad80a8,  free space=1020k
Native frames: (J=compiled Java code, j=interpreted, Vv=VM code, C=native code)
C  [libsystem_platform.dylib+0x1752]  longjmp+0x2
C  [libidl.8.3.dylib+0x49a101]  output_message+0xb1
C  [libidl.8.3.dylib+0x49ab2a]  IDL_MessageSyscode2+0x1aa
C  [libidl.8.3.dylib+0x3419d2]  IDL_Delvar+0xb2
C  [libidl.8.3.dylib+0x351f58]  return_user_proc+0x218
C  [libidl.8.3.dylib+0x35215e]  return_all+0x5e
C  [libidl.8.3.dylib+0x4c463b]  IDL_Executive+0xbfb
C  [libidl_ips.8.3.dylib+0x98d4]  ips_main+0x284
C  [libidl_ips.8.3.dylib+0xab0c]  IPS_RunClient+0x3c
C  [libidl_ips.8.3.dylib+0x155d3]  IPS_Start+0x13
C  [libidl_ips.8.3.dylib+0xe64]  Java_com_rsi_idldt_core_ips_IPS_1Access_IPS_1Start+0x204
j  com.rsi.idldt.core.ips.IPS_Access.IPS_Start([Ljava/lang/String;)V+0
j  com.rsi.idldt.core.ips.IPS_Manager$2.run()V+15
j  java.lang.Thread.run()V+11
v  ~StubRoutines::call_stub
V  [libjvm.dylib+0x28a5c3]
V  [libjvm.dylib+0x28aaa2]
V  [libjvm.dylib+0x28abdc]
V  [libjvm.dylib+0x2c1868]
V  [libjvm.dylib+0x47cbd8]
V  [libjvm.dylib+0x47e0ca]
V  [libjvm.dylib+0x3b95f9]
C  [libsystem_pthread.dylib+0x405a]  _pthread_body+0x83
C  [libsystem_pthread.dylib+0x3fd7]  _pthread_body+0x0
C  [libsystem_pthread.dylib+0x13ed]  thread_start+0xd

Java frames: (J=compiled Java code, j=interpreted, Vv=VM code)
j  com.rsi.idldt.core.ips.IPS_Access.IPS_Start([Ljava/lang/String;)V+0
j  com.rsi.idldt.core.ips.IPS_Manager$2.run()V+15
j  java.lang.Thread.run()V+11
v  ~StubRoutines::call_stub

---------------  P R O C E S S  ---------------

Java Threads: ( => current thread )
  0x000000010099c000 JavaThread "Worker-32" [_thread_blocked, id=135427, stack(0x0000000122adc000,0x0000000122bdc000)]
  0x0000000117ae8000 JavaThread "Thread-104" [_thread_in_Java, id=131455, stack(0x00000001229d9000,0x0000000122ad9000)]
  0x000000011e196000 JavaThread "Worker-31" [_thread_blocked, id=120871, stack(0x000000011f77c000,0x000000011f87c000)]
  0x000000011819f000 JavaThread "Worker-29" [_thread_blocked, id=113943, stack(0x000000011e801000,0x000000011e901000)]
  0x0000000102642000 JavaThread "Thread-63" daemon [_thread_in_native, id=108495, stack(0x0000000114a01000,0x0000000114a81000)]
  0x0000000118376000 JavaThread "Worker-25" [_thread_blocked, id=77079, stack(0x0000000118cae000,0x0000000118dae000)]
  0x0000000100f10800 JavaThread "HighTraffic" [_thread_blocked, id=34371, stack(0x0000000117104000,0x0000000117204000)]
  0x0000000118085800 JavaThread "[ThreadPool Manager] - Idle Thread" daemon [_thread_blocked, id=66723, stack(0x0000000115b8c000,0x0000000115c8c000)]
  0x000000010253b000 JavaThread "Timer-2" daemon [_thread_blocked, id=61739, stack(0x0000000118de4000,0x0000000118ee4000)]
  0x00000001024a6800 JavaThread "Timer-1" daemon [_thread_blocked, id=61455, stack(0x0000000115f35000,0x0000000116035000)]
  0x00000001015d1800 JavaThread "Thread-11" [_thread_in_native, id=60951, stack(0x000000011668c000,0x000000011678c000)]
  0x0000000101214000 JavaThread "IDLDT DOM Worker-3" [_thread_blocked, id=59395, stack(0x00000001163b3000,0x00000001164b3000)]
  0x000000010154a000 JavaThread "IDLDT DOM Worker-2" [_thread_blocked, id=59139, stack(0x00000001162b0000,0x00000001163b0000)]
  0x0000000101216000 JavaThread "IDLDT DOM Worker-1" [_thread_blocked, id=58883, stack(0x00000001161ad000,0x00000001162ad000)]
  0x0000000101315800 JavaThread "IDLDT DOM Worker-0" [_thread_blocked, id=58423, stack(0x00000001160aa000,0x00000001161aa000)]
  0x0000000101309800 JavaThread "Timer-0" daemon [_thread_blocked, id=58667, stack(0x0000000115d7e000,0x0000000115e7e000)]
=>0x0000000100b41000 JavaThread "IDL" [_thread_in_native, id=42243, stack(0x00000001129d9000,0x0000000112ad9000)]
  0x000000010095b000 JavaThread "IDLToJava Broker" daemon [_thread_blocked, id=41987, stack(0x00000001128d6000,0x00000001129d6000)]
  0x0000000100a3c000 JavaThread "Provisioning Event Dispatcher" daemon [_thread_blocked, id=38667, stack(0x0000000111c88000,0x0000000111d88000)]
  0x0000000100a04800 JavaThread "Bundle File Closer" daemon [_thread_blocked, id=38155, stack(0x0000000111a82000,0x0000000111b82000)]
  0x00000001020e6800 JavaThread "Worker-JM" [_thread_blocked, id=37891, stack(0x000000011187a000,0x000000011197a000)]
  0x00000001020e6000 JavaThread "[Timer] - Main Queue Handler" daemon [_thread_blocked, id=37635, stack(0x000000011173f000,0x000000011183f000)]
  0x0000000102127000 JavaThread "Framework Event Dispatcher" daemon [_thread_blocked, id=37127, stack(0x0000000111463000,0x0000000111563000)]
  0x0000000100948800 JavaThread "Start Level Event Dispatcher" daemon [_thread_blocked, id=36355, stack(0x0000000111271000,0x0000000111371000)]
  0x0000000100941800 JavaThread "State Data Manager" daemon [_thread_blocked, id=35855, stack(0x000000011116e000,0x000000011126e000)]
  0x00000001010cf800 JavaThread "Framework Active Thread" [_thread_blocked, id=36103, stack(0x000000011106b000,0x000000011116b000)]
  0x000000010100e000 JavaThread "Service Thread" daemon [_thread_blocked, id=23043, stack(0x000000010e373000,0x000000010e473000)]
  0x0000000100865800 JavaThread "C2 CompilerThread1" daemon [_thread_blocked, id=22787, stack(0x000000010e270000,0x000000010e370000)]
  0x000000010208f000 JavaThread "C2 CompilerThread0" daemon [_thread_blocked, id=22535, stack(0x000000010e16d000,0x000000010e26d000)]
  0x000000010208e000 JavaThread "Signal Dispatcher" daemon [_thread_blocked, id=22031, stack(0x000000010e06a000,0x000000010e16a000)]
  0x0000000102807000 JavaThread "Finalizer" daemon [_thread_blocked, id=21507, stack(0x000000010df21000,0x000000010e021000)]
  0x0000000102803000 JavaThread "Reference Handler" daemon [_thread_blocked, id=21251, stack(0x000000010de1e000,0x000000010df1e000)]
  0x000000010206a800 JavaThread "main" [_thread_in_native, id=1299, stack(0x00007fff5fb80000,0x00007fff5fc00000)]

Other Threads:
  0x000000010085e800 VMThread [stack: 0x000000010dd1b000,0x000000010de1b000] [id=20995]
  0x000000010100e800 WatcherThread [stack: 0x000000010e476000,0x000000010e576000] [id=23299]

VM state:not at safepoint (normal execution)

VM Mutex/Monitor currently owned by a thread: None

Heap
 PSYoungGen      total 294208K, used 64722K [0x00000007eaab0000, 0x00000007fd920000, 0x0000000800000000)
  eden space 291648K, 22% used [0x00000007eaab0000,0x00000007ee9e4918,0x00000007fc780000)
  from space 2560K, 0% used [0x00000007fc780000,0x00000007fc780000,0x00000007fca00000)
  to   space 9024K, 0% used [0x00000007fd050000,0x00000007fd050000,0x00000007fd920000)
 ParOldGen       total 131968K, used 46076K [0x00000007c0000000, 0x00000007c80e0000, 0x00000007eaab0000)
  object space 131968K, 34% used [0x00000007c0000000,0x00000007c2cff360,0x00000007c80e0000)
 PSPermGen       total 53184K, used 51940K [0x00000007bae00000, 0x00000007be1f0000, 0x00000007c0000000)
  object space 53184K, 97% used [0x00000007bae00000,0x00000007be0b9120,0x00000007be1f0000)

Card table byte_map: [0x000000010980e000,0x0000000109a38000] byte_map_base: 0x0000000105a37000

Polling page: 0x00000001000ff000

Code Cache  [0x000000010674e000, 0x0000000106e3e000, 0x000000010974e000)
 total_blobs=2304 nmethods=1767 adapters=488 free_code_cache=42368Kb largest_free_block=43094976

Compilation events (10 events):
Event: 1771.817 Thread 0x000000010208f000 1930   !         org.eclipse.ui.internal.AbstractSelectionService::fireSelection (69 bytes)
Event: 1771.819 Thread 0x000000010208f000 nmethod 1930 0x0000000106d05910 code [0x0000000106d05a80, 0x0000000106d05ce8]
Event: 1772.772 Thread 0x0000000100865800 1931             org.eclipse.core.internal.expressions.CompositeExpression::evaluateOr (70 bytes)
Event: 1772.777 Thread 0x0000000100865800 nmethod 1931 0x0000000106d20810 code [0x0000000106d209a0, 0x0000000106d20d18]
Event: 1772.946 Thread 0x000000010208f000 1932             org.eclipse.core.internal.expressions.Expressions::isInstanceOf (15 bytes)
Event: 1772.946 Thread 0x0000000100865800 1933  s          org.eclipse.core.internal.expressions.Expressions::isSubtype (91 bytes)
Event: 1772.966 Thread 0x000000010208f000 nmethod 1932 0x0000000106be1410 code [0x0000000106be1600, 0x0000000106be25b0]
Event: 1772.967 Thread 0x000000010208f000 1934             org.eclipse.core.internal.expressions.Expressions::getKnownClasses (46 bytes)
Event: 1772.967 Thread 0x000000010208f000 nmethod 1934 0x0000000106b58ed0 code [0x0000000106b59000, 0x0000000106b59078]
Event: 1772.967 Thread 0x0000000100865800 nmethod 1933 0x0000000106be7350 code [0x0000000106be7560, 0x0000000106be8730]

GC Heap History (10 events):
Event: 1588.247 GC heap before
{Heap before GC invocations=64 (full 27):
 PSYoungGen      total 291904K, used 224K [0x00000007eaab0000, 0x00000007fdb20000, 0x0000000800000000)
  eden space 291648K, 0% used [0x00000007eaab0000,0x00000007eaab0000,0x00000007fc780000)
  from space 256K, 87% used [0x00000007fc780000,0x00000007fc7b8000,0x00000007fc7c0000)
  to   space 10048K, 0% used [0x00000007fd150000,0x00000007fd150000,0x00000007fdb20000)
 ParOldGen       total 131968K, used 45979K [0x00000007c0000000, 0x00000007c80e0000, 0x00000007eaab0000)
  object space 131968K, 34% used [0x00000007c0000000,0x00000007c2ce6f08,0x00000007c80e0000)
 PSPermGen       total 53824K, used 51869K [0x00000007bae00000, 0x00000007be290000, 0x00000007c0000000)
  object space 53824K, 96% used [0x00000007bae00000,0x00000007be0a76b8,0x00000007be290000)
Event: 1588.411 GC heap after
Heap after GC invocations=64 (full 27):
 PSYoungGen      total 291904K, used 0K [0x00000007eaab0000, 0x00000007fdb20000, 0x0000000800000000)
  eden space 291648K, 0% used [0x00000007eaab0000,0x00000007eaab0000,0x00000007fc780000)
  from space 256K, 0% used [0x00000007fc780000,0x00000007fc780000,0x00000007fc7c0000)
  to   space 10048K, 0% used [0x00000007fd150000,0x00000007fd150000,0x00000007fdb20000)
 ParOldGen       total 131968K, used 45911K [0x00000007c0000000, 0x00000007c80e0000, 0x00000007eaab0000)
  object space 131968K, 34% used [0x00000007c0000000,0x00000007c2cd5fe0,0x00000007c80e0000)
 PSPermGen       total 53312K, used 51869K [0x00000007bae00000, 0x00000007be210000, 0x00000007c0000000)
  object space 53312K, 97% used [0x00000007bae00000,0x00000007be0a7598,0x00000007be210000)
}
Event: 1654.525 GC heap before
{Heap before GC invocations=65 (full 27):
 PSYoungGen      total 291904K, used 32749K [0x00000007eaab0000, 0x00000007fdb20000, 0x0000000800000000)
  eden space 291648K, 11% used [0x00000007eaab0000,0x00000007ecaab550,0x00000007fc780000)
  from space 256K, 0% used [0x00000007fc780000,0x00000007fc780000,0x00000007fc7c0000)
  to   space 10048K, 0% used [0x00000007fd150000,0x00000007fd150000,0x00000007fdb20000)
 ParOldGen       total 131968K, used 45911K [0x00000007c0000000, 0x00000007c80e0000, 0x00000007eaab0000)
  object space 131968K, 34% used [0x00000007c0000000,0x00000007c2cd5fe0,0x00000007c80e0000)
 PSPermGen       total 53312K, used 51872K [0x00000007bae00000, 0x00000007be210000, 0x00000007c0000000)
  object space 53312K, 97% used [0x00000007bae00000,0x00000007be0a81c8,0x00000007be210000)
Event: 1654.527 GC heap after
Heap after GC invocations=65 (full 27):
 PSYoungGen      total 300416K, used 192K [0x00000007eaab0000, 0x00000007fd9e0000, 0x0000000800000000)
  eden space 291648K, 0% used [0x00000007eaab0000,0x00000007eaab0000,0x00000007fc780000)
  from space 8768K, 2% used [0x00000007fd150000,0x00000007fd180000,0x00000007fd9e0000)
  to   space 9408K, 0% used [0x00000007fc780000,0x00000007fc780000,0x00000007fd0b0000)
 ParOldGen       total 131968K, used 45911K [0x00000007c0000000, 0x00000007c80e0000, 0x00000007eaab0000)
  object space 131968K, 34% used [0x00000007c0000000,0x00000007c2cd5fe0,0x00000007c80e0000)
 PSPermGen       total 53312K, used 51872K [0x00000007bae00000, 0x00000007be210000, 0x00000007c0000000)
  object space 53312K, 97% used [0x00000007bae00000,0x00000007be0a81c8,0x00000007be210000)
}
Event: 1654.527 GC heap before
{Heap before GC invocations=66 (full 28):
 PSYoungGen      total 300416K, used 192K [0x00000007eaab0000, 0x00000007fd9e0000, 0x0000000800000000)
  eden space 291648K, 0% used [0x00000007eaab0000,0x00000007eaab0000,0x00000007fc780000)
  from space 8768K, 2% used [0x00000007fd150000,0x00000007fd180000,0x00000007fd9e0000)
  to   space 9408K, 0% used [0x00000007fc780000,0x00000007fc780000,0x00000007fd0b0000)
 ParOldGen       total 131968K, used 45911K [0x00000007c0000000, 0x00000007c80e0000, 0x00000007eaab0000)
  object space 131968K, 34% used [0x00000007c0000000,0x00000007c2cd5fe0,0x00000007c80e0000)
 PSPermGen       total 53312K, used 51872K [0x00000007bae00000, 0x00000007be210000, 0x00000007c0000000)
  object space 53312K, 97% used [0x00000007bae00000,0x00000007be0a81c8,0x00000007be210000)
Event: 1654.635 GC heap after
Heap after GC invocations=66 (full 28):
 PSYoungGen      total 300416K, used 0K [0x00000007eaab0000, 0x00000007fd9e0000, 0x0000000800000000)
  eden space 291648K, 0% used [0x00000007eaab0000,0x00000007eaab0000,0x00000007fc780000)
  from space 8768K, 0% used [0x00000007fd150000,0x00000007fd150000,0x00000007fd9e0000)
  to   space 9408K, 0% used [0x00000007fc780000,0x00000007fc780000,0x00000007fd0b0000)
 ParOldGen       total 131968K, used 45923K [0x00000007c0000000, 0x00000007c80e0000, 0x00000007eaab0000)
  object space 131968K, 34% used [0x00000007c0000000,0x00000007c2cd8f30,0x00000007c80e0000)
 PSPermGen       total 53376K, used 51871K [0x00000007bae00000, 0x00000007be220000, 0x00000007c0000000)
  object space 53376K, 97% used [0x00000007bae00000,0x00000007be0a7fa8,0x00000007be220000)
}
Event: 1724.293 GC heap before
{Heap before GC invocations=67 (full 28):
 PSYoungGen      total 300416K, used 141406K [0x00000007eaab0000, 0x00000007fd9e0000, 0x0000000800000000)
  eden space 291648K, 48% used [0x00000007eaab0000,0x00000007f34c7870,0x00000007fc780000)
  from space 8768K, 0% used [0x00000007fd150000,0x00000007fd150000,0x00000007fd9e0000)
  to   space 9408K, 0% used [0x00000007fc780000,0x00000007fc780000,0x00000007fd0b0000)
 ParOldGen       total 131968K, used 45923K [0x00000007c0000000, 0x00000007c80e0000, 0x00000007eaab0000)
  object space 131968K, 34% used [0x00000007c0000000,0x00000007c2cd8f30,0x00000007c80e0000)
 PSPermGen       total 53376K, used 51919K [0x00000007bae00000, 0x00000007be220000, 0x00000007c0000000)
  object space 53376K, 97% used [0x00000007bae00000,0x00000007be0b3f38,0x00000007be220000)
Event: 1724.297 GC heap after
Heap after GC invocations=67 (full 28):
 PSYoungGen      total 294208K, used 2497K [0x00000007eaab0000, 0x00000007fd920000, 0x0000000800000000)
  eden space 291648K, 0% used [0x00000007eaab0000,0x00000007eaab0000,0x00000007fc780000)
  from space 2560K, 97% used [0x00000007fc780000,0x00000007fc9f04d0,0x00000007fca00000)
  to   space 9024K, 0% used [0x00000007fd050000,0x00000007fd050000,0x00000007fd920000)
 ParOldGen       total 131968K, used 45923K [0x00000007c0000000, 0x00000007c80e0000, 0x00000007eaab0000)
  object space 131968K, 34% used [0x00000007c0000000,0x00000007c2cd8f30,0x00000007c80e0000)
 PSPermGen       total 53376K, used 51919K [0x00000007bae00000, 0x00000007be220000, 0x00000007c0000000)
  object space 53376K, 97% used [0x00000007bae00000,0x00000007be0b3f38,0x00000007be220000)
}
Event: 1724.297 GC heap before
{Heap before GC invocations=68 (full 29):
 PSYoungGen      total 294208K, used 2497K [0x00000007eaab0000, 0x00000007fd920000, 0x0000000800000000)
  eden space 291648K, 0% used [0x00000007eaab0000,0x00000007eaab0000,0x00000007fc780000)
  from space 2560K, 97% used [0x00000007fc780000,0x00000007fc9f04d0,0x00000007fca00000)
  to   space 9024K, 0% used [0x00000007fd050000,0x00000007fd050000,0x00000007fd920000)
 ParOldGen       total 131968K, used 45923K [0x00000007c0000000, 0x00000007c80e0000, 0x00000007eaab0000)
  object space 131968K, 34% used [0x00000007c0000000,0x00000007c2cd8f30,0x00000007c80e0000)
 PSPermGen       total 53376K, used 51919K [0x00000007bae00000, 0x00000007be220000, 0x00000007c0000000)
  object space 53376K, 97% used [0x00000007bae00000,0x00000007be0b3f38,0x00000007be220000)
Event: 1724.415 GC heap after
Heap after GC invocations=68 (full 29):
 PSYoungGen      total 294208K, used 0K [0x00000007eaab0000, 0x00000007fd920000, 0x0000000800000000)
  eden space 291648K, 0% used [0x00000007eaab0000,0x00000007eaab0000,0x00000007fc780000)
  from space 2560K, 0% used [0x00000007fc780000,0x00000007fc780000,0x00000007fca00000)
  to   space 9024K, 0% used [0x00000007fd050000,0x00000007fd050000,0x00000007fd920000)
 ParOldGen       total 131968K, used 46076K [0x00000007c0000000, 0x00000007c80e0000, 0x00000007eaab0000)
  object space 131968K, 34% used [0x00000007c0000000,0x00000007c2cff360,0x00000007c80e0000)
 PSPermGen       total 53184K, used 51918K [0x00000007bae00000, 0x00000007be1f0000, 0x00000007c0000000)
  object space 53184K, 97% used [0x00000007bae00000,0x00000007be0b3a98,0x00000007be1f0000)
}

Deoptimization events (10 events):
Event: 1674.040 Thread 0x000000010206a800 Uncommon trap -58 fr.pc 0x0000000106de06a8
Event: 1676.649 Thread 0x000000010206a800 Uncommon trap -34 fr.pc 0x00000001067c6e24
Event: 1692.876 Thread 0x000000010206a800 Uncommon trap -34 fr.pc 0x00000001067c6e24
Event: 1694.905 Thread 0x000000010206a800 Uncommon trap -34 fr.pc 0x0000000106d3dbfc
Event: 1694.906 Thread 0x000000010206a800 Uncommon trap -83 fr.pc 0x0000000106b8a4e4
Event: 1700.329 Thread 0x000000010206a800 Uncommon trap -34 fr.pc 0x00000001067c6e24
Event: 1712.903 Thread 0x000000010206a800 Uncommon trap -34 fr.pc 0x0000000106d3dbfc
Event: 1713.789 Thread 0x0000000101315800 Uncommon trap -83 fr.pc 0x000000010685791c
Event: 1730.317 Thread 0x000000010206a800 Uncommon trap -34 fr.pc 0x0000000106d3dbfc
Event: 1738.383 Thread 0x000000010206a800 Uncommon trap -34 fr.pc 0x0000000106d3dbfc

Internal exceptions (10 events):
Event: 1772.625 Thread 0x0000000118376000 Threw 0x00000007ed714a78 at /HUDSON/workspace/jdk7u25-2-build-macosx-amd64-product/jdk7u25/hotspot/src/share/vm/prims/nativeLookup.
Event: 1772.625 Thread 0x0000000118376000 Threw 0x00000007ed715228 at /HUDSON/workspace/jdk7u25-2-build-macosx-amd64-product/jdk7u25/hotspot/src/share/vm/prims/nativeLookup.
Event: 1778.083 Thread 0x0000000100f10800 Threw 0x00000007edc037a8 at /HUDSON/workspace/jdk7u25-2-build-macosx-amd64-product/jdk7u25/hotspot/src/share/vm/prims/jvm.cpp:2957
Event: 1779.202 Thread 0x000000010206a800 Threw 0x00000007edca6348 at /HUDSON/workspace/jdk7u25-2-build-macosx-amd64-product/jdk7u25/hotspot/src/share/vm/prims/nativeLookup.
Event: 1779.202 Thread 0x000000010206a800 Threw 0x00000007edca6e98 at /HUDSON/workspace/jdk7u25-2-build-macosx-amd64-product/jdk7u25/hotspot/src/share/vm/prims/nativeLookup.
Event: 1779.202 Thread 0x000000010206a800 Threw 0x00000007edca7558 at /HUDSON/workspace/jdk7u25-2-build-macosx-amd64-product/jdk7u25/hotspot/src/share/vm/prims/nativeLookup.
Event: 1779.209 Thread 0x000000010206a800 Threw 0x00000007edcd0178 at /HUDSON/workspace/jdk7u25-2-build-macosx-amd64-product/jdk7u25/hotspot/src/share/vm/prims/nativeLookup.
Event: 1779.209 Thread 0x000000010206a800 Threw 0x00000007edcd0ab8 at /HUDSON/workspace/jdk7u25-2-build-macosx-amd64-product/jdk7u25/hotspot/src/share/vm/prims/nativeLookup.
Event: 1779.210 Thread 0x000000010206a800 Threw 0x00000007edcd3500 at /HUDSON/workspace/jdk7u25-2-build-macosx-amd64-product/jdk7u25/hotspot/src/share/vm/prims/nativeLookup.
Event: 1779.236 Thread 0x0000000100b41000 Threw 0x00000007edc43150 at /HUDSON/workspace/jdk7u25-2-build-macosx-amd64-product/jdk7u25/hotspot/src/share/vm/prims/nativeLookup.

Events (10 events):
Event: 1779.221 Thread 0x00000001023ef800 Thread added: 0x00000001023ef800
Event: 1779.221 Thread 0x0000000117ae8000 Thread added: 0x0000000117ae8000
Event: 1779.221 Executing VM operation: RevokeBias
Event: 1779.222 Executing VM operation: RevokeBias done
Event: 1779.222 Thread 0x00000001023ef800 Thread exited: 0x00000001023ef800
Event: 1779.237 Thread 0x0000000123801000 Thread added: 0x0000000123801000
Event: 1779.239 Executing VM operation: RevokeBias
Event: 1779.239 Thread 0x000000010099c000 Thread added: 0x000000010099c000
Event: 1779.239 Executing VM operation: RevokeBias done
Event: 1779.239 Thread 0x0000000123801000 Thread exited: 0x0000000123801000


Dynamic libraries:
0x0000000009399000 	/System/Library/Frameworks/Cocoa.framework/Versions/A/Cocoa
0x0000000009399000 	/usr/lib/libSystem.B.dylib
0x0000000009399000 	/System/Library/Frameworks/CoreServices.framework/Versions/A/CoreServices
0x0000000009399000 	/usr/lib/libobjc.A.dylib
0x0000000009399000 	/System/Library/Frameworks/CoreFoundation.framework/Versions/A/CoreFoundation
0x0000000009399000 	/System/Library/Frameworks/AppKit.framework/Versions/C/AppKit
0x0000000009399000 	/System/Library/Frameworks/ApplicationServices.framework/Versions/A/ApplicationServices
0x0000000009399000 	/System/Library/Frameworks/Foundation.framework/Versions/C/Foundation
0x0000000009399000 	/System/Library/Frameworks/CoreData.framework/Versions/A/CoreData
0x0000000009399000 	/System/Library/PrivateFrameworks/RemoteViewServices.framework/Versions/A/RemoteViewServices
0x0000000009399000 	/System/Library/PrivateFrameworks/UIFoundation.framework/Versions/A/UIFoundation
0x0000000009399000 	/System/Library/Frameworks/IOSurface.framework/Versions/A/IOSurface
0x0000000009399000 	/System/Library/Frameworks/AudioToolbox.framework/Versions/A/AudioToolbox
0x0000000009399000 	/System/Library/Frameworks/AudioUnit.framework/Versions/A/AudioUnit
0x0000000009399000 	/System/Library/PrivateFrameworks/DataDetectorsCore.framework/Versions/A/DataDetectorsCore
0x0000000009399000 	/System/Library/PrivateFrameworks/DesktopServicesPriv.framework/Versions/A/DesktopServicesPriv
0x0000000009399000 	/System/Library/Frameworks/Carbon.framework/Versions/A/Frameworks/HIToolbox.framework/Versions/A/HIToolbox
0x0000000009399000 	/System/Library/Frameworks/QuartzCore.framework/Versions/A/QuartzCore
0x0000000009399000 	/System/Library/Frameworks/Security.framework/Versions/A/Security
0x0000000009399000 	/System/Library/Frameworks/Carbon.framework/Versions/A/Frameworks/SpeechRecognition.framework/Versions/A/SpeechRecognition
0x0000000009399000 	/usr/lib/libauto.dylib
0x0000000009399000 	/usr/lib/libicucore.A.dylib
0x0000000009399000 	/usr/lib/libxml2.2.dylib
0x0000000009399000 	/usr/lib/libz.1.dylib
0x0000000009399000 	/System/Library/PrivateFrameworks/CoreUI.framework/Versions/A/CoreUI
0x0000000009399000 	/System/Library/Frameworks/CoreAudio.framework/Versions/A/CoreAudio
0x0000000009399000 	/System/Library/Frameworks/DiskArbitration.framework/Versions/A/DiskArbitration
0x0000000009399000 	/usr/lib/liblangid.dylib
0x0000000009399000 	/System/Library/PrivateFrameworks/MultitouchSupport.framework/Versions/A/MultitouchSupport
0x0000000009399000 	/System/Library/Frameworks/IOKit.framework/Versions/A/IOKit
0x0000000009399000 	/usr/lib/libDiagnosticMessagesClient.dylib
0x0000000009399000 	/System/Library/PrivateFrameworks/PerformanceAnalysis.framework/Versions/A/PerformanceAnalysis
0x0000000009399000 	/System/Library/PrivateFrameworks/GenerationalStorage.framework/Versions/A/GenerationalStorage
0x0000000009399000 	/System/Library/Frameworks/OpenGL.framework/Versions/A/OpenGL
0x0000000009399000 	/System/Library/PrivateFrameworks/Sharing.framework/Versions/A/Sharing
0x0000000009399000 	/System/Library/Frameworks/CoreGraphics.framework/Versions/A/CoreGraphics
0x0000000009399000 	/System/Library/Frameworks/CoreText.framework/Versions/A/CoreText
0x0000000009399000 	/System/Library/Frameworks/ImageIO.framework/Versions/A/ImageIO
0x0000000009399000 	/usr/lib/libextension.dylib
0x0000000009399000 	/System/Library/PrivateFrameworks/Backup.framework/Versions/A/Backup
0x0000000009399000 	/usr/lib/libarchive.2.dylib
0x0000000009399000 	/System/Library/Frameworks/CFNetwork.framework/Versions/A/CFNetwork
0x0000000009399000 	/System/Library/Frameworks/SystemConfiguration.framework/Versions/A/SystemConfiguration
0x0000000009399000 	/usr/lib/libCRFSuite.dylib
0x0000000009399000 	/usr/lib/libc++.1.dylib
0x0000000009399000 	/usr/lib/libc++abi.dylib
0x0000000009399000 	/usr/lib/system/libcache.dylib
0x0000000009399000 	/usr/lib/system/libcommonCrypto.dylib
0x0000000009399000 	/usr/lib/system/libcompiler_rt.dylib
0x0000000009399000 	/usr/lib/system/libcopyfile.dylib
0x0000000009399000 	/usr/lib/system/libcorecrypto.dylib
0x0000000009399000 	/usr/lib/system/libdispatch.dylib
0x0000000009399000 	/usr/lib/system/libdyld.dylib
0x0000000009399000 	/usr/lib/system/libkeymgr.dylib
0x0000000009399000 	/usr/lib/system/liblaunch.dylib
0x0000000009399000 	/usr/lib/system/libmacho.dylib
0x0000000009399000 	/usr/lib/system/libquarantine.dylib
0x0000000009399000 	/usr/lib/system/libremovefile.dylib
0x0000000009399000 	/usr/lib/system/libsystem_asl.dylib
0x0000000009399000 	/usr/lib/system/libsystem_blocks.dylib
0x0000000009399000 	/usr/lib/system/libsystem_c.dylib
0x0000000009399000 	/usr/lib/system/libsystem_configuration.dylib
0x0000000009399000 	/usr/lib/system/libsystem_coreservices.dylib
0x0000000009399000 	/usr/lib/system/libsystem_coretls.dylib
0x0000000009399000 	/usr/lib/system/libsystem_dnssd.dylib
0x0000000009399000 	/usr/lib/system/libsystem_info.dylib
0x0000000009399000 	/usr/lib/system/libsystem_kernel.dylib
0x0000000009399000 	/usr/lib/system/libsystem_m.dylib
0x0000000009399000 	/usr/lib/system/libsystem_malloc.dylib
0x0000000009399000 	/usr/lib/system/libsystem_network.dylib
0x0000000009399000 	/usr/lib/system/libsystem_networkextension.dylib
0x0000000009399000 	/usr/lib/system/libsystem_notify.dylib
0x0000000009399000 	/usr/lib/system/libsystem_platform.dylib
0x0000000009399000 	/usr/lib/system/libsystem_pthread.dylib
0x0000000009399000 	/usr/lib/system/libsystem_sandbox.dylib
0x0000000009399000 	/usr/lib/system/libsystem_secinit.dylib
0x0000000009399000 	/usr/lib/system/libsystem_stats.dylib
0x0000000009399000 	/usr/lib/system/libsystem_trace.dylib
0x0000000009399000 	/usr/lib/system/libunc.dylib
0x0000000009399000 	/usr/lib/system/libunwind.dylib
0x0000000009399000 	/usr/lib/system/libxpc.dylib
0x0000000009399000 	/usr/lib/libbz2.1.0.dylib
0x0000000009399000 	/usr/lib/liblzma.5.dylib
0x0000000009399000 	/usr/lib/libbsm.0.dylib
0x0000000009399000 	/usr/lib/libsqlite3.dylib
0x0000000009399000 	/usr/lib/system/libkxld.dylib
0x0000000009399000 	/usr/lib/libxar.1.dylib
0x0000000009399000 	/usr/lib/libpam.2.dylib
0x0000000009399000 	/usr/lib/libOpenScriptingUtil.dylib
0x0000000009399000 	/System/Library/Frameworks/CoreServices.framework/Versions/A/Frameworks/FSEvents.framework/Versions/A/FSEvents
0x0000000009399000 	/System/Library/Frameworks/CoreServices.framework/Versions/A/Frameworks/CarbonCore.framework/Versions/A/CarbonCore
0x0000000009399000 	/System/Library/Frameworks/CoreServices.framework/Versions/A/Frameworks/Metadata.framework/Versions/A/Metadata
0x0000000009399000 	/System/Library/Frameworks/CoreServices.framework/Versions/A/Frameworks/OSServices.framework/Versions/A/OSServices
0x0000000009399000 	/System/Library/Frameworks/CoreServices.framework/Versions/A/Frameworks/SearchKit.framework/Versions/A/SearchKit
0x0000000009399000 	/System/Library/Frameworks/CoreServices.framework/Versions/A/Frameworks/AE.framework/Versions/A/AE
0x0000000009399000 	/System/Library/Frameworks/CoreServices.framework/Versions/A/Frameworks/LaunchServices.framework/Versions/A/LaunchServices
0x0000000009399000 	/System/Library/Frameworks/CoreServices.framework/Versions/A/Frameworks/DictionaryServices.framework/Versions/A/DictionaryServices
0x0000000009399000 	/System/Library/Frameworks/NetFS.framework/Versions/A/NetFS
0x0000000009399000 	/System/Library/PrivateFrameworks/NetAuth.framework/Versions/A/NetAuth
0x0000000009399000 	/System/Library/PrivateFrameworks/login.framework/Versions/A/Frameworks/loginsupport.framework/Versions/A/loginsupport
0x0000000009399000 	/System/Library/PrivateFrameworks/TCC.framework/Versions/A/TCC
0x0000000009399000 	/usr/lib/libmecabra.dylib
0x0000000009399000 	/System/Library/Frameworks/ApplicationServices.framework/Versions/A/Frameworks/ATS.framework/Versions/A/ATS
0x0000000009399000 	/System/Library/Frameworks/ApplicationServices.framework/Versions/A/Frameworks/ColorSync.framework/Versions/A/ColorSync
0x0000000009399000 	/System/Library/Frameworks/ApplicationServices.framework/Versions/A/Frameworks/HIServices.framework/Versions/A/HIServices
0x0000000009399000 	/System/Library/Frameworks/ApplicationServices.framework/Versions/A/Frameworks/LangAnalysis.framework/Versions/A/LangAnalysis
0x0000000009399000 	/System/Library/Frameworks/ApplicationServices.framework/Versions/A/Frameworks/PrintCore.framework/Versions/A/PrintCore
0x0000000009399000 	/System/Library/Frameworks/ApplicationServices.framework/Versions/A/Frameworks/QD.framework/Versions/A/QD
0x0000000009399000 	/System/Library/Frameworks/ApplicationServices.framework/Versions/A/Frameworks/SpeechSynthesis.framework/Versions/A/SpeechSynthesis
0x0000000009399000 	/System/Library/Frameworks/Accelerate.framework/Versions/A/Accelerate
0x0000000009399000 	/System/Library/Frameworks/Accelerate.framework/Versions/A/Frameworks/vImage.framework/Versions/A/vImage
0x0000000009399000 	/System/Library/Frameworks/Accelerate.framework/Versions/A/Frameworks/vecLib.framework/Versions/A/vecLib
0x0000000009399000 	/System/Library/Frameworks/Accelerate.framework/Versions/A/Frameworks/vecLib.framework/Versions/A/libvDSP.dylib
0x0000000009399000 	/System/Library/Frameworks/Accelerate.framework/Versions/A/Frameworks/vecLib.framework/Versions/A/libvMisc.dylib
0x0000000009399000 	/System/Library/Frameworks/Accelerate.framework/Versions/A/Frameworks/vecLib.framework/Versions/A/libLAPACK.dylib
0x0000000009399000 	/System/Library/Frameworks/Accelerate.framework/Versions/A/Frameworks/vecLib.framework/Versions/A/libBLAS.dylib
0x0000000009399000 	/System/Library/Frameworks/Accelerate.framework/Versions/A/Frameworks/vecLib.framework/Versions/A/libLinearAlgebra.dylib
0x0000000009399000 	/System/Library/Frameworks/ApplicationServices.framework/Versions/A/Frameworks/ATS.framework/Versions/A/Resources/libFontParser.dylib
0x0000000009399000 	/System/Library/Frameworks/ApplicationServices.framework/Versions/A/Frameworks/ATS.framework/Versions/A/Resources/libFontRegistry.dylib
0x0000000009399000 	/System/Library/PrivateFrameworks/AppleVPA.framework/Versions/A/AppleVPA
0x0000000009399000 	/System/Library/PrivateFrameworks/AppleJPEG.framework/Versions/A/AppleJPEG
0x0000000009399000 	/System/Library/Frameworks/ImageIO.framework/Versions/A/Resources/libJPEG.dylib
0x0000000009399000 	/System/Library/Frameworks/ImageIO.framework/Versions/A/Resources/libTIFF.dylib
0x0000000009399000 	/System/Library/Frameworks/ImageIO.framework/Versions/A/Resources/libPng.dylib
0x0000000009399000 	/System/Library/Frameworks/ImageIO.framework/Versions/A/Resources/libGIF.dylib
0x0000000009399000 	/System/Library/Frameworks/ImageIO.framework/Versions/A/Resources/libJP2.dylib
0x0000000009399000 	/System/Library/Frameworks/ImageIO.framework/Versions/A/Resources/libRadiance.dylib
0x0000000009399000 	/System/Library/Frameworks/CoreVideo.framework/Versions/A/CoreVideo
0x0000000009399000 	/System/Library/Frameworks/OpenGL.framework/Versions/A/Libraries/libGLU.dylib
0x0000000009399000 	/System/Library/Frameworks/OpenGL.framework/Versions/A/Libraries/libGFXShared.dylib
0x0000000009399000 	/System/Library/Frameworks/OpenGL.framework/Versions/A/Libraries/libGL.dylib
0x0000000009399000 	/System/Library/Frameworks/OpenGL.framework/Versions/A/Libraries/libGLImage.dylib
0x0000000009399000 	/System/Library/Frameworks/OpenGL.framework/Versions/A/Libraries/libCVMSPluginSupport.dylib
0x0000000009399000 	/System/Library/Frameworks/OpenGL.framework/Versions/A/Libraries/libCoreVMClient.dylib
0x0000000009399000 	/usr/lib/libcups.2.dylib
0x0000000009399000 	/System/Library/Frameworks/Kerberos.framework/Versions/A/Kerberos
0x0000000009399000 	/System/Library/Frameworks/GSS.framework/Versions/A/GSS
0x0000000009399000 	/usr/lib/libresolv.9.dylib
0x0000000009399000 	/usr/lib/libiconv.2.dylib
0x0000000009399000 	/System/Library/PrivateFrameworks/Heimdal.framework/Versions/A/Heimdal
0x0000000009399000 	/usr/lib/libheimdal-asn1.dylib
0x0000000009399000 	/System/Library/Frameworks/OpenDirectory.framework/Versions/A/OpenDirectory
0x0000000009399000 	/System/Library/PrivateFrameworks/CommonAuth.framework/Versions/A/CommonAuth
0x0000000009399000 	/System/Library/Frameworks/OpenDirectory.framework/Versions/A/Frameworks/CFOpenDirectory.framework/Versions/A/CFOpenDirectory
0x0000000009399000 	/System/Library/Frameworks/SecurityFoundation.framework/Versions/A/SecurityFoundation
0x0000000009399000 	/System/Library/PrivateFrameworks/LanguageModeling.framework/Versions/A/LanguageModeling
0x0000000009399000 	/usr/lib/libcmph.dylib
0x0000000009399000 	/System/Library/Frameworks/ServiceManagement.framework/Versions/A/ServiceManagement
0x0000000009399000 	/usr/lib/libxslt.1.dylib
0x0000000009399000 	/System/Library/Frameworks/Carbon.framework/Versions/A/Frameworks/Ink.framework/Versions/A/Ink
0x0000000009399000 	/System/Library/Frameworks/QuartzCore.framework/Versions/A/Frameworks/CoreImage.framework/Versions/A/CoreImage
0x0000000009399000 	/System/Library/PrivateFrameworks/CrashReporterSupport.framework/Versions/A/CrashReporterSupport
0x0000000009399000 	/System/Library/Frameworks/OpenCL.framework/Versions/A/OpenCL
0x0000000009399000 	/System/Library/PrivateFrameworks/FaceCore.framework/Versions/A/FaceCore
0x0000000009399000 	/System/Library/PrivateFrameworks/Ubiquity.framework/Versions/A/Ubiquity
0x0000000009399000 	/System/Library/PrivateFrameworks/IconServices.framework/Versions/A/IconServices
0x0000000009399000 	/System/Library/PrivateFrameworks/ChunkingLibrary.framework/Versions/A/ChunkingLibrary
0x0000000009399000 	/System/Library/PrivateFrameworks/Apple80211.framework/Versions/A/Apple80211
0x0000000009399000 	/System/Library/Frameworks/CoreWLAN.framework/Versions/A/CoreWLAN
0x0000000009399000 	/System/Library/Frameworks/IOBluetooth.framework/Versions/A/IOBluetooth
0x0000000009399000 	/System/Library/PrivateFrameworks/CoreWiFi.framework/Versions/A/CoreWiFi
0x0000000009399000 	/System/Library/Frameworks/CoreBluetooth.framework/Versions/A/CoreBluetooth
0x0000000009399000 	/System/Library/PrivateFrameworks/DebugSymbols.framework/Versions/A/DebugSymbols
0x0000000009399000 	/System/Library/PrivateFrameworks/CoreSymbolication.framework/Versions/A/CoreSymbolication
0x0000000009399000 	/System/Library/PrivateFrameworks/Symbolication.framework/Versions/A/Symbolication
0x0000000009399000 	/System/Library/PrivateFrameworks/SpeechRecognitionCore.framework/Versions/A/SpeechRecognitionCore
0x00000001000cb000 	/Applications/exelis/idl83/idlde/plugins/org.eclipse.equinox.launcher.cocoa.macosx.x86_64_1.1.101.v20120109-1504/eclipse_1408.so
0x0000000009399000 	/System/Library/PrivateFrameworks/CoreServicesInternal.framework/Versions/A/CoreServicesInternal
0x0000000009399000 	/System/Library/PrivateFrameworks/CloudDocs.framework/Versions/A/CloudDocs
0x0000000009399000 	/System/Library/PrivateFrameworks/CoreDuet.framework/Versions/A/CoreDuet
0x0000000009399000 	/System/Library/Frameworks/CloudKit.framework/Versions/A/CloudKit
0x0000000009399000 	/System/Library/PrivateFrameworks/ProtocolBuffer.framework/Versions/A/ProtocolBuffer
0x0000000009399000 	/System/Library/PrivateFrameworks/CoreDuetDaemonProtocol.framework/Versions/A/CoreDuetDaemonProtocol
0x0000000009399000 	/System/Library/PrivateFrameworks/CoreDuetDebugLogging.framework/Versions/A/CoreDuetDebugLogging
0x0000000009399000 	/System/Library/PrivateFrameworks/MMCS.framework/Versions/A/MMCS
0x0000000009399000 	/System/Library/Frameworks/CoreLocation.framework/Versions/A/CoreLocation
0x0000000009399000 	/System/Library/PrivateFrameworks/ProtectedCloudStorage.framework/Versions/A/ProtectedCloudStorage
0x0000000009399000 	/System/Library/PrivateFrameworks/GeoServices.framework/Versions/A/GeoServices
0x0000000009399000 	/System/Library/Frameworks/CoreGraphics.framework/Versions/A/Resources/libCGCMS.A.dylib
0x0000000105c57000 	/Applications/exelis/idl83/idlde/bin.darwin.x86_64/jre/lib/server/libjvm.dylib
0x0000000009399000 	/usr/lib/libstdc++.6.dylib
0x0000000106700000 	/Applications/exelis/idl83/idlde/bin.darwin.x86_64/jre/lib/libverify.dylib
0x000000010670d000 	/Applications/exelis/idl83/idlde/bin.darwin.x86_64/jre/lib/libjava.dylib
0x0000000106745000 	/Applications/exelis/idl83/idlde/bin.darwin.x86_64/jre/lib/libzip.dylib
0x000000010e023000 	/System/Library/Frameworks/JavaVM.framework/Frameworks/JavaRuntimeSupport.framework/JavaRuntimeSupport
0x000000010e03b000 	/System/Library/Frameworks/JavaVM.framework/Versions/A/Frameworks/JavaNativeFoundation.framework/Versions/A/JavaNativeFoundation
0x000000010e050000 	/System/Library/Frameworks/JavaVM.framework/Versions/A/JavaVM
0x0000000009399000 	/System/Library/Frameworks/Carbon.framework/Versions/A/Carbon
0x000000010e05d000 	/System/Library/PrivateFrameworks/JavaLaunching.framework/Versions/A/JavaLaunching
0x0000000009399000 	/System/Library/Frameworks/Carbon.framework/Versions/A/Frameworks/CommonPanels.framework/Versions/A/CommonPanels
0x0000000009399000 	/System/Library/Frameworks/Carbon.framework/Versions/A/Frameworks/Help.framework/Versions/A/Help
0x0000000009399000 	/System/Library/Frameworks/Carbon.framework/Versions/A/Frameworks/ImageCapture.framework/Versions/A/ImageCapture
0x0000000009399000 	/System/Library/Frameworks/Carbon.framework/Versions/A/Frameworks/OpenScripting.framework/Versions/A/OpenScripting
0x0000000009399000 	/System/Library/Frameworks/Carbon.framework/Versions/A/Frameworks/Print.framework/Versions/A/Print
0x0000000009399000 	/System/Library/Frameworks/Carbon.framework/Versions/A/Frameworks/SecurityHI.framework/Versions/A/SecurityHI
0x0000000009399000 	/System/Library/CoreServices/RawCamera.bundle/Contents/MacOS/RawCamera
0x0000000009399000 	/System/Library/Frameworks/CoreGraphics.framework/Versions/A/Resources/libRIP.A.dylib
0x0000000009399000 	/System/Library/PrivateFrameworks/FamilyControls.framework/Versions/A/FamilyControls
0x0000000009399000 	/System/Library/PrivateFrameworks/CommerceKit.framework/Versions/A/Frameworks/CommerceCore.framework/Versions/A/CommerceCore
0x0000000009399000 	/System/Library/PrivateFrameworks/SystemAdministration.framework/Versions/A/SystemAdministration
0x0000000009399000 	/System/Library/PrivateFrameworks/AppContainer.framework/Versions/A/AppContainer
0x0000000009399000 	/System/Library/PrivateFrameworks/SecCodeWrapper.framework/Versions/A/SecCodeWrapper
0x0000000009399000 	/System/Library/Frameworks/DirectoryService.framework/Versions/A/DirectoryService
0x0000000009399000 	/System/Library/PrivateFrameworks/DiskImages.framework/Versions/A/DiskImages
0x0000000009399000 	/System/Library/PrivateFrameworks/LoginUIKit.framework/Versions/A/Frameworks/LoginUICore.framework/Versions/A/LoginUICore
0x0000000009399000 	/usr/lib/libCoreStorage.dylib
0x0000000009399000 	/usr/lib/libcsfde.dylib
0x0000000009399000 	/usr/lib/libodfde.dylib
0x0000000009399000 	/System/Library/Frameworks/DiscRecording.framework/Versions/A/DiscRecording
0x000000010f87e000 	/Applications/exelis/idl83/bin/bin.darwin.x86_64/libcurl.4.dylib
0x0000000009399000 	/System/Library/PrivateFrameworks/MediaKit.framework/Versions/A/MediaKit
0x0000000009399000 	/System/Library/PrivateFrameworks/EFILogin.framework/Versions/A/EFILogin
0x0000000009399000 	/usr/lib/libutil.dylib
0x0000000009399000 	/System/Library/PrivateFrameworks/FindMyDevice.framework/Versions/A/FindMyDevice
0x0000000009399000 	/System/Library/Frameworks/CoreGraphics.framework/Versions/A/Resources/libCGXType.A.dylib
0x0000000009399000 	/System/Library/Frameworks/OpenCL.framework/Versions/A/Libraries/libcldcpuengine.dylib
0x0000000110e31000 	cl_kernels
0x0000000110e33000 	/System/Library/Frameworks/OpenCL.framework/Versions/A/Libraries/ImageFormats/unorm8_bgra.dylib
0x0000000110e22000 	cl_kernels
0x0000000111046000 	/Applications/exelis/idl83/idlde/bin.darwin.x86_64/jre/lib/libnet.dylib
0x000000011105b000 	/Applications/exelis/idl83/idlde/bin.darwin.x86_64/jre/lib/libnio.dylib
0x00000001115a0000 	/Users/to/.swt/lib/macosx/x86_64/libswt-cocoa-3740.jnilib
0x0000000009399000 	/System/Library/Frameworks/WebKit.framework/Versions/A/WebKit
0x0000000009399000 	/System/Library/Frameworks/JavaScriptCore.framework/Versions/A/JavaScriptCore
0x0000000009399000 	/System/Library/Frameworks/SecurityInterface.framework/Versions/A/SecurityInterface
0x0000000009399000 	/System/Library/Frameworks/WebKit.framework/Versions/A/Frameworks/WebKitLegacy.framework/Versions/A/WebKitLegacy
0x0000000009399000 	/System/Library/Frameworks/WebKit.framework/Versions/A/Frameworks/WebCore.framework/Versions/A/WebCore
0x00000001120a7000 	/Users/to/.swt/lib/macosx/x86_64/libswt-pi-cocoa-3740.jnilib
0x00000001125db000 	/Applications/exelis/idl83/bin/bin.darwin.x86_64/libidl_ips.8.3.dylib
0x0000000112adb000 	/Applications/exelis/idl83/bin/bin.darwin.x86_64/libidl.8.3.dylib
0x00000001136dd000 	/opt/X11/lib/libfreetype.6.dylib
0x0000000112500000 	/Applications/exelis/idl83/bin/bin.darwin.x86_64/libMesaGLU6_2.dylib
0x0000000113773000 	/Applications/exelis/idl83/bin/bin.darwin.x86_64/libMesaGL6_2.dylib
0x00000001119ce000 	/Applications/exelis/idl83/bin/bin.darwin.x86_64/libOSMesa6_2.dylib
0x0000000111a2e000 	/opt/X11/lib/libXp.6.dylib
0x00000001139b5000 	/Applications/exelis/idl83/bin/bin.darwin.x86_64/libXm.3.0.2.dylib
0x0000000111dec000 	/opt/X11/lib/libXpm.4.dylib
0x00000001121e1000 	/opt/X11/lib/libXmu.6.dylib
0x0000000112116000 	/opt/X11/lib/libXext.6.dylib
0x0000000113dc4000 	/opt/X11/lib/libXt.6.dylib
0x00000001119d8000 	/opt/X11/lib/libXinerama.1.dylib
0x0000000111a70000 	/opt/X11/lib/libSM.6.dylib
0x0000000113e23000 	/opt/X11/lib/libICE.6.dylib
0x0000000113e40000 	/opt/X11/lib/libX11.6.dylib
0x0000000113f71000 	/opt/X11/lib/libxcb.1.dylib
0x0000000111a39000 	/opt/X11/lib/libXau.6.dylib
0x0000000112639000 	/opt/X11/lib/libXdmcp.6.dylib
0x0000000111d8a000 	/Applications/exelis/idl83/bin/bin.darwin.x86_64/gl_driver.so
0x00000001142d1000 	/opt/X11/lib/libGL.1.dylib
0x000000011156c000 	/opt/X11/lib/libXplugin.1.dylib
0x00000001146bf000 	/opt/X11/lib/libglapi.0.dylib
0x0000000111584000 	/opt/X11/lib/libXdamage.1.dylib
0x000000011158a000 	/opt/X11/lib/libXfixes.3.dylib
0x0000000111592000 	/opt/X11/lib/libX11-xcb.1.dylib
0x000000011470b000 	/opt/X11/lib/libxcb-glx.0.dylib
0x0000000111596000 	/opt/X11/lib/libXxf86vm.1.dylib
0x0000000009399000 	/usr/lib/libexpat.1.dylib
0x0000000009399000 	/System/Library/Frameworks/CoreGraphics.framework/Versions/A/Resources/libCGXCoreImage.A.dylib
0x0000000111396000 	cl_kernels
0x0000000117289000 	/System/Library/Frameworks/OpenCL.framework/Versions/A/Libraries/ImageFormats/unorm8_argb.dylib
0x0000000111f9c000 	cl_kernels
0x0000000009399000 	/System/Library/Frameworks/Accelerate.framework/Versions/A/Frameworks/vImage.framework/Versions/A/Libraries/libCGInterfaces.dylib
0x0000000100533000 	cl_kernels
0x0000000009399000 	/System/Library/Frameworks/OpenGL.framework/Versions/A/Resources/GLEngine.bundle/GLEngine
0x0000000009399000 	/System/Library/Frameworks/OpenGL.framework/Versions/A/Libraries/libGLProgrammability.dylib
0x000000011a000000 	/System/Library/Extensions/AMDRadeonX3000GLDriver.bundle/Contents/MacOS/AMDRadeonX3000GLDriver
0x0000000009399000 	/System/Library/PrivateFrameworks/IOAccelerator.framework/Versions/A/IOAccelerator
0x0000000009399000 	/System/Library/PrivateFrameworks/GPUSupport.framework/Versions/A/Libraries/libGPUSupportMercury.dylib
0x0000000009399000 	/System/Library/Frameworks/OpenGL.framework/Versions/A/Resources/GLRendererFloat.bundle/GLRendererFloat
0x0000000112012000 	/Applications/exelis/idl83/bin/bin.darwin.x86_64/idl_jpeg.so
0x0000000009399000 	/System/Library/PrivateFrameworks/FinderKit.framework/Versions/A/FinderKit
0x0000000009399000 	/System/Library/PrivateFrameworks/Suggestions.framework/Versions/A/Suggestions
0x0000000009399000 	/System/Library/Frameworks/Quartz.framework/Versions/A/Frameworks/QuickLookUI.framework/Versions/A/QuickLookUI
0x0000000009399000 	/System/Library/Frameworks/Quartz.framework/Versions/A/Frameworks/ImageKit.framework/Versions/A/ImageKit
0x0000000009399000 	/System/Library/PrivateFrameworks/Bom.framework/Versions/A/Bom
0x0000000009399000 	/System/Library/Frameworks/QuickLook.framework/Versions/A/QuickLook
0x0000000009399000 	/System/Library/PrivateFrameworks/AppleSystemInfo.framework/Versions/A/AppleSystemInfo
0x0000000009399000 	/System/Library/Frameworks/ImageCaptureCore.framework/Versions/A/ImageCaptureCore
0x0000000009399000 	/System/Library/Frameworks/AddressBook.framework/Versions/A/AddressBook
0x0000000009399000 	/System/Library/PrivateFrameworks/IntlPreferences.framework/Versions/A/IntlPreferences
0x0000000009399000 	/System/Library/PrivateFrameworks/ToneLibrary.framework/Versions/A/ToneLibrary
0x0000000009399000 	/System/Library/PrivateFrameworks/ToneKit.framework/Versions/A/ToneKit
0x0000000009399000 	/System/Library/PrivateFrameworks/vCard.framework/Versions/A/vCard
0x0000000009399000 	/System/Library/PrivateFrameworks/ApplePushService.framework/Versions/A/ApplePushService
0x0000000009399000 	/System/Library/PrivateFrameworks/ContactsData.framework/Versions/A/ContactsData
0x0000000009399000 	/System/Library/PrivateFrameworks/ContactsFoundation.framework/Versions/A/ContactsFoundation
0x0000000009399000 	/System/Library/PrivateFrameworks/PhoneNumbers.framework/Versions/A/PhoneNumbers
0x0000000009399000 	/System/Library/Frameworks/Quartz.framework/Versions/A/Quartz
0x0000000009399000 	/System/Library/Frameworks/LDAP.framework/Versions/A/LDAP
0x0000000009399000 	/System/Library/Frameworks/AVFoundation.framework/Versions/A/AVFoundation
0x0000000009399000 	/System/Library/Frameworks/AVFoundation.framework/Versions/A/Resources/libAVFAudio.dylib
0x0000000009399000 	/System/Library/Frameworks/CoreMedia.framework/Versions/A/CoreMedia
0x0000000009399000 	/System/Library/Frameworks/MediaToolbox.framework/Versions/A/MediaToolbox
0x0000000009399000 	/System/Library/Frameworks/VideoToolbox.framework/Versions/A/VideoToolbox
0x0000000009399000 	/System/Library/Frameworks/CoreMediaIO.framework/Versions/A/CoreMediaIO
0x0000000009399000 	/System/Library/PrivateFrameworks/MediaControlSender.framework/Versions/A/MediaControlSender
0x0000000009399000 	/System/Library/PrivateFrameworks/CoreAVCHD.framework/Versions/A/CoreAVCHD
0x0000000009399000 	/System/Library/Frameworks/MediaAccessibility.framework/Versions/A/MediaAccessibility
0x0000000009399000 	/System/Library/PrivateFrameworks/Mangrove.framework/Versions/A/Mangrove
0x0000000009399000 	/System/Library/PrivateFrameworks/CoreAUC.framework/Versions/A/CoreAUC
0x0000000009399000 	/System/Library/PrivateFrameworks/NetworkStatistics.framework/Versions/A/NetworkStatistics
0x0000000009399000 	/System/Library/PrivateFrameworks/AppleSRP.framework/Versions/A/AppleSRP
0x0000000009399000 	/System/Library/PrivateFrameworks/AirPlaySupport.framework/Versions/A/AirPlaySupport
0x0000000009399000 	/System/Library/PrivateFrameworks/CoreUtils.framework/Versions/A/CoreUtils
0x0000000009399000 	/System/Library/PrivateFrameworks/AppleVA.framework/Versions/A/AppleVA
0x0000000009399000 	/System/Library/PrivateFrameworks/XPCService.framework/Versions/A/XPCService
0x0000000009399000 	/System/Library/PrivateFrameworks/AppSandbox.framework/Versions/A/AppSandbox
0x0000000009399000 	/usr/lib/libsandbox.1.dylib
0x0000000009399000 	/usr/lib/libMatch.1.dylib
0x000000010e76f000 	/System/Library/PrivateFrameworks/SafariServices.framework/Versions/A/SafariServices
0x0000000009399000 	/usr/lib/libspindump.dylib
0x0000000009399000 	/System/Library/Frameworks/QTKit.framework/Versions/A/QTKit
0x0000000009399000 	/System/Library/PrivateFrameworks/CoreMediaAuthoring.framework/Versions/A/CoreMediaAuthoring
0x0000000009399000 	/System/Library/PrivateFrameworks/CoreDaemon.framework/Versions/B/CoreDaemon
0x0000000009399000 	/usr/lib/libcrypto.0.9.8.dylib
0x0000000009399000 	/System/Library/PrivateFrameworks/TrustEvaluationAgent.framework/Versions/A/TrustEvaluationAgent
0x0000000009399000 	/System/Library/Frameworks/Quartz.framework/Versions/A/Frameworks/QuartzComposer.framework/Versions/A/QuartzComposer
0x0000000009399000 	/System/Library/Frameworks/Quartz.framework/Versions/A/Frameworks/PDFKit.framework/Versions/A/PDFKit
0x0000000009399000 	/System/Library/Frameworks/Quartz.framework/Versions/A/Frameworks/QuartzFilters.framework/Versions/A/QuartzFilters
0x0000000009399000 	/System/Library/PrivateFrameworks/CorePDF.framework/Versions/A/CorePDF
0x0000000009399000 	/System/Library/PrivateFrameworks/DisplayServices.framework/Versions/A/DisplayServices
0x0000000009399000 	/usr/lib/libsasl2.2.dylib
0x0000000009399000 	/System/Library/PrivateFrameworks/AppleFSCompression.framework/Versions/A/AppleFSCompression
0x0000000111ba0000 	/System/Library/PrivateFrameworks/CacheDelete.framework/CacheDelete
0x0000000009399000 	/System/Library/PrivateFrameworks/PlugInKit.framework/Versions/A/PlugInKit
0x0000000111bb9000 	cl_kernels
0x00000001121d2000 	cl_kernels
0x00000001121d6000 	cl_kernels
0x0000000009399000 	/System/Library/PrivateFrameworks/NetFSServer.framework/Versions/A/NetFSServer
0x000000011fcc4000 	/System/Library/Frameworks/Quartz.framework/Versions/A/Frameworks/QuickLookUI.framework/Versions/A/PlugIns/Generic.qldisplay/Contents/MacOS/Generic

VM Arguments:
jvm_args: -Dosgi.instance.area.default=@user.home/IDLWorkspace83 -Dosgi.configuration.area=@user.home/.idl/idlworkbench-config-idl8.3.0_x86_64 -Dosgi.configuration.cascaded=true -Dosgi.checkConfiguration=true -Dosgi.sharedConfiguration.area.readOnly=true -Dorg.eclipse.update.reconcile=false -Declipse.p2.data.area=@config.dir/p2 -XstartOnFirstThread -Xdock:icon=../Resources/idlde.icns -Dorg.eclipse.swt.internal.carbon.smallFonts -Dosgi.sharedConfiguration.area=../../../configuration.darwin.x86_64 -Xms128m -Xmx1024m 
java_command: <unknown>
Launcher Type: generic

Environment Variables:
CLASSPATH=.:/Applications/exelis/idl83/resource/bridges/export/java/javaidlb.jar
PATH=/Applications/exelis/idl83/bin:/opt/local/bin:/opt/local/sbin:/opt/local/bin:/opt/local/sbin:/opt/local/bin:/opt/local/sbin:/opt/local/bin:/opt/local/sbin:/usr/local/bin:/usr/bin:/bin:/usr/sbin:/sbin:/opt/X11/bin:/Applications/exelis/idl/bin:/opt/X11/bin:/Applications/exelis/idl/bin
LD_LIBRARY_PATH=/Applications/exelis/idl83/idlde/bin.darwin.x86_64/jre/lib/server:/Applications/exelis/idl83/idlde/bin.darwin.x86_64/jre/lib:
SHELL=/bin/tcsh
DISPLAY=/private/tmp/com.apple.launchd.QV9svJ7iYO/org.macosforge.xquartz:0
HOSTTYPE=intel-mac
OSTYPE=darwin
MACHTYPE=x86_64
DYLD_LIBRARY_PATH=/Applications/exelis/idl83/idlde/bin.darwin.x86_64:/Applications/exelis/idl83/bin/bin.darwin.x86_64
DYLD_FALLBACK_LIBRARY_PATH=/Applications/exelis/idl83/idlde/bin.darwin.x86_64/jre/lib/server:/Applications/exelis/idl83/idlde/bin.darwin.x86_64/jre/lib:

Signal Handlers:
SIGSEGV: [libjvm.dylib+0x4a820f], sa_mask[0]=0xfffefeff, sa_flags=0x00000042
SIGBUS: [libjvm.dylib+0x4a820f], sa_mask[0]=0xfffefeff, sa_flags=0x00000042
SIGFPE: [libjvm.dylib+0x3b7495], sa_mask[0]=0xfffefeff, sa_flags=0x00000042
SIGPIPE: SIG_IGN, sa_mask[0]=0x00000000, sa_flags=0x00000002
SIGXFSZ: [libjvm.dylib+0x3b7495], sa_mask[0]=0xfffefeff, sa_flags=0x00000042
SIGILL: [libjvm.dylib+0x3b7495], sa_mask[0]=0xfffefeff, sa_flags=0x00000042
SIGUSR1: SIG_DFL, sa_mask[0]=0x00000000, sa_flags=0x00000000
SIGUSR2: [libjvm.dylib+0x3b702e], sa_mask[0]=0x00000000, sa_flags=0x00000042
SIGHUP: [libjvm.dylib+0x3b528f], sa_mask[0]=0xfffefeff, sa_flags=0x00000042
SIGINT: [libidl.8.3.dylib+0x483ae0], sa_mask[0]=0x00000000, sa_flags=0x00000002
SIGTERM: [libjvm.dylib+0x3b528f], sa_mask[0]=0xfffefeff, sa_flags=0x00000042
SIGQUIT: [libjvm.dylib+0x3b528f], sa_mask[0]=0xfffefeff, sa_flags=0x00000042


---------------  S Y S T E M  ---------------

OS:Bsduname:Darwin 14.5.0 Darwin Kernel Version 14.5.0: Wed Jul 29 02:26:53 PDT 2015; root:xnu-2782.40.9~1/RELEASE_X86_64 x86_64
rlimit: STACK 8192k, CORE 0k, NPROC 709, NOFILE 1024, AS infinity
load average:1.08 1.08 1.12

CPU:total 4 (4 cores per cpu, 1 threads per core) family 6 model 42 stepping 7, cmov, cx8, fxsr, mmx, sse, sse2, sse3, ssse3, sse4.1, sse4.2, popcnt, avx, tsc, tscinvbit

Memory: 4k page, physical 205236764k(51309191k free)

/proc/meminfo:


vm_info: Java HotSpot(TM) 64-Bit Server VM (23.25-b01) for bsd-amd64 JRE (1.7.0_25-b15), built on Jun  5 2013 22:26:36 by "java_re" with gcc 4.2.1 (Based on Apple Inc. build 5658) (LLVM build 2336.11.00)

time: Fri May 20 12:17:24 2016
elapsed time: 1779 seconds

