#
# A fatal error has been detected by the Java Runtime Environment:
#
#  SIGSEGV (0xb) at pc=0x00007fff8afe8752, pid=22933, tid=40975
#
# JRE version: 7.0_25-b15
# Java VM: Java HotSpot(TM) 64-Bit Server VM (23.25-b01 mixed mode bsd-amd64 compressed oops)
# Problematic frame:
# C  [libsystem_platform.dylib+0x1752]  longjmp+0x2
#
# Failed to write core dump. Core dumps have been disabled. To enable core dumping, try "ulimit -c unlimited" before starting Java again
#
# If you would like to submit a bug report, please visit:
#   http://bugreport.sun.com/bugreport/crash.jsp
# The crash happened outside the Java Virtual Machine in native code.
# See problematic frame for where to report the bug.
#

---------------  T H R E A D  ---------------

Current thread (0x000000010153f800):  JavaThread "IDL" [_thread_in_native, id=40975, stack(0x0000000112c04000,0x0000000112d04000)]

siginfo:si_signo=SIGSEGV: si_errno=0, si_code=1 (SEGV_MAPERR), si_addr=0x0000000000000050

Registers:
RAX=0x0000000000000001, RBX=0x0000000000000000, RCX=0x0000000000000000, RDX=0x000000011425ac58
RSP=0x0000000112d030a8, RBP=0x0000000112d031c0, RSI=0x0000000000000002, RDI=0x0000000000000000
R8 =0x0000000112d03030, R9 =0x0000000000000001, R10=0x0000000106386d10, R11=0x00000001067765d8
R12=0x0000000100a1f108, R13=0x0000000000000000, R14=0x0000000113759e10, R15=0x0000000100a1f918
RIP=0x00007fff8afe8752, EFLAGS=0x0000000000010202, ERR=0x0000000000000004
  TRAPNO=0x000000000000000e

Top of Stack: (sp=0x0000000112d030a8)
0x0000000112d030a8:   0000000000000002 0000000000000000
0x0000000112d030b8:   000000011319ebe7 000000010000002c
0x0000000112d030c8:   0000000000000001 0000000000000000
0x0000000112d030d8:   fffffffffffffffe 0000000000000002
0x0000000112d030e8:   0000000112d030f0 0000000112d03080
0x0000000112d030f8:   0000000102a0ac15 0000000000000000
0x0000000112d03108:   0000002c00000004 0000000113759e30
0x0000000112d03118:   0000000113363ec5 000000000000004c
0x0000000112d03128:   0000000100000001 000000000000ba00
0x0000000112d03138:   0100000000000001 fffffffffffffffe
0x0000000112d03148:   0000000000000002 0000000112d03210
0x0000000112d03158:   00000001131ef809 00000001001d51d8
0x0000000112d03168:   0000000100000000 0000000100000000
0x0000000112d03178:   0000000000000001 0000000100a1f120
0x0000000112d03188:   0000000200000002 000000000000002c
0x0000000112d03198:   0000000113363ec5 000000017d1b0a40
0x0000000112d031a8:   0000000100000001 0000000113759e10
0x0000000112d031b8:   0000000200a1f918 0000000112d03250
0x0000000112d031c8:   00000001131a0101 0000000000000000
0x0000000112d031d8:   0000000112d033f0 0000002400000000
0x0000000112d031e8:   0000000000000000 0000000113759e10
0x0000000112d031f8:   0000000400000004 0000000113759e10
0x0000000112d03208:   0000000000000000 0000000012d03250
0x0000000112d03218:   0000000112d033f0 0000000000000000
0x0000000112d03228:   0000000000000002 ffffff6100000000
0x0000000112d03238:   0000000000000000 0000000112d033f0
0x0000000112d03248:   00000000000000be 0000000112d03430
0x0000000112d03258:   00000001131a0b2a 0000000100000000
0x0000000112d03268:   0000000112d033f0 0000000100000000
0x0000000112d03278:   0000000000000000 0000000000000000
0x0000000112d03288:   0000000000000000 0000000112d033f0
0x0000000112d03298:   000000000234e940 0000000200000000 

Instructions: (pc=0x00007fff8afe8752)
0x00007fff8afe8732:   47 58 48 83 c4 28 e9 43 00 00 00 0f 1f 00 83 7f
0x00007fff8afe8742:   54 00 0f 85 06 00 00 00 e9 2b 00 00 00 90 57 56
0x00007fff8afe8752:   ff 77 50 48 c7 c7 03 00 00 00 48 89 e6 48 31 d2
0x00007fff8afe8762:   e8 f5 4d 00 00 48 8b 7c 24 10 8b 7f 58 e8 73 37 

Register to memory mapping:

RAX=0x0000000000000001 is an unknown value
RBX=0x0000000000000000 is an unknown value
RCX=0x0000000000000000 is an unknown value
RDX=0x000000011425ac58 is an unknown value
RSP=0x0000000112d030a8 is pointing into the stack for thread: 0x000000010153f800
RBP=0x0000000112d031c0 is pointing into the stack for thread: 0x000000010153f800
RSI=0x0000000000000002 is an unknown value
RDI=0x0000000000000000 is an unknown value
R8 =0x0000000112d03030 is pointing into the stack for thread: 0x000000010153f800
R9 =0x0000000000000001 is an unknown value
R10=0x0000000106386d10: _ZN19TemplateInterpreter13_active_tableE+0x4000 in /Applications/exelis/idl83/idlde/bin.darwin.x86_64/jre/lib/server/libjvm.dylib at 0x0000000105c47000
R11=0x0000000106776450 [CodeBlob (0x0000000106776450)]
Framesize: 10
R12=0x0000000100a1f108 is an unknown value
R13=0x0000000000000000 is an unknown value
R14=0x0000000113759e10: output_message.default_errstate+0 in /Applications/exelis/idl83/bin/bin.darwin.x86_64/libidl.8.3.dylib at 0x0000000112d06000
R15=0x0000000100a1f918 is an unknown value


Stack: [0x0000000112c04000,0x0000000112d04000],  sp=0x0000000112d030a8,  free space=1020k
Native frames: (J=compiled Java code, j=interpreted, Vv=VM code, C=native code)
C  [libsystem_platform.dylib+0x1752]  longjmp+0x2
C  [libidl.8.3.dylib+0x49a101]  output_message+0xb1
C  [libidl.8.3.dylib+0x49ab2a]  IDL_MessageSyscode2+0x1aa
C  [libidl.8.3.dylib+0x3419d2]  IDL_Delvar+0xb2
C  [libidl.8.3.dylib+0x351f58]  return_user_proc+0x218
C  [libidl.8.3.dylib+0x35215e]  return_all+0x5e
C  [libidl.8.3.dylib+0x4c463b]  IDL_Executive+0xbfb
C  [libidl_ips.8.3.dylib+0x98d4]  ips_main+0x284
C  [libidl_ips.8.3.dylib+0xab0c]  IPS_RunClient+0x3c
C  [libidl_ips.8.3.dylib+0x155d3]  IPS_Start+0x13
C  [libidl_ips.8.3.dylib+0xe64]  Java_com_rsi_idldt_core_ips_IPS_1Access_IPS_1Start+0x204
j  com.rsi.idldt.core.ips.IPS_Access.IPS_Start([Ljava/lang/String;)V+0
j  com.rsi.idldt.core.ips.IPS_Manager$2.run()V+15
j  java.lang.Thread.run()V+11
v  ~StubRoutines::call_stub
V  [libjvm.dylib+0x28a5c3]
V  [libjvm.dylib+0x28aaa2]
V  [libjvm.dylib+0x28abdc]
V  [libjvm.dylib+0x2c1868]
V  [libjvm.dylib+0x47cbd8]
V  [libjvm.dylib+0x47e0ca]
V  [libjvm.dylib+0x3b95f9]
C  [libsystem_pthread.dylib+0x405a]  _pthread_body+0x83
C  [libsystem_pthread.dylib+0x3fd7]  _pthread_body+0x0
C  [libsystem_pthread.dylib+0x13ed]  thread_start+0xd

Java frames: (J=compiled Java code, j=interpreted, Vv=VM code)
j  com.rsi.idldt.core.ips.IPS_Access.IPS_Start([Ljava/lang/String;)V+0
j  com.rsi.idldt.core.ips.IPS_Manager$2.run()V+15
j  java.lang.Thread.run()V+11
v  ~StubRoutines::call_stub

---------------  P R O C E S S  ---------------

Java Threads: ( => current thread )
  0x0000000116987800 JavaThread "Thread-38" [_thread_in_Java, id=76039, stack(0x0000000113b4b000,0x0000000113c4b000)]
  0x00000001180be800 JavaThread "Timer-7" daemon [_thread_blocked, id=72451, stack(0x0000000104b04000,0x0000000104c04000)]
  0x000000010210f800 JavaThread "Worker-13" [_thread_blocked, id=70751, stack(0x0000000117801000,0x0000000117901000)]
  0x0000000117052000 JavaThread "Worker-12" [_thread_blocked, id=69671, stack(0x00000001161e2000,0x00000001162e2000)]
  0x000000011699c000 JavaThread "Worker-10" [_thread_blocked, id=69419, stack(0x0000000114aee000,0x0000000114bee000)]
  0x000000011703e000 JavaThread "[ThreadPool Manager] - Idle Thread" daemon [_thread_blocked, id=35347, stack(0x000000011660d000,0x000000011670d000)]
  0x0000000101724000 JavaThread "Timer-2" daemon [_thread_blocked, id=60443, stack(0x0000000116310000,0x0000000116410000)]
  0x0000000102ff7800 JavaThread "Thread-11" [_thread_in_native, id=59911, stack(0x00000001160df000,0x00000001161df000)]
  0x0000000101274000 JavaThread "IDLDT DOM Worker-3" [_thread_blocked, id=58115, stack(0x0000000115f0d000,0x000000011600d000)]
  0x0000000101201000 JavaThread "IDLDT DOM Worker-2" [_thread_blocked, id=57859, stack(0x0000000115e0a000,0x0000000115f0a000)]
  0x0000000101741800 JavaThread "IDLDT DOM Worker-1" [_thread_blocked, id=57603, stack(0x0000000115d07000,0x0000000115e07000)]
  0x0000000101731000 JavaThread "IDLDT DOM Worker-0" [_thread_blocked, id=56971, stack(0x0000000115c04000,0x0000000115d04000)]
  0x000000010158e000 JavaThread "Timer-0" daemon [_thread_blocked, id=56695, stack(0x0000000115b01000,0x0000000115c01000)]
=>0x000000010153f800 JavaThread "IDL" [_thread_in_native, id=40975, stack(0x0000000112c04000,0x0000000112d04000)]
  0x00000001029a4800 JavaThread "IDLToJava Broker" daemon [_thread_blocked, id=41231, stack(0x0000000112b01000,0x0000000112c01000)]
  0x000000010113c800 JavaThread "Provisioning Event Dispatcher" daemon [_thread_blocked, id=38659, stack(0x0000000111c73000,0x0000000111d73000)]
  0x0000000102193800 JavaThread "Bundle File Closer" daemon [_thread_blocked, id=38147, stack(0x0000000111a6d000,0x0000000111b6d000)]
  0x000000010290e800 JavaThread "Worker-JM" [_thread_blocked, id=37891, stack(0x0000000111865000,0x0000000111965000)]
  0x0000000101138000 JavaThread "[Timer] - Main Queue Handler" daemon [_thread_blocked, id=37635, stack(0x000000011172a000,0x000000011182a000)]
  0x0000000101142000 JavaThread "Framework Event Dispatcher" daemon [_thread_blocked, id=37127, stack(0x000000011144f000,0x000000011154f000)]
  0x0000000100870800 JavaThread "Start Level Event Dispatcher" daemon [_thread_blocked, id=36355, stack(0x000000011125c000,0x000000011135c000)]
  0x00000001010be000 JavaThread "State Data Manager" daemon [_thread_blocked, id=35855, stack(0x0000000111159000,0x0000000111259000)]
  0x0000000101118800 JavaThread "Framework Active Thread" [_thread_blocked, id=36103, stack(0x0000000111056000,0x0000000111156000)]
  0x000000010284c800 JavaThread "Service Thread" daemon [_thread_blocked, id=23299, stack(0x000000010e2f1000,0x000000010e3f1000)]
  0x000000010284c000 JavaThread "C2 CompilerThread1" daemon [_thread_blocked, id=23043, stack(0x000000010e1ee000,0x000000010e2ee000)]
  0x0000000102820000 JavaThread "C2 CompilerThread0" daemon [_thread_blocked, id=22791, stack(0x000000010e0eb000,0x000000010e1eb000)]
  0x0000000100822800 JavaThread "Signal Dispatcher" daemon [_thread_blocked, id=22287, stack(0x000000010dfe8000,0x000000010e0e8000)]
  0x000000010200c000 JavaThread "Finalizer" daemon [_thread_blocked, id=21763, stack(0x000000010deac000,0x000000010dfac000)]
  0x000000010200b000 JavaThread "Reference Handler" daemon [_thread_blocked, id=21507, stack(0x000000010dda9000,0x000000010dea9000)]
  0x0000000102000000 JavaThread "main" [_thread_in_native, id=1299, stack(0x00007fff5fb80000,0x00007fff5fc00000)]

Other Threads:
  0x0000000102008800 VMThread [stack: 0x000000010dca6000,0x000000010dda6000] [id=21251]
  0x0000000100811000 WatcherThread [stack: 0x000000010e3f4000,0x000000010e4f4000] [id=23555]

VM state:not at safepoint (normal execution)

VM Mutex/Monitor currently owned by a thread: None

Heap
 PSYoungGen      total 321280K, used 61430K [0x00000007eaab0000, 0x0000000800000000, 0x0000000800000000)
  eden space 292224K, 21% used [0x00000007eaab0000,0x00000007ee6ad8a0,0x00000007fc810000)
  from space 29056K, 0% used [0x00000007fe3a0000,0x00000007fe3a0000,0x0000000800000000)
  to   space 28224K, 0% used [0x00000007fc810000,0x00000007fc810000,0x00000007fe3a0000)
 ParOldGen       total 119040K, used 51396K [0x00000007c0000000, 0x00000007c7440000, 0x00000007eaab0000)
  object space 119040K, 43% used [0x00000007c0000000,0x00000007c3231260,0x00000007c7440000)
 PSPermGen       total 78528K, used 46883K [0x00000007bae00000, 0x00000007bfab0000, 0x00000007c0000000)
  object space 78528K, 59% used [0x00000007bae00000,0x00000007bdbc8db0,0x00000007bfab0000)

Card table byte_map: [0x00000001097b0000,0x00000001099da000] byte_map_base: 0x00000001059d9000

Polling page: 0x00000001000ff000

Code Cache  [0x00000001066f0000, 0x0000000106c40000, 0x00000001096f0000)
 total_blobs=1957 nmethods=1442 adapters=465 free_code_cache=43934Kb largest_free_block=44823104

Compilation events (10 events):
Event: 586.368 Thread 0x0000000102820000 1554             java.nio.StringCharBuffer::get (19 bytes)
Event: 586.369 Thread 0x000000010284c000   47 %           sun.nio.cs.UTF_8$Encoder::encodeBufferLoop @ 5 (326 bytes)
Event: 586.369 Thread 0x0000000102820000 nmethod 1554 0x0000000106bb5b90 code [0x0000000106bb5ce0, 0x0000000106bb5e18]
Event: 586.379 Thread 0x000000010284c000 nmethod 47% 0x0000000106bb6290 code [0x0000000106bb6500, 0x0000000106bb6d88]
Event: 586.387 Thread 0x0000000102820000 1555             com.rsi.idldt.core.internal.dom.IDLDOMManager$DOMJobReader::isParseJob (2 bytes)
Event: 586.387 Thread 0x0000000102820000 nmethod 1555 0x0000000106bb6090 code [0x0000000106bb61c0, 0x0000000106bb6218]
Event: 586.398 Thread 0x0000000102820000   48 %           java.util.TreeMap::getEntryUsingComparator @ 17 (74 bytes)
Event: 586.401 Thread 0x0000000102820000 nmethod 48% 0x0000000106c04010 code [0x0000000106c04180, 0x0000000106c04428]
Event: 586.401 Thread 0x000000010284c000 1556             java.util.TreeMap::getEntryUsingComparator (74 bytes)
Event: 586.404 Thread 0x000000010284c000 nmethod 1556 0x0000000106c14a90 code [0x0000000106c14c00, 0x0000000106c14e08]

GC Heap History (10 events):
Event: 393.679 GC heap before
{Heap before GC invocations=22 (full 6):
 PSYoungGen      total 319872K, used 64K [0x00000007eaab0000, 0x0000000800000000, 0x0000000800000000)
  eden space 289920K, 0% used [0x00000007eaab0000,0x00000007eaab0000,0x00000007fc5d0000)
  from space 29952K, 0% used [0x00000007fe2c0000,0x00000007fe2d0000,0x0000000800000000)
  to   space 29632K, 0% used [0x00000007fc5d0000,0x00000007fc5d0000,0x00000007fe2c0000)
 ParOldGen       total 119040K, used 51364K [0x00000007c0000000, 0x00000007c7440000, 0x00000007eaab0000)
  object space 119040K, 43% used [0x00000007c0000000,0x00000007c32293d0,0x00000007c7440000)
 PSPermGen       total 83968K, used 46752K [0x00000007bae00000, 0x00000007c0000000, 0x00000007c0000000)
  object space 83968K, 55% used [0x00000007bae00000,0x00000007bdba8108,0x00000007c0000000)
Event: 393.845 GC heap after
Heap after GC invocations=22 (full 6):
 PSYoungGen      total 319872K, used 0K [0x00000007eaab0000, 0x0000000800000000, 0x0000000800000000)
  eden space 289920K, 0% used [0x00000007eaab0000,0x00000007eaab0000,0x00000007fc5d0000)
  from space 29952K, 0% used [0x00000007fe2c0000,0x00000007fe2c0000,0x0000000800000000)
  to   space 29632K, 0% used [0x00000007fc5d0000,0x00000007fc5d0000,0x00000007fe2c0000)
 ParOldGen       total 119040K, used 51285K [0x00000007c0000000, 0x00000007c7440000, 0x00000007eaab0000)
  object space 119040K, 43% used [0x00000007c0000000,0x00000007c3215418,0x00000007c7440000)
 PSPermGen       total 83968K, used 46752K [0x00000007bae00000, 0x00000007c0000000, 0x00000007c0000000)
  object space 83968K, 55% used [0x00000007bae00000,0x00000007bdba80e8,0x00000007c0000000)
}
Event: 453.677 GC heap before
{Heap before GC invocations=23 (full 6):
 PSYoungGen      total 319872K, used 10873K [0x00000007eaab0000, 0x0000000800000000, 0x0000000800000000)
  eden space 289920K, 3% used [0x00000007eaab0000,0x00000007eb54e590,0x00000007fc5d0000)
  from space 29952K, 0% used [0x00000007fe2c0000,0x00000007fe2c0000,0x0000000800000000)
  to   space 29632K, 0% used [0x00000007fc5d0000,0x00000007fc5d0000,0x00000007fe2c0000)
 ParOldGen       total 119040K, used 51285K [0x00000007c0000000, 0x00000007c7440000, 0x00000007eaab0000)
  object space 119040K, 43% used [0x00000007c0000000,0x00000007c3215418,0x00000007c7440000)
 PSPermGen       total 83968K, used 46752K [0x00000007bae00000, 0x00000007c0000000, 0x00000007c0000000)
  object space 83968K, 55% used [0x00000007bae00000,0x00000007bdba80e8,0x00000007c0000000)
Event: 453.680 GC heap after
Heap after GC invocations=23 (full 6):
 PSYoungGen      total 319552K, used 64K [0x00000007eaab0000, 0x0000000800000000, 0x0000000800000000)
  eden space 289920K, 0% used [0x00000007eaab0000,0x00000007eaab0000,0x00000007fc5d0000)
  from space 29632K, 0% used [0x00000007fc5d0000,0x00000007fc5e0000,0x00000007fe2c0000)
  to   space 29056K, 0% used [0x00000007fe3a0000,0x00000007fe3a0000,0x0000000800000000)
 ParOldGen       total 119040K, used 51285K [0x00000007c0000000, 0x00000007c7440000, 0x00000007eaab0000)
  object space 119040K, 43% used [0x00000007c0000000,0x00000007c3215418,0x00000007c7440000)
 PSPermGen       total 83968K, used 46752K [0x00000007bae00000, 0x00000007c0000000, 0x00000007c0000000)
  object space 83968K, 55% used [0x00000007bae00000,0x00000007bdba80e8,0x00000007c0000000)
}
Event: 453.680 GC heap before
{Heap before GC invocations=24 (full 7):
 PSYoungGen      total 319552K, used 64K [0x00000007eaab0000, 0x0000000800000000, 0x0000000800000000)
  eden space 289920K, 0% used [0x00000007eaab0000,0x00000007eaab0000,0x00000007fc5d0000)
  from space 29632K, 0% used [0x00000007fc5d0000,0x00000007fc5e0000,0x00000007fe2c0000)
  to   space 29056K, 0% used [0x00000007fe3a0000,0x00000007fe3a0000,0x0000000800000000)
 ParOldGen       total 119040K, used 51285K [0x00000007c0000000, 0x00000007c7440000, 0x00000007eaab0000)
  object space 119040K, 43% used [0x00000007c0000000,0x00000007c3215418,0x00000007c7440000)
 PSPermGen       total 83968K, used 46752K [0x00000007bae00000, 0x00000007c0000000, 0x00000007c0000000)
  object space 83968K, 55% used [0x00000007bae00000,0x00000007bdba80e8,0x00000007c0000000)
Event: 453.801 GC heap after
Heap after GC invocations=24 (full 7):
 PSYoungGen      total 319552K, used 0K [0x00000007eaab0000, 0x0000000800000000, 0x0000000800000000)
  eden space 289920K, 0% used [0x00000007eaab0000,0x00000007eaab0000,0x00000007fc5d0000)
  from space 29632K, 0% used [0x00000007fc5d0000,0x00000007fc5d0000,0x00000007fe2c0000)
  to   space 29056K, 0% used [0x00000007fe3a0000,0x00000007fe3a0000,0x0000000800000000)
 ParOldGen       total 119040K, used 51285K [0x00000007c0000000, 0x00000007c7440000, 0x00000007eaab0000)
  object space 119040K, 43% used [0x00000007c0000000,0x00000007c3215418,0x00000007c7440000)
 PSPermGen       total 83264K, used 46752K [0x00000007bae00000, 0x00000007bff50000, 0x00000007c0000000)
  object space 83264K, 56% used [0x00000007bae00000,0x00000007bdba80e8,0x00000007bff50000)
}
Event: 525.425 GC heap before
{Heap before GC invocations=25 (full 7):
 PSYoungGen      total 319552K, used 30426K [0x00000007eaab0000, 0x0000000800000000, 0x0000000800000000)
  eden space 289920K, 10% used [0x00000007eaab0000,0x00000007ec866b18,0x00000007fc5d0000)
  from space 29632K, 0% used [0x00000007fc5d0000,0x00000007fc5d0000,0x00000007fe2c0000)
  to   space 29056K, 0% used [0x00000007fe3a0000,0x00000007fe3a0000,0x0000000800000000)
 ParOldGen       total 119040K, used 51285K [0x00000007c0000000, 0x00000007c7440000, 0x00000007eaab0000)
  object space 119040K, 43% used [0x00000007c0000000,0x00000007c3215418,0x00000007c7440000)
 PSPermGen       total 83264K, used 46801K [0x00000007bae00000, 0x00000007bff50000, 0x00000007c0000000)
  object space 83264K, 56% used [0x00000007bae00000,0x00000007bdbb4798,0x00000007bff50000)
Event: 525.428 GC heap after
Heap after GC invocations=25 (full 7):
 PSYoungGen      total 321280K, used 416K [0x00000007eaab0000, 0x0000000800000000, 0x0000000800000000)
  eden space 292224K, 0% used [0x00000007eaab0000,0x00000007eaab0000,0x00000007fc810000)
  from space 29056K, 1% used [0x00000007fe3a0000,0x00000007fe408000,0x0000000800000000)
  to   space 28224K, 0% used [0x00000007fc810000,0x00000007fc810000,0x00000007fe3a0000)
 ParOldGen       total 119040K, used 51285K [0x00000007c0000000, 0x00000007c7440000, 0x00000007eaab0000)
  object space 119040K, 43% used [0x00000007c0000000,0x00000007c3215418,0x00000007c7440000)
 PSPermGen       total 83264K, used 46801K [0x00000007bae00000, 0x00000007bff50000, 0x00000007c0000000)
  object space 83264K, 56% used [0x00000007bae00000,0x00000007bdbb4798,0x00000007bff50000)
}
Event: 525.428 GC heap before
{Heap before GC invocations=26 (full 8):
 PSYoungGen      total 321280K, used 416K [0x00000007eaab0000, 0x0000000800000000, 0x0000000800000000)
  eden space 292224K, 0% used [0x00000007eaab0000,0x00000007eaab0000,0x00000007fc810000)
  from space 29056K, 1% used [0x00000007fe3a0000,0x00000007fe408000,0x0000000800000000)
  to   space 28224K, 0% used [0x00000007fc810000,0x00000007fc810000,0x00000007fe3a0000)
 ParOldGen       total 119040K, used 51285K [0x00000007c0000000, 0x00000007c7440000, 0x00000007eaab0000)
  object space 119040K, 43% used [0x00000007c0000000,0x00000007c3215418,0x00000007c7440000)
 PSPermGen       total 83264K, used 46801K [0x00000007bae00000, 0x00000007bff50000, 0x00000007c0000000)
  object space 83264K, 56% used [0x00000007bae00000,0x00000007bdbb4798,0x00000007bff50000)
Event: 525.575 GC heap after
Heap after GC invocations=26 (full 8):
 PSYoungGen      total 321280K, used 0K [0x00000007eaab0000, 0x0000000800000000, 0x0000000800000000)
  eden space 292224K, 0% used [0x00000007eaab0000,0x00000007eaab0000,0x00000007fc810000)
  from space 29056K, 0% used [0x00000007fe3a0000,0x00000007fe3a0000,0x0000000800000000)
  to   space 28224K, 0% used [0x00000007fc810000,0x00000007fc810000,0x00000007fe3a0000)
 ParOldGen       total 119040K, used 51396K [0x00000007c0000000, 0x00000007c7440000, 0x00000007eaab0000)
  object space 119040K, 43% used [0x00000007c0000000,0x00000007c3231260,0x00000007c7440000)
 PSPermGen       total 78528K, used 46801K [0x00000007bae00000, 0x00000007bfab0000, 0x00000007c0000000)
  object space 78528K, 59% used [0x00000007bae00000,0x00000007bdbb45d0,0x00000007bfab0000)
}

Deoptimization events (10 events):
Event: 559.198 Thread 0x0000000102000000 Uncommon trap -83 fr.pc 0x0000000106b38938
Event: 559.198 Thread 0x0000000102000000 Uncommon trap -34 fr.pc 0x0000000106959c0c
Event: 559.198 Thread 0x0000000102000000 Uncommon trap -34 fr.pc 0x0000000106959c0c
Event: 559.202 Thread 0x0000000102000000 Uncommon trap -83 fr.pc 0x0000000106bef4c4
Event: 559.203 Thread 0x0000000102000000 Uncommon trap -34 fr.pc 0x00000001068cb594
Event: 559.419 Thread 0x0000000102000000 Uncommon trap -34 fr.pc 0x0000000106a5e6c8
Event: 559.419 Thread 0x0000000102000000 Uncommon trap -58 fr.pc 0x0000000106a5e1f4
Event: 559.421 Thread 0x0000000102000000 Uncommon trap -34 fr.pc 0x0000000106959c0c
Event: 586.388 Thread 0x0000000102000000 Uncommon trap -83 fr.pc 0x0000000106b77f90
Event: 586.388 Thread 0x0000000102000000 Uncommon trap -83 fr.pc 0x0000000106a65e58

Internal exceptions (10 events):
Event: 578.538 Thread 0x000000010210f800 Threw 0x00000007ed743148 at /HUDSON/workspace/jdk7u25-2-build-macosx-amd64-product/jdk7u25/hotspot/src/share/vm/prims/nativeLookup.
Event: 586.354 Thread 0x0000000102000000 Threw 0x00000007edb24488 at /HUDSON/workspace/jdk7u25-2-build-macosx-amd64-product/jdk7u25/hotspot/src/share/vm/prims/nativeLookup.
Event: 586.354 Thread 0x0000000102000000 Threw 0x00000007edb24fd8 at /HUDSON/workspace/jdk7u25-2-build-macosx-amd64-product/jdk7u25/hotspot/src/share/vm/prims/nativeLookup.
Event: 586.354 Thread 0x0000000102000000 Threw 0x00000007edb25698 at /HUDSON/workspace/jdk7u25-2-build-macosx-amd64-product/jdk7u25/hotspot/src/share/vm/prims/nativeLookup.
Event: 586.369 Thread 0x0000000102000000 Threw 0x00000007edb60990 at /HUDSON/workspace/jdk7u25-2-build-macosx-amd64-product/jdk7u25/hotspot/src/share/vm/prims/nativeLookup.
Event: 586.369 Thread 0x0000000102000000 Threw 0x00000007edb612d0 at /HUDSON/workspace/jdk7u25-2-build-macosx-amd64-product/jdk7u25/hotspot/src/share/vm/prims/nativeLookup.
Event: 586.374 Thread 0x0000000102000000 Threw 0x00000007edb63f10 at /HUDSON/workspace/jdk7u25-2-build-macosx-amd64-product/jdk7u25/hotspot/src/share/vm/prims/nativeLookup.
Event: 586.388 Thread 0x0000000102000000 Implicit null exception at 0x0000000106b77d04 to 0x0000000106b77f71
Event: 586.388 Thread 0x0000000102000000 Implicit null exception at 0x0000000106a65d44 to 0x0000000106a65e28
Event: 586.404 Thread 0x000000010153f800 Threw 0x00000007ee3bfb18 at /HUDSON/workspace/jdk7u25-2-build-macosx-amd64-product/jdk7u25/hotspot/src/share/vm/prims/nativeLookup.

Events (10 events):
Event: 586.368 Thread 0x000000010284c000 flushing nmethod 0x0000000106ba3c50
Event: 586.377 Thread 0x000000011697e000 Thread exited: 0x000000011697e000
Event: 586.388 Thread 0x0000000102000000 DEOPT PACKING pc=0x0000000106b77f90 sp=0x00007fff5fbfd280
Event: 586.388 Thread 0x0000000102000000 DEOPT UNPACKING pc=0x0000000106729145 sp=0x00007fff5fbfd1c0 mode 2
Event: 586.388 Thread 0x0000000116987800 Thread added: 0x0000000116987800
Event: 586.388 Thread 0x0000000102000000 DEOPT PACKING pc=0x0000000106a65e58 sp=0x00007fff5fbfd270
Event: 586.388 Thread 0x0000000102000000 DEOPT UNPACKING pc=0x0000000106729145 sp=0x00007fff5fbfd220 mode 2
Event: 586.402 Thread 0x0000000102044000 Thread exited: 0x0000000102044000
Event: 586.405 Executing VM operation: RevokeBias
Event: 586.405 Executing VM operation: RevokeBias done


Dynamic libraries:
0x00000000079b4000 	/System/Library/Frameworks/Cocoa.framework/Versions/A/Cocoa
0x00000000079b4000 	/usr/lib/libSystem.B.dylib
0x00000000079b4000 	/System/Library/Frameworks/CoreServices.framework/Versions/A/CoreServices
0x00000000079b4000 	/usr/lib/libobjc.A.dylib
0x00000000079b4000 	/System/Library/Frameworks/CoreFoundation.framework/Versions/A/CoreFoundation
0x00000000079b4000 	/System/Library/Frameworks/AppKit.framework/Versions/C/AppKit
0x00000000079b4000 	/System/Library/Frameworks/ApplicationServices.framework/Versions/A/ApplicationServices
0x00000000079b4000 	/System/Library/Frameworks/Foundation.framework/Versions/C/Foundation
0x00000000079b4000 	/System/Library/Frameworks/CoreData.framework/Versions/A/CoreData
0x00000000079b4000 	/System/Library/PrivateFrameworks/RemoteViewServices.framework/Versions/A/RemoteViewServices
0x00000000079b4000 	/System/Library/PrivateFrameworks/UIFoundation.framework/Versions/A/UIFoundation
0x00000000079b4000 	/System/Library/Frameworks/IOSurface.framework/Versions/A/IOSurface
0x00000000079b4000 	/System/Library/Frameworks/AudioToolbox.framework/Versions/A/AudioToolbox
0x00000000079b4000 	/System/Library/Frameworks/AudioUnit.framework/Versions/A/AudioUnit
0x00000000079b4000 	/System/Library/PrivateFrameworks/DataDetectorsCore.framework/Versions/A/DataDetectorsCore
0x00000000079b4000 	/System/Library/PrivateFrameworks/DesktopServicesPriv.framework/Versions/A/DesktopServicesPriv
0x00000000079b4000 	/System/Library/Frameworks/Carbon.framework/Versions/A/Frameworks/HIToolbox.framework/Versions/A/HIToolbox
0x00000000079b4000 	/System/Library/Frameworks/QuartzCore.framework/Versions/A/QuartzCore
0x00000000079b4000 	/System/Library/Frameworks/Security.framework/Versions/A/Security
0x00000000079b4000 	/System/Library/Frameworks/Carbon.framework/Versions/A/Frameworks/SpeechRecognition.framework/Versions/A/SpeechRecognition
0x00000000079b4000 	/usr/lib/libauto.dylib
0x00000000079b4000 	/usr/lib/libicucore.A.dylib
0x00000000079b4000 	/usr/lib/libxml2.2.dylib
0x00000000079b4000 	/usr/lib/libz.1.dylib
0x00000000079b4000 	/System/Library/PrivateFrameworks/CoreUI.framework/Versions/A/CoreUI
0x00000000079b4000 	/System/Library/Frameworks/CoreAudio.framework/Versions/A/CoreAudio
0x00000000079b4000 	/System/Library/Frameworks/DiskArbitration.framework/Versions/A/DiskArbitration
0x00000000079b4000 	/usr/lib/liblangid.dylib
0x00000000079b4000 	/System/Library/PrivateFrameworks/MultitouchSupport.framework/Versions/A/MultitouchSupport
0x00000000079b4000 	/System/Library/Frameworks/IOKit.framework/Versions/A/IOKit
0x00000000079b4000 	/usr/lib/libDiagnosticMessagesClient.dylib
0x00000000079b4000 	/System/Library/PrivateFrameworks/PerformanceAnalysis.framework/Versions/A/PerformanceAnalysis
0x00000000079b4000 	/System/Library/PrivateFrameworks/GenerationalStorage.framework/Versions/A/GenerationalStorage
0x00000000079b4000 	/System/Library/Frameworks/OpenGL.framework/Versions/A/OpenGL
0x00000000079b4000 	/System/Library/PrivateFrameworks/Sharing.framework/Versions/A/Sharing
0x00000000079b4000 	/System/Library/Frameworks/CoreGraphics.framework/Versions/A/CoreGraphics
0x00000000079b4000 	/System/Library/Frameworks/CoreText.framework/Versions/A/CoreText
0x00000000079b4000 	/System/Library/Frameworks/ImageIO.framework/Versions/A/ImageIO
0x00000000079b4000 	/usr/lib/libextension.dylib
0x00000000079b4000 	/System/Library/PrivateFrameworks/Backup.framework/Versions/A/Backup
0x00000000079b4000 	/usr/lib/libarchive.2.dylib
0x00000000079b4000 	/System/Library/Frameworks/CFNetwork.framework/Versions/A/CFNetwork
0x00000000079b4000 	/System/Library/Frameworks/SystemConfiguration.framework/Versions/A/SystemConfiguration
0x00000000079b4000 	/usr/lib/libCRFSuite.dylib
0x00000000079b4000 	/usr/lib/libc++.1.dylib
0x00000000079b4000 	/usr/lib/libc++abi.dylib
0x00000000079b4000 	/usr/lib/system/libcache.dylib
0x00000000079b4000 	/usr/lib/system/libcommonCrypto.dylib
0x00000000079b4000 	/usr/lib/system/libcompiler_rt.dylib
0x00000000079b4000 	/usr/lib/system/libcopyfile.dylib
0x00000000079b4000 	/usr/lib/system/libcorecrypto.dylib
0x00000000079b4000 	/usr/lib/system/libdispatch.dylib
0x00000000079b4000 	/usr/lib/system/libdyld.dylib
0x00000000079b4000 	/usr/lib/system/libkeymgr.dylib
0x00000000079b4000 	/usr/lib/system/liblaunch.dylib
0x00000000079b4000 	/usr/lib/system/libmacho.dylib
0x00000000079b4000 	/usr/lib/system/libquarantine.dylib
0x00000000079b4000 	/usr/lib/system/libremovefile.dylib
0x00000000079b4000 	/usr/lib/system/libsystem_asl.dylib
0x00000000079b4000 	/usr/lib/system/libsystem_blocks.dylib
0x00000000079b4000 	/usr/lib/system/libsystem_c.dylib
0x00000000079b4000 	/usr/lib/system/libsystem_configuration.dylib
0x00000000079b4000 	/usr/lib/system/libsystem_coreservices.dylib
0x00000000079b4000 	/usr/lib/system/libsystem_coretls.dylib
0x00000000079b4000 	/usr/lib/system/libsystem_dnssd.dylib
0x00000000079b4000 	/usr/lib/system/libsystem_info.dylib
0x00000000079b4000 	/usr/lib/system/libsystem_kernel.dylib
0x00000000079b4000 	/usr/lib/system/libsystem_m.dylib
0x00000000079b4000 	/usr/lib/system/libsystem_malloc.dylib
0x00000000079b4000 	/usr/lib/system/libsystem_network.dylib
0x00000000079b4000 	/usr/lib/system/libsystem_networkextension.dylib
0x00000000079b4000 	/usr/lib/system/libsystem_notify.dylib
0x00000000079b4000 	/usr/lib/system/libsystem_platform.dylib
0x00000000079b4000 	/usr/lib/system/libsystem_pthread.dylib
0x00000000079b4000 	/usr/lib/system/libsystem_sandbox.dylib
0x00000000079b4000 	/usr/lib/system/libsystem_secinit.dylib
0x00000000079b4000 	/usr/lib/system/libsystem_stats.dylib
0x00000000079b4000 	/usr/lib/system/libsystem_trace.dylib
0x00000000079b4000 	/usr/lib/system/libunc.dylib
0x00000000079b4000 	/usr/lib/system/libunwind.dylib
0x00000000079b4000 	/usr/lib/system/libxpc.dylib
0x00000000079b4000 	/usr/lib/libbz2.1.0.dylib
0x00000000079b4000 	/usr/lib/liblzma.5.dylib
0x00000000079b4000 	/usr/lib/libbsm.0.dylib
0x00000000079b4000 	/usr/lib/libsqlite3.dylib
0x00000000079b4000 	/usr/lib/system/libkxld.dylib
0x00000000079b4000 	/usr/lib/libxar.1.dylib
0x00000000079b4000 	/usr/lib/libpam.2.dylib
0x00000000079b4000 	/usr/lib/libOpenScriptingUtil.dylib
0x00000000079b4000 	/System/Library/Frameworks/CoreServices.framework/Versions/A/Frameworks/FSEvents.framework/Versions/A/FSEvents
0x00000000079b4000 	/System/Library/Frameworks/CoreServices.framework/Versions/A/Frameworks/CarbonCore.framework/Versions/A/CarbonCore
0x00000000079b4000 	/System/Library/Frameworks/CoreServices.framework/Versions/A/Frameworks/Metadata.framework/Versions/A/Metadata
0x00000000079b4000 	/System/Library/Frameworks/CoreServices.framework/Versions/A/Frameworks/OSServices.framework/Versions/A/OSServices
0x00000000079b4000 	/System/Library/Frameworks/CoreServices.framework/Versions/A/Frameworks/SearchKit.framework/Versions/A/SearchKit
0x00000000079b4000 	/System/Library/Frameworks/CoreServices.framework/Versions/A/Frameworks/AE.framework/Versions/A/AE
0x00000000079b4000 	/System/Library/Frameworks/CoreServices.framework/Versions/A/Frameworks/LaunchServices.framework/Versions/A/LaunchServices
0x00000000079b4000 	/System/Library/Frameworks/CoreServices.framework/Versions/A/Frameworks/DictionaryServices.framework/Versions/A/DictionaryServices
0x00000000079b4000 	/System/Library/Frameworks/NetFS.framework/Versions/A/NetFS
0x00000000079b4000 	/System/Library/PrivateFrameworks/NetAuth.framework/Versions/A/NetAuth
0x00000000079b4000 	/System/Library/PrivateFrameworks/login.framework/Versions/A/Frameworks/loginsupport.framework/Versions/A/loginsupport
0x00000000079b4000 	/System/Library/PrivateFrameworks/TCC.framework/Versions/A/TCC
0x00000000079b4000 	/usr/lib/libmecabra.dylib
0x00000000079b4000 	/System/Library/Frameworks/ApplicationServices.framework/Versions/A/Frameworks/ATS.framework/Versions/A/ATS
0x00000000079b4000 	/System/Library/Frameworks/ApplicationServices.framework/Versions/A/Frameworks/ColorSync.framework/Versions/A/ColorSync
0x00000000079b4000 	/System/Library/Frameworks/ApplicationServices.framework/Versions/A/Frameworks/HIServices.framework/Versions/A/HIServices
0x00000000079b4000 	/System/Library/Frameworks/ApplicationServices.framework/Versions/A/Frameworks/LangAnalysis.framework/Versions/A/LangAnalysis
0x00000000079b4000 	/System/Library/Frameworks/ApplicationServices.framework/Versions/A/Frameworks/PrintCore.framework/Versions/A/PrintCore
0x00000000079b4000 	/System/Library/Frameworks/ApplicationServices.framework/Versions/A/Frameworks/QD.framework/Versions/A/QD
0x00000000079b4000 	/System/Library/Frameworks/ApplicationServices.framework/Versions/A/Frameworks/SpeechSynthesis.framework/Versions/A/SpeechSynthesis
0x00000000079b4000 	/System/Library/Frameworks/Accelerate.framework/Versions/A/Accelerate
0x00000000079b4000 	/System/Library/Frameworks/Accelerate.framework/Versions/A/Frameworks/vImage.framework/Versions/A/vImage
0x00000000079b4000 	/System/Library/Frameworks/Accelerate.framework/Versions/A/Frameworks/vecLib.framework/Versions/A/vecLib
0x00000000079b4000 	/System/Library/Frameworks/Accelerate.framework/Versions/A/Frameworks/vecLib.framework/Versions/A/libvDSP.dylib
0x00000000079b4000 	/System/Library/Frameworks/Accelerate.framework/Versions/A/Frameworks/vecLib.framework/Versions/A/libvMisc.dylib
0x00000000079b4000 	/System/Library/Frameworks/Accelerate.framework/Versions/A/Frameworks/vecLib.framework/Versions/A/libLAPACK.dylib
0x00000000079b4000 	/System/Library/Frameworks/Accelerate.framework/Versions/A/Frameworks/vecLib.framework/Versions/A/libBLAS.dylib
0x00000000079b4000 	/System/Library/Frameworks/Accelerate.framework/Versions/A/Frameworks/vecLib.framework/Versions/A/libLinearAlgebra.dylib
0x00000000079b4000 	/System/Library/Frameworks/ApplicationServices.framework/Versions/A/Frameworks/ATS.framework/Versions/A/Resources/libFontParser.dylib
0x00000000079b4000 	/System/Library/Frameworks/ApplicationServices.framework/Versions/A/Frameworks/ATS.framework/Versions/A/Resources/libFontRegistry.dylib
0x00000000079b4000 	/System/Library/PrivateFrameworks/AppleVPA.framework/Versions/A/AppleVPA
0x00000000079b4000 	/System/Library/PrivateFrameworks/AppleJPEG.framework/Versions/A/AppleJPEG
0x00000000079b4000 	/System/Library/Frameworks/ImageIO.framework/Versions/A/Resources/libJPEG.dylib
0x00000000079b4000 	/System/Library/Frameworks/ImageIO.framework/Versions/A/Resources/libTIFF.dylib
0x00000000079b4000 	/System/Library/Frameworks/ImageIO.framework/Versions/A/Resources/libPng.dylib
0x00000000079b4000 	/System/Library/Frameworks/ImageIO.framework/Versions/A/Resources/libGIF.dylib
0x00000000079b4000 	/System/Library/Frameworks/ImageIO.framework/Versions/A/Resources/libJP2.dylib
0x00000000079b4000 	/System/Library/Frameworks/ImageIO.framework/Versions/A/Resources/libRadiance.dylib
0x00000000079b4000 	/System/Library/Frameworks/CoreVideo.framework/Versions/A/CoreVideo
0x00000000079b4000 	/System/Library/Frameworks/OpenGL.framework/Versions/A/Libraries/libGLU.dylib
0x00000000079b4000 	/System/Library/Frameworks/OpenGL.framework/Versions/A/Libraries/libGFXShared.dylib
0x00000000079b4000 	/System/Library/Frameworks/OpenGL.framework/Versions/A/Libraries/libGL.dylib
0x00000000079b4000 	/System/Library/Frameworks/OpenGL.framework/Versions/A/Libraries/libGLImage.dylib
0x00000000079b4000 	/System/Library/Frameworks/OpenGL.framework/Versions/A/Libraries/libCVMSPluginSupport.dylib
0x00000000079b4000 	/System/Library/Frameworks/OpenGL.framework/Versions/A/Libraries/libCoreVMClient.dylib
0x00000000079b4000 	/usr/lib/libcups.2.dylib
0x00000000079b4000 	/System/Library/Frameworks/Kerberos.framework/Versions/A/Kerberos
0x00000000079b4000 	/System/Library/Frameworks/GSS.framework/Versions/A/GSS
0x00000000079b4000 	/usr/lib/libresolv.9.dylib
0x00000000079b4000 	/usr/lib/libiconv.2.dylib
0x00000000079b4000 	/System/Library/PrivateFrameworks/Heimdal.framework/Versions/A/Heimdal
0x00000000079b4000 	/usr/lib/libheimdal-asn1.dylib
0x00000000079b4000 	/System/Library/Frameworks/OpenDirectory.framework/Versions/A/OpenDirectory
0x00000000079b4000 	/System/Library/PrivateFrameworks/CommonAuth.framework/Versions/A/CommonAuth
0x00000000079b4000 	/System/Library/Frameworks/OpenDirectory.framework/Versions/A/Frameworks/CFOpenDirectory.framework/Versions/A/CFOpenDirectory
0x00000000079b4000 	/System/Library/Frameworks/SecurityFoundation.framework/Versions/A/SecurityFoundation
0x00000000079b4000 	/System/Library/PrivateFrameworks/LanguageModeling.framework/Versions/A/LanguageModeling
0x00000000079b4000 	/usr/lib/libcmph.dylib
0x00000000079b4000 	/System/Library/Frameworks/ServiceManagement.framework/Versions/A/ServiceManagement
0x00000000079b4000 	/usr/lib/libxslt.1.dylib
0x00000000079b4000 	/System/Library/Frameworks/Carbon.framework/Versions/A/Frameworks/Ink.framework/Versions/A/Ink
0x00000000079b4000 	/System/Library/Frameworks/QuartzCore.framework/Versions/A/Frameworks/CoreImage.framework/Versions/A/CoreImage
0x00000000079b4000 	/System/Library/PrivateFrameworks/CrashReporterSupport.framework/Versions/A/CrashReporterSupport
0x00000000079b4000 	/System/Library/Frameworks/OpenCL.framework/Versions/A/OpenCL
0x00000000079b4000 	/System/Library/PrivateFrameworks/FaceCore.framework/Versions/A/FaceCore
0x00000000079b4000 	/System/Library/PrivateFrameworks/Ubiquity.framework/Versions/A/Ubiquity
0x00000000079b4000 	/System/Library/PrivateFrameworks/IconServices.framework/Versions/A/IconServices
0x00000000079b4000 	/System/Library/PrivateFrameworks/ChunkingLibrary.framework/Versions/A/ChunkingLibrary
0x00000000079b4000 	/System/Library/PrivateFrameworks/Apple80211.framework/Versions/A/Apple80211
0x00000000079b4000 	/System/Library/Frameworks/CoreWLAN.framework/Versions/A/CoreWLAN
0x00000000079b4000 	/System/Library/Frameworks/IOBluetooth.framework/Versions/A/IOBluetooth
0x00000000079b4000 	/System/Library/PrivateFrameworks/CoreWiFi.framework/Versions/A/CoreWiFi
0x00000000079b4000 	/System/Library/Frameworks/CoreBluetooth.framework/Versions/A/CoreBluetooth
0x00000000079b4000 	/System/Library/PrivateFrameworks/DebugSymbols.framework/Versions/A/DebugSymbols
0x00000000079b4000 	/System/Library/PrivateFrameworks/CoreSymbolication.framework/Versions/A/CoreSymbolication
0x00000000079b4000 	/System/Library/PrivateFrameworks/Symbolication.framework/Versions/A/Symbolication
0x00000000079b4000 	/System/Library/PrivateFrameworks/SpeechRecognitionCore.framework/Versions/A/SpeechRecognitionCore
0x00000001000cb000 	/Applications/exelis/idl83/idlde/plugins/org.eclipse.equinox.launcher.cocoa.macosx.x86_64_1.1.101.v20120109-1504/eclipse_1408.so
0x00000000079b4000 	/System/Library/PrivateFrameworks/CoreServicesInternal.framework/Versions/A/CoreServicesInternal
0x00000000079b4000 	/System/Library/PrivateFrameworks/CloudDocs.framework/Versions/A/CloudDocs
0x00000000079b4000 	/System/Library/PrivateFrameworks/CoreDuet.framework/Versions/A/CoreDuet
0x00000000079b4000 	/System/Library/Frameworks/CloudKit.framework/Versions/A/CloudKit
0x00000000079b4000 	/System/Library/PrivateFrameworks/ProtocolBuffer.framework/Versions/A/ProtocolBuffer
0x00000000079b4000 	/System/Library/PrivateFrameworks/CoreDuetDaemonProtocol.framework/Versions/A/CoreDuetDaemonProtocol
0x00000000079b4000 	/System/Library/PrivateFrameworks/CoreDuetDebugLogging.framework/Versions/A/CoreDuetDebugLogging
0x00000000079b4000 	/System/Library/PrivateFrameworks/MMCS.framework/Versions/A/MMCS
0x00000000079b4000 	/System/Library/Frameworks/CoreLocation.framework/Versions/A/CoreLocation
0x00000000079b4000 	/System/Library/PrivateFrameworks/ProtectedCloudStorage.framework/Versions/A/ProtectedCloudStorage
0x00000000079b4000 	/System/Library/PrivateFrameworks/GeoServices.framework/Versions/A/GeoServices
0x00000000079b4000 	/System/Library/Frameworks/CoreGraphics.framework/Versions/A/Resources/libCGCMS.A.dylib
0x0000000105c47000 	/Applications/exelis/idl83/idlde/bin.darwin.x86_64/jre/lib/server/libjvm.dylib
0x00000000079b4000 	/usr/lib/libstdc++.6.dylib
0x0000000104a0d000 	/Applications/exelis/idl83/idlde/bin.darwin.x86_64/jre/lib/libverify.dylib
0x0000000104a1a000 	/Applications/exelis/idl83/idlde/bin.darwin.x86_64/jre/lib/libjava.dylib
0x0000000104a52000 	/Applications/exelis/idl83/idlde/bin.darwin.x86_64/jre/lib/libzip.dylib
0x000000010dfae000 	/System/Library/Frameworks/JavaVM.framework/Frameworks/JavaRuntimeSupport.framework/JavaRuntimeSupport
0x000000010dfc6000 	/System/Library/Frameworks/JavaVM.framework/Versions/A/Frameworks/JavaNativeFoundation.framework/Versions/A/JavaNativeFoundation
0x0000000104a72000 	/System/Library/Frameworks/JavaVM.framework/Versions/A/JavaVM
0x00000000079b4000 	/System/Library/Frameworks/Carbon.framework/Versions/A/Carbon
0x000000010dfdb000 	/System/Library/PrivateFrameworks/JavaLaunching.framework/Versions/A/JavaLaunching
0x00000000079b4000 	/System/Library/Frameworks/Carbon.framework/Versions/A/Frameworks/CommonPanels.framework/Versions/A/CommonPanels
0x00000000079b4000 	/System/Library/Frameworks/Carbon.framework/Versions/A/Frameworks/Help.framework/Versions/A/Help
0x00000000079b4000 	/System/Library/Frameworks/Carbon.framework/Versions/A/Frameworks/ImageCapture.framework/Versions/A/ImageCapture
0x00000000079b4000 	/System/Library/Frameworks/Carbon.framework/Versions/A/Frameworks/OpenScripting.framework/Versions/A/OpenScripting
0x00000000079b4000 	/System/Library/Frameworks/Carbon.framework/Versions/A/Frameworks/Print.framework/Versions/A/Print
0x00000000079b4000 	/System/Library/Frameworks/Carbon.framework/Versions/A/Frameworks/SecurityHI.framework/Versions/A/SecurityHI
0x00000000079b4000 	/System/Library/CoreServices/RawCamera.bundle/Contents/MacOS/RawCamera
0x00000000079b4000 	/System/Library/Frameworks/CoreGraphics.framework/Versions/A/Resources/libRIP.A.dylib
0x00000000079b4000 	/System/Library/PrivateFrameworks/FamilyControls.framework/Versions/A/FamilyControls
0x00000000079b4000 	/System/Library/PrivateFrameworks/CommerceKit.framework/Versions/A/Frameworks/CommerceCore.framework/Versions/A/CommerceCore
0x00000000079b4000 	/System/Library/PrivateFrameworks/SystemAdministration.framework/Versions/A/SystemAdministration
0x00000000079b4000 	/System/Library/PrivateFrameworks/AppContainer.framework/Versions/A/AppContainer
0x00000000079b4000 	/System/Library/PrivateFrameworks/SecCodeWrapper.framework/Versions/A/SecCodeWrapper
0x00000000079b4000 	/System/Library/Frameworks/DirectoryService.framework/Versions/A/DirectoryService
0x00000000079b4000 	/System/Library/PrivateFrameworks/DiskImages.framework/Versions/A/DiskImages
0x00000000079b4000 	/System/Library/PrivateFrameworks/LoginUIKit.framework/Versions/A/Frameworks/LoginUICore.framework/Versions/A/LoginUICore
0x00000000079b4000 	/usr/lib/libCoreStorage.dylib
0x00000000079b4000 	/usr/lib/libcsfde.dylib
0x00000000079b4000 	/usr/lib/libodfde.dylib
0x00000000079b4000 	/System/Library/Frameworks/DiscRecording.framework/Versions/A/DiscRecording
0x000000010f7fe000 	/Applications/exelis/idl83/bin/bin.darwin.x86_64/libcurl.4.dylib
0x00000000079b4000 	/System/Library/PrivateFrameworks/MediaKit.framework/Versions/A/MediaKit
0x00000000079b4000 	/System/Library/PrivateFrameworks/EFILogin.framework/Versions/A/EFILogin
0x00000000079b4000 	/usr/lib/libutil.dylib
0x00000000079b4000 	/System/Library/PrivateFrameworks/FindMyDevice.framework/Versions/A/FindMyDevice
0x00000000079b4000 	/System/Library/Frameworks/CoreGraphics.framework/Versions/A/Resources/libCGXType.A.dylib
0x00000000079b4000 	/System/Library/Frameworks/OpenCL.framework/Versions/A/Libraries/libcldcpuengine.dylib
0x0000000110db1000 	cl_kernels
0x0000000110db3000 	/System/Library/Frameworks/OpenCL.framework/Versions/A/Libraries/ImageFormats/unorm8_bgra.dylib
0x0000000110da2000 	cl_kernels
0x0000000110fe3000 	/Applications/exelis/idl83/idlde/bin.darwin.x86_64/jre/lib/libnet.dylib
0x0000000110ff8000 	/Applications/exelis/idl83/idlde/bin.darwin.x86_64/jre/lib/libnio.dylib
0x00000001115c3000 	/Users/to/.swt/lib/macosx/x86_64/libswt-cocoa-3740.jnilib
0x00000000079b4000 	/System/Library/Frameworks/WebKit.framework/Versions/A/WebKit
0x00000000079b4000 	/System/Library/Frameworks/JavaScriptCore.framework/Versions/A/JavaScriptCore
0x00000000079b4000 	/System/Library/Frameworks/SecurityInterface.framework/Versions/A/SecurityInterface
0x00000000079b4000 	/System/Library/Frameworks/WebKit.framework/Versions/A/Frameworks/WebKitLegacy.framework/Versions/A/WebKitLegacy
0x00000000079b4000 	/System/Library/Frameworks/WebKit.framework/Versions/A/Frameworks/WebCore.framework/Versions/A/WebCore
0x0000000111f00000 	/Users/to/.swt/lib/macosx/x86_64/libswt-pi-cocoa-3740.jnilib
0x00000001120db000 	/Applications/exelis/idl83/bin/bin.darwin.x86_64/libidl_ips.8.3.dylib
0x0000000112d06000 	/Applications/exelis/idl83/bin/bin.darwin.x86_64/libidl.8.3.dylib
0x00000001122eb000 	/opt/X11/lib/libfreetype.6.dylib
0x00000001119f9000 	/Applications/exelis/idl83/bin/bin.darwin.x86_64/libMesaGLU6_2.dylib
0x0000000113908000 	/Applications/exelis/idl83/bin/bin.darwin.x86_64/libMesaGL6_2.dylib
0x00000001119b1000 	/Applications/exelis/idl83/bin/bin.darwin.x86_64/libOSMesa6_2.dylib
0x00000001119c1000 	/opt/X11/lib/libXp.6.dylib
0x0000000113c4d000 	/Applications/exelis/idl83/bin/bin.darwin.x86_64/libXm.3.0.2.dylib
0x0000000111a34000 	/opt/X11/lib/libXpm.4.dylib
0x0000000111a47000 	/opt/X11/lib/libXmu.6.dylib
0x0000000111f48000 	/opt/X11/lib/libXext.6.dylib
0x0000000112139000 	/opt/X11/lib/libXt.6.dylib
0x0000000111a23000 	/opt/X11/lib/libXinerama.1.dylib
0x0000000111a62000 	/opt/X11/lib/libSM.6.dylib
0x0000000112451000 	/opt/X11/lib/libICE.6.dylib
0x000000011405c000 	/opt/X11/lib/libX11.6.dylib
0x000000011246e000 	/opt/X11/lib/libxcb.1.dylib
0x0000000111dd0000 	/opt/X11/lib/libXau.6.dylib
0x0000000111f5b000 	/opt/X11/lib/libXdmcp.6.dylib
0x000000011418d000 	/Applications/exelis/idl83/bin/bin.darwin.x86_64/gl_driver.so
0x000000011458c000 	/opt/X11/lib/libGL.1.dylib
0x0000000111991000 	/opt/X11/lib/libXplugin.1.dylib
0x000000011497a000 	/opt/X11/lib/libglapi.0.dylib
0x000000011184c000 	/opt/X11/lib/libXdamage.1.dylib
0x0000000111858000 	/opt/X11/lib/libXfixes.3.dylib
0x0000000111978000 	/opt/X11/lib/libX11-xcb.1.dylib
0x000000011220a000 	/opt/X11/lib/libxcb-glx.0.dylib
0x00000001119a9000 	/opt/X11/lib/libXxf86vm.1.dylib
0x00000000079b4000 	/usr/lib/libexpat.1.dylib
0x00000000079b4000 	/System/Library/Frameworks/CoreGraphics.framework/Versions/A/Resources/libCGXCoreImage.A.dylib
0x0000000111563000 	cl_kernels
0x0000000114f9e000 	/System/Library/Frameworks/OpenCL.framework/Versions/A/Libraries/ImageFormats/unorm8_argb.dylib
0x00000001115bf000 	cl_kernels
0x00000000079b4000 	/System/Library/Frameworks/Accelerate.framework/Versions/A/Frameworks/vImage.framework/Versions/A/Libraries/libCGInterfaces.dylib
0x00000000079b4000 	/System/Library/PrivateFrameworks/DataDetectors.framework/Versions/A/DataDetectors
0x00000000079b4000 	/System/Library/PrivateFrameworks/IDS.framework/Versions/A/IDS
0x00000000079b4000 	/System/Library/Frameworks/AddressBook.framework/Versions/A/AddressBook
0x00000000079b4000 	/System/Library/Frameworks/Quartz.framework/Versions/A/Quartz
0x00000000079b4000 	/System/Library/PrivateFrameworks/IMFoundation.framework/Versions/A/IMFoundation
0x00000000079b4000 	/System/Library/PrivateFrameworks/Marco.framework/Versions/A/Marco
0x00000000079b4000 	/System/Library/PrivateFrameworks/IDSFoundation.framework/Versions/A/IDSFoundation
0x00000000079b4000 	/System/Library/PrivateFrameworks/FTServices.framework/Versions/A/FTServices
0x00000000079b4000 	/usr/lib/libtidy.A.dylib
0x00000000079b4000 	/System/Library/PrivateFrameworks/CommonUtilities.framework/Versions/A/CommonUtilities
0x00000000079b4000 	/System/Library/PrivateFrameworks/Bom.framework/Versions/A/Bom
0x00000000079b4000 	/System/Library/PrivateFrameworks/AppleFSCompression.framework/Versions/A/AppleFSCompression
0x00000000079b4000 	/System/Library/PrivateFrameworks/DiagnosticLogCollection.framework/Versions/A/DiagnosticLogCollection
0x00000000079b4000 	/System/Library/PrivateFrameworks/IntlPreferences.framework/Versions/A/IntlPreferences
0x00000000079b4000 	/System/Library/PrivateFrameworks/ToneLibrary.framework/Versions/A/ToneLibrary
0x00000000079b4000 	/System/Library/PrivateFrameworks/ToneKit.framework/Versions/A/ToneKit
0x00000000079b4000 	/System/Library/PrivateFrameworks/vCard.framework/Versions/A/vCard
0x00000000079b4000 	/System/Library/Frameworks/Quartz.framework/Versions/A/Frameworks/QuickLookUI.framework/Versions/A/QuickLookUI
0x00000000079b4000 	/System/Library/PrivateFrameworks/ApplePushService.framework/Versions/A/ApplePushService
0x00000000079b4000 	/System/Library/PrivateFrameworks/ContactsData.framework/Versions/A/ContactsData
0x00000000079b4000 	/System/Library/PrivateFrameworks/ContactsFoundation.framework/Versions/A/ContactsFoundation
0x00000000079b4000 	/System/Library/PrivateFrameworks/PhoneNumbers.framework/Versions/A/PhoneNumbers
0x00000000079b4000 	/System/Library/Frameworks/LDAP.framework/Versions/A/LDAP
0x00000000079b4000 	/System/Library/Frameworks/AVFoundation.framework/Versions/A/AVFoundation
0x00000000079b4000 	/System/Library/Frameworks/AVFoundation.framework/Versions/A/Resources/libAVFAudio.dylib
0x00000000079b4000 	/System/Library/Frameworks/CoreMedia.framework/Versions/A/CoreMedia
0x00000000079b4000 	/System/Library/Frameworks/MediaToolbox.framework/Versions/A/MediaToolbox
0x00000000079b4000 	/System/Library/Frameworks/VideoToolbox.framework/Versions/A/VideoToolbox
0x00000000079b4000 	/System/Library/Frameworks/CoreMediaIO.framework/Versions/A/CoreMediaIO
0x00000000079b4000 	/System/Library/PrivateFrameworks/MediaControlSender.framework/Versions/A/MediaControlSender
0x00000000079b4000 	/System/Library/PrivateFrameworks/CoreAVCHD.framework/Versions/A/CoreAVCHD
0x00000000079b4000 	/System/Library/Frameworks/MediaAccessibility.framework/Versions/A/MediaAccessibility
0x00000000079b4000 	/System/Library/PrivateFrameworks/Mangrove.framework/Versions/A/Mangrove
0x00000000079b4000 	/System/Library/PrivateFrameworks/CoreAUC.framework/Versions/A/CoreAUC
0x00000000079b4000 	/System/Library/PrivateFrameworks/NetworkStatistics.framework/Versions/A/NetworkStatistics
0x00000000079b4000 	/System/Library/PrivateFrameworks/AppleSRP.framework/Versions/A/AppleSRP
0x00000000079b4000 	/System/Library/PrivateFrameworks/AirPlaySupport.framework/Versions/A/AirPlaySupport
0x00000000079b4000 	/System/Library/PrivateFrameworks/CoreUtils.framework/Versions/A/CoreUtils
0x00000000079b4000 	/System/Library/PrivateFrameworks/AppleVA.framework/Versions/A/AppleVA
0x00000000079b4000 	/System/Library/PrivateFrameworks/XPCService.framework/Versions/A/XPCService
0x00000000079b4000 	/System/Library/PrivateFrameworks/AppSandbox.framework/Versions/A/AppSandbox
0x00000000079b4000 	/usr/lib/libsandbox.1.dylib
0x00000000079b4000 	/usr/lib/libMatch.1.dylib
0x000000010077a000 	/System/Library/PrivateFrameworks/SafariServices.framework/Versions/A/SafariServices
0x00000000079b4000 	/usr/lib/libspindump.dylib
0x00000000079b4000 	/System/Library/Frameworks/QTKit.framework/Versions/A/QTKit
0x00000000079b4000 	/System/Library/Frameworks/QuickLook.framework/Versions/A/QuickLook
0x00000000079b4000 	/System/Library/PrivateFrameworks/CoreMediaAuthoring.framework/Versions/A/CoreMediaAuthoring
0x00000000079b4000 	/System/Library/PrivateFrameworks/CoreDaemon.framework/Versions/B/CoreDaemon
0x00000000079b4000 	/usr/lib/libcrypto.0.9.8.dylib
0x00000000079b4000 	/System/Library/PrivateFrameworks/TrustEvaluationAgent.framework/Versions/A/TrustEvaluationAgent
0x00000000079b4000 	/System/Library/Frameworks/Quartz.framework/Versions/A/Frameworks/QuartzComposer.framework/Versions/A/QuartzComposer
0x00000000079b4000 	/System/Library/Frameworks/Quartz.framework/Versions/A/Frameworks/PDFKit.framework/Versions/A/PDFKit
0x00000000079b4000 	/System/Library/Frameworks/Quartz.framework/Versions/A/Frameworks/QuartzFilters.framework/Versions/A/QuartzFilters
0x00000000079b4000 	/System/Library/Frameworks/Quartz.framework/Versions/A/Frameworks/ImageKit.framework/Versions/A/ImageKit
0x00000000079b4000 	/System/Library/PrivateFrameworks/AppleSystemInfo.framework/Versions/A/AppleSystemInfo
0x00000000079b4000 	/System/Library/PrivateFrameworks/CorePDF.framework/Versions/A/CorePDF
0x00000000079b4000 	/System/Library/PrivateFrameworks/DisplayServices.framework/Versions/A/DisplayServices
0x00000000079b4000 	/System/Library/Frameworks/ImageCaptureCore.framework/Versions/A/ImageCaptureCore
0x00000000079b4000 	/usr/lib/libsasl2.2.dylib
0x000000010040c000 	cl_kernels

VM Arguments:
jvm_args: -Dosgi.instance.area.default=@user.home/IDLWorkspace83 -Dosgi.configuration.area=@user.home/.idl/idlworkbench-config-idl8.3.0_x86_64 -Dosgi.configuration.cascaded=true -Dosgi.checkConfiguration=true -Dosgi.sharedConfiguration.area.readOnly=true -Dorg.eclipse.update.reconcile=false -Declipse.p2.data.area=@config.dir/p2 -XstartOnFirstThread -Xdock:icon=../Resources/idlde.icns -Dorg.eclipse.swt.internal.carbon.smallFonts -Dosgi.sharedConfiguration.area=../../../configuration.darwin.x86_64 -Xms128m -Xmx1024m 
java_command: <unknown>
Launcher Type: generic

Environment Variables:
CLASSPATH=.:/Applications/exelis/idl83/resource/bridges/export/java/javaidlb.jar
PATH=/Applications/exelis/idl83/bin:/opt/local/bin:/opt/local/sbin:/opt/local/bin:/opt/local/sbin:/opt/local/bin:/opt/local/sbin:/opt/local/bin:/opt/local/sbin:/usr/local/bin:/usr/bin:/bin:/usr/sbin:/sbin:/opt/X11/bin:/Applications/exelis/idl/bin:/opt/X11/bin:/Applications/exelis/idl/bin
LD_LIBRARY_PATH=/Applications/exelis/idl83/idlde/bin.darwin.x86_64/jre/lib/server:/Applications/exelis/idl83/idlde/bin.darwin.x86_64/jre/lib:
SHELL=/bin/tcsh
DISPLAY=/private/tmp/com.apple.launchd.6gkWlZKFCJ/org.macosforge.xquartz:0
HOSTTYPE=intel-mac
OSTYPE=darwin
MACHTYPE=x86_64
DYLD_LIBRARY_PATH=/Applications/exelis/idl83/idlde/bin.darwin.x86_64:/Applications/exelis/idl83/bin/bin.darwin.x86_64
DYLD_FALLBACK_LIBRARY_PATH=/Applications/exelis/idl83/idlde/bin.darwin.x86_64/jre/lib/server:/Applications/exelis/idl83/idlde/bin.darwin.x86_64/jre/lib:

Signal Handlers:
SIGSEGV: [libjvm.dylib+0x4a820f], sa_mask[0]=0xfffefeff, sa_flags=0x00000042
SIGBUS: [libjvm.dylib+0x4a820f], sa_mask[0]=0xfffefeff, sa_flags=0x00000042
SIGFPE: [libjvm.dylib+0x3b7495], sa_mask[0]=0xfffefeff, sa_flags=0x00000042
SIGPIPE: SIG_IGN, sa_mask[0]=0x00000000, sa_flags=0x00000002
SIGXFSZ: [libjvm.dylib+0x3b7495], sa_mask[0]=0xfffefeff, sa_flags=0x00000042
SIGILL: [libjvm.dylib+0x3b7495], sa_mask[0]=0xfffefeff, sa_flags=0x00000042
SIGUSR1: SIG_DFL, sa_mask[0]=0x00000000, sa_flags=0x00000000
SIGUSR2: [libjvm.dylib+0x3b702e], sa_mask[0]=0x00000000, sa_flags=0x00000042
SIGHUP: [libjvm.dylib+0x3b528f], sa_mask[0]=0xfffefeff, sa_flags=0x00000042
SIGINT: [libidl.8.3.dylib+0x483ae0], sa_mask[0]=0x00000000, sa_flags=0x00000002
SIGTERM: [libjvm.dylib+0x3b528f], sa_mask[0]=0xfffefeff, sa_flags=0x00000042
SIGQUIT: [libjvm.dylib+0x3b528f], sa_mask[0]=0xfffefeff, sa_flags=0x00000042


---------------  S Y S T E M  ---------------

OS:Bsduname:Darwin 14.5.0 Darwin Kernel Version 14.5.0: Wed Jul 29 02:26:53 PDT 2015; root:xnu-2782.40.9~1/RELEASE_X86_64 x86_64
rlimit: STACK 8192k, CORE 0k, NPROC 709, NOFILE 1024, AS infinity
load average:1.19 1.52 1.56

CPU:total 4 (4 cores per cpu, 1 threads per core) family 6 model 42 stepping 7, cmov, cx8, fxsr, mmx, sse, sse2, sse3, ssse3, sse4.1, sse4.2, popcnt, avx, tsc, tscinvbit

Memory: 4k page, physical 201348860k(50337215k free)

/proc/meminfo:


vm_info: Java HotSpot(TM) 64-Bit Server VM (23.25-b01) for bsd-amd64 JRE (1.7.0_25-b15), built on Jun  5 2013 22:26:36 by "java_re" with gcc 4.2.1 (Based on Apple Inc. build 5658) (LLVM build 2336.11.00)

time: Mon Nov  9 13:24:00 2015
elapsed time: 586 seconds

