#
# A fatal error has been detected by the Java Runtime Environment:
#
#  SIGSEGV (0xb) at pc=0x00007fff95db5752, pid=48323, tid=41731
#
# JRE version: 7.0_25-b15
# Java VM: Java HotSpot(TM) 64-Bit Server VM (23.25-b01 mixed mode bsd-amd64 compressed oops)
# Problematic frame:
# C  [libsystem_platform.dylib+0x1752]  longjmp+0x2
#
# Failed to write core dump. Core dumps have been disabled. To enable core dumping, try "ulimit -c unlimited" before starting Java again
#
# If you would like to submit a bug report, please visit:
#   http://bugreport.sun.com/bugreport/crash.jsp
# The crash happened outside the Java Virtual Machine in native code.
# See problematic frame for where to report the bug.
#

---------------  T H R E A D  ---------------

Current thread (0x0000000104256000):  JavaThread "IDL" [_thread_in_native, id=41731, stack(0x0000000112b73000,0x0000000112c73000)]

siginfo:si_signo=SIGSEGV: si_errno=0, si_code=1 (SEGV_MAPERR), si_addr=0x0000000000000050

Registers:
RAX=0x0000000000000001, RBX=0x0000000000000000, RCX=0x0000000000000000, RDX=0x0000000112260d08
RSP=0x0000000112c720a8, RBP=0x0000000112c721c0, RSI=0x0000000000000002, RDI=0x0000000000000000
R8 =0x0000000112c72030, R9 =0x0000000000000001, R10=0x0000000106382d10, R11=0x000000010678fd18
R12=0x00000001047f1008, R13=0x0000000000000000, R14=0x00000001136c8e10, R15=0x00000001047f19e8
RIP=0x00007fff95db5752, EFLAGS=0x0000000000010202, ERR=0x0000000000000004
  TRAPNO=0x000000000000000e

Top of Stack: (sp=0x0000000112c720a8)
0x0000000112c720a8:   0000000000000002 0000000000000000
0x0000000112c720b8:   000000011310dbe7 000000010000002c
0x0000000112c720c8:   0000000000000001 0000000000000000
0x0000000112c720d8:   fffffffffffffffe 0000000000000002
0x0000000112c720e8:   0000000112c720f0 0000000112c72080
0x0000000112c720f8:   00000001011a3215 0000000000000000
0x0000000112c72108:   0000002c05ecd390 00000001136c8e30
0x0000000112c72118:   00000001132d2ec5 0000000012c72250
0x0000000112c72128:   0000000100000001 00000000006a3f70
0x0000000112c72138:   01000000fffffbf7 fffffffffffffffe
0x0000000112c72148:   0000000000000002 00000001182e7718
0x0000000112c72158:   00000001182e7778 0000000112217be8
0x0000000112c72168:   0000000100000000 0000000100000000
0x0000000112c72178:   0000000000000001 0000000102591c10
0x0000000112c72188:   0000000200000002 000000000000002c
0x0000000112c72198:   00000001132d2ec5 0000000131716fc6
0x0000000112c721a8:   0000000100000001 00000001136c8e10
0x0000000112c721b8:   00000002047f19e8 0000000112c72250
0x0000000112c721c8:   000000011310f101 0000000100000000
0x0000000112c721d8:   0000000112c723f0 0000000100000000
0x0000000112c721e8:   0000000000000000 00000001136c8e10
0x0000000112c721f8:   000000010446a9d8 00000001136c8e10
0x0000000112c72208:   0000000000000000 000000000413f7c0
0x0000000112c72218:   0000000112c723f0 0000000000000000
0x0000000112c72228:   0000000000000002 ffffff6100000000
0x0000000112c72238:   0000000000000000 0000000112c723f0
0x0000000112c72248:   000000000000009e 0000000112c72430
0x0000000112c72258:   000000011310fb2a 0000000100000000
0x0000000112c72268:   0000000112c723f0 0000000100000000
0x0000000112c72278:   0000000000000000 0000000000000000
0x0000000112c72288:   0000000000000000 0000000112c723f0
0x0000000112c72298:   0000000000d8ed40 0000000200000000 

Instructions: (pc=0x00007fff95db5752)
0x00007fff95db5732:   47 58 48 83 c4 28 e9 43 00 00 00 0f 1f 00 83 7f
0x00007fff95db5742:   54 00 0f 85 06 00 00 00 e9 2b 00 00 00 90 57 56
0x00007fff95db5752:   ff 77 50 48 c7 c7 03 00 00 00 48 89 e6 48 31 d2
0x00007fff95db5762:   e8 f5 4d 00 00 48 8b 7c 24 10 8b 7f 58 e8 73 37 

Register to memory mapping:

RAX=0x0000000000000001 is an unknown value
RBX=0x0000000000000000 is an unknown value
RCX=0x0000000000000000 is an unknown value
RDX=0x0000000112260d08 is an unknown value
RSP=0x0000000112c720a8 is pointing into the stack for thread: 0x0000000104256000
RBP=0x0000000112c721c0 is pointing into the stack for thread: 0x0000000104256000
RSI=0x0000000000000002 is an unknown value
RDI=0x0000000000000000 is an unknown value
R8 =0x0000000112c72030 is pointing into the stack for thread: 0x0000000104256000
R9 =0x0000000000000001 is an unknown value
R10=0x0000000106382d10: _ZN19TemplateInterpreter13_active_tableE+0x4000 in /Applications/exelis/idl83/idlde/bin.darwin.x86_64/jre/lib/server/libjvm.dylib at 0x0000000105c43000
R11=0x000000010678fb90 [CodeBlob (0x000000010678fb90)]
Framesize: 10
R12=0x00000001047f1008 is an unknown value
R13=0x0000000000000000 is an unknown value
R14=0x00000001136c8e10: output_message.default_errstate+0 in /Applications/exelis/idl83/bin/bin.darwin.x86_64/libidl.8.3.dylib at 0x0000000112c75000
R15=0x00000001047f19e8 is an unknown value


Stack: [0x0000000112b73000,0x0000000112c73000],  sp=0x0000000112c720a8,  free space=1020k
Native frames: (J=compiled Java code, j=interpreted, Vv=VM code, C=native code)
C  [libsystem_platform.dylib+0x1752]  longjmp+0x2
C  [libidl.8.3.dylib+0x49a101]  output_message+0xb1
C  [libidl.8.3.dylib+0x49ab2a]  IDL_MessageSyscode2+0x1aa
C  [libidl.8.3.dylib+0x3419d2]  IDL_Delvar+0xb2
C  [libidl.8.3.dylib+0x351f58]  return_user_proc+0x218
C  [libidl.8.3.dylib+0x35215e]  return_all+0x5e
C  [libidl.8.3.dylib+0x4c463b]  IDL_Executive+0xbfb
C  [libidl_ips.8.3.dylib+0x98d4]  ips_main+0x284
C  [libidl_ips.8.3.dylib+0xab0c]  IPS_RunClient+0x3c
C  [libidl_ips.8.3.dylib+0x155d3]  IPS_Start+0x13
C  [libidl_ips.8.3.dylib+0xe64]  Java_com_rsi_idldt_core_ips_IPS_1Access_IPS_1Start+0x204
j  com.rsi.idldt.core.ips.IPS_Access.IPS_Start([Ljava/lang/String;)V+0
j  com.rsi.idldt.core.ips.IPS_Manager$2.run()V+15
j  java.lang.Thread.run()V+11
v  ~StubRoutines::call_stub
V  [libjvm.dylib+0x28a5c3]
V  [libjvm.dylib+0x28aaa2]
V  [libjvm.dylib+0x28abdc]
V  [libjvm.dylib+0x2c1868]
V  [libjvm.dylib+0x47cbd8]
V  [libjvm.dylib+0x47e0ca]
V  [libjvm.dylib+0x3b95f9]
C  [libsystem_pthread.dylib+0x405a]  _pthread_body+0x83
C  [libsystem_pthread.dylib+0x3fd7]  _pthread_body+0x0
C  [libsystem_pthread.dylib+0x13ed]  thread_start+0xd

Java frames: (J=compiled Java code, j=interpreted, Vv=VM code)
j  com.rsi.idldt.core.ips.IPS_Access.IPS_Start([Ljava/lang/String;)V+0
j  com.rsi.idldt.core.ips.IPS_Manager$2.run()V+15
j  java.lang.Thread.run()V+11
v  ~StubRoutines::call_stub

---------------  P R O C E S S  ---------------

Java Threads: ( => current thread )
  0x0000000104602800 JavaThread "Thread-91" [_thread_in_Java, id=110343, stack(0x000000011e201000,0x000000011e301000)]
  0x000000011649b000 JavaThread "Worker-33" [_thread_blocked, id=98067, stack(0x000000011dfe4000,0x000000011e0e4000)]
  0x00000001160f4000 JavaThread "Worker-32" [_thread_blocked, id=97811, stack(0x000000011dee1000,0x000000011dfe1000)]
  0x0000000119183800 JavaThread "Worker-31" [_thread_blocked, id=96023, stack(0x000000011da01000,0x000000011db01000)]
  0x00000001161de800 JavaThread "Worker-30" [_thread_blocked, id=95251, stack(0x000000011ab04000,0x000000011ac04000)]
  0x00000001190f9800 JavaThread "Worker-29" [_thread_blocked, id=94851, stack(0x0000000115419000,0x0000000115519000)]
  0x0000000119180800 JavaThread "Worker-28" [_thread_blocked, id=89675, stack(0x00000001140ef000,0x00000001141ef000)]
  0x000000011950b800 JavaThread "Worker-27" [_thread_blocked, id=87587, stack(0x0000000111d01000,0x0000000111e01000)]
  0x00000001182da800 JavaThread "Worker-24" [_thread_blocked, id=89863, stack(0x0000000115b01000,0x0000000115c01000)]
  0x00000001182c2000 JavaThread "HighTraffic" [_thread_blocked, id=35107, stack(0x0000000119ac0000,0x0000000119bc0000)]
  0x00000001041ca000 JavaThread "[ThreadPool Manager] - Idle Thread" daemon [_thread_blocked, id=67339, stack(0x0000000115d07000,0x0000000115e07000)]
  0x0000000102039000 JavaThread "Timer-2" daemon [_thread_blocked, id=60423, stack(0x0000000117643000,0x0000000117743000)]
  0x0000000100bc1000 JavaThread "Timer-1" daemon [_thread_blocked, id=60015, stack(0x00000001174b9000,0x00000001175b9000)]
  0x0000000101660800 JavaThread "Thread-12" [_thread_in_native, id=59651, stack(0x0000000116904000,0x0000000116a04000)]
  0x0000000100b7e000 JavaThread "IDLDT DOM Worker-3" [_thread_blocked, id=58115, stack(0x0000000116d1a000,0x0000000116e1a000)]
  0x0000000100c68000 JavaThread "IDLDT DOM Worker-2" [_thread_blocked, id=57859, stack(0x0000000116c17000,0x0000000116d17000)]
  0x0000000100d8a800 JavaThread "IDLDT DOM Worker-1" [_thread_blocked, id=57603, stack(0x0000000116b14000,0x0000000116c14000)]
  0x0000000100af0800 JavaThread "IDLDT DOM Worker-0" [_thread_blocked, id=57347, stack(0x0000000116a11000,0x0000000116b11000)]
  0x0000000100c73800 JavaThread "Timer-0" daemon [_thread_blocked, id=57203, stack(0x0000000116801000,0x0000000116901000)]
=>0x0000000104256000 JavaThread "IDL" [_thread_in_native, id=41731, stack(0x0000000112b73000,0x0000000112c73000)]
  0x0000000104271000 JavaThread "IDLToJava Broker" daemon [_thread_blocked, id=41479, stack(0x0000000112a70000,0x0000000112b70000)]
  0x0000000102255800 JavaThread "Provisioning Event Dispatcher" daemon [_thread_blocked, id=39175, stack(0x0000000111e04000,0x0000000111f04000)]
  0x0000000100937000 JavaThread "Bundle File Closer" daemon [_thread_blocked, id=38659, stack(0x0000000111a47000,0x0000000111b47000)]
  0x000000010422c000 JavaThread "Worker-JM" [_thread_blocked, id=38403, stack(0x000000011183f000,0x000000011193f000)]
  0x00000001041a1800 JavaThread "[Timer] - Main Queue Handler" daemon [_thread_blocked, id=38147, stack(0x0000000111704000,0x0000000111804000)]
  0x0000000102110000 JavaThread "Framework Event Dispatcher" daemon [_thread_blocked, id=36891, stack(0x0000000111428000,0x0000000111528000)]
  0x000000010109b800 JavaThread "Start Level Event Dispatcher" daemon [_thread_blocked, id=35843, stack(0x0000000111236000,0x0000000111336000)]
  0x00000001020f1000 JavaThread "State Data Manager" daemon [_thread_blocked, id=35347, stack(0x0000000111133000,0x0000000111233000)]
  0x0000000100931800 JavaThread "Framework Active Thread" [_thread_blocked, id=35619, stack(0x0000000111030000,0x0000000111130000)]
  0x000000010202c000 JavaThread "Service Thread" daemon [_thread_blocked, id=22787, stack(0x000000010e2fa000,0x000000010e3fa000)]
  0x000000010202b000 JavaThread "C2 CompilerThread1" daemon [_thread_blocked, id=22531, stack(0x000000010e1f7000,0x000000010e2f7000)]
  0x0000000102029800 JavaThread "C2 CompilerThread0" daemon [_thread_blocked, id=22275, stack(0x000000010e0f4000,0x000000010e1f4000)]
  0x0000000102028800 JavaThread "Signal Dispatcher" daemon [_thread_blocked, id=21771, stack(0x000000010dff1000,0x000000010e0f1000)]
  0x000000010084b800 JavaThread "Finalizer" daemon [_thread_blocked, id=21251, stack(0x000000010dea8000,0x000000010dfa8000)]
  0x000000010084b000 JavaThread "Reference Handler" daemon [_thread_blocked, id=20995, stack(0x000000010dda5000,0x000000010dea5000)]
  0x000000010100c800 JavaThread "main" [_thread_in_native, id=1299, stack(0x00007fff5fb80000,0x00007fff5fc00000)]

Other Threads:
  0x0000000100848000 VMThread [stack: 0x000000010dca2000,0x000000010dda2000] [id=20739]
  0x0000000102022000 WatcherThread [stack: 0x000000010e3fd000,0x000000010e4fd000] [id=23043]

VM state:not at safepoint (normal execution)

VM Mutex/Monitor currently owned by a thread: None

Heap
 PSYoungGen      total 345728K, used 130199K [0x00000007eaab0000, 0x0000000800000000, 0x0000000800000000)
  eden space 342976K, 37% used [0x00000007eaab0000,0x00000007f29d5c48,0x00000007ff9a0000)
  from space 2752K, 0% used [0x00000007ff9a0000,0x00000007ff9a0000,0x00000007ffc50000)
  to   space 3776K, 0% used [0x00000007ffc50000,0x00000007ffc50000,0x0000000800000000)
 ParOldGen       total 133504K, used 45252K [0x00000007c0000000, 0x00000007c8260000, 0x00000007eaab0000)
  object space 133504K, 33% used [0x00000007c0000000,0x00000007c2c31110,0x00000007c8260000)
 PSPermGen       total 51776K, used 51603K [0x00000007bae00000, 0x00000007be090000, 0x00000007c0000000)
  object space 51776K, 99% used [0x00000007bae00000,0x00000007be064cd8,0x00000007be090000)

Card table byte_map: [0x00000001097ac000,0x00000001099d6000] byte_map_base: 0x00000001059d5000

Polling page: 0x00000001000ff000

Code Cache  [0x00000001066ec000, 0x0000000106d4c000, 0x00000001096ec000)
 total_blobs=2284 nmethods=1747 adapters=487 free_code_cache=42746Kb largest_free_block=43673280

Compilation events (10 events):
Event: 3268.043 Thread 0x0000000102029800 1958   !         org.eclipse.ui.internal.services.EvaluationAuthority::sourceChanged (157 bytes)
Event: 3268.067 Thread 0x0000000102029800 nmethod 1958 0x0000000106ce3fd0 code [0x0000000106ce4280, 0x0000000106ce5248]
Event: 3268.112 Thread 0x000000010202b000 1959             org.eclipse.core.commands.operations.DefaultOperationHistory::notifyListeners (76 bytes)
Event: 3268.117 Thread 0x000000010202b000 nmethod 1959 0x0000000106d0ec10 code [0x0000000106d0edc0, 0x0000000106d0f208]
Event: 3268.650 Thread 0x0000000102029800 1960             java.util.regex.Pattern$Curly::match (86 bytes)
Event: 3268.652 Thread 0x0000000102029800 nmethod 1960 0x0000000106cfdb50 code [0x0000000106cfdcc0, 0x0000000106cfde48]
Event: 3268.695 Thread 0x000000010202b000 1961             org.eclipse.swt.widgets.Tree::clearAll (78 bytes)
Event: 3268.706 Thread 0x000000010202b000 nmethod 1961 0x0000000106c0ab10 code [0x0000000106c0ad00, 0x0000000106c0b560]
Event: 3274.504 Thread 0x0000000102029800 1962   !         org.eclipse.jface.bindings.BindingManager::createFilteredContextTreeFor (307 bytes)
Event: 3274.535 Thread 0x0000000102029800 nmethod 1962 0x0000000106d42850 code [0x0000000106d42b60, 0x0000000106d445a0]

GC Heap History (10 events):
Event: 3154.188 GC heap before
{Heap before GC invocations=115 (full 52):
 PSYoungGen      total 290752K, used 289344K [0x00000007eaab0000, 0x00000007fc840000, 0x0000000800000000)
  eden space 289344K, 100% used [0x00000007eaab0000,0x00000007fc540000,0x00000007fc540000)
  from space 1408K, 0% used [0x00000007fc6e0000,0x00000007fc6e0000,0x00000007fc840000)
  to   space 1536K, 0% used [0x00000007fc540000,0x00000007fc540000,0x00000007fc6c0000)
 ParOldGen       total 133504K, used 44632K [0x00000007c0000000, 0x00000007c8260000, 0x00000007eaab0000)
  object space 133504K, 33% used [0x00000007c0000000,0x00000007c2b96308,0x00000007c8260000)
 PSPermGen       total 51648K, used 51526K [0x00000007bae00000, 0x00000007be070000, 0x00000007c0000000)
  object space 51648K, 99% used [0x00000007bae00000,0x00000007be051af8,0x00000007be070000)
Event: 3154.192 GC heap after
Heap after GC invocations=115 (full 52):
 PSYoungGen      total 290880K, used 1514K [0x00000007eaab0000, 0x0000000800000000, 0x0000000800000000)
  eden space 289344K, 0% used [0x00000007eaab0000,0x00000007eaab0000,0x00000007fc540000)
  from space 1536K, 98% used [0x00000007fc540000,0x00000007fc6ba968,0x00000007fc6c0000)
  to   space 2496K, 0% used [0x00000007ffd90000,0x00000007ffd90000,0x0000000800000000)
 ParOldGen       total 133504K, used 46221K [0x00000007c0000000, 0x00000007c8260000, 0x00000007eaab0000)
  object space 133504K, 34% used [0x00000007c0000000,0x00000007c2d23440,0x00000007c8260000)
 PSPermGen       total 51648K, used 51526K [0x00000007bae00000, 0x00000007be070000, 0x00000007c0000000)
  object space 51648K, 99% used [0x00000007bae00000,0x00000007be051af8,0x00000007be070000)
}
Event: 3179.749 GC heap before
{Heap before GC invocations=116 (full 52):
 PSYoungGen      total 290880K, used 225582K [0x00000007eaab0000, 0x0000000800000000, 0x0000000800000000)
  eden space 289344K, 77% used [0x00000007eaab0000,0x00000007f8581210,0x00000007fc540000)
  from space 1536K, 98% used [0x00000007fc540000,0x00000007fc6ba968,0x00000007fc6c0000)
  to   space 2496K, 0% used [0x00000007ffd90000,0x00000007ffd90000,0x0000000800000000)
 ParOldGen       total 133504K, used 46221K [0x00000007c0000000, 0x00000007c8260000, 0x00000007eaab0000)
  object space 133504K, 34% used [0x00000007c0000000,0x00000007c2d23440,0x00000007c8260000)
 PSPermGen       total 51648K, used 51542K [0x00000007bae00000, 0x00000007be070000, 0x00000007c0000000)
  object space 51648K, 99% used [0x00000007bae00000,0x00000007be055a30,0x00000007be070000)
Event: 3179.753 GC heap after
Heap after GC invocations=116 (full 52):
 PSYoungGen      total 345472K, used 2464K [0x00000007eaab0000, 0x0000000800000000, 0x0000000800000000)
  eden space 342976K, 0% used [0x00000007eaab0000,0x00000007eaab0000,0x00000007ff9a0000)
  from space 2496K, 98% used [0x00000007ffd90000,0x00000007ffff8338,0x0000000800000000)
  to   space 3264K, 0% used [0x00000007ff9a0000,0x00000007ff9a0000,0x00000007ffcd0000)
 ParOldGen       total 133504K, used 46929K [0x00000007c0000000, 0x00000007c8260000, 0x00000007eaab0000)
  object space 133504K, 35% used [0x00000007c0000000,0x00000007c2dd4490,0x00000007c8260000)
 PSPermGen       total 51648K, used 51542K [0x00000007bae00000, 0x00000007be070000, 0x00000007c0000000)
  object space 51648K, 99% used [0x00000007bae00000,0x00000007be055a30,0x00000007be070000)
}
Event: 3179.753 GC heap before
{Heap before GC invocations=117 (full 53):
 PSYoungGen      total 345472K, used 2464K [0x00000007eaab0000, 0x0000000800000000, 0x0000000800000000)
  eden space 342976K, 0% used [0x00000007eaab0000,0x00000007eaab0000,0x00000007ff9a0000)
  from space 2496K, 98% used [0x00000007ffd90000,0x00000007ffff8338,0x0000000800000000)
  to   space 3264K, 0% used [0x00000007ff9a0000,0x00000007ff9a0000,0x00000007ffcd0000)
 ParOldGen       total 133504K, used 46929K [0x00000007c0000000, 0x00000007c8260000, 0x00000007eaab0000)
  object space 133504K, 35% used [0x00000007c0000000,0x00000007c2dd4490,0x00000007c8260000)
 PSPermGen       total 51648K, used 51542K [0x00000007bae00000, 0x00000007be070000, 0x00000007c0000000)
  object space 51648K, 99% used [0x00000007bae00000,0x00000007be055a30,0x00000007be070000)
Event: 3179.884 GC heap after
Heap after GC invocations=117 (full 53):
 PSYoungGen      total 345472K, used 0K [0x00000007eaab0000, 0x0000000800000000, 0x0000000800000000)
  eden space 342976K, 0% used [0x00000007eaab0000,0x00000007eaab0000,0x00000007ff9a0000)
  from space 2496K, 0% used [0x00000007ffd90000,0x00000007ffd90000,0x0000000800000000)
  to   space 3264K, 0% used [0x00000007ff9a0000,0x00000007ff9a0000,0x00000007ffcd0000)
 ParOldGen       total 133504K, used 44989K [0x00000007c0000000, 0x00000007c8260000, 0x00000007eaab0000)
  object space 133504K, 33% used [0x00000007c0000000,0x00000007c2bef7e0,0x00000007c8260000)
 PSPermGen       total 51712K, used 51540K [0x00000007bae00000, 0x00000007be080000, 0x00000007c0000000)
  object space 51712K, 99% used [0x00000007bae00000,0x00000007be0553f0,0x00000007be080000)
}
Event: 3239.750 GC heap before
{Heap before GC invocations=118 (full 53):
 PSYoungGen      total 345472K, used 206853K [0x00000007eaab0000, 0x0000000800000000, 0x0000000800000000)
  eden space 342976K, 60% used [0x00000007eaab0000,0x00000007f74b1550,0x00000007ff9a0000)
  from space 2496K, 0% used [0x00000007ffd90000,0x00000007ffd90000,0x0000000800000000)
  to   space 3264K, 0% used [0x00000007ff9a0000,0x00000007ff9a0000,0x00000007ffcd0000)
 ParOldGen       total 133504K, used 44989K [0x00000007c0000000, 0x00000007c8260000, 0x00000007eaab0000)
  object space 133504K, 33% used [0x00000007c0000000,0x00000007c2bef7e0,0x00000007c8260000)
 PSPermGen       total 51712K, used 51590K [0x00000007bae00000, 0x00000007be080000, 0x00000007c0000000)
  object space 51712K, 99% used [0x00000007bae00000,0x00000007be061b20,0x00000007be080000)
Event: 3239.754 GC heap after
Heap after GC invocations=118 (full 53):
 PSYoungGen      total 345728K, used 2727K [0x00000007eaab0000, 0x0000000800000000, 0x0000000800000000)
  eden space 342976K, 0% used [0x00000007eaab0000,0x00000007eaab0000,0x00000007ff9a0000)
  from space 2752K, 99% used [0x00000007ff9a0000,0x00000007ffc49ee8,0x00000007ffc50000)
  to   space 3776K, 0% used [0x00000007ffc50000,0x00000007ffc50000,0x0000000800000000)
 ParOldGen       total 133504K, used 44989K [0x00000007c0000000, 0x00000007c8260000, 0x00000007eaab0000)
  object space 133504K, 33% used [0x00000007c0000000,0x00000007c2bef7e0,0x00000007c8260000)
 PSPermGen       total 51712K, used 51590K [0x00000007bae00000, 0x00000007be080000, 0x00000007c0000000)
  object space 51712K, 99% used [0x00000007bae00000,0x00000007be061b20,0x00000007be080000)
}
Event: 3239.754 GC heap before
{Heap before GC invocations=119 (full 54):
 PSYoungGen      total 345728K, used 2727K [0x00000007eaab0000, 0x0000000800000000, 0x0000000800000000)
  eden space 342976K, 0% used [0x00000007eaab0000,0x00000007eaab0000,0x00000007ff9a0000)
  from space 2752K, 99% used [0x00000007ff9a0000,0x00000007ffc49ee8,0x00000007ffc50000)
  to   space 3776K, 0% used [0x00000007ffc50000,0x00000007ffc50000,0x0000000800000000)
 ParOldGen       total 133504K, used 44989K [0x00000007c0000000, 0x00000007c8260000, 0x00000007eaab0000)
  object space 133504K, 33% used [0x00000007c0000000,0x00000007c2bef7e0,0x00000007c8260000)
 PSPermGen       total 51712K, used 51590K [0x00000007bae00000, 0x00000007be080000, 0x00000007c0000000)
  object space 51712K, 99% used [0x00000007bae00000,0x00000007be061b20,0x00000007be080000)
Event: 3239.875 GC heap after
Heap after GC invocations=119 (full 54):
 PSYoungGen      total 345728K, used 0K [0x00000007eaab0000, 0x0000000800000000, 0x0000000800000000)
  eden space 342976K, 0% used [0x00000007eaab0000,0x00000007eaab0000,0x00000007ff9a0000)
  from space 2752K, 0% used [0x00000007ff9a0000,0x00000007ff9a0000,0x00000007ffc50000)
  to   space 3776K, 0% used [0x00000007ffc50000,0x00000007ffc50000,0x0000000800000000)
 ParOldGen       total 133504K, used 45252K [0x00000007c0000000, 0x00000007c8260000, 0x00000007eaab0000)
  object space 133504K, 33% used [0x00000007c0000000,0x00000007c2c31110,0x00000007c8260000)
 PSPermGen       total 51776K, used 51590K [0x00000007bae00000, 0x00000007be090000, 0x00000007c0000000)
  object space 51776K, 99% used [0x00000007bae00000,0x00000007be061b20,0x00000007be090000)
}

Deoptimization events (10 events):
Event: 3221.681 Thread 0x000000010100c800 Uncommon trap -34 fr.pc 0x0000000106b3db80
Event: 3221.681 Thread 0x000000010100c800 Uncommon trap -34 fr.pc 0x0000000106b3db80
Event: 3221.681 Thread 0x000000010100c800 Uncommon trap -34 fr.pc 0x0000000106b3db80
Event: 3226.844 Thread 0x000000010100c800 Uncommon trap -34 fr.pc 0x0000000106bde41c
Event: 3228.847 Thread 0x000000010100c800 Uncommon trap -58 fr.pc 0x0000000106837de4
Event: 3228.878 Thread 0x000000010100c800 Uncommon trap -12 fr.pc 0x0000000106d18438
Event: 3229.212 Thread 0x000000010100c800 Uncommon trap -58 fr.pc 0x0000000106837de4
Event: 3229.212 Thread 0x000000010100c800 Uncommon trap -58 fr.pc 0x0000000106837de4
Event: 3229.213 Thread 0x000000010100c800 Uncommon trap -58 fr.pc 0x0000000106837de4
Event: 3251.400 Thread 0x000000010100c800 Uncommon trap -83 fr.pc 0x000000010693e8fc

Internal exceptions (10 events):
Event: 3288.832 Thread 0x0000000119180800 Threw 0x00000007f2000a38 at /HUDSON/workspace/jdk7u25-2-build-macosx-amd64-product/jdk7u25/hotspot/src/share/vm/prims/nativeLookup.
Event: 3288.832 Thread 0x0000000119180800 Threw 0x00000007f2001218 at /HUDSON/workspace/jdk7u25-2-build-macosx-amd64-product/jdk7u25/hotspot/src/share/vm/prims/nativeLookup.
Event: 3288.832 Thread 0x0000000119180800 Threw 0x00000007f20019c8 at /HUDSON/workspace/jdk7u25-2-build-macosx-amd64-product/jdk7u25/hotspot/src/share/vm/prims/nativeLookup.
Event: 3293.812 Thread 0x000000010100c800 Threw 0x00000007f1f7ffa8 at /HUDSON/workspace/jdk7u25-2-build-macosx-amd64-product/jdk7u25/hotspot/src/share/vm/prims/nativeLookup.
Event: 3293.812 Thread 0x000000010100c800 Threw 0x00000007f1f80af8 at /HUDSON/workspace/jdk7u25-2-build-macosx-amd64-product/jdk7u25/hotspot/src/share/vm/prims/nativeLookup.
Event: 3293.812 Thread 0x000000010100c800 Threw 0x00000007f1f811b8 at /HUDSON/workspace/jdk7u25-2-build-macosx-amd64-product/jdk7u25/hotspot/src/share/vm/prims/nativeLookup.
Event: 3293.819 Thread 0x000000010100c800 Threw 0x00000007f2132d38 at /HUDSON/workspace/jdk7u25-2-build-macosx-amd64-product/jdk7u25/hotspot/src/share/vm/prims/nativeLookup.
Event: 3293.819 Thread 0x000000010100c800 Threw 0x00000007f2133678 at /HUDSON/workspace/jdk7u25-2-build-macosx-amd64-product/jdk7u25/hotspot/src/share/vm/prims/nativeLookup.
Event: 3293.819 Thread 0x000000010100c800 Threw 0x00000007f21360c0 at /HUDSON/workspace/jdk7u25-2-build-macosx-amd64-product/jdk7u25/hotspot/src/share/vm/prims/nativeLookup.
Event: 3293.833 Thread 0x0000000104256000 Threw 0x00000007f097d868 at /HUDSON/workspace/jdk7u25-2-build-macosx-amd64-product/jdk7u25/hotspot/src/share/vm/prims/nativeLookup.

Events (10 events):
Event: 3286.451 Thread 0x0000000104360000 Thread exited: 0x0000000104360000
Event: 3290.016 Thread 0x00000001182e9800 Thread added: 0x00000001182e9800
Event: 3290.016 Executing VM operation: RevokeBias
Event: 3290.017 Executing VM operation: RevokeBias done
Event: 3290.017 Thread 0x00000001182e9800 Thread exited: 0x00000001182e9800
Event: 3292.782 Thread 0x0000000104602800 Thread added: 0x0000000104602800
Event: 3292.782 Executing VM operation: RevokeBias
Event: 3292.782 Executing VM operation: RevokeBias done
Event: 3292.782 Thread 0x0000000104602800 Thread exited: 0x0000000104602800
Event: 3293.829 Thread 0x0000000104602800 Thread added: 0x0000000104602800


Dynamic libraries:
0x0000000009399000 	/System/Library/Frameworks/Cocoa.framework/Versions/A/Cocoa
0x0000000009399000 	/usr/lib/libSystem.B.dylib
0x0000000009399000 	/System/Library/Frameworks/CoreServices.framework/Versions/A/CoreServices
0x0000000009399000 	/usr/lib/libobjc.A.dylib
0x0000000009399000 	/System/Library/Frameworks/CoreFoundation.framework/Versions/A/CoreFoundation
0x0000000009399000 	/System/Library/Frameworks/AppKit.framework/Versions/C/AppKit
0x0000000009399000 	/System/Library/Frameworks/ApplicationServices.framework/Versions/A/ApplicationServices
0x0000000009399000 	/System/Library/Frameworks/Foundation.framework/Versions/C/Foundation
0x0000000009399000 	/System/Library/Frameworks/CoreData.framework/Versions/A/CoreData
0x0000000009399000 	/System/Library/PrivateFrameworks/RemoteViewServices.framework/Versions/A/RemoteViewServices
0x0000000009399000 	/System/Library/PrivateFrameworks/UIFoundation.framework/Versions/A/UIFoundation
0x0000000009399000 	/System/Library/Frameworks/IOSurface.framework/Versions/A/IOSurface
0x0000000009399000 	/System/Library/Frameworks/AudioToolbox.framework/Versions/A/AudioToolbox
0x0000000009399000 	/System/Library/Frameworks/AudioUnit.framework/Versions/A/AudioUnit
0x0000000009399000 	/System/Library/PrivateFrameworks/DataDetectorsCore.framework/Versions/A/DataDetectorsCore
0x0000000009399000 	/System/Library/PrivateFrameworks/DesktopServicesPriv.framework/Versions/A/DesktopServicesPriv
0x0000000009399000 	/System/Library/Frameworks/Carbon.framework/Versions/A/Frameworks/HIToolbox.framework/Versions/A/HIToolbox
0x0000000009399000 	/System/Library/Frameworks/QuartzCore.framework/Versions/A/QuartzCore
0x0000000009399000 	/System/Library/Frameworks/Security.framework/Versions/A/Security
0x0000000009399000 	/System/Library/Frameworks/Carbon.framework/Versions/A/Frameworks/SpeechRecognition.framework/Versions/A/SpeechRecognition
0x0000000009399000 	/usr/lib/libauto.dylib
0x0000000009399000 	/usr/lib/libicucore.A.dylib
0x0000000009399000 	/usr/lib/libxml2.2.dylib
0x0000000009399000 	/usr/lib/libz.1.dylib
0x0000000009399000 	/System/Library/PrivateFrameworks/CoreUI.framework/Versions/A/CoreUI
0x0000000009399000 	/System/Library/Frameworks/CoreAudio.framework/Versions/A/CoreAudio
0x0000000009399000 	/System/Library/Frameworks/DiskArbitration.framework/Versions/A/DiskArbitration
0x0000000009399000 	/usr/lib/liblangid.dylib
0x0000000009399000 	/System/Library/PrivateFrameworks/MultitouchSupport.framework/Versions/A/MultitouchSupport
0x0000000009399000 	/System/Library/Frameworks/IOKit.framework/Versions/A/IOKit
0x0000000009399000 	/usr/lib/libDiagnosticMessagesClient.dylib
0x0000000009399000 	/System/Library/PrivateFrameworks/PerformanceAnalysis.framework/Versions/A/PerformanceAnalysis
0x0000000009399000 	/System/Library/PrivateFrameworks/GenerationalStorage.framework/Versions/A/GenerationalStorage
0x0000000009399000 	/System/Library/Frameworks/OpenGL.framework/Versions/A/OpenGL
0x0000000009399000 	/System/Library/PrivateFrameworks/Sharing.framework/Versions/A/Sharing
0x0000000009399000 	/System/Library/Frameworks/CoreGraphics.framework/Versions/A/CoreGraphics
0x0000000009399000 	/System/Library/Frameworks/CoreText.framework/Versions/A/CoreText
0x0000000009399000 	/System/Library/Frameworks/ImageIO.framework/Versions/A/ImageIO
0x0000000009399000 	/usr/lib/libextension.dylib
0x0000000009399000 	/System/Library/PrivateFrameworks/Backup.framework/Versions/A/Backup
0x0000000009399000 	/usr/lib/libarchive.2.dylib
0x0000000009399000 	/System/Library/Frameworks/CFNetwork.framework/Versions/A/CFNetwork
0x0000000009399000 	/System/Library/Frameworks/SystemConfiguration.framework/Versions/A/SystemConfiguration
0x0000000009399000 	/usr/lib/libCRFSuite.dylib
0x0000000009399000 	/usr/lib/libc++.1.dylib
0x0000000009399000 	/usr/lib/libc++abi.dylib
0x0000000009399000 	/usr/lib/system/libcache.dylib
0x0000000009399000 	/usr/lib/system/libcommonCrypto.dylib
0x0000000009399000 	/usr/lib/system/libcompiler_rt.dylib
0x0000000009399000 	/usr/lib/system/libcopyfile.dylib
0x0000000009399000 	/usr/lib/system/libcorecrypto.dylib
0x0000000009399000 	/usr/lib/system/libdispatch.dylib
0x0000000009399000 	/usr/lib/system/libdyld.dylib
0x0000000009399000 	/usr/lib/system/libkeymgr.dylib
0x0000000009399000 	/usr/lib/system/liblaunch.dylib
0x0000000009399000 	/usr/lib/system/libmacho.dylib
0x0000000009399000 	/usr/lib/system/libquarantine.dylib
0x0000000009399000 	/usr/lib/system/libremovefile.dylib
0x0000000009399000 	/usr/lib/system/libsystem_asl.dylib
0x0000000009399000 	/usr/lib/system/libsystem_blocks.dylib
0x0000000009399000 	/usr/lib/system/libsystem_c.dylib
0x0000000009399000 	/usr/lib/system/libsystem_configuration.dylib
0x0000000009399000 	/usr/lib/system/libsystem_coreservices.dylib
0x0000000009399000 	/usr/lib/system/libsystem_coretls.dylib
0x0000000009399000 	/usr/lib/system/libsystem_dnssd.dylib
0x0000000009399000 	/usr/lib/system/libsystem_info.dylib
0x0000000009399000 	/usr/lib/system/libsystem_kernel.dylib
0x0000000009399000 	/usr/lib/system/libsystem_m.dylib
0x0000000009399000 	/usr/lib/system/libsystem_malloc.dylib
0x0000000009399000 	/usr/lib/system/libsystem_network.dylib
0x0000000009399000 	/usr/lib/system/libsystem_networkextension.dylib
0x0000000009399000 	/usr/lib/system/libsystem_notify.dylib
0x0000000009399000 	/usr/lib/system/libsystem_platform.dylib
0x0000000009399000 	/usr/lib/system/libsystem_pthread.dylib
0x0000000009399000 	/usr/lib/system/libsystem_sandbox.dylib
0x0000000009399000 	/usr/lib/system/libsystem_secinit.dylib
0x0000000009399000 	/usr/lib/system/libsystem_stats.dylib
0x0000000009399000 	/usr/lib/system/libsystem_trace.dylib
0x0000000009399000 	/usr/lib/system/libunc.dylib
0x0000000009399000 	/usr/lib/system/libunwind.dylib
0x0000000009399000 	/usr/lib/system/libxpc.dylib
0x0000000009399000 	/usr/lib/libbz2.1.0.dylib
0x0000000009399000 	/usr/lib/liblzma.5.dylib
0x0000000009399000 	/usr/lib/libbsm.0.dylib
0x0000000009399000 	/usr/lib/libsqlite3.dylib
0x0000000009399000 	/usr/lib/system/libkxld.dylib
0x0000000009399000 	/usr/lib/libxar.1.dylib
0x0000000009399000 	/usr/lib/libpam.2.dylib
0x0000000009399000 	/usr/lib/libOpenScriptingUtil.dylib
0x0000000009399000 	/System/Library/Frameworks/CoreServices.framework/Versions/A/Frameworks/FSEvents.framework/Versions/A/FSEvents
0x0000000009399000 	/System/Library/Frameworks/CoreServices.framework/Versions/A/Frameworks/CarbonCore.framework/Versions/A/CarbonCore
0x0000000009399000 	/System/Library/Frameworks/CoreServices.framework/Versions/A/Frameworks/Metadata.framework/Versions/A/Metadata
0x0000000009399000 	/System/Library/Frameworks/CoreServices.framework/Versions/A/Frameworks/OSServices.framework/Versions/A/OSServices
0x0000000009399000 	/System/Library/Frameworks/CoreServices.framework/Versions/A/Frameworks/SearchKit.framework/Versions/A/SearchKit
0x0000000009399000 	/System/Library/Frameworks/CoreServices.framework/Versions/A/Frameworks/AE.framework/Versions/A/AE
0x0000000009399000 	/System/Library/Frameworks/CoreServices.framework/Versions/A/Frameworks/LaunchServices.framework/Versions/A/LaunchServices
0x0000000009399000 	/System/Library/Frameworks/CoreServices.framework/Versions/A/Frameworks/DictionaryServices.framework/Versions/A/DictionaryServices
0x0000000009399000 	/System/Library/Frameworks/NetFS.framework/Versions/A/NetFS
0x0000000009399000 	/System/Library/PrivateFrameworks/NetAuth.framework/Versions/A/NetAuth
0x0000000009399000 	/System/Library/PrivateFrameworks/login.framework/Versions/A/Frameworks/loginsupport.framework/Versions/A/loginsupport
0x0000000009399000 	/System/Library/PrivateFrameworks/TCC.framework/Versions/A/TCC
0x0000000009399000 	/usr/lib/libmecabra.dylib
0x0000000009399000 	/System/Library/Frameworks/ApplicationServices.framework/Versions/A/Frameworks/ATS.framework/Versions/A/ATS
0x0000000009399000 	/System/Library/Frameworks/ApplicationServices.framework/Versions/A/Frameworks/ColorSync.framework/Versions/A/ColorSync
0x0000000009399000 	/System/Library/Frameworks/ApplicationServices.framework/Versions/A/Frameworks/HIServices.framework/Versions/A/HIServices
0x0000000009399000 	/System/Library/Frameworks/ApplicationServices.framework/Versions/A/Frameworks/LangAnalysis.framework/Versions/A/LangAnalysis
0x0000000009399000 	/System/Library/Frameworks/ApplicationServices.framework/Versions/A/Frameworks/PrintCore.framework/Versions/A/PrintCore
0x0000000009399000 	/System/Library/Frameworks/ApplicationServices.framework/Versions/A/Frameworks/QD.framework/Versions/A/QD
0x0000000009399000 	/System/Library/Frameworks/ApplicationServices.framework/Versions/A/Frameworks/SpeechSynthesis.framework/Versions/A/SpeechSynthesis
0x0000000009399000 	/System/Library/Frameworks/Accelerate.framework/Versions/A/Accelerate
0x0000000009399000 	/System/Library/Frameworks/Accelerate.framework/Versions/A/Frameworks/vImage.framework/Versions/A/vImage
0x0000000009399000 	/System/Library/Frameworks/Accelerate.framework/Versions/A/Frameworks/vecLib.framework/Versions/A/vecLib
0x0000000009399000 	/System/Library/Frameworks/Accelerate.framework/Versions/A/Frameworks/vecLib.framework/Versions/A/libvDSP.dylib
0x0000000009399000 	/System/Library/Frameworks/Accelerate.framework/Versions/A/Frameworks/vecLib.framework/Versions/A/libvMisc.dylib
0x0000000009399000 	/System/Library/Frameworks/Accelerate.framework/Versions/A/Frameworks/vecLib.framework/Versions/A/libLAPACK.dylib
0x0000000009399000 	/System/Library/Frameworks/Accelerate.framework/Versions/A/Frameworks/vecLib.framework/Versions/A/libBLAS.dylib
0x0000000009399000 	/System/Library/Frameworks/Accelerate.framework/Versions/A/Frameworks/vecLib.framework/Versions/A/libLinearAlgebra.dylib
0x0000000009399000 	/System/Library/Frameworks/ApplicationServices.framework/Versions/A/Frameworks/ATS.framework/Versions/A/Resources/libFontParser.dylib
0x0000000009399000 	/System/Library/Frameworks/ApplicationServices.framework/Versions/A/Frameworks/ATS.framework/Versions/A/Resources/libFontRegistry.dylib
0x0000000009399000 	/System/Library/PrivateFrameworks/AppleVPA.framework/Versions/A/AppleVPA
0x0000000009399000 	/System/Library/PrivateFrameworks/AppleJPEG.framework/Versions/A/AppleJPEG
0x0000000009399000 	/System/Library/Frameworks/ImageIO.framework/Versions/A/Resources/libJPEG.dylib
0x0000000009399000 	/System/Library/Frameworks/ImageIO.framework/Versions/A/Resources/libTIFF.dylib
0x0000000009399000 	/System/Library/Frameworks/ImageIO.framework/Versions/A/Resources/libPng.dylib
0x0000000009399000 	/System/Library/Frameworks/ImageIO.framework/Versions/A/Resources/libGIF.dylib
0x0000000009399000 	/System/Library/Frameworks/ImageIO.framework/Versions/A/Resources/libJP2.dylib
0x0000000009399000 	/System/Library/Frameworks/ImageIO.framework/Versions/A/Resources/libRadiance.dylib
0x0000000009399000 	/System/Library/Frameworks/CoreVideo.framework/Versions/A/CoreVideo
0x0000000009399000 	/System/Library/Frameworks/OpenGL.framework/Versions/A/Libraries/libGLU.dylib
0x0000000009399000 	/System/Library/Frameworks/OpenGL.framework/Versions/A/Libraries/libGFXShared.dylib
0x0000000009399000 	/System/Library/Frameworks/OpenGL.framework/Versions/A/Libraries/libGL.dylib
0x0000000009399000 	/System/Library/Frameworks/OpenGL.framework/Versions/A/Libraries/libGLImage.dylib
0x0000000009399000 	/System/Library/Frameworks/OpenGL.framework/Versions/A/Libraries/libCVMSPluginSupport.dylib
0x0000000009399000 	/System/Library/Frameworks/OpenGL.framework/Versions/A/Libraries/libCoreVMClient.dylib
0x0000000009399000 	/usr/lib/libcups.2.dylib
0x0000000009399000 	/System/Library/Frameworks/Kerberos.framework/Versions/A/Kerberos
0x0000000009399000 	/System/Library/Frameworks/GSS.framework/Versions/A/GSS
0x0000000009399000 	/usr/lib/libresolv.9.dylib
0x0000000009399000 	/usr/lib/libiconv.2.dylib
0x0000000009399000 	/System/Library/PrivateFrameworks/Heimdal.framework/Versions/A/Heimdal
0x0000000009399000 	/usr/lib/libheimdal-asn1.dylib
0x0000000009399000 	/System/Library/Frameworks/OpenDirectory.framework/Versions/A/OpenDirectory
0x0000000009399000 	/System/Library/PrivateFrameworks/CommonAuth.framework/Versions/A/CommonAuth
0x0000000009399000 	/System/Library/Frameworks/OpenDirectory.framework/Versions/A/Frameworks/CFOpenDirectory.framework/Versions/A/CFOpenDirectory
0x0000000009399000 	/System/Library/Frameworks/SecurityFoundation.framework/Versions/A/SecurityFoundation
0x0000000009399000 	/System/Library/PrivateFrameworks/LanguageModeling.framework/Versions/A/LanguageModeling
0x0000000009399000 	/usr/lib/libcmph.dylib
0x0000000009399000 	/System/Library/Frameworks/ServiceManagement.framework/Versions/A/ServiceManagement
0x0000000009399000 	/usr/lib/libxslt.1.dylib
0x0000000009399000 	/System/Library/Frameworks/Carbon.framework/Versions/A/Frameworks/Ink.framework/Versions/A/Ink
0x0000000009399000 	/System/Library/Frameworks/QuartzCore.framework/Versions/A/Frameworks/CoreImage.framework/Versions/A/CoreImage
0x0000000009399000 	/System/Library/PrivateFrameworks/CrashReporterSupport.framework/Versions/A/CrashReporterSupport
0x0000000009399000 	/System/Library/Frameworks/OpenCL.framework/Versions/A/OpenCL
0x0000000009399000 	/System/Library/PrivateFrameworks/FaceCore.framework/Versions/A/FaceCore
0x0000000009399000 	/System/Library/PrivateFrameworks/Ubiquity.framework/Versions/A/Ubiquity
0x0000000009399000 	/System/Library/PrivateFrameworks/IconServices.framework/Versions/A/IconServices
0x0000000009399000 	/System/Library/PrivateFrameworks/ChunkingLibrary.framework/Versions/A/ChunkingLibrary
0x0000000009399000 	/System/Library/PrivateFrameworks/Apple80211.framework/Versions/A/Apple80211
0x0000000009399000 	/System/Library/Frameworks/CoreWLAN.framework/Versions/A/CoreWLAN
0x0000000009399000 	/System/Library/Frameworks/IOBluetooth.framework/Versions/A/IOBluetooth
0x0000000009399000 	/System/Library/PrivateFrameworks/CoreWiFi.framework/Versions/A/CoreWiFi
0x0000000009399000 	/System/Library/Frameworks/CoreBluetooth.framework/Versions/A/CoreBluetooth
0x0000000009399000 	/System/Library/PrivateFrameworks/DebugSymbols.framework/Versions/A/DebugSymbols
0x0000000009399000 	/System/Library/PrivateFrameworks/CoreSymbolication.framework/Versions/A/CoreSymbolication
0x0000000009399000 	/System/Library/PrivateFrameworks/Symbolication.framework/Versions/A/Symbolication
0x0000000009399000 	/System/Library/PrivateFrameworks/SpeechRecognitionCore.framework/Versions/A/SpeechRecognitionCore
0x00000001000cb000 	/Applications/exelis/idl83/idlde/plugins/org.eclipse.equinox.launcher.cocoa.macosx.x86_64_1.1.101.v20120109-1504/eclipse_1408.so
0x0000000009399000 	/System/Library/PrivateFrameworks/CoreServicesInternal.framework/Versions/A/CoreServicesInternal
0x0000000009399000 	/System/Library/PrivateFrameworks/CloudDocs.framework/Versions/A/CloudDocs
0x0000000009399000 	/System/Library/PrivateFrameworks/CoreDuet.framework/Versions/A/CoreDuet
0x0000000009399000 	/System/Library/Frameworks/CloudKit.framework/Versions/A/CloudKit
0x0000000009399000 	/System/Library/PrivateFrameworks/ProtocolBuffer.framework/Versions/A/ProtocolBuffer
0x0000000009399000 	/System/Library/PrivateFrameworks/CoreDuetDaemonProtocol.framework/Versions/A/CoreDuetDaemonProtocol
0x0000000009399000 	/System/Library/PrivateFrameworks/CoreDuetDebugLogging.framework/Versions/A/CoreDuetDebugLogging
0x0000000009399000 	/System/Library/PrivateFrameworks/MMCS.framework/Versions/A/MMCS
0x0000000009399000 	/System/Library/Frameworks/CoreLocation.framework/Versions/A/CoreLocation
0x0000000009399000 	/System/Library/PrivateFrameworks/ProtectedCloudStorage.framework/Versions/A/ProtectedCloudStorage
0x0000000009399000 	/System/Library/PrivateFrameworks/GeoServices.framework/Versions/A/GeoServices
0x0000000009399000 	/System/Library/Frameworks/CoreGraphics.framework/Versions/A/Resources/libCGCMS.A.dylib
0x0000000105c43000 	/Applications/exelis/idl83/idlde/bin.darwin.x86_64/jre/lib/server/libjvm.dylib
0x0000000009399000 	/usr/lib/libstdc++.6.dylib
0x00000001007ed000 	/Applications/exelis/idl83/idlde/bin.darwin.x86_64/jre/lib/libverify.dylib
0x0000000103fbb000 	/Applications/exelis/idl83/idlde/bin.darwin.x86_64/jre/lib/libjava.dylib
0x0000000103ff3000 	/Applications/exelis/idl83/idlde/bin.darwin.x86_64/jre/lib/libzip.dylib
0x000000010dfaa000 	/System/Library/Frameworks/JavaVM.framework/Frameworks/JavaRuntimeSupport.framework/JavaRuntimeSupport
0x000000010dfc2000 	/System/Library/Frameworks/JavaVM.framework/Versions/A/Frameworks/JavaNativeFoundation.framework/Versions/A/JavaNativeFoundation
0x000000010dfd7000 	/System/Library/Frameworks/JavaVM.framework/Versions/A/JavaVM
0x0000000009399000 	/System/Library/Frameworks/Carbon.framework/Versions/A/Carbon
0x000000010dfe4000 	/System/Library/PrivateFrameworks/JavaLaunching.framework/Versions/A/JavaLaunching
0x0000000009399000 	/System/Library/Frameworks/Carbon.framework/Versions/A/Frameworks/CommonPanels.framework/Versions/A/CommonPanels
0x0000000009399000 	/System/Library/Frameworks/Carbon.framework/Versions/A/Frameworks/Help.framework/Versions/A/Help
0x0000000009399000 	/System/Library/Frameworks/Carbon.framework/Versions/A/Frameworks/ImageCapture.framework/Versions/A/ImageCapture
0x0000000009399000 	/System/Library/Frameworks/Carbon.framework/Versions/A/Frameworks/OpenScripting.framework/Versions/A/OpenScripting
0x0000000009399000 	/System/Library/Frameworks/Carbon.framework/Versions/A/Frameworks/Print.framework/Versions/A/Print
0x0000000009399000 	/System/Library/Frameworks/Carbon.framework/Versions/A/Frameworks/SecurityHI.framework/Versions/A/SecurityHI
0x0000000009399000 	/System/Library/CoreServices/RawCamera.bundle/Contents/MacOS/RawCamera
0x0000000009399000 	/System/Library/Frameworks/CoreGraphics.framework/Versions/A/Resources/libRIP.A.dylib
0x0000000009399000 	/System/Library/PrivateFrameworks/FamilyControls.framework/Versions/A/FamilyControls
0x0000000009399000 	/System/Library/PrivateFrameworks/CommerceKit.framework/Versions/A/Frameworks/CommerceCore.framework/Versions/A/CommerceCore
0x0000000009399000 	/System/Library/PrivateFrameworks/SystemAdministration.framework/Versions/A/SystemAdministration
0x0000000009399000 	/System/Library/PrivateFrameworks/AppContainer.framework/Versions/A/AppContainer
0x0000000009399000 	/System/Library/PrivateFrameworks/SecCodeWrapper.framework/Versions/A/SecCodeWrapper
0x0000000009399000 	/System/Library/Frameworks/DirectoryService.framework/Versions/A/DirectoryService
0x0000000009399000 	/System/Library/PrivateFrameworks/DiskImages.framework/Versions/A/DiskImages
0x0000000009399000 	/System/Library/PrivateFrameworks/LoginUIKit.framework/Versions/A/Frameworks/LoginUICore.framework/Versions/A/LoginUICore
0x0000000009399000 	/usr/lib/libCoreStorage.dylib
0x0000000009399000 	/usr/lib/libcsfde.dylib
0x0000000009399000 	/usr/lib/libodfde.dylib
0x0000000009399000 	/System/Library/Frameworks/DiscRecording.framework/Versions/A/DiscRecording
0x000000010f7fb000 	/Applications/exelis/idl83/bin/bin.darwin.x86_64/libcurl.4.dylib
0x0000000009399000 	/System/Library/PrivateFrameworks/MediaKit.framework/Versions/A/MediaKit
0x0000000009399000 	/System/Library/PrivateFrameworks/EFILogin.framework/Versions/A/EFILogin
0x0000000009399000 	/usr/lib/libutil.dylib
0x0000000009399000 	/System/Library/PrivateFrameworks/FindMyDevice.framework/Versions/A/FindMyDevice
0x0000000009399000 	/System/Library/Frameworks/CoreGraphics.framework/Versions/A/Resources/libCGXType.A.dylib
0x0000000009399000 	/System/Library/Frameworks/OpenCL.framework/Versions/A/Libraries/libcldcpuengine.dylib
0x0000000110dae000 	cl_kernels
0x0000000110db0000 	/System/Library/Frameworks/OpenCL.framework/Versions/A/Libraries/ImageFormats/unorm8_bgra.dylib
0x0000000110d9f000 	cl_kernels
0x0000000110fc3000 	/Applications/exelis/idl83/idlde/bin.darwin.x86_64/jre/lib/libnet.dylib
0x0000000111020000 	/Applications/exelis/idl83/idlde/bin.darwin.x86_64/jre/lib/libnio.dylib
0x00000001115b6000 	/Users/to/.swt/lib/macosx/x86_64/libswt-cocoa-3740.jnilib
0x0000000009399000 	/System/Library/Frameworks/WebKit.framework/Versions/A/WebKit
0x0000000009399000 	/System/Library/Frameworks/JavaScriptCore.framework/Versions/A/JavaScriptCore
0x0000000009399000 	/System/Library/Frameworks/SecurityInterface.framework/Versions/A/SecurityInterface
0x0000000009399000 	/System/Library/Frameworks/WebKit.framework/Versions/A/Frameworks/WebKitLegacy.framework/Versions/A/WebKitLegacy
0x0000000009399000 	/System/Library/Frameworks/WebKit.framework/Versions/A/Frameworks/WebCore.framework/Versions/A/WebCore
0x0000000111603000 	/Users/to/.swt/lib/macosx/x86_64/libswt-pi-cocoa-3740.jnilib
0x000000011249c000 	/Applications/exelis/idl83/bin/bin.darwin.x86_64/libidl_ips.8.3.dylib
0x0000000112c75000 	/Applications/exelis/idl83/bin/bin.darwin.x86_64/libidl.8.3.dylib
0x0000000113877000 	/opt/X11/lib/libfreetype.6.dylib
0x0000000111958000 	/Applications/exelis/idl83/bin/bin.darwin.x86_64/libMesaGLU6_2.dylib
0x000000011390d000 	/Applications/exelis/idl83/bin/bin.darwin.x86_64/libMesaGL6_2.dylib
0x0000000111946000 	/Applications/exelis/idl83/bin/bin.darwin.x86_64/libOSMesa6_2.dylib
0x0000000111982000 	/opt/X11/lib/libXp.6.dylib
0x0000000113b4f000 	/Applications/exelis/idl83/bin/bin.darwin.x86_64/libXm.3.0.2.dylib
0x000000011198d000 	/opt/X11/lib/libXpm.4.dylib
0x00000001119aa000 	/opt/X11/lib/libXmu.6.dylib
0x00000001119c5000 	/opt/X11/lib/libXext.6.dylib
0x0000000113f5e000 	/opt/X11/lib/libXt.6.dylib
0x0000000111950000 	/opt/X11/lib/libXinerama.1.dylib
0x00000001119d8000 	/opt/X11/lib/libSM.6.dylib
0x00000001119e2000 	/opt/X11/lib/libICE.6.dylib
0x0000000113fbd000 	/opt/X11/lib/libX11.6.dylib
0x0000000111a11000 	/opt/X11/lib/libxcb.1.dylib
0x00000001119ff000 	/opt/X11/lib/libXau.6.dylib
0x0000000111a38000 	/opt/X11/lib/libXdmcp.6.dylib
0x00000001123d7000 	/Applications/exelis/idl83/bin/bin.darwin.x86_64/gl_driver.so
0x00000001143fd000 	/opt/X11/lib/libGL.1.dylib
0x0000000111806000 	/opt/X11/lib/libXplugin.1.dylib
0x00000001147eb000 	/opt/X11/lib/libglapi.0.dylib
0x000000011181e000 	/opt/X11/lib/libXdamage.1.dylib
0x0000000111b49000 	/opt/X11/lib/libXfixes.3.dylib
0x0000000111824000 	/opt/X11/lib/libX11-xcb.1.dylib
0x00000001121ce000 	/opt/X11/lib/libxcb-glx.0.dylib
0x000000011182f000 	/opt/X11/lib/libXxf86vm.1.dylib
0x0000000009399000 	/usr/lib/libexpat.1.dylib
0x0000000009399000 	/System/Library/Frameworks/CoreGraphics.framework/Versions/A/Resources/libCGXCoreImage.A.dylib
0x00000001113b5000 	cl_kernels
0x0000000115e74000 	/System/Library/Frameworks/OpenCL.framework/Versions/A/Libraries/ImageFormats/unorm8_argb.dylib
0x00000001113b9000 	cl_kernels
0x0000000009399000 	/System/Library/Frameworks/Accelerate.framework/Versions/A/Frameworks/vImage.framework/Versions/A/Libraries/libCGInterfaces.dylib
0x0000000009399000 	/System/Library/Frameworks/OpenGL.framework/Versions/A/Resources/GLEngine.bundle/GLEngine
0x0000000009399000 	/System/Library/Frameworks/OpenGL.framework/Versions/A/Libraries/libGLProgrammability.dylib
0x000000011a800000 	/System/Library/Extensions/AMDRadeonX3000GLDriver.bundle/Contents/MacOS/AMDRadeonX3000GLDriver
0x0000000009399000 	/System/Library/PrivateFrameworks/IOAccelerator.framework/Versions/A/IOAccelerator
0x0000000009399000 	/System/Library/PrivateFrameworks/GPUSupport.framework/Versions/A/Libraries/libGPUSupportMercury.dylib
0x0000000009399000 	/System/Library/Frameworks/OpenGL.framework/Versions/A/Resources/GLRendererFloat.bundle/GLRendererFloat
0x0000000112457000 	/Applications/exelis/idl83/bin/bin.darwin.x86_64/idl_jpeg.so
0x000000010041b000 	cl_kernels

VM Arguments:
jvm_args: -Dosgi.instance.area.default=@user.home/IDLWorkspace83 -Dosgi.configuration.area=@user.home/.idl/idlworkbench-config-idl8.3.0_x86_64 -Dosgi.configuration.cascaded=true -Dosgi.checkConfiguration=true -Dosgi.sharedConfiguration.area.readOnly=true -Dorg.eclipse.update.reconcile=false -Declipse.p2.data.area=@config.dir/p2 -XstartOnFirstThread -Xdock:icon=../Resources/idlde.icns -Dorg.eclipse.swt.internal.carbon.smallFonts -Dosgi.sharedConfiguration.area=../../../configuration.darwin.x86_64 -Xms128m -Xmx1024m 
java_command: <unknown>
Launcher Type: generic

Environment Variables:
CLASSPATH=.:/Applications/exelis/idl83/resource/bridges/export/java/javaidlb.jar
PATH=/Applications/exelis/idl83/bin:/opt/local/bin:/opt/local/sbin:/opt/local/bin:/opt/local/sbin:/opt/local/bin:/opt/local/sbin:/opt/local/bin:/opt/local/sbin:/usr/local/bin:/usr/bin:/bin:/usr/sbin:/sbin:/opt/X11/bin:/usr/X11R6/bin:/Applications/exelis/idl/bin:/opt/X11/bin:/Applications/exelis/idl/bin
LD_LIBRARY_PATH=/Applications/exelis/idl83/idlde/bin.darwin.x86_64/jre/lib/server:/Applications/exelis/idl83/idlde/bin.darwin.x86_64/jre/lib:
SHELL=/bin/tcsh
DISPLAY=/private/tmp/com.apple.launchd.wDzzFkUsHC/org.macosforge.xquartz:0
HOSTTYPE=intel-mac
OSTYPE=darwin
MACHTYPE=x86_64
DYLD_LIBRARY_PATH=/Applications/exelis/idl83/idlde/bin.darwin.x86_64:/Applications/exelis/idl83/bin/bin.darwin.x86_64
DYLD_FALLBACK_LIBRARY_PATH=/Applications/exelis/idl83/idlde/bin.darwin.x86_64/jre/lib/server:/Applications/exelis/idl83/idlde/bin.darwin.x86_64/jre/lib:

Signal Handlers:
SIGSEGV: [libjvm.dylib+0x4a820f], sa_mask[0]=0xfffefeff, sa_flags=0x00000042
SIGBUS: [libjvm.dylib+0x4a820f], sa_mask[0]=0xfffefeff, sa_flags=0x00000042
SIGFPE: [libjvm.dylib+0x3b7495], sa_mask[0]=0xfffefeff, sa_flags=0x00000042
SIGPIPE: SIG_IGN, sa_mask[0]=0x00000000, sa_flags=0x00000002
SIGXFSZ: [libjvm.dylib+0x3b7495], sa_mask[0]=0xfffefeff, sa_flags=0x00000042
SIGILL: [libjvm.dylib+0x3b7495], sa_mask[0]=0xfffefeff, sa_flags=0x00000042
SIGUSR1: SIG_IGN, sa_mask[0]=0x00000000, sa_flags=0x00000000
SIGUSR2: [libjvm.dylib+0x3b702e], sa_mask[0]=0x00000000, sa_flags=0x00000042
SIGHUP: [libjvm.dylib+0x3b528f], sa_mask[0]=0xfffefeff, sa_flags=0x00000042
SIGINT: [libidl.8.3.dylib+0x483ae0], sa_mask[0]=0x00000000, sa_flags=0x00000002
SIGTERM: [libjvm.dylib+0x3b528f], sa_mask[0]=0xfffefeff, sa_flags=0x00000042
SIGQUIT: [libjvm.dylib+0x3b528f], sa_mask[0]=0xfffefeff, sa_flags=0x00000042


---------------  S Y S T E M  ---------------

OS:Bsduname:Darwin 14.5.0 Darwin Kernel Version 14.5.0: Wed Jul 29 02:26:53 PDT 2015; root:xnu-2782.40.9~1/RELEASE_X86_64 x86_64
rlimit: STACK 8192k, CORE 0k, NPROC 709, NOFILE 10240, AS infinity
load average:1.37 1.37 1.20

CPU:total 4 (4 cores per cpu, 1 threads per core) family 6 model 42 stepping 7, cmov, cx8, fxsr, mmx, sse, sse2, sse3, ssse3, sse4.1, sse4.2, popcnt, avx, tsc, tscinvbit

Memory: 4k page, physical 205257372k(51314343k free)

/proc/meminfo:


vm_info: Java HotSpot(TM) 64-Bit Server VM (23.25-b01) for bsd-amd64 JRE (1.7.0_25-b15), built on Jun  5 2013 22:26:36 by "java_re" with gcc 4.2.1 (Based on Apple Inc. build 5658) (LLVM build 2336.11.00)

time: Mon May 23 10:00:49 2016
elapsed time: 3293 seconds

