#
# A fatal error has been detected by the Java Runtime Environment:
#
#  SIGSEGV (0xb) at pc=0x00007fff964ee752, pid=18086, tid=41987
#
# JRE version: 7.0_25-b15
# Java VM: Java HotSpot(TM) 64-Bit Server VM (23.25-b01 mixed mode bsd-amd64 compressed oops)
# Problematic frame:
# C  [libsystem_platform.dylib+0x1752]  longjmp+0x2
#
# Failed to write core dump. Core dumps have been disabled. To enable core dumping, try "ulimit -c unlimited" before starting Java again
#
# If you would like to submit a bug report, please visit:
#   http://bugreport.sun.com/bugreport/crash.jsp
# The crash happened outside the Java Virtual Machine in native code.
# See problematic frame for where to report the bug.
#

---------------  T H R E A D  ---------------

Current thread (0x00000001013d3800):  JavaThread "IDL" [_thread_in_native, id=41987, stack(0x0000000112b10000,0x0000000112c10000)]

siginfo:si_signo=SIGSEGV: si_errno=0, si_code=1 (SEGV_MAPERR), si_addr=0x0000000000000050

Registers:
RAX=0x0000000000000001, RBX=0x0000000000000000, RCX=0x0000000000000000, RDX=0x000000011440b618
RSP=0x0000000112c0f0a8, RBP=0x0000000112c0f1c0, RSI=0x0000000000000002, RDI=0x0000000000000000
R8 =0x0000000112c0f030, R9 =0x0000000000000001, R10=0x0000000106554d10, R11=0x0000000106972458
R12=0x00000001019ea368, R13=0x0000000000000000, R14=0x0000000113665e10, R15=0x00000001019ea748
RIP=0x00007fff964ee752, EFLAGS=0x0000000000010202, ERR=0x0000000000000004
  TRAPNO=0x000000000000000e

Top of Stack: (sp=0x0000000112c0f0a8)
0x0000000112c0f0a8:   0000000000000002 0000000000000000
0x0000000112c0f0b8:   00000001130aabe7 000000010000002c
0x0000000112c0f0c8:   0000000000000001 0000000000000000
0x0000000112c0f0d8:   fffffffffffffffe 0000000000000002
0x0000000112c0f0e8:   0000000112c0f0f0 0000000112c0f080
0x0000000112c0f0f8:   00000001013d5e15 0000000000000000
0x0000000112c0f108:   0000002c0609f390 0000000113665e30
0x0000000112c0f118:   000000011326fec5 0000000012c0f250
0x0000000112c0f128:   0000000100000001 000000000068eeb0
0x0000000112c0f138:   01000000fffffbf7 fffffffffffffffe
0x0000000112c0f148:   0000000000000002 0000000113502140
0x0000000112c0f158:   00000001135020c8 00000001006c88f8
0x0000000112c0f168:   0000000100000000 0000000100000000
0x0000000112c0f178:   0000000000000001 00000001019e9810
0x0000000112c0f188:   0000000200000002 000000000000002c
0x0000000112c0f198:   000000011326fec5 00000001573a3545
0x0000000112c0f1a8:   0000000100000001 0000000113665e10
0x0000000112c0f1b8:   00000002019ea748 0000000112c0f250
0x0000000112c0f1c8:   00000001130ac101 0000000100000000
0x0000000112c0f1d8:   0000000112c0f3f0 0000002400000000
0x0000000112c0f1e8:   0000000000000000 0000000113665e10
0x0000000112c0f1f8:   0000000400000004 0000000113665e10
0x0000000112c0f208:   0000000000000000 0000000012c0f250
0x0000000112c0f218:   0000000112c0f3f0 0000000000000000
0x0000000112c0f228:   0000000000000002 ffffff6100000000
0x0000000112c0f238:   0000000000000000 0000000112c0f3f0
0x0000000112c0f248:   000000000000003b 0000000112c0f430
0x0000000112c0f258:   00000001130acb2a 0000000100000000
0x0000000112c0f268:   0000000112c0f3f0 0000000100000000
0x0000000112c0f278:   0000000000000000 0000000000000000
0x0000000112c0f288:   0000000000000000 0000000112c0f3f0
0x0000000112c0f298:   0000000000dc7340 0000000200000000 

Instructions: (pc=0x00007fff964ee752)
0x00007fff964ee732:   47 58 48 83 c4 28 e9 43 00 00 00 0f 1f 00 83 7f
0x00007fff964ee742:   54 00 0f 85 06 00 00 00 e9 2b 00 00 00 90 57 56
0x00007fff964ee752:   ff 77 50 48 c7 c7 03 00 00 00 48 89 e6 48 31 d2
0x00007fff964ee762:   e8 f5 4d 00 00 48 8b 7c 24 10 8b 7f 58 e8 73 37 

Register to memory mapping:

RAX=0x0000000000000001 is an unknown value
RBX=0x0000000000000000 is an unknown value
RCX=0x0000000000000000 is an unknown value
RDX=0x000000011440b618 is an unknown value
RSP=0x0000000112c0f0a8 is pointing into the stack for thread: 0x00000001013d3800
RBP=0x0000000112c0f1c0 is pointing into the stack for thread: 0x00000001013d3800
RSI=0x0000000000000002 is an unknown value
RDI=0x0000000000000000 is an unknown value
R8 =0x0000000112c0f030 is pointing into the stack for thread: 0x00000001013d3800
R9 =0x0000000000000001 is an unknown value
R10=0x0000000106554d10: _ZN19TemplateInterpreter13_active_tableE+0x4000 in /Applications/exelis/idl83/idlde/bin.darwin.x86_64/jre/lib/server/libjvm.dylib at 0x0000000105e15000
R11=0x00000001069722d0 [CodeBlob (0x00000001069722d0)]
Framesize: 10
R12=0x00000001019ea368 is an unknown value
R13=0x0000000000000000 is an unknown value
R14=0x0000000113665e10: output_message.default_errstate+0 in /Applications/exelis/idl83/bin/bin.darwin.x86_64/libidl.8.3.dylib at 0x0000000112c12000
R15=0x00000001019ea748 is an unknown value


Stack: [0x0000000112b10000,0x0000000112c10000],  sp=0x0000000112c0f0a8,  free space=1020k
Native frames: (J=compiled Java code, j=interpreted, Vv=VM code, C=native code)
C  [libsystem_platform.dylib+0x1752]  longjmp+0x2
C  [libidl.8.3.dylib+0x49a101]  output_message+0xb1
C  [libidl.8.3.dylib+0x49ab2a]  IDL_MessageSyscode2+0x1aa
C  [libidl.8.3.dylib+0x3419d2]  IDL_Delvar+0xb2
C  [libidl.8.3.dylib+0x351f58]  return_user_proc+0x218
C  [libidl.8.3.dylib+0x35215e]  return_all+0x5e
C  [libidl.8.3.dylib+0x4c463b]  IDL_Executive+0xbfb
C  [libidl_ips.8.3.dylib+0x98d4]  ips_main+0x284
C  [libidl_ips.8.3.dylib+0xab0c]  IPS_RunClient+0x3c
C  [libidl_ips.8.3.dylib+0x155d3]  IPS_Start+0x13
C  [libidl_ips.8.3.dylib+0xe64]  Java_com_rsi_idldt_core_ips_IPS_1Access_IPS_1Start+0x204
j  com.rsi.idldt.core.ips.IPS_Access.IPS_Start([Ljava/lang/String;)V+0
j  com.rsi.idldt.core.ips.IPS_Manager$2.run()V+15
j  java.lang.Thread.run()V+11
v  ~StubRoutines::call_stub
V  [libjvm.dylib+0x28a5c3]
V  [libjvm.dylib+0x28aaa2]
V  [libjvm.dylib+0x28abdc]
V  [libjvm.dylib+0x2c1868]
V  [libjvm.dylib+0x47cbd8]
V  [libjvm.dylib+0x47e0ca]
V  [libjvm.dylib+0x3b95f9]
C  [libsystem_pthread.dylib+0x405a]  _pthread_body+0x83
C  [libsystem_pthread.dylib+0x3fd7]  _pthread_body+0x0
C  [libsystem_pthread.dylib+0x13ed]  thread_start+0xd

Java frames: (J=compiled Java code, j=interpreted, Vv=VM code)
j  com.rsi.idldt.core.ips.IPS_Access.IPS_Start([Ljava/lang/String;)V+0
j  com.rsi.idldt.core.ips.IPS_Manager$2.run()V+15
j  java.lang.Thread.run()V+11
v  ~StubRoutines::call_stub

---------------  P R O C E S S  ---------------

Java Threads: ( => current thread )
  0x00000001011f8000 JavaThread "Thread-219" [_thread_in_Java, id=225471, stack(0x0000000119db0000,0x0000000119eb0000)]
  0x0000000119085000 JavaThread "Worker-102" [_thread_blocked, id=227115, stack(0x000000011bddb000,0x000000011bedb000)]
  0x00000001182ba000 JavaThread "Worker-101" [_thread_blocked, id=217743, stack(0x000000011baf2000,0x000000011bbf2000)]
  0x00000001172b4000 JavaThread "Worker-100" [_thread_blocked, id=213799, stack(0x0000000115b9c000,0x0000000115c9c000)]
  0x000000010168f000 JavaThread "Worker-99" [_thread_blocked, id=211499, stack(0x0000000112411000,0x0000000112511000)]
  0x000000011872d800 JavaThread "Worker-94" [_thread_blocked, id=220939, stack(0x000000011cd01000,0x000000011ce01000)]
  0x0000000101658000 JavaThread "[ThreadPool Manager] - Idle Thread" daemon [_thread_blocked, id=34647, stack(0x00000001162dd000,0x00000001163dd000)]
  0x0000000102e4b000 JavaThread "Timer-2" daemon [_thread_blocked, id=62215, stack(0x0000000117c30000,0x0000000117d30000)]
  0x0000000100de6000 JavaThread "Timer-1" daemon [_thread_blocked, id=61847, stack(0x0000000117801000,0x0000000117901000)]
  0x0000000102ec0000 JavaThread "Thread-11" [_thread_in_native, id=60935, stack(0x0000000116415000,0x0000000116515000)]
  0x0000000100a9c000 JavaThread "IDLDT DOM Worker-3" [_thread_blocked, id=59395, stack(0x0000000116829000,0x0000000116929000)]
  0x0000000100d5b000 JavaThread "IDLDT DOM Worker-2" [_thread_blocked, id=59139, stack(0x0000000116726000,0x0000000116826000)]
  0x000000010110d000 JavaThread "IDLDT DOM Worker-1" [_thread_blocked, id=58883, stack(0x0000000116623000,0x0000000116723000)]
  0x0000000101598800 JavaThread "IDLDT DOM Worker-0" [_thread_blocked, id=58443, stack(0x0000000116520000,0x0000000116620000)]
  0x0000000100bd2000 JavaThread "Timer-0" daemon [_thread_blocked, id=58699, stack(0x00000001161da000,0x00000001162da000)]
=>0x00000001013d3800 JavaThread "IDL" [_thread_in_native, id=41987, stack(0x0000000112b10000,0x0000000112c10000)]
  0x0000000102c3c000 JavaThread "IDLToJava Broker" daemon [_thread_blocked, id=41731, stack(0x0000000112a0d000,0x0000000112b0d000)]
  0x0000000100957000 JavaThread "Provisioning Event Dispatcher" daemon [_thread_blocked, id=39183, stack(0x0000000111e87000,0x0000000111f87000)]
  0x0000000100966000 JavaThread "Bundle File Closer" daemon [_thread_blocked, id=38915, stack(0x0000000111c81000,0x0000000111d81000)]
  0x000000010115b000 JavaThread "Worker-JM" [_thread_blocked, id=37931, stack(0x0000000111b01000,0x0000000111c01000)]
  0x00000001008a0800 JavaThread "[Timer] - Main Queue Handler" daemon [_thread_blocked, id=37183, stack(0x000000011183e000,0x000000011193e000)]
  0x00000001018f7000 JavaThread "Framework Event Dispatcher" daemon [_thread_blocked, id=36895, stack(0x0000000111563000,0x0000000111663000)]
  0x00000001018da000 JavaThread "Start Level Event Dispatcher" daemon [_thread_blocked, id=36131, stack(0x0000000111371000,0x0000000111471000)]
  0x000000010113c000 JavaThread "State Data Manager" daemon [_thread_blocked, id=35663, stack(0x000000011126e000,0x000000011136e000)]
  0x0000000102890800 JavaThread "Framework Active Thread" [_thread_blocked, id=35887, stack(0x000000011116b000,0x000000011126b000)]
  0x000000010087c000 JavaThread "Service Thread" daemon [_thread_blocked, id=23555, stack(0x000000010e4f4000,0x000000010e5f4000)]
  0x0000000101037000 JavaThread "C2 CompilerThread1" daemon [_thread_blocked, id=23299, stack(0x000000010e3f1000,0x000000010e4f1000)]
  0x0000000101035800 JavaThread "C2 CompilerThread0" daemon [_thread_blocked, id=23051, stack(0x000000010e2ee000,0x000000010e3ee000)]
  0x0000000101021000 JavaThread "Signal Dispatcher" daemon [_thread_blocked, id=22539, stack(0x000000010e1eb000,0x000000010e2eb000)]
  0x000000010281c800 JavaThread "Finalizer" daemon [_thread_blocked, id=22019, stack(0x000000010e0a2000,0x000000010e1a2000)]
  0x000000010281b800 JavaThread "Reference Handler" daemon [_thread_blocked, id=21763, stack(0x000000010df9f000,0x000000010e09f000)]
  0x000000010280d800 JavaThread "main" [_thread_in_native, id=1299, stack(0x00007fff5fb80000,0x00007fff5fc00000)]

Other Threads:
  0x0000000100877000 VMThread [stack: 0x000000010de9c000,0x000000010df9c000] [id=21507]
  0x0000000100884800 WatcherThread [stack: 0x000000010e5f7000,0x000000010e6f7000] [id=23811]

VM state:not at safepoint (normal execution)

VM Mutex/Monitor currently owned by a thread: None

Heap
 PSYoungGen      total 346176K, used 139523K [0x00000007eaab0000, 0x0000000800000000, 0x0000000800000000)
  eden space 344768K, 40% used [0x00000007eaab0000,0x00000007f32f0f78,0x00000007ffb60000)
  from space 1408K, 0% used [0x00000007ffde0000,0x00000007ffde0000,0x00000007fff40000)
  to   space 2368K, 0% used [0x00000007ffb60000,0x00000007ffb60000,0x00000007ffdb0000)
 ParOldGen       total 131648K, used 46883K [0x00000007c0000000, 0x00000007c8090000, 0x00000007eaab0000)
  object space 131648K, 35% used [0x00000007c0000000,0x00000007c2dc8d38,0x00000007c8090000)
 PSPermGen       total 51392K, used 51381K [0x00000007bae00000, 0x00000007be030000, 0x00000007c0000000)
  object space 51392K, 99% used [0x00000007bae00000,0x00000007be02d668,0x00000007be030000)

Card table byte_map: [0x000000010998f000,0x0000000109bb9000] byte_map_base: 0x0000000105bb8000

Polling page: 0x00000001000ff000

Code Cache  [0x00000001068cf000, 0x0000000106faf000, 0x00000001098cf000)
 total_blobs=2353 nmethods=1818 adapters=484 free_code_cache=42255Kb largest_free_block=43122880

Compilation events (10 events):
Event: 12523.726 Thread 0x0000000101035800 nmethod 2026 0x0000000106f921d0 code [0x0000000106f92360, 0x0000000106f926d8]
Event: 12524.112 Thread 0x0000000101037000 2028             org.eclipse.jface.action.ExternalActionManager$CommandCallback::bindingManagerChanged (186 bytes)
Event: 12524.161 Thread 0x0000000101037000 nmethod 2028 0x0000000106fa1490 code [0x0000000106fa1800, 0x0000000106fa2ee0]
Event: 12538.658 Thread 0x0000000101035800 2029             java.util.regex.Matcher::find (69 bytes)
Event: 12538.661 Thread 0x0000000101035800 nmethod 2029 0x0000000106f9f550 code [0x0000000106f9f6c0, 0x0000000106f9f908]
Event: 12546.148 Thread 0x0000000101037000 2030             com.ibm.icu.text.RBBIDataWrapper::get (994 bytes)
Event: 12546.197 Thread 0x0000000101037000 nmethod 2030 0x0000000106fa9910 code [0x0000000106fa9ee0, 0x0000000106fac628]
Event: 12546.212 Thread 0x0000000101035800 2031             org.eclipse.swt.widgets.Widget::fixMnemonic (59 bytes)
Event: 12546.214 Thread 0x0000000101035800 nmethod 2031 0x0000000106fa1050 code [0x0000000106fa11a0, 0x0000000106fa1398]
Event: 12550.861 Thread 0x0000000101037000 2032   !         sun.reflect.GeneratedMethodAccessor18::invoke (73 bytes)

GC Heap History (10 events):
Event: 12399.488 GC heap before
{Heap before GC invocations=369 (full 179):
 PSYoungGen      total 347392K, used 64K [0x00000007eaab0000, 0x00000007fff80000, 0x0000000800000000)
  eden space 345920K, 0% used [0x00000007eaab0000,0x00000007eaab0000,0x00000007ffc80000)
  from space 1472K, 4% used [0x00000007ffe10000,0x00000007ffe20000,0x00000007fff80000)
  to   space 1536K, 0% used [0x00000007ffc80000,0x00000007ffc80000,0x00000007ffe00000)
 ParOldGen       total 131648K, used 47399K [0x00000007c0000000, 0x00000007c8090000, 0x00000007eaab0000)
  object space 131648K, 36% used [0x00000007c0000000,0x00000007c2e49eb0,0x00000007c8090000)
 PSPermGen       total 51392K, used 51368K [0x00000007bae00000, 0x00000007be030000, 0x00000007c0000000)
  object space 51392K, 99% used [0x00000007bae00000,0x00000007be02a0c8,0x00000007be030000)
Event: 12399.594 GC heap after
Heap after GC invocations=369 (full 179):
 PSYoungGen      total 347392K, used 0K [0x00000007eaab0000, 0x00000007fff80000, 0x0000000800000000)
  eden space 345920K, 0% used [0x00000007eaab0000,0x00000007eaab0000,0x00000007ffc80000)
  from space 1472K, 0% used [0x00000007ffe10000,0x00000007ffe10000,0x00000007fff80000)
  to   space 1536K, 0% used [0x00000007ffc80000,0x00000007ffc80000,0x00000007ffe00000)
 ParOldGen       total 131648K, used 47399K [0x00000007c0000000, 0x00000007c8090000, 0x00000007eaab0000)
  object space 131648K, 36% used [0x00000007c0000000,0x00000007c2e49e08,0x00000007c8090000)
 PSPermGen       total 51392K, used 51368K [0x00000007bae00000, 0x00000007be030000, 0x00000007c0000000)
  object space 51392K, 99% used [0x00000007bae00000,0x00000007be02a0c8,0x00000007be030000)
}
Event: 12459.488 GC heap before
{Heap before GC invocations=370 (full 179):
 PSYoungGen      total 347392K, used 20458K [0x00000007eaab0000, 0x00000007fff80000, 0x0000000800000000)
  eden space 345920K, 5% used [0x00000007eaab0000,0x00000007ebeaa828,0x00000007ffc80000)
  from space 1472K, 0% used [0x00000007ffe10000,0x00000007ffe10000,0x00000007fff80000)
  to   space 1536K, 0% used [0x00000007ffc80000,0x00000007ffc80000,0x00000007ffe00000)
 ParOldGen       total 131648K, used 47399K [0x00000007c0000000, 0x00000007c8090000, 0x00000007eaab0000)
  object space 131648K, 36% used [0x00000007c0000000,0x00000007c2e49e08,0x00000007c8090000)
 PSPermGen       total 51392K, used 51368K [0x00000007bae00000, 0x00000007be030000, 0x00000007c0000000)
  object space 51392K, 99% used [0x00000007bae00000,0x00000007be02a0c8,0x00000007be030000)
Event: 12459.490 GC heap after
Heap after GC invocations=370 (full 179):
 PSYoungGen      total 346048K, used 128K [0x00000007eaab0000, 0x00000007fff40000, 0x0000000800000000)
  eden space 345920K, 0% used [0x00000007eaab0000,0x00000007eaab0000,0x00000007ffc80000)
  from space 128K, 100% used [0x00000007ffc80000,0x00000007ffca0000,0x00000007ffca0000)
  to   space 1408K, 0% used [0x00000007ffde0000,0x00000007ffde0000,0x00000007fff40000)
 ParOldGen       total 131648K, used 47399K [0x00000007c0000000, 0x00000007c8090000, 0x00000007eaab0000)
  object space 131648K, 36% used [0x00000007c0000000,0x00000007c2e49e08,0x00000007c8090000)
 PSPermGen       total 51392K, used 51368K [0x00000007bae00000, 0x00000007be030000, 0x00000007c0000000)
  object space 51392K, 99% used [0x00000007bae00000,0x00000007be02a0c8,0x00000007be030000)
}
Event: 12459.490 GC heap before
{Heap before GC invocations=371 (full 180):
 PSYoungGen      total 346048K, used 128K [0x00000007eaab0000, 0x00000007fff40000, 0x0000000800000000)
  eden space 345920K, 0% used [0x00000007eaab0000,0x00000007eaab0000,0x00000007ffc80000)
  from space 128K, 100% used [0x00000007ffc80000,0x00000007ffca0000,0x00000007ffca0000)
  to   space 1408K, 0% used [0x00000007ffde0000,0x00000007ffde0000,0x00000007fff40000)
 ParOldGen       total 131648K, used 47399K [0x00000007c0000000, 0x00000007c8090000, 0x00000007eaab0000)
  object space 131648K, 36% used [0x00000007c0000000,0x00000007c2e49e08,0x00000007c8090000)
 PSPermGen       total 51392K, used 51368K [0x00000007bae00000, 0x00000007be030000, 0x00000007c0000000)
  object space 51392K, 99% used [0x00000007bae00000,0x00000007be02a0c8,0x00000007be030000)
Event: 12459.607 GC heap after
Heap after GC invocations=371 (full 180):
 PSYoungGen      total 346048K, used 0K [0x00000007eaab0000, 0x00000007fff40000, 0x0000000800000000)
  eden space 345920K, 0% used [0x00000007eaab0000,0x00000007eaab0000,0x00000007ffc80000)
  from space 128K, 0% used [0x00000007ffc80000,0x00000007ffc80000,0x00000007ffca0000)
  to   space 1408K, 0% used [0x00000007ffde0000,0x00000007ffde0000,0x00000007fff40000)
 ParOldGen       total 131648K, used 46773K [0x00000007c0000000, 0x00000007c8090000, 0x00000007eaab0000)
  object space 131648K, 35% used [0x00000007c0000000,0x00000007c2dad460,0x00000007c8090000)
 PSPermGen       total 51392K, used 51363K [0x00000007bae00000, 0x00000007be030000, 0x00000007c0000000)
  object space 51392K, 99% used [0x00000007bae00000,0x00000007be028d28,0x00000007be030000)
}
Event: 12529.229 GC heap before
{Heap before GC invocations=372 (full 180):
 PSYoungGen      total 346048K, used 140446K [0x00000007eaab0000, 0x00000007fff40000, 0x0000000800000000)
  eden space 345920K, 40% used [0x00000007eaab0000,0x00000007f33d79b0,0x00000007ffc80000)
  from space 128K, 0% used [0x00000007ffc80000,0x00000007ffc80000,0x00000007ffca0000)
  to   space 1408K, 0% used [0x00000007ffde0000,0x00000007ffde0000,0x00000007fff40000)
 ParOldGen       total 131648K, used 46773K [0x00000007c0000000, 0x00000007c8090000, 0x00000007eaab0000)
  object space 131648K, 35% used [0x00000007c0000000,0x00000007c2dad460,0x00000007c8090000)
 PSPermGen       total 51392K, used 51376K [0x00000007bae00000, 0x00000007be030000, 0x00000007c0000000)
  object space 51392K, 99% used [0x00000007bae00000,0x00000007be02c148,0x00000007be030000)
Event: 12529.233 GC heap after
Heap after GC invocations=372 (full 180):
 PSYoungGen      total 346176K, used 1376K [0x00000007eaab0000, 0x0000000800000000, 0x0000000800000000)
  eden space 344768K, 0% used [0x00000007eaab0000,0x00000007eaab0000,0x00000007ffb60000)
  from space 1408K, 97% used [0x00000007ffde0000,0x00000007fff38020,0x00000007fff40000)
  to   space 2368K, 0% used [0x00000007ffb60000,0x00000007ffb60000,0x00000007ffdb0000)
 ParOldGen       total 131648K, used 48499K [0x00000007c0000000, 0x00000007c8090000, 0x00000007eaab0000)
  object space 131648K, 36% used [0x00000007c0000000,0x00000007c2f5cd38,0x00000007c8090000)
 PSPermGen       total 51392K, used 51376K [0x00000007bae00000, 0x00000007be030000, 0x00000007c0000000)
  object space 51392K, 99% used [0x00000007bae00000,0x00000007be02c148,0x00000007be030000)
}
Event: 12529.233 GC heap before
{Heap before GC invocations=373 (full 181):
 PSYoungGen      total 346176K, used 1376K [0x00000007eaab0000, 0x0000000800000000, 0x0000000800000000)
  eden space 344768K, 0% used [0x00000007eaab0000,0x00000007eaab0000,0x00000007ffb60000)
  from space 1408K, 97% used [0x00000007ffde0000,0x00000007fff38020,0x00000007fff40000)
  to   space 2368K, 0% used [0x00000007ffb60000,0x00000007ffb60000,0x00000007ffdb0000)
 ParOldGen       total 131648K, used 48499K [0x00000007c0000000, 0x00000007c8090000, 0x00000007eaab0000)
  object space 131648K, 36% used [0x00000007c0000000,0x00000007c2f5cd38,0x00000007c8090000)
 PSPermGen       total 51392K, used 51376K [0x00000007bae00000, 0x00000007be030000, 0x00000007c0000000)
  object space 51392K, 99% used [0x00000007bae00000,0x00000007be02c148,0x00000007be030000)
Event: 12529.384 GC heap after
Heap after GC invocations=373 (full 181):
 PSYoungGen      total 346176K, used 0K [0x00000007eaab0000, 0x0000000800000000, 0x0000000800000000)
  eden space 344768K, 0% used [0x00000007eaab0000,0x00000007eaab0000,0x00000007ffb60000)
  from space 1408K, 0% used [0x00000007ffde0000,0x00000007ffde0000,0x00000007fff40000)
  to   space 2368K, 0% used [0x00000007ffb60000,0x00000007ffb60000,0x00000007ffdb0000)
 ParOldGen       total 131648K, used 46883K [0x00000007c0000000, 0x00000007c8090000, 0x00000007eaab0000)
  object space 131648K, 35% used [0x00000007c0000000,0x00000007c2dc8d38,0x00000007c8090000)
 PSPermGen       total 51392K, used 51376K [0x00000007bae00000, 0x00000007be030000, 0x00000007c0000000)
  object space 51392K, 99% used [0x00000007bae00000,0x00000007be02c108,0x00000007be030000)
}

Deoptimization events (10 events):
Event: 10969.815 Thread 0x0000000118d42000 Uncommon trap -122 fr.pc 0x0000000106e24ac8
Event: 11478.002 Thread 0x000000010280d800 Uncommon trap -34 fr.pc 0x0000000106da4f2c
Event: 11480.231 Thread 0x000000010280d800 Uncommon trap -12 fr.pc 0x0000000106cffe68
Event: 12064.591 Thread 0x000000010280d800 Uncommon trap -34 fr.pc 0x0000000106f11358
Event: 12523.463 Thread 0x000000010280d800 Uncommon trap -58 fr.pc 0x0000000106e51d84
Event: 12523.463 Thread 0x000000010280d800 Uncommon trap -58 fr.pc 0x0000000106e51d84
Event: 12523.463 Thread 0x000000010280d800 Uncommon trap -58 fr.pc 0x0000000106e51d84
Event: 12523.463 Thread 0x000000010280d800 Uncommon trap -58 fr.pc 0x0000000106e51d84
Event: 12545.082 Thread 0x000000010280d800 Uncommon trap 173 fr.pc 0x0000000106f5c68c
Event: 12546.149 Thread 0x000000010280d800 Uncommon trap -83 fr.pc 0x0000000106f0da44

Internal exceptions (10 events):
Event: 12550.554 Thread 0x00000001182ba000 Threw 0x00000007f2944820 at /HUDSON/workspace/jdk7u25-2-build-macosx-amd64-product/jdk7u25/hotspot/src/share/vm/prims/nativeLookup.
Event: 12550.554 Thread 0x00000001182ba000 Threw 0x00000007f2945000 at /HUDSON/workspace/jdk7u25-2-build-macosx-amd64-product/jdk7u25/hotspot/src/share/vm/prims/nativeLookup.
Event: 12550.554 Thread 0x00000001182ba000 Threw 0x00000007f29457b0 at /HUDSON/workspace/jdk7u25-2-build-macosx-amd64-product/jdk7u25/hotspot/src/share/vm/prims/nativeLookup.
Event: 12550.837 Thread 0x000000010280d800 Threw 0x00000007f27c0bc0 at /HUDSON/workspace/jdk7u25-2-build-macosx-amd64-product/jdk7u25/hotspot/src/share/vm/prims/nativeLookup.
Event: 12550.837 Thread 0x000000010280d800 Threw 0x00000007f27c1710 at /HUDSON/workspace/jdk7u25-2-build-macosx-amd64-product/jdk7u25/hotspot/src/share/vm/prims/nativeLookup.
Event: 12550.837 Thread 0x000000010280d800 Threw 0x00000007f27c1dd0 at /HUDSON/workspace/jdk7u25-2-build-macosx-amd64-product/jdk7u25/hotspot/src/share/vm/prims/nativeLookup.
Event: 12550.843 Thread 0x000000010280d800 Threw 0x00000007f27dc9e0 at /HUDSON/workspace/jdk7u25-2-build-macosx-amd64-product/jdk7u25/hotspot/src/share/vm/prims/nativeLookup.
Event: 12550.843 Thread 0x000000010280d800 Threw 0x00000007f27dd320 at /HUDSON/workspace/jdk7u25-2-build-macosx-amd64-product/jdk7u25/hotspot/src/share/vm/prims/nativeLookup.
Event: 12550.843 Thread 0x000000010280d800 Threw 0x00000007f27dfd68 at /HUDSON/workspace/jdk7u25-2-build-macosx-amd64-product/jdk7u25/hotspot/src/share/vm/prims/nativeLookup.
Event: 12550.853 Thread 0x00000001013d3800 Threw 0x00000007f20619b0 at /HUDSON/workspace/jdk7u25-2-build-macosx-amd64-product/jdk7u25/hotspot/src/share/vm/prims/nativeLookup.

Events (10 events):
Event: 12545.083 Thread 0x000000010280d800 DEOPT PACKING pc=0x0000000106f5c68c sp=0x00007fff5fbfd710
Event: 12545.083 Thread 0x000000010280d800 DEOPT UNPACKING pc=0x0000000106908145 sp=0x00007fff5fbfd6d0 mode 2
Event: 12546.138 Thread 0x00000001172f3000 Thread added: 0x00000001172f3000
Event: 12546.138 Executing VM operation: RevokeBias
Event: 12546.139 Executing VM operation: RevokeBias done
Event: 12546.139 Thread 0x00000001172f3000 Thread exited: 0x00000001172f3000
Event: 12546.149 Thread 0x000000010280d800 DEOPT PACKING pc=0x0000000106f0da44 sp=0x00007fff5fbfd620
Event: 12546.149 Thread 0x000000010280d800 DEOPT UNPACKING pc=0x0000000106908145 sp=0x00007fff5fbfd5d8 mode 2
Event: 12546.214 Thread 0x0000000101035800 flushing nmethod 0x0000000106ebf350
Event: 12550.849 Thread 0x00000001011f8000 Thread added: 0x00000001011f8000


Dynamic libraries:
0x000000000c078000 	/System/Library/Frameworks/Cocoa.framework/Versions/A/Cocoa
0x000000000c078000 	/usr/lib/libSystem.B.dylib
0x000000000c078000 	/System/Library/Frameworks/CoreServices.framework/Versions/A/CoreServices
0x000000000c078000 	/usr/lib/libobjc.A.dylib
0x000000000c078000 	/System/Library/Frameworks/CoreFoundation.framework/Versions/A/CoreFoundation
0x000000000c078000 	/System/Library/Frameworks/AppKit.framework/Versions/C/AppKit
0x000000000c078000 	/System/Library/Frameworks/ApplicationServices.framework/Versions/A/ApplicationServices
0x000000000c078000 	/System/Library/Frameworks/Foundation.framework/Versions/C/Foundation
0x000000000c078000 	/System/Library/Frameworks/CoreData.framework/Versions/A/CoreData
0x000000000c078000 	/System/Library/PrivateFrameworks/RemoteViewServices.framework/Versions/A/RemoteViewServices
0x000000000c078000 	/System/Library/PrivateFrameworks/UIFoundation.framework/Versions/A/UIFoundation
0x000000000c078000 	/System/Library/Frameworks/IOSurface.framework/Versions/A/IOSurface
0x000000000c078000 	/System/Library/Frameworks/AudioToolbox.framework/Versions/A/AudioToolbox
0x000000000c078000 	/System/Library/Frameworks/AudioUnit.framework/Versions/A/AudioUnit
0x000000000c078000 	/System/Library/PrivateFrameworks/DataDetectorsCore.framework/Versions/A/DataDetectorsCore
0x000000000c078000 	/System/Library/PrivateFrameworks/DesktopServicesPriv.framework/Versions/A/DesktopServicesPriv
0x000000000c078000 	/System/Library/Frameworks/Carbon.framework/Versions/A/Frameworks/HIToolbox.framework/Versions/A/HIToolbox
0x000000000c078000 	/System/Library/Frameworks/QuartzCore.framework/Versions/A/QuartzCore
0x000000000c078000 	/System/Library/Frameworks/Security.framework/Versions/A/Security
0x000000000c078000 	/System/Library/Frameworks/Carbon.framework/Versions/A/Frameworks/SpeechRecognition.framework/Versions/A/SpeechRecognition
0x000000000c078000 	/usr/lib/libauto.dylib
0x000000000c078000 	/usr/lib/libicucore.A.dylib
0x000000000c078000 	/usr/lib/libxml2.2.dylib
0x000000000c078000 	/usr/lib/libz.1.dylib
0x000000000c078000 	/System/Library/PrivateFrameworks/CoreUI.framework/Versions/A/CoreUI
0x000000000c078000 	/System/Library/Frameworks/CoreAudio.framework/Versions/A/CoreAudio
0x000000000c078000 	/System/Library/Frameworks/DiskArbitration.framework/Versions/A/DiskArbitration
0x000000000c078000 	/usr/lib/liblangid.dylib
0x000000000c078000 	/System/Library/PrivateFrameworks/MultitouchSupport.framework/Versions/A/MultitouchSupport
0x000000000c078000 	/System/Library/Frameworks/IOKit.framework/Versions/A/IOKit
0x000000000c078000 	/usr/lib/libDiagnosticMessagesClient.dylib
0x000000000c078000 	/System/Library/PrivateFrameworks/PerformanceAnalysis.framework/Versions/A/PerformanceAnalysis
0x000000000c078000 	/System/Library/PrivateFrameworks/GenerationalStorage.framework/Versions/A/GenerationalStorage
0x000000000c078000 	/System/Library/Frameworks/OpenGL.framework/Versions/A/OpenGL
0x000000000c078000 	/System/Library/PrivateFrameworks/Sharing.framework/Versions/A/Sharing
0x000000000c078000 	/System/Library/Frameworks/CoreGraphics.framework/Versions/A/CoreGraphics
0x000000000c078000 	/System/Library/Frameworks/CoreText.framework/Versions/A/CoreText
0x000000000c078000 	/System/Library/Frameworks/ImageIO.framework/Versions/A/ImageIO
0x000000000c078000 	/usr/lib/libextension.dylib
0x000000000c078000 	/System/Library/PrivateFrameworks/Backup.framework/Versions/A/Backup
0x000000000c078000 	/usr/lib/libarchive.2.dylib
0x000000000c078000 	/System/Library/Frameworks/CFNetwork.framework/Versions/A/CFNetwork
0x000000000c078000 	/System/Library/Frameworks/SystemConfiguration.framework/Versions/A/SystemConfiguration
0x000000000c078000 	/usr/lib/libCRFSuite.dylib
0x000000000c078000 	/usr/lib/libc++.1.dylib
0x000000000c078000 	/usr/lib/libc++abi.dylib
0x000000000c078000 	/usr/lib/system/libcache.dylib
0x000000000c078000 	/usr/lib/system/libcommonCrypto.dylib
0x000000000c078000 	/usr/lib/system/libcompiler_rt.dylib
0x000000000c078000 	/usr/lib/system/libcopyfile.dylib
0x000000000c078000 	/usr/lib/system/libcorecrypto.dylib
0x000000000c078000 	/usr/lib/system/libdispatch.dylib
0x000000000c078000 	/usr/lib/system/libdyld.dylib
0x000000000c078000 	/usr/lib/system/libkeymgr.dylib
0x000000000c078000 	/usr/lib/system/liblaunch.dylib
0x000000000c078000 	/usr/lib/system/libmacho.dylib
0x000000000c078000 	/usr/lib/system/libquarantine.dylib
0x000000000c078000 	/usr/lib/system/libremovefile.dylib
0x000000000c078000 	/usr/lib/system/libsystem_asl.dylib
0x000000000c078000 	/usr/lib/system/libsystem_blocks.dylib
0x000000000c078000 	/usr/lib/system/libsystem_c.dylib
0x000000000c078000 	/usr/lib/system/libsystem_configuration.dylib
0x000000000c078000 	/usr/lib/system/libsystem_coreservices.dylib
0x000000000c078000 	/usr/lib/system/libsystem_coretls.dylib
0x000000000c078000 	/usr/lib/system/libsystem_dnssd.dylib
0x000000000c078000 	/usr/lib/system/libsystem_info.dylib
0x000000000c078000 	/usr/lib/system/libsystem_kernel.dylib
0x000000000c078000 	/usr/lib/system/libsystem_m.dylib
0x000000000c078000 	/usr/lib/system/libsystem_malloc.dylib
0x000000000c078000 	/usr/lib/system/libsystem_network.dylib
0x000000000c078000 	/usr/lib/system/libsystem_networkextension.dylib
0x000000000c078000 	/usr/lib/system/libsystem_notify.dylib
0x000000000c078000 	/usr/lib/system/libsystem_platform.dylib
0x000000000c078000 	/usr/lib/system/libsystem_pthread.dylib
0x000000000c078000 	/usr/lib/system/libsystem_sandbox.dylib
0x000000000c078000 	/usr/lib/system/libsystem_secinit.dylib
0x000000000c078000 	/usr/lib/system/libsystem_stats.dylib
0x000000000c078000 	/usr/lib/system/libsystem_trace.dylib
0x000000000c078000 	/usr/lib/system/libunc.dylib
0x000000000c078000 	/usr/lib/system/libunwind.dylib
0x000000000c078000 	/usr/lib/system/libxpc.dylib
0x000000000c078000 	/usr/lib/libbz2.1.0.dylib
0x000000000c078000 	/usr/lib/liblzma.5.dylib
0x000000000c078000 	/usr/lib/libbsm.0.dylib
0x000000000c078000 	/usr/lib/libsqlite3.dylib
0x000000000c078000 	/usr/lib/system/libkxld.dylib
0x000000000c078000 	/usr/lib/libxar.1.dylib
0x000000000c078000 	/usr/lib/libpam.2.dylib
0x000000000c078000 	/usr/lib/libOpenScriptingUtil.dylib
0x000000000c078000 	/System/Library/Frameworks/CoreServices.framework/Versions/A/Frameworks/FSEvents.framework/Versions/A/FSEvents
0x000000000c078000 	/System/Library/Frameworks/CoreServices.framework/Versions/A/Frameworks/CarbonCore.framework/Versions/A/CarbonCore
0x000000000c078000 	/System/Library/Frameworks/CoreServices.framework/Versions/A/Frameworks/Metadata.framework/Versions/A/Metadata
0x000000000c078000 	/System/Library/Frameworks/CoreServices.framework/Versions/A/Frameworks/OSServices.framework/Versions/A/OSServices
0x000000000c078000 	/System/Library/Frameworks/CoreServices.framework/Versions/A/Frameworks/SearchKit.framework/Versions/A/SearchKit
0x000000000c078000 	/System/Library/Frameworks/CoreServices.framework/Versions/A/Frameworks/AE.framework/Versions/A/AE
0x000000000c078000 	/System/Library/Frameworks/CoreServices.framework/Versions/A/Frameworks/LaunchServices.framework/Versions/A/LaunchServices
0x000000000c078000 	/System/Library/Frameworks/CoreServices.framework/Versions/A/Frameworks/DictionaryServices.framework/Versions/A/DictionaryServices
0x000000000c078000 	/System/Library/Frameworks/NetFS.framework/Versions/A/NetFS
0x000000000c078000 	/System/Library/PrivateFrameworks/NetAuth.framework/Versions/A/NetAuth
0x000000000c078000 	/System/Library/PrivateFrameworks/login.framework/Versions/A/Frameworks/loginsupport.framework/Versions/A/loginsupport
0x000000000c078000 	/System/Library/PrivateFrameworks/TCC.framework/Versions/A/TCC
0x000000000c078000 	/usr/lib/libmecabra.dylib
0x000000000c078000 	/System/Library/Frameworks/ApplicationServices.framework/Versions/A/Frameworks/ATS.framework/Versions/A/ATS
0x000000000c078000 	/System/Library/Frameworks/ApplicationServices.framework/Versions/A/Frameworks/ColorSync.framework/Versions/A/ColorSync
0x000000000c078000 	/System/Library/Frameworks/ApplicationServices.framework/Versions/A/Frameworks/HIServices.framework/Versions/A/HIServices
0x000000000c078000 	/System/Library/Frameworks/ApplicationServices.framework/Versions/A/Frameworks/LangAnalysis.framework/Versions/A/LangAnalysis
0x000000000c078000 	/System/Library/Frameworks/ApplicationServices.framework/Versions/A/Frameworks/PrintCore.framework/Versions/A/PrintCore
0x000000000c078000 	/System/Library/Frameworks/ApplicationServices.framework/Versions/A/Frameworks/QD.framework/Versions/A/QD
0x000000000c078000 	/System/Library/Frameworks/ApplicationServices.framework/Versions/A/Frameworks/SpeechSynthesis.framework/Versions/A/SpeechSynthesis
0x000000000c078000 	/System/Library/Frameworks/Accelerate.framework/Versions/A/Accelerate
0x000000000c078000 	/System/Library/Frameworks/Accelerate.framework/Versions/A/Frameworks/vImage.framework/Versions/A/vImage
0x000000000c078000 	/System/Library/Frameworks/Accelerate.framework/Versions/A/Frameworks/vecLib.framework/Versions/A/vecLib
0x000000000c078000 	/System/Library/Frameworks/Accelerate.framework/Versions/A/Frameworks/vecLib.framework/Versions/A/libvDSP.dylib
0x000000000c078000 	/System/Library/Frameworks/Accelerate.framework/Versions/A/Frameworks/vecLib.framework/Versions/A/libvMisc.dylib
0x000000000c078000 	/System/Library/Frameworks/Accelerate.framework/Versions/A/Frameworks/vecLib.framework/Versions/A/libLAPACK.dylib
0x000000000c078000 	/System/Library/Frameworks/Accelerate.framework/Versions/A/Frameworks/vecLib.framework/Versions/A/libBLAS.dylib
0x000000000c078000 	/System/Library/Frameworks/Accelerate.framework/Versions/A/Frameworks/vecLib.framework/Versions/A/libLinearAlgebra.dylib
0x000000000c078000 	/System/Library/Frameworks/ApplicationServices.framework/Versions/A/Frameworks/ATS.framework/Versions/A/Resources/libFontParser.dylib
0x000000000c078000 	/System/Library/Frameworks/ApplicationServices.framework/Versions/A/Frameworks/ATS.framework/Versions/A/Resources/libFontRegistry.dylib
0x000000000c078000 	/System/Library/PrivateFrameworks/AppleVPA.framework/Versions/A/AppleVPA
0x000000000c078000 	/System/Library/PrivateFrameworks/AppleJPEG.framework/Versions/A/AppleJPEG
0x000000000c078000 	/System/Library/Frameworks/ImageIO.framework/Versions/A/Resources/libJPEG.dylib
0x000000000c078000 	/System/Library/Frameworks/ImageIO.framework/Versions/A/Resources/libTIFF.dylib
0x000000000c078000 	/System/Library/Frameworks/ImageIO.framework/Versions/A/Resources/libPng.dylib
0x000000000c078000 	/System/Library/Frameworks/ImageIO.framework/Versions/A/Resources/libGIF.dylib
0x000000000c078000 	/System/Library/Frameworks/ImageIO.framework/Versions/A/Resources/libJP2.dylib
0x000000000c078000 	/System/Library/Frameworks/ImageIO.framework/Versions/A/Resources/libRadiance.dylib
0x000000000c078000 	/System/Library/Frameworks/CoreVideo.framework/Versions/A/CoreVideo
0x000000000c078000 	/System/Library/Frameworks/OpenGL.framework/Versions/A/Libraries/libGLU.dylib
0x000000000c078000 	/System/Library/Frameworks/OpenGL.framework/Versions/A/Libraries/libGFXShared.dylib
0x000000000c078000 	/System/Library/Frameworks/OpenGL.framework/Versions/A/Libraries/libGL.dylib
0x000000000c078000 	/System/Library/Frameworks/OpenGL.framework/Versions/A/Libraries/libGLImage.dylib
0x000000000c078000 	/System/Library/Frameworks/OpenGL.framework/Versions/A/Libraries/libCVMSPluginSupport.dylib
0x000000000c078000 	/System/Library/Frameworks/OpenGL.framework/Versions/A/Libraries/libCoreVMClient.dylib
0x000000000c078000 	/usr/lib/libcups.2.dylib
0x000000000c078000 	/System/Library/Frameworks/Kerberos.framework/Versions/A/Kerberos
0x000000000c078000 	/System/Library/Frameworks/GSS.framework/Versions/A/GSS
0x000000000c078000 	/usr/lib/libresolv.9.dylib
0x000000000c078000 	/usr/lib/libiconv.2.dylib
0x000000000c078000 	/System/Library/PrivateFrameworks/Heimdal.framework/Versions/A/Heimdal
0x000000000c078000 	/usr/lib/libheimdal-asn1.dylib
0x000000000c078000 	/System/Library/Frameworks/OpenDirectory.framework/Versions/A/OpenDirectory
0x000000000c078000 	/System/Library/PrivateFrameworks/CommonAuth.framework/Versions/A/CommonAuth
0x000000000c078000 	/System/Library/Frameworks/OpenDirectory.framework/Versions/A/Frameworks/CFOpenDirectory.framework/Versions/A/CFOpenDirectory
0x000000000c078000 	/System/Library/Frameworks/SecurityFoundation.framework/Versions/A/SecurityFoundation
0x000000000c078000 	/System/Library/PrivateFrameworks/LanguageModeling.framework/Versions/A/LanguageModeling
0x000000000c078000 	/usr/lib/libcmph.dylib
0x000000000c078000 	/System/Library/Frameworks/ServiceManagement.framework/Versions/A/ServiceManagement
0x000000000c078000 	/usr/lib/libxslt.1.dylib
0x000000000c078000 	/System/Library/Frameworks/Carbon.framework/Versions/A/Frameworks/Ink.framework/Versions/A/Ink
0x000000000c078000 	/System/Library/Frameworks/QuartzCore.framework/Versions/A/Frameworks/CoreImage.framework/Versions/A/CoreImage
0x000000000c078000 	/System/Library/PrivateFrameworks/CrashReporterSupport.framework/Versions/A/CrashReporterSupport
0x000000000c078000 	/System/Library/Frameworks/OpenCL.framework/Versions/A/OpenCL
0x000000000c078000 	/System/Library/PrivateFrameworks/FaceCore.framework/Versions/A/FaceCore
0x000000000c078000 	/System/Library/PrivateFrameworks/Ubiquity.framework/Versions/A/Ubiquity
0x000000000c078000 	/System/Library/PrivateFrameworks/IconServices.framework/Versions/A/IconServices
0x000000000c078000 	/System/Library/PrivateFrameworks/ChunkingLibrary.framework/Versions/A/ChunkingLibrary
0x000000000c078000 	/System/Library/PrivateFrameworks/Apple80211.framework/Versions/A/Apple80211
0x000000000c078000 	/System/Library/Frameworks/CoreWLAN.framework/Versions/A/CoreWLAN
0x000000000c078000 	/System/Library/Frameworks/IOBluetooth.framework/Versions/A/IOBluetooth
0x000000000c078000 	/System/Library/PrivateFrameworks/CoreWiFi.framework/Versions/A/CoreWiFi
0x000000000c078000 	/System/Library/Frameworks/CoreBluetooth.framework/Versions/A/CoreBluetooth
0x000000000c078000 	/System/Library/PrivateFrameworks/DebugSymbols.framework/Versions/A/DebugSymbols
0x000000000c078000 	/System/Library/PrivateFrameworks/CoreSymbolication.framework/Versions/A/CoreSymbolication
0x000000000c078000 	/System/Library/PrivateFrameworks/Symbolication.framework/Versions/A/Symbolication
0x000000000c078000 	/System/Library/PrivateFrameworks/SpeechRecognitionCore.framework/Versions/A/SpeechRecognitionCore
0x00000001000cb000 	/Applications/exelis/idl83/idlde/plugins/org.eclipse.equinox.launcher.cocoa.macosx.x86_64_1.1.101.v20120109-1504/eclipse_1408.so
0x000000000c078000 	/System/Library/PrivateFrameworks/CoreServicesInternal.framework/Versions/A/CoreServicesInternal
0x000000000c078000 	/System/Library/PrivateFrameworks/CloudDocs.framework/Versions/A/CloudDocs
0x000000000c078000 	/System/Library/PrivateFrameworks/CoreDuet.framework/Versions/A/CoreDuet
0x000000000c078000 	/System/Library/Frameworks/CloudKit.framework/Versions/A/CloudKit
0x000000000c078000 	/System/Library/PrivateFrameworks/ProtocolBuffer.framework/Versions/A/ProtocolBuffer
0x000000000c078000 	/System/Library/PrivateFrameworks/CoreDuetDaemonProtocol.framework/Versions/A/CoreDuetDaemonProtocol
0x000000000c078000 	/System/Library/PrivateFrameworks/CoreDuetDebugLogging.framework/Versions/A/CoreDuetDebugLogging
0x000000000c078000 	/System/Library/PrivateFrameworks/MMCS.framework/Versions/A/MMCS
0x000000000c078000 	/System/Library/Frameworks/CoreLocation.framework/Versions/A/CoreLocation
0x000000000c078000 	/System/Library/PrivateFrameworks/ProtectedCloudStorage.framework/Versions/A/ProtectedCloudStorage
0x000000000c078000 	/System/Library/PrivateFrameworks/GeoServices.framework/Versions/A/GeoServices
0x000000000c078000 	/System/Library/Frameworks/CoreGraphics.framework/Versions/A/Resources/libCGCMS.A.dylib
0x0000000105e15000 	/Applications/exelis/idl83/idlde/bin.darwin.x86_64/jre/lib/server/libjvm.dylib
0x000000000c078000 	/usr/lib/libstdc++.6.dylib
0x0000000104c45000 	/Applications/exelis/idl83/idlde/bin.darwin.x86_64/jre/lib/libverify.dylib
0x0000000104c52000 	/Applications/exelis/idl83/idlde/bin.darwin.x86_64/jre/lib/libjava.dylib
0x00000001068c6000 	/Applications/exelis/idl83/idlde/bin.darwin.x86_64/jre/lib/libzip.dylib
0x000000010e1a4000 	/System/Library/Frameworks/JavaVM.framework/Frameworks/JavaRuntimeSupport.framework/JavaRuntimeSupport
0x000000010e1bc000 	/System/Library/Frameworks/JavaVM.framework/Versions/A/Frameworks/JavaNativeFoundation.framework/Versions/A/JavaNativeFoundation
0x000000010e1d1000 	/System/Library/Frameworks/JavaVM.framework/Versions/A/JavaVM
0x000000000c078000 	/System/Library/Frameworks/Carbon.framework/Versions/A/Carbon
0x000000010e1de000 	/System/Library/PrivateFrameworks/JavaLaunching.framework/Versions/A/JavaLaunching
0x000000000c078000 	/System/Library/Frameworks/Carbon.framework/Versions/A/Frameworks/CommonPanels.framework/Versions/A/CommonPanels
0x000000000c078000 	/System/Library/Frameworks/Carbon.framework/Versions/A/Frameworks/Help.framework/Versions/A/Help
0x000000000c078000 	/System/Library/Frameworks/Carbon.framework/Versions/A/Frameworks/ImageCapture.framework/Versions/A/ImageCapture
0x000000000c078000 	/System/Library/Frameworks/Carbon.framework/Versions/A/Frameworks/OpenScripting.framework/Versions/A/OpenScripting
0x000000000c078000 	/System/Library/Frameworks/Carbon.framework/Versions/A/Frameworks/Print.framework/Versions/A/Print
0x000000000c078000 	/System/Library/Frameworks/Carbon.framework/Versions/A/Frameworks/SecurityHI.framework/Versions/A/SecurityHI
0x000000000c078000 	/System/Library/CoreServices/RawCamera.bundle/Contents/MacOS/RawCamera
0x000000000c078000 	/System/Library/Frameworks/CoreGraphics.framework/Versions/A/Resources/libRIP.A.dylib
0x000000000c078000 	/System/Library/PrivateFrameworks/FamilyControls.framework/Versions/A/FamilyControls
0x000000000c078000 	/System/Library/PrivateFrameworks/CommerceKit.framework/Versions/A/Frameworks/CommerceCore.framework/Versions/A/CommerceCore
0x000000000c078000 	/System/Library/PrivateFrameworks/SystemAdministration.framework/Versions/A/SystemAdministration
0x000000000c078000 	/System/Library/PrivateFrameworks/AppContainer.framework/Versions/A/AppContainer
0x000000000c078000 	/System/Library/PrivateFrameworks/SecCodeWrapper.framework/Versions/A/SecCodeWrapper
0x000000000c078000 	/System/Library/Frameworks/DirectoryService.framework/Versions/A/DirectoryService
0x000000000c078000 	/System/Library/PrivateFrameworks/DiskImages.framework/Versions/A/DiskImages
0x000000000c078000 	/System/Library/PrivateFrameworks/LoginUIKit.framework/Versions/A/Frameworks/LoginUICore.framework/Versions/A/LoginUICore
0x000000000c078000 	/usr/lib/libCoreStorage.dylib
0x000000000c078000 	/usr/lib/libcsfde.dylib
0x000000000c078000 	/usr/lib/libodfde.dylib
0x000000000c078000 	/System/Library/Frameworks/DiscRecording.framework/Versions/A/DiscRecording
0x000000010fa01000 	/Applications/exelis/idl83/bin/bin.darwin.x86_64/libcurl.4.dylib
0x000000000c078000 	/System/Library/PrivateFrameworks/MediaKit.framework/Versions/A/MediaKit
0x000000000c078000 	/System/Library/PrivateFrameworks/EFILogin.framework/Versions/A/EFILogin
0x000000000c078000 	/usr/lib/libutil.dylib
0x000000000c078000 	/System/Library/PrivateFrameworks/FindMyDevice.framework/Versions/A/FindMyDevice
0x000000000c078000 	/System/Library/Frameworks/CoreGraphics.framework/Versions/A/Resources/libCGXType.A.dylib
0x000000000c078000 	/System/Library/Frameworks/OpenCL.framework/Versions/A/Libraries/libcldcpuengine.dylib
0x0000000110fb4000 	cl_kernels
0x0000000110fb6000 	/System/Library/Frameworks/OpenCL.framework/Versions/A/Libraries/ImageFormats/unorm8_bgra.dylib
0x0000000110fa5000 	cl_kernels
0x0000000111146000 	/Applications/exelis/idl83/idlde/bin.darwin.x86_64/jre/lib/libnet.dylib
0x000000011115b000 	/Applications/exelis/idl83/idlde/bin.darwin.x86_64/jre/lib/libnio.dylib
0x000000011222b000 	/Users/to/.swt/lib/macosx/x86_64/libswt-cocoa-3740.jnilib
0x000000000c078000 	/System/Library/Frameworks/WebKit.framework/Versions/A/WebKit
0x000000000c078000 	/System/Library/Frameworks/JavaScriptCore.framework/Versions/A/JavaScriptCore
0x000000000c078000 	/System/Library/Frameworks/SecurityInterface.framework/Versions/A/SecurityInterface
0x000000000c078000 	/System/Library/Frameworks/WebKit.framework/Versions/A/Frameworks/WebKitLegacy.framework/Versions/A/WebKitLegacy
0x000000000c078000 	/System/Library/Frameworks/WebKit.framework/Versions/A/Frameworks/WebCore.framework/Versions/A/WebCore
0x0000000112278000 	/Users/to/.swt/lib/macosx/x86_64/libswt-pi-cocoa-3740.jnilib
0x0000000112519000 	/Applications/exelis/idl83/bin/bin.darwin.x86_64/libidl_ips.8.3.dylib
0x0000000112c12000 	/Applications/exelis/idl83/bin/bin.darwin.x86_64/libidl.8.3.dylib
0x0000000113814000 	/opt/X11/lib/libfreetype.6.dylib
0x00000001119b2000 	/Applications/exelis/idl83/bin/bin.darwin.x86_64/libMesaGLU6_2.dylib
0x00000001138aa000 	/Applications/exelis/idl83/bin/bin.darwin.x86_64/libMesaGL6_2.dylib
0x00000001119e0000 	/Applications/exelis/idl83/bin/bin.darwin.x86_64/libOSMesa6_2.dylib
0x0000000111c2a000 	/opt/X11/lib/libXp.6.dylib
0x0000000113aec000 	/Applications/exelis/idl83/bin/bin.darwin.x86_64/libXm.3.0.2.dylib
0x0000000111c35000 	/opt/X11/lib/libXpm.4.dylib
0x0000000111c48000 	/opt/X11/lib/libXmu.6.dylib
0x0000000111c63000 	/opt/X11/lib/libXext.6.dylib
0x0000000112577000 	/opt/X11/lib/libXt.6.dylib
0x00000001119ed000 	/opt/X11/lib/libXinerama.1.dylib
0x0000000111c76000 	/opt/X11/lib/libSM.6.dylib
0x0000000111feb000 	/opt/X11/lib/libICE.6.dylib
0x0000000113efb000 	/opt/X11/lib/libX11.6.dylib
0x000000011212d000 	/opt/X11/lib/libxcb.1.dylib
0x0000000112008000 	/opt/X11/lib/libXau.6.dylib
0x000000011200e000 	/opt/X11/lib/libXdmcp.6.dylib
0x0000000112700000 	/Applications/exelis/idl83/bin/bin.darwin.x86_64/gl_driver.so
0x0000000114689000 	/opt/X11/lib/libGL.1.dylib
0x0000000111fb4000 	/opt/X11/lib/libXplugin.1.dylib
0x00000001141b2000 	/opt/X11/lib/libglapi.0.dylib
0x000000011197b000 	/opt/X11/lib/libXdamage.1.dylib
0x0000000111981000 	/opt/X11/lib/libXfixes.3.dylib
0x000000011196f000 	/opt/X11/lib/libX11-xcb.1.dylib
0x0000000111fcc000 	/opt/X11/lib/libxcb-glx.0.dylib
0x0000000111992000 	/opt/X11/lib/libXxf86vm.1.dylib
0x000000000c078000 	/usr/lib/libexpat.1.dylib
0x000000000c078000 	/System/Library/Frameworks/CoreGraphics.framework/Versions/A/Resources/libCGXCoreImage.A.dylib
0x000000011150e000 	cl_kernels
0x0000000116e91000 	/System/Library/Frameworks/OpenCL.framework/Versions/A/Libraries/ImageFormats/unorm8_argb.dylib
0x0000000111716000 	cl_kernels
0x000000000c078000 	/System/Library/Frameworks/Accelerate.framework/Versions/A/Frameworks/vImage.framework/Versions/A/Libraries/libCGInterfaces.dylib
0x0000000104792000 	cl_kernels
0x000000000c078000 	/System/Library/PrivateFrameworks/FinderKit.framework/Versions/A/FinderKit
0x000000000c078000 	/System/Library/PrivateFrameworks/Suggestions.framework/Versions/A/Suggestions
0x000000000c078000 	/System/Library/Frameworks/Quartz.framework/Versions/A/Frameworks/QuickLookUI.framework/Versions/A/QuickLookUI
0x000000000c078000 	/System/Library/Frameworks/Quartz.framework/Versions/A/Frameworks/ImageKit.framework/Versions/A/ImageKit
0x000000000c078000 	/System/Library/PrivateFrameworks/Bom.framework/Versions/A/Bom
0x000000000c078000 	/System/Library/Frameworks/QuickLook.framework/Versions/A/QuickLook
0x000000000c078000 	/System/Library/PrivateFrameworks/AppleSystemInfo.framework/Versions/A/AppleSystemInfo
0x000000000c078000 	/System/Library/Frameworks/ImageCaptureCore.framework/Versions/A/ImageCaptureCore
0x000000000c078000 	/System/Library/Frameworks/AddressBook.framework/Versions/A/AddressBook
0x000000000c078000 	/System/Library/PrivateFrameworks/IntlPreferences.framework/Versions/A/IntlPreferences
0x000000000c078000 	/System/Library/PrivateFrameworks/ToneLibrary.framework/Versions/A/ToneLibrary
0x000000000c078000 	/System/Library/PrivateFrameworks/ToneKit.framework/Versions/A/ToneKit
0x000000000c078000 	/System/Library/PrivateFrameworks/vCard.framework/Versions/A/vCard
0x000000000c078000 	/System/Library/PrivateFrameworks/ApplePushService.framework/Versions/A/ApplePushService
0x000000000c078000 	/System/Library/PrivateFrameworks/ContactsData.framework/Versions/A/ContactsData
0x000000000c078000 	/System/Library/PrivateFrameworks/ContactsFoundation.framework/Versions/A/ContactsFoundation
0x000000000c078000 	/System/Library/PrivateFrameworks/PhoneNumbers.framework/Versions/A/PhoneNumbers
0x000000000c078000 	/System/Library/Frameworks/Quartz.framework/Versions/A/Quartz
0x000000000c078000 	/System/Library/Frameworks/LDAP.framework/Versions/A/LDAP
0x000000000c078000 	/System/Library/Frameworks/AVFoundation.framework/Versions/A/AVFoundation
0x000000000c078000 	/System/Library/Frameworks/AVFoundation.framework/Versions/A/Resources/libAVFAudio.dylib
0x000000000c078000 	/System/Library/Frameworks/CoreMedia.framework/Versions/A/CoreMedia
0x000000000c078000 	/System/Library/Frameworks/MediaToolbox.framework/Versions/A/MediaToolbox
0x000000000c078000 	/System/Library/Frameworks/VideoToolbox.framework/Versions/A/VideoToolbox
0x000000000c078000 	/System/Library/Frameworks/CoreMediaIO.framework/Versions/A/CoreMediaIO
0x000000000c078000 	/System/Library/PrivateFrameworks/MediaControlSender.framework/Versions/A/MediaControlSender
0x000000000c078000 	/System/Library/PrivateFrameworks/CoreAVCHD.framework/Versions/A/CoreAVCHD
0x000000000c078000 	/System/Library/Frameworks/MediaAccessibility.framework/Versions/A/MediaAccessibility
0x000000000c078000 	/System/Library/PrivateFrameworks/Mangrove.framework/Versions/A/Mangrove
0x000000000c078000 	/System/Library/PrivateFrameworks/CoreAUC.framework/Versions/A/CoreAUC
0x000000000c078000 	/System/Library/PrivateFrameworks/NetworkStatistics.framework/Versions/A/NetworkStatistics
0x000000000c078000 	/System/Library/PrivateFrameworks/AppleSRP.framework/Versions/A/AppleSRP
0x000000000c078000 	/System/Library/PrivateFrameworks/AirPlaySupport.framework/Versions/A/AirPlaySupport
0x000000000c078000 	/System/Library/PrivateFrameworks/CoreUtils.framework/Versions/A/CoreUtils
0x000000000c078000 	/System/Library/PrivateFrameworks/AppleVA.framework/Versions/A/AppleVA
0x000000000c078000 	/System/Library/PrivateFrameworks/XPCService.framework/Versions/A/XPCService
0x000000000c078000 	/System/Library/PrivateFrameworks/AppSandbox.framework/Versions/A/AppSandbox
0x000000000c078000 	/usr/lib/libsandbox.1.dylib
0x000000000c078000 	/usr/lib/libMatch.1.dylib
0x000000000c078000 	/System/Library/PrivateFrameworks/SafariServices.framework/Versions/A/SafariServices
0x000000000c078000 	/usr/lib/libspindump.dylib
0x000000000c078000 	/System/Library/Frameworks/QTKit.framework/Versions/A/QTKit
0x000000000c078000 	/System/Library/PrivateFrameworks/CoreMediaAuthoring.framework/Versions/A/CoreMediaAuthoring
0x000000000c078000 	/System/Library/PrivateFrameworks/CoreDaemon.framework/Versions/B/CoreDaemon
0x000000000c078000 	/usr/lib/libcrypto.0.9.8.dylib
0x000000000c078000 	/System/Library/PrivateFrameworks/TrustEvaluationAgent.framework/Versions/A/TrustEvaluationAgent
0x000000000c078000 	/System/Library/Frameworks/Quartz.framework/Versions/A/Frameworks/QuartzComposer.framework/Versions/A/QuartzComposer
0x000000000c078000 	/System/Library/Frameworks/Quartz.framework/Versions/A/Frameworks/PDFKit.framework/Versions/A/PDFKit
0x000000000c078000 	/System/Library/Frameworks/Quartz.framework/Versions/A/Frameworks/QuartzFilters.framework/Versions/A/QuartzFilters
0x000000000c078000 	/System/Library/PrivateFrameworks/CorePDF.framework/Versions/A/CorePDF
0x000000000c078000 	/System/Library/PrivateFrameworks/DisplayServices.framework/Versions/A/DisplayServices
0x000000000c078000 	/usr/lib/libsasl2.2.dylib
0x000000000c078000 	/System/Library/PrivateFrameworks/AppleFSCompression.framework/Versions/A/AppleFSCompression
0x00000001114c9000 	/System/Library/PrivateFrameworks/CacheDelete.framework/CacheDelete
0x000000000c078000 	/System/Library/PrivateFrameworks/PlugInKit.framework/Versions/A/PlugInKit
0x000000000c078000 	/System/Library/Frameworks/OpenGL.framework/Versions/A/Resources/GLEngine.bundle/GLEngine
0x000000000c078000 	/System/Library/Frameworks/OpenGL.framework/Versions/A/Libraries/libGLProgrammability.dylib
0x000000011a100000 	/System/Library/Extensions/AMDRadeonX3000GLDriver.bundle/Contents/MacOS/AMDRadeonX3000GLDriver
0x000000000c078000 	/System/Library/PrivateFrameworks/IOAccelerator.framework/Versions/A/IOAccelerator
0x000000000c078000 	/System/Library/PrivateFrameworks/GPUSupport.framework/Versions/A/Libraries/libGPUSupportMercury.dylib
0x000000000c078000 	/System/Library/Frameworks/OpenGL.framework/Versions/A/Resources/GLRendererFloat.bundle/GLRendererFloat
0x000000010e809000 	cl_kernels
0x000000010e862000 	cl_kernels
0x000000010e92a000 	cl_kernels
0x000000000c078000 	/System/Library/PrivateFrameworks/NetFSServer.framework/Versions/A/NetFSServer
0x000000011a4d8000 	/System/Library/Frameworks/Quartz.framework/Versions/A/Frameworks/QuickLookUI.framework/Versions/A/PlugIns/Generic.qldisplay/Contents/MacOS/Generic
0x00000001140e1000 	/Applications/exelis/idl83/bin/bin.darwin.x86_64/idl_jpeg.so
0x000000000c078000 	/System/Library/PrivateFrameworks/DataDetectors.framework/Versions/A/DataDetectors
0x000000000c078000 	/System/Library/PrivateFrameworks/IDS.framework/Versions/A/IDS
0x000000000c078000 	/System/Library/PrivateFrameworks/IMFoundation.framework/Versions/A/IMFoundation
0x000000000c078000 	/System/Library/PrivateFrameworks/Marco.framework/Versions/A/Marco
0x000000000c078000 	/System/Library/PrivateFrameworks/IDSFoundation.framework/Versions/A/IDSFoundation
0x000000000c078000 	/System/Library/PrivateFrameworks/FTServices.framework/Versions/A/FTServices
0x000000000c078000 	/usr/lib/libtidy.A.dylib
0x000000000c078000 	/System/Library/PrivateFrameworks/CommonUtilities.framework/Versions/A/CommonUtilities
0x000000000c078000 	/System/Library/PrivateFrameworks/DiagnosticLogCollection.framework/Versions/A/DiagnosticLogCollection

VM Arguments:
jvm_args: -Dosgi.instance.area.default=@user.home/IDLWorkspace83 -Dosgi.configuration.area=@user.home/.idl/idlworkbench-config-idl8.3.0_x86_64 -Dosgi.configuration.cascaded=true -Dosgi.checkConfiguration=true -Dosgi.sharedConfiguration.area.readOnly=true -Dorg.eclipse.update.reconcile=false -Declipse.p2.data.area=@config.dir/p2 -XstartOnFirstThread -Xdock:icon=../Resources/idlde.icns -Dorg.eclipse.swt.internal.carbon.smallFonts -Dosgi.sharedConfiguration.area=../../../configuration.darwin.x86_64 -Xms128m -Xmx1024m 
java_command: <unknown>
Launcher Type: generic

Environment Variables:
CLASSPATH=.:/Applications/exelis/idl83/resource/bridges/export/java/javaidlb.jar
PATH=/Applications/exelis/idl83/bin:/opt/local/bin:/opt/local/sbin:/opt/local/bin:/opt/local/sbin:/opt/local/bin:/opt/local/sbin:/opt/local/bin:/opt/local/sbin:/usr/local/bin:/usr/bin:/bin:/usr/sbin:/sbin:/opt/X11/bin:/Applications/exelis/idl/bin:/opt/X11/bin:/Applications/exelis/idl/bin
LD_LIBRARY_PATH=/Applications/exelis/idl83/idlde/bin.darwin.x86_64/jre/lib/server:/Applications/exelis/idl83/idlde/bin.darwin.x86_64/jre/lib:
SHELL=/bin/tcsh
DISPLAY=/private/tmp/com.apple.launchd.KQYde1Iw1H/org.macosforge.xquartz:0
HOSTTYPE=intel-mac
OSTYPE=darwin
MACHTYPE=x86_64
DYLD_LIBRARY_PATH=/Applications/exelis/idl83/idlde/bin.darwin.x86_64:/Applications/exelis/idl83/bin/bin.darwin.x86_64
DYLD_FALLBACK_LIBRARY_PATH=/Applications/exelis/idl83/idlde/bin.darwin.x86_64/jre/lib/server:/Applications/exelis/idl83/idlde/bin.darwin.x86_64/jre/lib:

Signal Handlers:
SIGSEGV: [libjvm.dylib+0x4a820f], sa_mask[0]=0xfffefeff, sa_flags=0x00000042
SIGBUS: [libjvm.dylib+0x4a820f], sa_mask[0]=0xfffefeff, sa_flags=0x00000042
SIGFPE: [libjvm.dylib+0x3b7495], sa_mask[0]=0xfffefeff, sa_flags=0x00000042
SIGPIPE: SIG_IGN, sa_mask[0]=0x00000000, sa_flags=0x00000002
SIGXFSZ: [libjvm.dylib+0x3b7495], sa_mask[0]=0xfffefeff, sa_flags=0x00000042
SIGILL: [libjvm.dylib+0x3b7495], sa_mask[0]=0xfffefeff, sa_flags=0x00000042
SIGUSR1: SIG_DFL, sa_mask[0]=0x00000000, sa_flags=0x00000000
SIGUSR2: [libjvm.dylib+0x3b702e], sa_mask[0]=0x00000000, sa_flags=0x00000042
SIGHUP: [libjvm.dylib+0x3b528f], sa_mask[0]=0xfffefeff, sa_flags=0x00000042
SIGINT: [libidl.8.3.dylib+0x483ae0], sa_mask[0]=0x00000000, sa_flags=0x00000002
SIGTERM: [libjvm.dylib+0x3b528f], sa_mask[0]=0xfffefeff, sa_flags=0x00000042
SIGQUIT: [libjvm.dylib+0x3b528f], sa_mask[0]=0xfffefeff, sa_flags=0x00000042


---------------  S Y S T E M  ---------------

OS:Bsduname:Darwin 14.5.0 Darwin Kernel Version 14.5.0: Wed Jul 29 02:26:53 PDT 2015; root:xnu-2782.40.9~1/RELEASE_X86_64 x86_64
rlimit: STACK 8192k, CORE 0k, NPROC 709, NOFILE 1024, AS infinity
load average:1.55 1.19 1.02

CPU:total 4 (4 cores per cpu, 1 threads per core) family 6 model 42 stepping 7, cmov, cx8, fxsr, mmx, sse, sse2, sse3, ssse3, sse4.1, sse4.2, popcnt, avx, tsc, tscinvbit

Memory: 4k page, physical 205439508k(51359877k free)

/proc/meminfo:


vm_info: Java HotSpot(TM) 64-Bit Server VM (23.25-b01) for bsd-amd64 JRE (1.7.0_25-b15), built on Jun  5 2013 22:26:36 by "java_re" with gcc 4.2.1 (Based on Apple Inc. build 5658) (LLVM build 2336.11.00)

time: Wed Jun 22 13:31:07 2016
elapsed time: 12550 seconds

