#
# A fatal error has been detected by the Java Runtime Environment:
#
#  SIGSEGV (0xb) at pc=0x00007fff8afe8752, pid=23079, tid=41223
#
# JRE version: 7.0_25-b15
# Java VM: Java HotSpot(TM) 64-Bit Server VM (23.25-b01 mixed mode bsd-amd64 compressed oops)
# Problematic frame:
# C  [libsystem_platform.dylib+0x1752]  longjmp+0x2
#
# Failed to write core dump. Core dumps have been disabled. To enable core dumping, try "ulimit -c unlimited" before starting Java again
#
# If you would like to submit a bug report, please visit:
#   http://bugreport.sun.com/bugreport/crash.jsp
# The crash happened outside the Java Virtual Machine in native code.
# See problematic frame for where to report the bug.
#

---------------  T H R E A D  ---------------

Current thread (0x000000010294f000):  JavaThread "IDL" [_thread_in_native, id=41223, stack(0x000000011287e000,0x000000011297e000)]

siginfo:si_signo=SIGSEGV: si_errno=0, si_code=1 (SEGV_MAPERR), si_addr=0x0000000000000050

Registers:
RAX=0x0000000000000001, RBX=0x0000000000000000, RCX=0x0000000000000000, RDX=0x00000001140262c8
RSP=0x000000011297d0a8, RBP=0x000000011297d1c0, RSI=0x0000000000000002, RDI=0x0000000000000000
R8 =0x000000011297d030, R9 =0x0000000000000001, R10=0x0000000106386d10, R11=0x000000010678f798
R12=0x0000000117685690, R13=0x00000001173c5828, R14=0x00000001133d3e10, R15=0x0000000117685eb0
RIP=0x00007fff8afe8752, EFLAGS=0x0000000000010202, ERR=0x0000000000000004
  TRAPNO=0x000000000000000e

Top of Stack: (sp=0x000000011297d0a8)
0x000000011297d0a8:   0000000000000002 0000000000000000
0x000000011297d0b8:   0000000112e18be7 000000010000002c
0x000000011297d0c8:   0000000000000001 0000000000000000
0x000000011297d0d8:   fffffffffffffffe 0000000000000002
0x000000011297d0e8:   000000011297d0f0 000000011297d080
0x000000011297d0f8:   0000000101b41c15 0000000000000000
0x000000011297d108:   0000002c05ed1390 00000001133d3e30
0x000000011297d118:   0000000112fddec5 000000001297d250
0x000000011297d128:   0000000100000001 000000000000ba00
0x000000011297d138:   0100000000000004 fffffffffffffffe
0x000000011297d148:   0000000000000002 000000011887f918
0x000000011297d158:   000000011887f978 0000000111b438d8
0x000000011297d168:   0000000100000000 0000000100000000
0x000000011297d178:   0000000000000001 00000001028dff08
0x000000011297d188:   0000000200000002 000000000000002c
0x000000011297d198:   0000000112fddec5 00000001a6772872
0x000000011297d1a8:   0000000100000001 00000001133d3e10
0x000000011297d1b8:   0000000217685eb0 000000011297d250
0x000000011297d1c8:   0000000112e1a101 0000000100000000
0x000000011297d1d8:   000000011297d3f0 0000002400000000
0x000000011297d1e8:   0000000000000000 00000001133d3e10
0x000000011297d1f8:   0000000400000004 00000001133d3e10
0x000000011297d208:   0000000000000000 000000001297d250
0x000000011297d218:   000000011297d3f0 0000000000000000
0x000000011297d228:   0000000000000002 ffffff6100000000
0x000000011297d238:   0000000000000000 000000011297d3f0
0x000000011297d248:   0000000113270140 000000011297d430
0x000000011297d258:   0000000112e1ab2a 0000000100000000
0x000000011297d268:   000000011297d3f0 0000000100000000
0x000000011297d278:   0000000000000000 0000000000000000
0x000000011297d288:   0000000000000000 000000011297d3f0
0x000000011297d298:   0000000001da4540 0000000200000000 

Instructions: (pc=0x00007fff8afe8752)
0x00007fff8afe8732:   47 58 48 83 c4 28 e9 43 00 00 00 0f 1f 00 83 7f
0x00007fff8afe8742:   54 00 0f 85 06 00 00 00 e9 2b 00 00 00 90 57 56
0x00007fff8afe8752:   ff 77 50 48 c7 c7 03 00 00 00 48 89 e6 48 31 d2
0x00007fff8afe8762:   e8 f5 4d 00 00 48 8b 7c 24 10 8b 7f 58 e8 73 37 

Register to memory mapping:

RAX=0x0000000000000001 is an unknown value
RBX=0x0000000000000000 is an unknown value
RCX=0x0000000000000000 is an unknown value
RDX=0x00000001140262c8 is an unknown value
RSP=0x000000011297d0a8 is pointing into the stack for thread: 0x000000010294f000
RBP=0x000000011297d1c0 is pointing into the stack for thread: 0x000000010294f000
RSI=0x0000000000000002 is an unknown value
RDI=0x0000000000000000 is an unknown value
R8 =0x000000011297d030 is pointing into the stack for thread: 0x000000010294f000
R9 =0x0000000000000001 is an unknown value
R10=0x0000000106386d10: _ZN19TemplateInterpreter13_active_tableE+0x4000 in /Applications/exelis/idl83/idlde/bin.darwin.x86_64/jre/lib/server/libjvm.dylib at 0x0000000105c47000
R11=0x000000010678f610 [CodeBlob (0x000000010678f610)]
Framesize: 10
R12=0x0000000117685690 is an unknown value
R13=0x00000001173c5828 is an unknown value
R14=0x00000001133d3e10: output_message.default_errstate+0 in /Applications/exelis/idl83/bin/bin.darwin.x86_64/libidl.8.3.dylib at 0x0000000112980000
R15=0x0000000117685eb0 is an unknown value


Stack: [0x000000011287e000,0x000000011297e000],  sp=0x000000011297d0a8,  free space=1020k
Native frames: (J=compiled Java code, j=interpreted, Vv=VM code, C=native code)
C  [libsystem_platform.dylib+0x1752]  longjmp+0x2
C  [libidl.8.3.dylib+0x49a101]  output_message+0xb1
C  [libidl.8.3.dylib+0x49ab2a]  IDL_MessageSyscode2+0x1aa
C  [libidl.8.3.dylib+0x341a92]  IDL_Delvar+0x172
C  [libidl.8.3.dylib+0x351f58]  return_user_proc+0x218
C  [libidl.8.3.dylib+0x35215e]  return_all+0x5e
C  [libidl.8.3.dylib+0x4c463b]  IDL_Executive+0xbfb
C  [libidl_ips.8.3.dylib+0x98d4]  ips_main+0x284
C  [libidl_ips.8.3.dylib+0xab0c]  IPS_RunClient+0x3c
C  [libidl_ips.8.3.dylib+0x155d3]  IPS_Start+0x13
C  [libidl_ips.8.3.dylib+0xe64]  Java_com_rsi_idldt_core_ips_IPS_1Access_IPS_1Start+0x204
j  com.rsi.idldt.core.ips.IPS_Access.IPS_Start([Ljava/lang/String;)V+0
j  com.rsi.idldt.core.ips.IPS_Manager$2.run()V+15
j  java.lang.Thread.run()V+11
v  ~StubRoutines::call_stub
V  [libjvm.dylib+0x28a5c3]
V  [libjvm.dylib+0x28aaa2]
V  [libjvm.dylib+0x28abdc]
V  [libjvm.dylib+0x2c1868]
V  [libjvm.dylib+0x47cbd8]
V  [libjvm.dylib+0x47e0ca]
V  [libjvm.dylib+0x3b95f9]
C  [libsystem_pthread.dylib+0x405a]  _pthread_body+0x83
C  [libsystem_pthread.dylib+0x3fd7]  _pthread_body+0x0
C  [libsystem_pthread.dylib+0x13ed]  thread_start+0xd

Java frames: (J=compiled Java code, j=interpreted, Vv=VM code)
j  com.rsi.idldt.core.ips.IPS_Access.IPS_Start([Ljava/lang/String;)V+0
j  com.rsi.idldt.core.ips.IPS_Manager$2.run()V+15
j  java.lang.Thread.run()V+11
v  ~StubRoutines::call_stub

---------------  P R O C E S S  ---------------

Java Threads: ( => current thread )
  0x0000000116e59800 JavaThread "Thread-227" [_thread_in_Java, id=185091, stack(0x000000011a03e000,0x000000011a13e000)]
  0x00000001188d2000 JavaThread "Timer-30" daemon [_thread_blocked, id=182531, stack(0x0000000116301000,0x0000000116401000)]
  0x0000000116b09800 JavaThread "Worker-36" [_thread_blocked, id=181567, stack(0x00000001184b3000,0x00000001185b3000)]
  0x0000000118b42000 JavaThread "Worker-35" [_thread_blocked, id=166171, stack(0x0000000114e1f000,0x0000000114f1f000)]
  0x000000011680c000 JavaThread "Worker-34" [_thread_blocked, id=154823, stack(0x0000000116598000,0x0000000116698000)]
  0x000000011887d000 JavaThread "Worker-31" [_thread_blocked, id=166531, stack(0x00000001183b0000,0x00000001184b0000)]
  0x0000000116bf2000 JavaThread "Worker-27" [_thread_blocked, id=132355, stack(0x000000011864f000,0x000000011874f000)]
  0x00000001189a0000 JavaThread "Thread-125" daemon [_thread_in_native, id=112643, stack(0x0000000115442000,0x00000001154c2000)]
  0x000000011762b000 JavaThread "Thread-64" daemon [_thread_in_native, id=81439, stack(0x0000000113e03000,0x0000000113e83000)]
  0x0000000116a2a000 JavaThread "[ThreadPool Manager] - Idle Thread" daemon [_thread_blocked, id=35723, stack(0x00000001160ae000,0x00000001161ae000)]
  0x000000010144e800 JavaThread "Timer-2" daemon [_thread_blocked, id=60327, stack(0x0000000116412000,0x0000000116512000)]
  0x00000001013cf800 JavaThread "Thread-11" [_thread_in_native, id=59603, stack(0x0000000115f0d000,0x000000011600d000)]
  0x00000001008f5800 JavaThread "IDLDT DOM Worker-3" [_thread_blocked, id=58627, stack(0x0000000115e0a000,0x0000000115f0a000)]
  0x000000010097b000 JavaThread "IDLDT DOM Worker-2" [_thread_blocked, id=58371, stack(0x0000000115d07000,0x0000000115e07000)]
  0x0000000102ad8000 JavaThread "IDLDT DOM Worker-1" [_thread_blocked, id=58115, stack(0x0000000115c04000,0x0000000115d04000)]
  0x0000000102aff800 JavaThread "IDLDT DOM Worker-0" [_thread_blocked, id=57707, stack(0x00000001157ee000,0x00000001158ee000)]
  0x00000001028cf000 JavaThread "Timer-0" daemon [_thread_blocked, id=57451, stack(0x0000000114d1c000,0x0000000114e1c000)]
=>0x000000010294f000 JavaThread "IDL" [_thread_in_native, id=41223, stack(0x000000011287e000,0x000000011297e000)]
  0x00000001008ba800 JavaThread "IDLToJava Broker" daemon [_thread_blocked, id=41479, stack(0x000000011277b000,0x000000011287b000)]
  0x00000001019c4800 JavaThread "Provisioning Event Dispatcher" daemon [_thread_blocked, id=38915, stack(0x0000000111e07000,0x0000000111f07000)]
  0x00000001019f5800 JavaThread "Bundle File Closer" daemon [_thread_blocked, id=38403, stack(0x0000000111c01000,0x0000000111d01000)]
  0x00000001019b0800 JavaThread "Worker-JM" [_thread_blocked, id=38155, stack(0x0000000111864000,0x0000000111964000)]
  0x00000001008ad000 JavaThread "[Timer] - Main Queue Handler" daemon [_thread_blocked, id=37891, stack(0x0000000111729000,0x0000000111829000)]
  0x00000001028ab000 JavaThread "Framework Event Dispatcher" daemon [_thread_blocked, id=37395, stack(0x000000011144e000,0x000000011154e000)]
  0x000000010192c800 JavaThread "Start Level Event Dispatcher" daemon [_thread_blocked, id=36611, stack(0x000000011125c000,0x000000011135c000)]
  0x000000010286c000 JavaThread "State Data Manager" daemon [_thread_blocked, id=36111, stack(0x0000000111159000,0x0000000111259000)]
  0x000000010088b000 JavaThread "Framework Active Thread" [_thread_blocked, id=36359, stack(0x0000000111056000,0x0000000111156000)]
  0x0000000100817000 JavaThread "Service Thread" daemon [_thread_blocked, id=23299, stack(0x000000010e2f1000,0x000000010e3f1000)]
  0x00000001018bb800 JavaThread "C2 CompilerThread1" daemon [_thread_blocked, id=23043, stack(0x000000010e1ee000,0x000000010e2ee000)]
  0x00000001018b9800 JavaThread "C2 CompilerThread0" daemon [_thread_blocked, id=22791, stack(0x000000010e0eb000,0x000000010e1eb000)]
  0x00000001018b9000 JavaThread "Signal Dispatcher" daemon [_thread_blocked, id=22287, stack(0x000000010dfe8000,0x000000010e0e8000)]
  0x000000010280b000 JavaThread "Finalizer" daemon [_thread_blocked, id=21763, stack(0x000000010deac000,0x000000010dfac000)]
  0x0000000102801000 JavaThread "Reference Handler" daemon [_thread_blocked, id=21507, stack(0x000000010dda9000,0x000000010dea9000)]
  0x0000000101863800 JavaThread "main" [_thread_blocked, id=1299, stack(0x00007fff5fb80000,0x00007fff5fc00000)]

Other Threads:
  0x00000001018b5800 VMThread [stack: 0x000000010dca6000,0x000000010dda6000] [id=21251]
  0x00000001018c4000 WatcherThread [stack: 0x000000010e3f4000,0x000000010e4f4000] [id=23555]

VM state:synchronizing (normal execution)

VM Mutex/Monitor currently owned by a thread:  ([mutex/lock_event])
[0x000000010041a910] Safepoint_lock - owner thread: 0x00000001018b5800
[0x000000010041a990] Threads_lock - owner thread: 0x00000001018b5800

Heap
 PSYoungGen      total 298880K, used 32616K [0x00000007eaab0000, 0x00000007fd590000, 0x0000000800000000)
  eden space 291712K, 11% used [0x00000007eaab0000,0x00000007eca8a258,0x00000007fc790000)
  from space 7168K, 0% used [0x00000007fc790000,0x00000007fc790000,0x00000007fce90000)
  to   space 7168K, 0% used [0x00000007fce90000,0x00000007fce90000,0x00000007fd590000)
 ParOldGen       total 114240K, used 45381K [0x00000007c0000000, 0x00000007c6f90000, 0x00000007eaab0000)
  object space 114240K, 39% used [0x00000007c0000000,0x00000007c2c515b0,0x00000007c6f90000)
 PSPermGen       total 48576K, used 48116K [0x00000007bae00000, 0x00000007bdd70000, 0x00000007c0000000)
  object space 48576K, 99% used [0x00000007bae00000,0x00000007bdcfd0b0,0x00000007bdd70000)

Card table byte_map: [0x00000001097b0000,0x00000001099da000] byte_map_base: 0x00000001059d9000

Polling page: 0x00000001000ff000

Code Cache  [0x00000001066f0000, 0x0000000106e20000, 0x00000001096f0000)
 total_blobs=2360 nmethods=1841 adapters=468 free_code_cache=41952Kb largest_free_block=42860224

Compilation events (10 events):
Event: 2255.652 Thread 0x00000001018bb800   64 % !         org.eclipse.core.commands.operations.DefaultOperationHistory::getUndoOperation @ 26 (74 bytes)
Event: 2255.662 Thread 0x00000001018bb800 nmethod 64% 0x0000000106e08090 code [0x0000000106e08280, 0x0000000106e090d8]
Event: 2255.662 Thread 0x00000001018b9800 2034   !         org.eclipse.core.commands.operations.DefaultOperationHistory::getUndoOperation (74 bytes)
Event: 2255.670 Thread 0x00000001018b9800 nmethod 2034 0x0000000106df75d0 code [0x0000000106df7780, 0x0000000106df83a8]
Event: 2255.979 Thread 0x00000001018bb800   65 %           org.eclipse.core.internal.registry.ReferenceMap::get @ 18 (48 bytes)
Event: 2255.982 Thread 0x00000001018bb800 nmethod 65% 0x0000000106c36cd0 code [0x0000000106c36e40, 0x0000000106c37018]
Event: 2258.147 Thread 0x00000001018b9800 2035             org.eclipse.core.internal.registry.ReferenceMap::get (48 bytes)
Event: 2258.159 Thread 0x00000001018b9800 nmethod 2035 0x0000000106e06b50 code [0x0000000106e06d20, 0x0000000106e07998]
Event: 2259.858 Thread 0x00000001018bb800 2036             org.eclipse.core.expressions.EvaluationResult::and (14 bytes)
Event: 2259.858 Thread 0x00000001018bb800 nmethod 2036 0x0000000106df7290 code [0x0000000106df73e0, 0x0000000106df74b8]

GC Heap History (10 events):
Event: 2100.750 GC heap before
{Heap before GC invocations=80 (full 35):
 PSYoungGen      total 291968K, used 195K [0x00000007eaab0000, 0x00000007fd650000, 0x0000000800000000)
  eden space 291712K, 0% used [0x00000007eaab0000,0x00000007eaab0000,0x00000007fc790000)
  from space 256K, 76% used [0x00000007fc790000,0x00000007fc7c0d80,0x00000007fc7d0000)
  to   space 7552K, 0% used [0x00000007fcef0000,0x00000007fcef0000,0x00000007fd650000)
 ParOldGen       total 114240K, used 45721K [0x00000007c0000000, 0x00000007c6f90000, 0x00000007eaab0000)
  object space 114240K, 40% used [0x00000007c0000000,0x00000007c2ca6638,0x00000007c6f90000)
 PSPermGen       total 48768K, used 48105K [0x00000007bae00000, 0x00000007bdda0000, 0x00000007c0000000)
  object space 48768K, 98% used [0x00000007bae00000,0x00000007bdcfa530,0x00000007bdda0000)
Event: 2100.855 GC heap after
Heap after GC invocations=80 (full 35):
 PSYoungGen      total 291968K, used 0K [0x00000007eaab0000, 0x00000007fd650000, 0x0000000800000000)
  eden space 291712K, 0% used [0x00000007eaab0000,0x00000007eaab0000,0x00000007fc790000)
  from space 256K, 0% used [0x00000007fc790000,0x00000007fc790000,0x00000007fc7d0000)
  to   space 7552K, 0% used [0x00000007fcef0000,0x00000007fcef0000,0x00000007fd650000)
 ParOldGen       total 114240K, used 45684K [0x00000007c0000000, 0x00000007c6f90000, 0x00000007eaab0000)
  object space 114240K, 39% used [0x00000007c0000000,0x00000007c2c9d208,0x00000007c6f90000)
 PSPermGen       total 48704K, used 48105K [0x00000007bae00000, 0x00000007bdd90000, 0x00000007c0000000)
  object space 48704K, 98% used [0x00000007bae00000,0x00000007bdcfa510,0x00000007bdd90000)
}
Event: 2167.270 GC heap before
{Heap before GC invocations=81 (full 35):
 PSYoungGen      total 291968K, used 40120K [0x00000007eaab0000, 0x00000007fd650000, 0x0000000800000000)
  eden space 291712K, 13% used [0x00000007eaab0000,0x00000007ed1de358,0x00000007fc790000)
  from space 256K, 0% used [0x00000007fc790000,0x00000007fc790000,0x00000007fc7d0000)
  to   space 7552K, 0% used [0x00000007fcef0000,0x00000007fcef0000,0x00000007fd650000)
 ParOldGen       total 114240K, used 45684K [0x00000007c0000000, 0x00000007c6f90000, 0x00000007eaab0000)
  object space 114240K, 39% used [0x00000007c0000000,0x00000007c2c9d208,0x00000007c6f90000)
 PSPermGen       total 48704K, used 48108K [0x00000007bae00000, 0x00000007bdd90000, 0x00000007c0000000)
  object space 48704K, 98% used [0x00000007bae00000,0x00000007bdcfb328,0x00000007bdd90000)
Event: 2167.273 GC heap after
Heap after GC invocations=81 (full 35):
 PSYoungGen      total 298496K, used 128K [0x00000007eaab0000, 0x00000007fd590000, 0x0000000800000000)
  eden space 291712K, 0% used [0x00000007eaab0000,0x00000007eaab0000,0x00000007fc790000)
  from space 6784K, 1% used [0x00000007fcef0000,0x00000007fcf10000,0x00000007fd590000)
  to   space 7168K, 0% used [0x00000007fc790000,0x00000007fc790000,0x00000007fce90000)
 ParOldGen       total 114240K, used 45684K [0x00000007c0000000, 0x00000007c6f90000, 0x00000007eaab0000)
  object space 114240K, 39% used [0x00000007c0000000,0x00000007c2c9d208,0x00000007c6f90000)
 PSPermGen       total 48704K, used 48108K [0x00000007bae00000, 0x00000007bdd90000, 0x00000007c0000000)
  object space 48704K, 98% used [0x00000007bae00000,0x00000007bdcfb328,0x00000007bdd90000)
}
Event: 2167.273 GC heap before
{Heap before GC invocations=82 (full 36):
 PSYoungGen      total 298496K, used 128K [0x00000007eaab0000, 0x00000007fd590000, 0x0000000800000000)
  eden space 291712K, 0% used [0x00000007eaab0000,0x00000007eaab0000,0x00000007fc790000)
  from space 6784K, 1% used [0x00000007fcef0000,0x00000007fcf10000,0x00000007fd590000)
  to   space 7168K, 0% used [0x00000007fc790000,0x00000007fc790000,0x00000007fce90000)
 ParOldGen       total 114240K, used 45684K [0x00000007c0000000, 0x00000007c6f90000, 0x00000007eaab0000)
  object space 114240K, 39% used [0x00000007c0000000,0x00000007c2c9d208,0x00000007c6f90000)
 PSPermGen       total 48704K, used 48108K [0x00000007bae00000, 0x00000007bdd90000, 0x00000007c0000000)
  object space 48704K, 98% used [0x00000007bae00000,0x00000007bdcfb328,0x00000007bdd90000)
Event: 2167.379 GC heap after
Heap after GC invocations=82 (full 36):
 PSYoungGen      total 298496K, used 0K [0x00000007eaab0000, 0x00000007fd590000, 0x0000000800000000)
  eden space 291712K, 0% used [0x00000007eaab0000,0x00000007eaab0000,0x00000007fc790000)
  from space 6784K, 0% used [0x00000007fcef0000,0x00000007fcef0000,0x00000007fd590000)
  to   space 7168K, 0% used [0x00000007fc790000,0x00000007fc790000,0x00000007fce90000)
 ParOldGen       total 114240K, used 45689K [0x00000007c0000000, 0x00000007c6f90000, 0x00000007eaab0000)
  object space 114240K, 39% used [0x00000007c0000000,0x00000007c2c9e7e0,0x00000007c6f90000)
 PSPermGen       total 48640K, used 48108K [0x00000007bae00000, 0x00000007bdd80000, 0x00000007c0000000)
  object space 48640K, 98% used [0x00000007bae00000,0x00000007bdcfb1a8,0x00000007bdd80000)
}
Event: 2227.269 GC heap before
{Heap before GC invocations=83 (full 36):
 PSYoungGen      total 298496K, used 104277K [0x00000007eaab0000, 0x00000007fd590000, 0x0000000800000000)
  eden space 291712K, 35% used [0x00000007eaab0000,0x00000007f10854b0,0x00000007fc790000)
  from space 6784K, 0% used [0x00000007fcef0000,0x00000007fcef0000,0x00000007fd590000)
  to   space 7168K, 0% used [0x00000007fc790000,0x00000007fc790000,0x00000007fce90000)
 ParOldGen       total 114240K, used 45689K [0x00000007c0000000, 0x00000007c6f90000, 0x00000007eaab0000)
  object space 114240K, 39% used [0x00000007c0000000,0x00000007c2c9e7e0,0x00000007c6f90000)
 PSPermGen       total 48640K, used 48113K [0x00000007bae00000, 0x00000007bdd80000, 0x00000007c0000000)
  object space 48640K, 98% used [0x00000007bae00000,0x00000007bdcfc708,0x00000007bdd80000)
Event: 2227.274 GC heap after
Heap after GC invocations=83 (full 36):
 PSYoungGen      total 298880K, used 2748K [0x00000007eaab0000, 0x00000007fd590000, 0x0000000800000000)
  eden space 291712K, 0% used [0x00000007eaab0000,0x00000007eaab0000,0x00000007fc790000)
  from space 7168K, 38% used [0x00000007fc790000,0x00000007fca3f280,0x00000007fce90000)
  to   space 7168K, 0% used [0x00000007fce90000,0x00000007fce90000,0x00000007fd590000)
 ParOldGen       total 114240K, used 45689K [0x00000007c0000000, 0x00000007c6f90000, 0x00000007eaab0000)
  object space 114240K, 39% used [0x00000007c0000000,0x00000007c2c9e7e0,0x00000007c6f90000)
 PSPermGen       total 48640K, used 48113K [0x00000007bae00000, 0x00000007bdd80000, 0x00000007c0000000)
  object space 48640K, 98% used [0x00000007bae00000,0x00000007bdcfc708,0x00000007bdd80000)
}
Event: 2227.274 GC heap before
{Heap before GC invocations=84 (full 37):
 PSYoungGen      total 298880K, used 2748K [0x00000007eaab0000, 0x00000007fd590000, 0x0000000800000000)
  eden space 291712K, 0% used [0x00000007eaab0000,0x00000007eaab0000,0x00000007fc790000)
  from space 7168K, 38% used [0x00000007fc790000,0x00000007fca3f280,0x00000007fce90000)
  to   space 7168K, 0% used [0x00000007fce90000,0x00000007fce90000,0x00000007fd590000)
 ParOldGen       total 114240K, used 45689K [0x00000007c0000000, 0x00000007c6f90000, 0x00000007eaab0000)
  object space 114240K, 39% used [0x00000007c0000000,0x00000007c2c9e7e0,0x00000007c6f90000)
 PSPermGen       total 48640K, used 48113K [0x00000007bae00000, 0x00000007bdd80000, 0x00000007c0000000)
  object space 48640K, 98% used [0x00000007bae00000,0x00000007bdcfc708,0x00000007bdd80000)
Event: 2227.466 GC heap after
Heap after GC invocations=84 (full 37):
 PSYoungGen      total 298880K, used 0K [0x00000007eaab0000, 0x00000007fd590000, 0x0000000800000000)
  eden space 291712K, 0% used [0x00000007eaab0000,0x00000007eaab0000,0x00000007fc790000)
  from space 7168K, 0% used [0x00000007fc790000,0x00000007fc790000,0x00000007fce90000)
  to   space 7168K, 0% used [0x00000007fce90000,0x00000007fce90000,0x00000007fd590000)
 ParOldGen       total 114240K, used 45381K [0x00000007c0000000, 0x00000007c6f90000, 0x00000007eaab0000)
  object space 114240K, 39% used [0x00000007c0000000,0x00000007c2c515b0,0x00000007c6f90000)
 PSPermGen       total 48576K, used 48113K [0x00000007bae00000, 0x00000007bdd70000, 0x00000007c0000000)
  object space 48576K, 99% used [0x00000007bae00000,0x00000007bdcfc6a8,0x00000007bdd70000)
}

Deoptimization events (10 events):
Event: 1872.642 Thread 0x0000000101863800 Uncommon trap -83 fr.pc 0x0000000106c4b9d4
Event: 1872.649 Thread 0x0000000101863800 Uncommon trap 360 fr.pc 0x0000000106cb63e4
Event: 1872.674 Thread 0x0000000101863800 Uncommon trap -83 fr.pc 0x0000000106b8da00
Event: 1872.748 Thread 0x0000000101863800 Uncommon trap -83 fr.pc 0x0000000106becdc8
Event: 1872.765 Thread 0x0000000101863800 Uncommon trap -83 fr.pc 0x0000000106d4b058
Event: 1970.887 Thread 0x0000000101863800 Uncommon trap 173 fr.pc 0x0000000106c314dc
Event: 1996.087 Thread 0x0000000101863800 Uncommon trap -34 fr.pc 0x0000000106d8f314
Event: 2100.595 Thread 0x000000010286c000 Uncommon trap -42 fr.pc 0x0000000106dc2754
Event: 2195.111 Thread 0x0000000101863800 Uncommon trap -83 fr.pc 0x0000000106bf74e0
Event: 2252.763 Thread 0x0000000101863800 Uncommon trap -34 fr.pc 0x0000000106d8f314

Internal exceptions (10 events):
Event: 2258.159 Thread 0x0000000101863800 Threw 0x00000007eb9e6c20 at /HUDSON/workspace/jdk7u25-2-build-macosx-amd64-product/jdk7u25/hotspot/src/share/vm/prims/nativeLookup.
Event: 2258.159 Thread 0x0000000101863800 Threw 0x00000007eb9e73e0 at /HUDSON/workspace/jdk7u25-2-build-macosx-amd64-product/jdk7u25/hotspot/src/share/vm/prims/nativeLookup.
Event: 2260.370 Thread 0x0000000116e59800 Threw 0x00000007ebe311c8 at /HUDSON/workspace/jdk7u25-2-build-macosx-amd64-product/jdk7u25/hotspot/src/share/vm/runtime/objectMonit
Event: 2264.067 Thread 0x0000000101863800 Threw 0x00000007ec06a878 at /HUDSON/workspace/jdk7u25-2-build-macosx-amd64-product/jdk7u25/hotspot/src/share/vm/prims/nativeLookup.
Event: 2264.067 Thread 0x0000000101863800 Threw 0x00000007ec06b3c8 at /HUDSON/workspace/jdk7u25-2-build-macosx-amd64-product/jdk7u25/hotspot/src/share/vm/prims/nativeLookup.
Event: 2264.067 Thread 0x0000000101863800 Threw 0x00000007ec06ba88 at /HUDSON/workspace/jdk7u25-2-build-macosx-amd64-product/jdk7u25/hotspot/src/share/vm/prims/nativeLookup.
Event: 2264.098 Thread 0x0000000101863800 Threw 0x00000007ec0e83a0 at /HUDSON/workspace/jdk7u25-2-build-macosx-amd64-product/jdk7u25/hotspot/src/share/vm/prims/nativeLookup.
Event: 2264.098 Thread 0x0000000101863800 Threw 0x00000007ec0e8ce0 at /HUDSON/workspace/jdk7u25-2-build-macosx-amd64-product/jdk7u25/hotspot/src/share/vm/prims/nativeLookup.
Event: 2264.099 Thread 0x0000000101863800 Threw 0x00000007ec0eb728 at /HUDSON/workspace/jdk7u25-2-build-macosx-amd64-product/jdk7u25/hotspot/src/share/vm/prims/nativeLookup.
Event: 2264.119 Thread 0x000000010294f000 Threw 0x00000007eb5022c0 at /HUDSON/workspace/jdk7u25-2-build-macosx-amd64-product/jdk7u25/hotspot/src/share/vm/prims/nativeLookup.

Events (10 events):
Event: 2256.585 Executing VM operation: RevokeBias done
Event: 2259.561 Thread 0x0000000118a33800 Thread added: 0x0000000118a33800
Event: 2259.562 Executing VM operation: RevokeBias
Event: 2259.562 Executing VM operation: RevokeBias done
Event: 2259.562 Thread 0x0000000118a33800 Thread exited: 0x0000000118a33800
Event: 2260.044 Thread 0x0000000116e59800 Thread added: 0x0000000116e59800
Event: 2260.370 Executing VM operation: RevokeBias
Event: 2260.371 Executing VM operation: RevokeBias done
Event: 2260.371 Thread 0x0000000116e59800 Thread exited: 0x0000000116e59800
Event: 2264.111 Thread 0x0000000116e59800 Thread added: 0x0000000116e59800


Dynamic libraries:
0x00000000079b4000 	/System/Library/Frameworks/Cocoa.framework/Versions/A/Cocoa
0x00000000079b4000 	/usr/lib/libSystem.B.dylib
0x00000000079b4000 	/System/Library/Frameworks/CoreServices.framework/Versions/A/CoreServices
0x00000000079b4000 	/usr/lib/libobjc.A.dylib
0x00000000079b4000 	/System/Library/Frameworks/CoreFoundation.framework/Versions/A/CoreFoundation
0x00000000079b4000 	/System/Library/Frameworks/AppKit.framework/Versions/C/AppKit
0x00000000079b4000 	/System/Library/Frameworks/ApplicationServices.framework/Versions/A/ApplicationServices
0x00000000079b4000 	/System/Library/Frameworks/Foundation.framework/Versions/C/Foundation
0x00000000079b4000 	/System/Library/Frameworks/CoreData.framework/Versions/A/CoreData
0x00000000079b4000 	/System/Library/PrivateFrameworks/RemoteViewServices.framework/Versions/A/RemoteViewServices
0x00000000079b4000 	/System/Library/PrivateFrameworks/UIFoundation.framework/Versions/A/UIFoundation
0x00000000079b4000 	/System/Library/Frameworks/IOSurface.framework/Versions/A/IOSurface
0x00000000079b4000 	/System/Library/Frameworks/AudioToolbox.framework/Versions/A/AudioToolbox
0x00000000079b4000 	/System/Library/Frameworks/AudioUnit.framework/Versions/A/AudioUnit
0x00000000079b4000 	/System/Library/PrivateFrameworks/DataDetectorsCore.framework/Versions/A/DataDetectorsCore
0x00000000079b4000 	/System/Library/PrivateFrameworks/DesktopServicesPriv.framework/Versions/A/DesktopServicesPriv
0x00000000079b4000 	/System/Library/Frameworks/Carbon.framework/Versions/A/Frameworks/HIToolbox.framework/Versions/A/HIToolbox
0x00000000079b4000 	/System/Library/Frameworks/QuartzCore.framework/Versions/A/QuartzCore
0x00000000079b4000 	/System/Library/Frameworks/Security.framework/Versions/A/Security
0x00000000079b4000 	/System/Library/Frameworks/Carbon.framework/Versions/A/Frameworks/SpeechRecognition.framework/Versions/A/SpeechRecognition
0x00000000079b4000 	/usr/lib/libauto.dylib
0x00000000079b4000 	/usr/lib/libicucore.A.dylib
0x00000000079b4000 	/usr/lib/libxml2.2.dylib
0x00000000079b4000 	/usr/lib/libz.1.dylib
0x00000000079b4000 	/System/Library/PrivateFrameworks/CoreUI.framework/Versions/A/CoreUI
0x00000000079b4000 	/System/Library/Frameworks/CoreAudio.framework/Versions/A/CoreAudio
0x00000000079b4000 	/System/Library/Frameworks/DiskArbitration.framework/Versions/A/DiskArbitration
0x00000000079b4000 	/usr/lib/liblangid.dylib
0x00000000079b4000 	/System/Library/PrivateFrameworks/MultitouchSupport.framework/Versions/A/MultitouchSupport
0x00000000079b4000 	/System/Library/Frameworks/IOKit.framework/Versions/A/IOKit
0x00000000079b4000 	/usr/lib/libDiagnosticMessagesClient.dylib
0x00000000079b4000 	/System/Library/PrivateFrameworks/PerformanceAnalysis.framework/Versions/A/PerformanceAnalysis
0x00000000079b4000 	/System/Library/PrivateFrameworks/GenerationalStorage.framework/Versions/A/GenerationalStorage
0x00000000079b4000 	/System/Library/Frameworks/OpenGL.framework/Versions/A/OpenGL
0x00000000079b4000 	/System/Library/PrivateFrameworks/Sharing.framework/Versions/A/Sharing
0x00000000079b4000 	/System/Library/Frameworks/CoreGraphics.framework/Versions/A/CoreGraphics
0x00000000079b4000 	/System/Library/Frameworks/CoreText.framework/Versions/A/CoreText
0x00000000079b4000 	/System/Library/Frameworks/ImageIO.framework/Versions/A/ImageIO
0x00000000079b4000 	/usr/lib/libextension.dylib
0x00000000079b4000 	/System/Library/PrivateFrameworks/Backup.framework/Versions/A/Backup
0x00000000079b4000 	/usr/lib/libarchive.2.dylib
0x00000000079b4000 	/System/Library/Frameworks/CFNetwork.framework/Versions/A/CFNetwork
0x00000000079b4000 	/System/Library/Frameworks/SystemConfiguration.framework/Versions/A/SystemConfiguration
0x00000000079b4000 	/usr/lib/libCRFSuite.dylib
0x00000000079b4000 	/usr/lib/libc++.1.dylib
0x00000000079b4000 	/usr/lib/libc++abi.dylib
0x00000000079b4000 	/usr/lib/system/libcache.dylib
0x00000000079b4000 	/usr/lib/system/libcommonCrypto.dylib
0x00000000079b4000 	/usr/lib/system/libcompiler_rt.dylib
0x00000000079b4000 	/usr/lib/system/libcopyfile.dylib
0x00000000079b4000 	/usr/lib/system/libcorecrypto.dylib
0x00000000079b4000 	/usr/lib/system/libdispatch.dylib
0x00000000079b4000 	/usr/lib/system/libdyld.dylib
0x00000000079b4000 	/usr/lib/system/libkeymgr.dylib
0x00000000079b4000 	/usr/lib/system/liblaunch.dylib
0x00000000079b4000 	/usr/lib/system/libmacho.dylib
0x00000000079b4000 	/usr/lib/system/libquarantine.dylib
0x00000000079b4000 	/usr/lib/system/libremovefile.dylib
0x00000000079b4000 	/usr/lib/system/libsystem_asl.dylib
0x00000000079b4000 	/usr/lib/system/libsystem_blocks.dylib
0x00000000079b4000 	/usr/lib/system/libsystem_c.dylib
0x00000000079b4000 	/usr/lib/system/libsystem_configuration.dylib
0x00000000079b4000 	/usr/lib/system/libsystem_coreservices.dylib
0x00000000079b4000 	/usr/lib/system/libsystem_coretls.dylib
0x00000000079b4000 	/usr/lib/system/libsystem_dnssd.dylib
0x00000000079b4000 	/usr/lib/system/libsystem_info.dylib
0x00000000079b4000 	/usr/lib/system/libsystem_kernel.dylib
0x00000000079b4000 	/usr/lib/system/libsystem_m.dylib
0x00000000079b4000 	/usr/lib/system/libsystem_malloc.dylib
0x00000000079b4000 	/usr/lib/system/libsystem_network.dylib
0x00000000079b4000 	/usr/lib/system/libsystem_networkextension.dylib
0x00000000079b4000 	/usr/lib/system/libsystem_notify.dylib
0x00000000079b4000 	/usr/lib/system/libsystem_platform.dylib
0x00000000079b4000 	/usr/lib/system/libsystem_pthread.dylib
0x00000000079b4000 	/usr/lib/system/libsystem_sandbox.dylib
0x00000000079b4000 	/usr/lib/system/libsystem_secinit.dylib
0x00000000079b4000 	/usr/lib/system/libsystem_stats.dylib
0x00000000079b4000 	/usr/lib/system/libsystem_trace.dylib
0x00000000079b4000 	/usr/lib/system/libunc.dylib
0x00000000079b4000 	/usr/lib/system/libunwind.dylib
0x00000000079b4000 	/usr/lib/system/libxpc.dylib
0x00000000079b4000 	/usr/lib/libbz2.1.0.dylib
0x00000000079b4000 	/usr/lib/liblzma.5.dylib
0x00000000079b4000 	/usr/lib/libbsm.0.dylib
0x00000000079b4000 	/usr/lib/libsqlite3.dylib
0x00000000079b4000 	/usr/lib/system/libkxld.dylib
0x00000000079b4000 	/usr/lib/libxar.1.dylib
0x00000000079b4000 	/usr/lib/libpam.2.dylib
0x00000000079b4000 	/usr/lib/libOpenScriptingUtil.dylib
0x00000000079b4000 	/System/Library/Frameworks/CoreServices.framework/Versions/A/Frameworks/FSEvents.framework/Versions/A/FSEvents
0x00000000079b4000 	/System/Library/Frameworks/CoreServices.framework/Versions/A/Frameworks/CarbonCore.framework/Versions/A/CarbonCore
0x00000000079b4000 	/System/Library/Frameworks/CoreServices.framework/Versions/A/Frameworks/Metadata.framework/Versions/A/Metadata
0x00000000079b4000 	/System/Library/Frameworks/CoreServices.framework/Versions/A/Frameworks/OSServices.framework/Versions/A/OSServices
0x00000000079b4000 	/System/Library/Frameworks/CoreServices.framework/Versions/A/Frameworks/SearchKit.framework/Versions/A/SearchKit
0x00000000079b4000 	/System/Library/Frameworks/CoreServices.framework/Versions/A/Frameworks/AE.framework/Versions/A/AE
0x00000000079b4000 	/System/Library/Frameworks/CoreServices.framework/Versions/A/Frameworks/LaunchServices.framework/Versions/A/LaunchServices
0x00000000079b4000 	/System/Library/Frameworks/CoreServices.framework/Versions/A/Frameworks/DictionaryServices.framework/Versions/A/DictionaryServices
0x00000000079b4000 	/System/Library/Frameworks/NetFS.framework/Versions/A/NetFS
0x00000000079b4000 	/System/Library/PrivateFrameworks/NetAuth.framework/Versions/A/NetAuth
0x00000000079b4000 	/System/Library/PrivateFrameworks/login.framework/Versions/A/Frameworks/loginsupport.framework/Versions/A/loginsupport
0x00000000079b4000 	/System/Library/PrivateFrameworks/TCC.framework/Versions/A/TCC
0x00000000079b4000 	/usr/lib/libmecabra.dylib
0x00000000079b4000 	/System/Library/Frameworks/ApplicationServices.framework/Versions/A/Frameworks/ATS.framework/Versions/A/ATS
0x00000000079b4000 	/System/Library/Frameworks/ApplicationServices.framework/Versions/A/Frameworks/ColorSync.framework/Versions/A/ColorSync
0x00000000079b4000 	/System/Library/Frameworks/ApplicationServices.framework/Versions/A/Frameworks/HIServices.framework/Versions/A/HIServices
0x00000000079b4000 	/System/Library/Frameworks/ApplicationServices.framework/Versions/A/Frameworks/LangAnalysis.framework/Versions/A/LangAnalysis
0x00000000079b4000 	/System/Library/Frameworks/ApplicationServices.framework/Versions/A/Frameworks/PrintCore.framework/Versions/A/PrintCore
0x00000000079b4000 	/System/Library/Frameworks/ApplicationServices.framework/Versions/A/Frameworks/QD.framework/Versions/A/QD
0x00000000079b4000 	/System/Library/Frameworks/ApplicationServices.framework/Versions/A/Frameworks/SpeechSynthesis.framework/Versions/A/SpeechSynthesis
0x00000000079b4000 	/System/Library/Frameworks/Accelerate.framework/Versions/A/Accelerate
0x00000000079b4000 	/System/Library/Frameworks/Accelerate.framework/Versions/A/Frameworks/vImage.framework/Versions/A/vImage
0x00000000079b4000 	/System/Library/Frameworks/Accelerate.framework/Versions/A/Frameworks/vecLib.framework/Versions/A/vecLib
0x00000000079b4000 	/System/Library/Frameworks/Accelerate.framework/Versions/A/Frameworks/vecLib.framework/Versions/A/libvDSP.dylib
0x00000000079b4000 	/System/Library/Frameworks/Accelerate.framework/Versions/A/Frameworks/vecLib.framework/Versions/A/libvMisc.dylib
0x00000000079b4000 	/System/Library/Frameworks/Accelerate.framework/Versions/A/Frameworks/vecLib.framework/Versions/A/libLAPACK.dylib
0x00000000079b4000 	/System/Library/Frameworks/Accelerate.framework/Versions/A/Frameworks/vecLib.framework/Versions/A/libBLAS.dylib
0x00000000079b4000 	/System/Library/Frameworks/Accelerate.framework/Versions/A/Frameworks/vecLib.framework/Versions/A/libLinearAlgebra.dylib
0x00000000079b4000 	/System/Library/Frameworks/ApplicationServices.framework/Versions/A/Frameworks/ATS.framework/Versions/A/Resources/libFontParser.dylib
0x00000000079b4000 	/System/Library/Frameworks/ApplicationServices.framework/Versions/A/Frameworks/ATS.framework/Versions/A/Resources/libFontRegistry.dylib
0x00000000079b4000 	/System/Library/PrivateFrameworks/AppleVPA.framework/Versions/A/AppleVPA
0x00000000079b4000 	/System/Library/PrivateFrameworks/AppleJPEG.framework/Versions/A/AppleJPEG
0x00000000079b4000 	/System/Library/Frameworks/ImageIO.framework/Versions/A/Resources/libJPEG.dylib
0x00000000079b4000 	/System/Library/Frameworks/ImageIO.framework/Versions/A/Resources/libTIFF.dylib
0x00000000079b4000 	/System/Library/Frameworks/ImageIO.framework/Versions/A/Resources/libPng.dylib
0x00000000079b4000 	/System/Library/Frameworks/ImageIO.framework/Versions/A/Resources/libGIF.dylib
0x00000000079b4000 	/System/Library/Frameworks/ImageIO.framework/Versions/A/Resources/libJP2.dylib
0x00000000079b4000 	/System/Library/Frameworks/ImageIO.framework/Versions/A/Resources/libRadiance.dylib
0x00000000079b4000 	/System/Library/Frameworks/CoreVideo.framework/Versions/A/CoreVideo
0x00000000079b4000 	/System/Library/Frameworks/OpenGL.framework/Versions/A/Libraries/libGLU.dylib
0x00000000079b4000 	/System/Library/Frameworks/OpenGL.framework/Versions/A/Libraries/libGFXShared.dylib
0x00000000079b4000 	/System/Library/Frameworks/OpenGL.framework/Versions/A/Libraries/libGL.dylib
0x00000000079b4000 	/System/Library/Frameworks/OpenGL.framework/Versions/A/Libraries/libGLImage.dylib
0x00000000079b4000 	/System/Library/Frameworks/OpenGL.framework/Versions/A/Libraries/libCVMSPluginSupport.dylib
0x00000000079b4000 	/System/Library/Frameworks/OpenGL.framework/Versions/A/Libraries/libCoreVMClient.dylib
0x00000000079b4000 	/usr/lib/libcups.2.dylib
0x00000000079b4000 	/System/Library/Frameworks/Kerberos.framework/Versions/A/Kerberos
0x00000000079b4000 	/System/Library/Frameworks/GSS.framework/Versions/A/GSS
0x00000000079b4000 	/usr/lib/libresolv.9.dylib
0x00000000079b4000 	/usr/lib/libiconv.2.dylib
0x00000000079b4000 	/System/Library/PrivateFrameworks/Heimdal.framework/Versions/A/Heimdal
0x00000000079b4000 	/usr/lib/libheimdal-asn1.dylib
0x00000000079b4000 	/System/Library/Frameworks/OpenDirectory.framework/Versions/A/OpenDirectory
0x00000000079b4000 	/System/Library/PrivateFrameworks/CommonAuth.framework/Versions/A/CommonAuth
0x00000000079b4000 	/System/Library/Frameworks/OpenDirectory.framework/Versions/A/Frameworks/CFOpenDirectory.framework/Versions/A/CFOpenDirectory
0x00000000079b4000 	/System/Library/Frameworks/SecurityFoundation.framework/Versions/A/SecurityFoundation
0x00000000079b4000 	/System/Library/PrivateFrameworks/LanguageModeling.framework/Versions/A/LanguageModeling
0x00000000079b4000 	/usr/lib/libcmph.dylib
0x00000000079b4000 	/System/Library/Frameworks/ServiceManagement.framework/Versions/A/ServiceManagement
0x00000000079b4000 	/usr/lib/libxslt.1.dylib
0x00000000079b4000 	/System/Library/Frameworks/Carbon.framework/Versions/A/Frameworks/Ink.framework/Versions/A/Ink
0x00000000079b4000 	/System/Library/Frameworks/QuartzCore.framework/Versions/A/Frameworks/CoreImage.framework/Versions/A/CoreImage
0x00000000079b4000 	/System/Library/PrivateFrameworks/CrashReporterSupport.framework/Versions/A/CrashReporterSupport
0x00000000079b4000 	/System/Library/Frameworks/OpenCL.framework/Versions/A/OpenCL
0x00000000079b4000 	/System/Library/PrivateFrameworks/FaceCore.framework/Versions/A/FaceCore
0x00000000079b4000 	/System/Library/PrivateFrameworks/Ubiquity.framework/Versions/A/Ubiquity
0x00000000079b4000 	/System/Library/PrivateFrameworks/IconServices.framework/Versions/A/IconServices
0x00000000079b4000 	/System/Library/PrivateFrameworks/ChunkingLibrary.framework/Versions/A/ChunkingLibrary
0x00000000079b4000 	/System/Library/PrivateFrameworks/Apple80211.framework/Versions/A/Apple80211
0x00000000079b4000 	/System/Library/Frameworks/CoreWLAN.framework/Versions/A/CoreWLAN
0x00000000079b4000 	/System/Library/Frameworks/IOBluetooth.framework/Versions/A/IOBluetooth
0x00000000079b4000 	/System/Library/PrivateFrameworks/CoreWiFi.framework/Versions/A/CoreWiFi
0x00000000079b4000 	/System/Library/Frameworks/CoreBluetooth.framework/Versions/A/CoreBluetooth
0x00000000079b4000 	/System/Library/PrivateFrameworks/DebugSymbols.framework/Versions/A/DebugSymbols
0x00000000079b4000 	/System/Library/PrivateFrameworks/CoreSymbolication.framework/Versions/A/CoreSymbolication
0x00000000079b4000 	/System/Library/PrivateFrameworks/Symbolication.framework/Versions/A/Symbolication
0x00000000079b4000 	/System/Library/PrivateFrameworks/SpeechRecognitionCore.framework/Versions/A/SpeechRecognitionCore
0x00000001000cb000 	/Applications/exelis/idl83/idlde/plugins/org.eclipse.equinox.launcher.cocoa.macosx.x86_64_1.1.101.v20120109-1504/eclipse_1408.so
0x00000000079b4000 	/System/Library/PrivateFrameworks/CoreServicesInternal.framework/Versions/A/CoreServicesInternal
0x00000000079b4000 	/System/Library/PrivateFrameworks/CloudDocs.framework/Versions/A/CloudDocs
0x00000000079b4000 	/System/Library/PrivateFrameworks/CoreDuet.framework/Versions/A/CoreDuet
0x00000000079b4000 	/System/Library/Frameworks/CloudKit.framework/Versions/A/CloudKit
0x00000000079b4000 	/System/Library/PrivateFrameworks/ProtocolBuffer.framework/Versions/A/ProtocolBuffer
0x00000000079b4000 	/System/Library/PrivateFrameworks/CoreDuetDaemonProtocol.framework/Versions/A/CoreDuetDaemonProtocol
0x00000000079b4000 	/System/Library/PrivateFrameworks/CoreDuetDebugLogging.framework/Versions/A/CoreDuetDebugLogging
0x00000000079b4000 	/System/Library/PrivateFrameworks/MMCS.framework/Versions/A/MMCS
0x00000000079b4000 	/System/Library/Frameworks/CoreLocation.framework/Versions/A/CoreLocation
0x00000000079b4000 	/System/Library/PrivateFrameworks/ProtectedCloudStorage.framework/Versions/A/ProtectedCloudStorage
0x00000000079b4000 	/System/Library/PrivateFrameworks/GeoServices.framework/Versions/A/GeoServices
0x00000000079b4000 	/System/Library/Frameworks/CoreGraphics.framework/Versions/A/Resources/libCGCMS.A.dylib
0x0000000105c47000 	/Applications/exelis/idl83/idlde/bin.darwin.x86_64/jre/lib/server/libjvm.dylib
0x00000000079b4000 	/usr/lib/libstdc++.6.dylib
0x0000000104a0d000 	/Applications/exelis/idl83/idlde/bin.darwin.x86_64/jre/lib/libverify.dylib
0x0000000104a1a000 	/Applications/exelis/idl83/idlde/bin.darwin.x86_64/jre/lib/libjava.dylib
0x0000000104a52000 	/Applications/exelis/idl83/idlde/bin.darwin.x86_64/jre/lib/libzip.dylib
0x000000010dfae000 	/System/Library/Frameworks/JavaVM.framework/Frameworks/JavaRuntimeSupport.framework/JavaRuntimeSupport
0x000000010dfc6000 	/System/Library/Frameworks/JavaVM.framework/Versions/A/Frameworks/JavaNativeFoundation.framework/Versions/A/JavaNativeFoundation
0x0000000104a72000 	/System/Library/Frameworks/JavaVM.framework/Versions/A/JavaVM
0x00000000079b4000 	/System/Library/Frameworks/Carbon.framework/Versions/A/Carbon
0x000000010dfdb000 	/System/Library/PrivateFrameworks/JavaLaunching.framework/Versions/A/JavaLaunching
0x00000000079b4000 	/System/Library/Frameworks/Carbon.framework/Versions/A/Frameworks/CommonPanels.framework/Versions/A/CommonPanels
0x00000000079b4000 	/System/Library/Frameworks/Carbon.framework/Versions/A/Frameworks/Help.framework/Versions/A/Help
0x00000000079b4000 	/System/Library/Frameworks/Carbon.framework/Versions/A/Frameworks/ImageCapture.framework/Versions/A/ImageCapture
0x00000000079b4000 	/System/Library/Frameworks/Carbon.framework/Versions/A/Frameworks/OpenScripting.framework/Versions/A/OpenScripting
0x00000000079b4000 	/System/Library/Frameworks/Carbon.framework/Versions/A/Frameworks/Print.framework/Versions/A/Print
0x00000000079b4000 	/System/Library/Frameworks/Carbon.framework/Versions/A/Frameworks/SecurityHI.framework/Versions/A/SecurityHI
0x00000000079b4000 	/System/Library/CoreServices/RawCamera.bundle/Contents/MacOS/RawCamera
0x00000000079b4000 	/System/Library/Frameworks/CoreGraphics.framework/Versions/A/Resources/libRIP.A.dylib
0x00000000079b4000 	/System/Library/PrivateFrameworks/FamilyControls.framework/Versions/A/FamilyControls
0x00000000079b4000 	/System/Library/PrivateFrameworks/CommerceKit.framework/Versions/A/Frameworks/CommerceCore.framework/Versions/A/CommerceCore
0x00000000079b4000 	/System/Library/PrivateFrameworks/SystemAdministration.framework/Versions/A/SystemAdministration
0x00000000079b4000 	/System/Library/PrivateFrameworks/AppContainer.framework/Versions/A/AppContainer
0x00000000079b4000 	/System/Library/PrivateFrameworks/SecCodeWrapper.framework/Versions/A/SecCodeWrapper
0x00000000079b4000 	/System/Library/Frameworks/DirectoryService.framework/Versions/A/DirectoryService
0x00000000079b4000 	/System/Library/PrivateFrameworks/DiskImages.framework/Versions/A/DiskImages
0x00000000079b4000 	/System/Library/PrivateFrameworks/LoginUIKit.framework/Versions/A/Frameworks/LoginUICore.framework/Versions/A/LoginUICore
0x00000000079b4000 	/usr/lib/libCoreStorage.dylib
0x00000000079b4000 	/usr/lib/libcsfde.dylib
0x00000000079b4000 	/usr/lib/libodfde.dylib
0x00000000079b4000 	/System/Library/Frameworks/DiscRecording.framework/Versions/A/DiscRecording
0x000000010f7fe000 	/Applications/exelis/idl83/bin/bin.darwin.x86_64/libcurl.4.dylib
0x00000000079b4000 	/System/Library/PrivateFrameworks/MediaKit.framework/Versions/A/MediaKit
0x00000000079b4000 	/System/Library/PrivateFrameworks/EFILogin.framework/Versions/A/EFILogin
0x00000000079b4000 	/usr/lib/libutil.dylib
0x00000000079b4000 	/System/Library/PrivateFrameworks/FindMyDevice.framework/Versions/A/FindMyDevice
0x00000000079b4000 	/System/Library/Frameworks/CoreGraphics.framework/Versions/A/Resources/libCGXType.A.dylib
0x00000000079b4000 	/System/Library/Frameworks/OpenCL.framework/Versions/A/Libraries/libcldcpuengine.dylib
0x0000000110db1000 	cl_kernels
0x0000000110db3000 	/System/Library/Frameworks/OpenCL.framework/Versions/A/Libraries/ImageFormats/unorm8_bgra.dylib
0x0000000110da2000 	cl_kernels
0x0000000110fe3000 	/Applications/exelis/idl83/idlde/bin.darwin.x86_64/jre/lib/libnet.dylib
0x0000000110ff8000 	/Applications/exelis/idl83/idlde/bin.darwin.x86_64/jre/lib/libnio.dylib
0x0000000111a9c000 	/Users/to/.swt/lib/macosx/x86_64/libswt-cocoa-3740.jnilib
0x00000000079b4000 	/System/Library/Frameworks/WebKit.framework/Versions/A/WebKit
0x00000000079b4000 	/System/Library/Frameworks/JavaScriptCore.framework/Versions/A/JavaScriptCore
0x00000000079b4000 	/System/Library/Frameworks/SecurityInterface.framework/Versions/A/SecurityInterface
0x00000000079b4000 	/System/Library/Frameworks/WebKit.framework/Versions/A/Frameworks/WebKitLegacy.framework/Versions/A/WebKitLegacy
0x00000000079b4000 	/System/Library/Frameworks/WebKit.framework/Versions/A/Frameworks/WebCore.framework/Versions/A/WebCore
0x00000001119d0000 	/Users/to/.swt/lib/macosx/x86_64/libswt-pi-cocoa-3740.jnilib
0x000000011238b000 	/Applications/exelis/idl83/bin/bin.darwin.x86_64/libidl_ips.8.3.dylib
0x0000000112980000 	/Applications/exelis/idl83/bin/bin.darwin.x86_64/libidl.8.3.dylib
0x0000000113582000 	/opt/X11/lib/libfreetype.6.dylib
0x0000000111980000 	/Applications/exelis/idl83/bin/bin.darwin.x86_64/libMesaGLU6_2.dylib
0x0000000113618000 	/Applications/exelis/idl83/bin/bin.darwin.x86_64/libMesaGL6_2.dylib
0x00000001119aa000 	/Applications/exelis/idl83/bin/bin.darwin.x86_64/libOSMesa6_2.dylib
0x00000001119b4000 	/opt/X11/lib/libXp.6.dylib
0x000000011385a000 	/Applications/exelis/idl83/bin/bin.darwin.x86_64/libXm.3.0.2.dylib
0x0000000111a18000 	/opt/X11/lib/libXpm.4.dylib
0x00000001120b0000 	/opt/X11/lib/libXmu.6.dylib
0x0000000111ae9000 	/opt/X11/lib/libXext.6.dylib
0x0000000113c69000 	/opt/X11/lib/libXt.6.dylib
0x00000001119bf000 	/opt/X11/lib/libXinerama.1.dylib
0x00000001120cb000 	/opt/X11/lib/libSM.6.dylib
0x00000001120d5000 	/opt/X11/lib/libICE.6.dylib
0x0000000113cc8000 	/opt/X11/lib/libX11.6.dylib
0x00000001123e9000 	/opt/X11/lib/libxcb.1.dylib
0x00000001120f2000 	/opt/X11/lib/libXau.6.dylib
0x0000000113df9000 	/opt/X11/lib/libXdmcp.6.dylib
0x0000000114289000 	/Applications/exelis/idl83/bin/bin.darwin.x86_64/gl_driver.so
0x00000001142d9000 	/opt/X11/lib/libGL.1.dylib
0x0000000111830000 	/opt/X11/lib/libXplugin.1.dylib
0x0000000113fb3000 	/opt/X11/lib/libglapi.0.dylib
0x0000000111848000 	/opt/X11/lib/libXdamage.1.dylib
0x000000011184e000 	/opt/X11/lib/libXfixes.3.dylib
0x0000000111856000 	/opt/X11/lib/libX11-xcb.1.dylib
0x00000001146c7000 	/opt/X11/lib/libxcb-glx.0.dylib
0x000000011196b000 	/opt/X11/lib/libXxf86vm.1.dylib
0x00000000079b4000 	/usr/lib/libexpat.1.dylib
0x00000000079b4000 	/System/Library/Frameworks/CoreGraphics.framework/Versions/A/Resources/libCGXCoreImage.A.dylib
0x00000001115af000 	cl_kernels
0x000000011531a000 	/System/Library/Frameworks/OpenCL.framework/Versions/A/Libraries/ImageFormats/unorm8_argb.dylib
0x00000001115dd000 	cl_kernels
0x00000000079b4000 	/System/Library/Frameworks/Accelerate.framework/Versions/A/Frameworks/vImage.framework/Versions/A/Libraries/libCGInterfaces.dylib
0x0000000110edb000 	/Applications/exelis/idl83/bin/bin.darwin.x86_64/idl_jpeg.so
0x0000000100557000 	cl_kernels
0x00000000079b4000 	/System/Library/PrivateFrameworks/DataDetectors.framework/Versions/A/DataDetectors
0x00000000079b4000 	/System/Library/PrivateFrameworks/IDS.framework/Versions/A/IDS
0x00000000079b4000 	/System/Library/Frameworks/AddressBook.framework/Versions/A/AddressBook
0x00000000079b4000 	/System/Library/Frameworks/Quartz.framework/Versions/A/Quartz
0x00000000079b4000 	/System/Library/PrivateFrameworks/IMFoundation.framework/Versions/A/IMFoundation
0x00000000079b4000 	/System/Library/PrivateFrameworks/Marco.framework/Versions/A/Marco
0x00000000079b4000 	/System/Library/PrivateFrameworks/IDSFoundation.framework/Versions/A/IDSFoundation
0x00000000079b4000 	/System/Library/PrivateFrameworks/FTServices.framework/Versions/A/FTServices
0x00000000079b4000 	/usr/lib/libtidy.A.dylib
0x00000000079b4000 	/System/Library/PrivateFrameworks/CommonUtilities.framework/Versions/A/CommonUtilities
0x00000000079b4000 	/System/Library/PrivateFrameworks/Bom.framework/Versions/A/Bom
0x00000000079b4000 	/System/Library/PrivateFrameworks/AppleFSCompression.framework/Versions/A/AppleFSCompression
0x00000000079b4000 	/System/Library/PrivateFrameworks/DiagnosticLogCollection.framework/Versions/A/DiagnosticLogCollection
0x00000000079b4000 	/System/Library/PrivateFrameworks/IntlPreferences.framework/Versions/A/IntlPreferences
0x00000000079b4000 	/System/Library/PrivateFrameworks/ToneLibrary.framework/Versions/A/ToneLibrary
0x00000000079b4000 	/System/Library/PrivateFrameworks/ToneKit.framework/Versions/A/ToneKit
0x00000000079b4000 	/System/Library/PrivateFrameworks/vCard.framework/Versions/A/vCard
0x00000000079b4000 	/System/Library/Frameworks/Quartz.framework/Versions/A/Frameworks/QuickLookUI.framework/Versions/A/QuickLookUI
0x00000000079b4000 	/System/Library/PrivateFrameworks/ApplePushService.framework/Versions/A/ApplePushService
0x00000000079b4000 	/System/Library/PrivateFrameworks/ContactsData.framework/Versions/A/ContactsData
0x00000000079b4000 	/System/Library/PrivateFrameworks/ContactsFoundation.framework/Versions/A/ContactsFoundation
0x00000000079b4000 	/System/Library/PrivateFrameworks/PhoneNumbers.framework/Versions/A/PhoneNumbers
0x00000000079b4000 	/System/Library/Frameworks/LDAP.framework/Versions/A/LDAP
0x00000000079b4000 	/System/Library/Frameworks/AVFoundation.framework/Versions/A/AVFoundation
0x00000000079b4000 	/System/Library/Frameworks/AVFoundation.framework/Versions/A/Resources/libAVFAudio.dylib
0x00000000079b4000 	/System/Library/Frameworks/CoreMedia.framework/Versions/A/CoreMedia
0x00000000079b4000 	/System/Library/Frameworks/MediaToolbox.framework/Versions/A/MediaToolbox
0x00000000079b4000 	/System/Library/Frameworks/VideoToolbox.framework/Versions/A/VideoToolbox
0x00000000079b4000 	/System/Library/Frameworks/CoreMediaIO.framework/Versions/A/CoreMediaIO
0x00000000079b4000 	/System/Library/PrivateFrameworks/MediaControlSender.framework/Versions/A/MediaControlSender
0x00000000079b4000 	/System/Library/PrivateFrameworks/CoreAVCHD.framework/Versions/A/CoreAVCHD
0x00000000079b4000 	/System/Library/Frameworks/MediaAccessibility.framework/Versions/A/MediaAccessibility
0x00000000079b4000 	/System/Library/PrivateFrameworks/Mangrove.framework/Versions/A/Mangrove
0x00000000079b4000 	/System/Library/PrivateFrameworks/CoreAUC.framework/Versions/A/CoreAUC
0x00000000079b4000 	/System/Library/PrivateFrameworks/NetworkStatistics.framework/Versions/A/NetworkStatistics
0x00000000079b4000 	/System/Library/PrivateFrameworks/AppleSRP.framework/Versions/A/AppleSRP
0x00000000079b4000 	/System/Library/PrivateFrameworks/AirPlaySupport.framework/Versions/A/AirPlaySupport
0x00000000079b4000 	/System/Library/PrivateFrameworks/CoreUtils.framework/Versions/A/CoreUtils
0x00000000079b4000 	/System/Library/PrivateFrameworks/AppleVA.framework/Versions/A/AppleVA
0x00000000079b4000 	/System/Library/PrivateFrameworks/XPCService.framework/Versions/A/XPCService
0x00000000079b4000 	/System/Library/PrivateFrameworks/AppSandbox.framework/Versions/A/AppSandbox
0x00000000079b4000 	/usr/lib/libsandbox.1.dylib
0x00000000079b4000 	/usr/lib/libMatch.1.dylib
0x000000010062f000 	/System/Library/PrivateFrameworks/SafariServices.framework/Versions/A/SafariServices
0x00000000079b4000 	/usr/lib/libspindump.dylib
0x00000000079b4000 	/System/Library/Frameworks/QTKit.framework/Versions/A/QTKit
0x00000000079b4000 	/System/Library/Frameworks/QuickLook.framework/Versions/A/QuickLook
0x00000000079b4000 	/System/Library/PrivateFrameworks/CoreMediaAuthoring.framework/Versions/A/CoreMediaAuthoring
0x00000000079b4000 	/System/Library/PrivateFrameworks/CoreDaemon.framework/Versions/B/CoreDaemon
0x00000000079b4000 	/usr/lib/libcrypto.0.9.8.dylib
0x00000000079b4000 	/System/Library/PrivateFrameworks/TrustEvaluationAgent.framework/Versions/A/TrustEvaluationAgent
0x00000000079b4000 	/System/Library/Frameworks/Quartz.framework/Versions/A/Frameworks/QuartzComposer.framework/Versions/A/QuartzComposer
0x00000000079b4000 	/System/Library/Frameworks/Quartz.framework/Versions/A/Frameworks/PDFKit.framework/Versions/A/PDFKit
0x00000000079b4000 	/System/Library/Frameworks/Quartz.framework/Versions/A/Frameworks/QuartzFilters.framework/Versions/A/QuartzFilters
0x00000000079b4000 	/System/Library/Frameworks/Quartz.framework/Versions/A/Frameworks/ImageKit.framework/Versions/A/ImageKit
0x00000000079b4000 	/System/Library/PrivateFrameworks/AppleSystemInfo.framework/Versions/A/AppleSystemInfo
0x00000000079b4000 	/System/Library/PrivateFrameworks/CorePDF.framework/Versions/A/CorePDF
0x00000000079b4000 	/System/Library/PrivateFrameworks/DisplayServices.framework/Versions/A/DisplayServices
0x00000000079b4000 	/System/Library/Frameworks/ImageCaptureCore.framework/Versions/A/ImageCaptureCore
0x00000000079b4000 	/usr/lib/libsasl2.2.dylib
0x00000000079b4000 	/System/Library/PrivateFrameworks/FinderKit.framework/Versions/A/FinderKit
0x00000000079b4000 	/System/Library/PrivateFrameworks/Suggestions.framework/Versions/A/Suggestions
0x000000010e560000 	/System/Library/PrivateFrameworks/CacheDelete.framework/CacheDelete
0x00000000079b4000 	/System/Library/PrivateFrameworks/PlugInKit.framework/Versions/A/PlugInKit
0x00000000079b4000 	/System/Library/Frameworks/OpenGL.framework/Versions/A/Resources/GLEngine.bundle/GLEngine
0x00000000079b4000 	/System/Library/Frameworks/OpenGL.framework/Versions/A/Libraries/libGLProgrammability.dylib
0x000000011a6ae000 	/System/Library/Extensions/AMDRadeonX3000GLDriver.bundle/Contents/MacOS/AMDRadeonX3000GLDriver
0x00000000079b4000 	/System/Library/PrivateFrameworks/IOAccelerator.framework/Versions/A/IOAccelerator
0x00000000079b4000 	/System/Library/PrivateFrameworks/GPUSupport.framework/Versions/A/Libraries/libGPUSupportMercury.dylib
0x00000000079b4000 	/System/Library/Frameworks/OpenGL.framework/Versions/A/Resources/GLRendererFloat.bundle/GLRendererFloat
0x0000000104a90000 	cl_kernels
0x000000010e53a000 	cl_kernels
0x000000010e551000 	cl_kernels
0x00000000079b4000 	/System/Library/PrivateFrameworks/NetFSServer.framework/Versions/A/NetFSServer

VM Arguments:
jvm_args: -Dosgi.instance.area.default=@user.home/IDLWorkspace83 -Dosgi.configuration.area=@user.home/.idl/idlworkbench-config-idl8.3.0_x86_64 -Dosgi.configuration.cascaded=true -Dosgi.checkConfiguration=true -Dosgi.sharedConfiguration.area.readOnly=true -Dorg.eclipse.update.reconcile=false -Declipse.p2.data.area=@config.dir/p2 -XstartOnFirstThread -Xdock:icon=../Resources/idlde.icns -Dorg.eclipse.swt.internal.carbon.smallFonts -Dosgi.sharedConfiguration.area=../../../configuration.darwin.x86_64 -Xms128m -Xmx1024m 
java_command: <unknown>
Launcher Type: generic

Environment Variables:
CLASSPATH=.:/Applications/exelis/idl83/resource/bridges/export/java/javaidlb.jar
PATH=/Applications/exelis/idl83/bin:/opt/local/bin:/opt/local/sbin:/opt/local/bin:/opt/local/sbin:/opt/local/bin:/opt/local/sbin:/opt/local/bin:/opt/local/sbin:/usr/local/bin:/usr/bin:/bin:/usr/sbin:/sbin:/opt/X11/bin:/Applications/exelis/idl/bin:/opt/X11/bin:/Applications/exelis/idl/bin
LD_LIBRARY_PATH=/Applications/exelis/idl83/idlde/bin.darwin.x86_64/jre/lib/server:/Applications/exelis/idl83/idlde/bin.darwin.x86_64/jre/lib:
SHELL=/bin/tcsh
DISPLAY=/private/tmp/com.apple.launchd.6gkWlZKFCJ/org.macosforge.xquartz:0
HOSTTYPE=intel-mac
OSTYPE=darwin
MACHTYPE=x86_64
DYLD_LIBRARY_PATH=/Applications/exelis/idl83/idlde/bin.darwin.x86_64:/Applications/exelis/idl83/bin/bin.darwin.x86_64
DYLD_FALLBACK_LIBRARY_PATH=/Applications/exelis/idl83/idlde/bin.darwin.x86_64/jre/lib/server:/Applications/exelis/idl83/idlde/bin.darwin.x86_64/jre/lib:

Signal Handlers:
SIGSEGV: [libjvm.dylib+0x4a820f], sa_mask[0]=0xfffefeff, sa_flags=0x00000042
SIGBUS: [libjvm.dylib+0x4a820f], sa_mask[0]=0xfffefeff, sa_flags=0x00000042
SIGFPE: [libjvm.dylib+0x3b7495], sa_mask[0]=0xfffefeff, sa_flags=0x00000042
SIGPIPE: SIG_IGN, sa_mask[0]=0x00000000, sa_flags=0x00000002
SIGXFSZ: [libjvm.dylib+0x3b7495], sa_mask[0]=0xfffefeff, sa_flags=0x00000042
SIGILL: [libjvm.dylib+0x3b7495], sa_mask[0]=0xfffefeff, sa_flags=0x00000042
SIGUSR1: SIG_DFL, sa_mask[0]=0x00000000, sa_flags=0x00000000
SIGUSR2: [libjvm.dylib+0x3b702e], sa_mask[0]=0x00000000, sa_flags=0x00000042
SIGHUP: [libjvm.dylib+0x3b528f], sa_mask[0]=0xfffefeff, sa_flags=0x00000042
SIGINT: [libidl.8.3.dylib+0x483ae0], sa_mask[0]=0x00000000, sa_flags=0x00000002
SIGTERM: [libjvm.dylib+0x3b528f], sa_mask[0]=0xfffefeff, sa_flags=0x00000042
SIGQUIT: [libjvm.dylib+0x3b528f], sa_mask[0]=0xfffefeff, sa_flags=0x00000042


---------------  S Y S T E M  ---------------

OS:Bsduname:Darwin 14.5.0 Darwin Kernel Version 14.5.0: Wed Jul 29 02:26:53 PDT 2015; root:xnu-2782.40.9~1/RELEASE_X86_64 x86_64
rlimit: STACK 8192k, CORE 0k, NPROC 709, NOFILE 1024, AS infinity
load average:1.35 0.88 1.06

CPU:total 4 (4 cores per cpu, 1 threads per core) family 6 model 42 stepping 7, cmov, cx8, fxsr, mmx, sse, sse2, sse3, ssse3, sse4.1, sse4.2, popcnt, avx, tsc, tscinvbit

Memory: 4k page, physical 205512336k(51378084k free)

/proc/meminfo:


vm_info: Java HotSpot(TM) 64-Bit Server VM (23.25-b01) for bsd-amd64 JRE (1.7.0_25-b15), built on Jun  5 2013 22:26:36 by "java_re" with gcc 4.2.1 (Based on Apple Inc. build 5658) (LLVM build 2336.11.00)

time: Mon Nov  9 14:01:54 2015
elapsed time: 2264 seconds

